[6.464s] Invoking command in '/home/robosub/nuros_ws/src/main_head': PYTHONPATH=/home/robosub/nuros_ws/build/main_head/prefix_override:/home/robosub/nuros_ws/install/main_head/lib/python3.8/site-packages: /usr/bin/python3 setup.py egg_info --egg-base ../../build/main_head build --build-base /home/robosub/nuros_ws/build/main_head/build install --record /home/robosub/nuros_ws/build/main_head/install.log --install-scripts $base/lib/main_head --single-version-externally-managed
[8.235s] running egg_info
[8.242s] writing ../../build/main_head/main_head.egg-info/PKG-INFO
[8.243s] writing dependency_links to ../../build/main_head/main_head.egg-info/dependency_links.txt
[8.264s] writing entry points to ../../build/main_head/main_head.egg-info/entry_points.txt
[8.265s] writing requirements to ../../build/main_head/main_head.egg-info/requires.txt
[8.265s] writing top-level names to ../../build/main_head/main_head.egg-info/top_level.txt
[8.813s] reading manifest file '../../build/main_head/main_head.egg-info/SOURCES.txt'
[8.842s] writing manifest file '../../build/main_head/main_head.egg-info/SOURCES.txt'
[8.843s] running build
[8.844s] running build_py
[8.844s] running install
[8.844s] running install_lib
[8.867s] running install_data
[8.868s] running install_egg_info
[8.901s] removing '/home/robosub/nuros_ws/install/main_head/lib/python3.8/site-packages/main_head-0.0.0-py3.8.egg-info' (and everything under it)
[8.902s] Copying ../../build/main_head/main_head.egg-info to /home/robosub/nuros_ws/install/main_head/lib/python3.8/site-packages/main_head-0.0.0-py3.8.egg-info
[8.963s] running install_scripts
[9.388s] Installing master_node script to /home/robosub/nuros_ws/install/main_head/lib/main_head
[9.390s] writing list of installed files to '/home/robosub/nuros_ws/build/main_head/install.log'
[9.722s] Invoked command in '/home/robosub/nuros_ws/src/main_head' returned '0': PYTHONPATH=/home/robosub/nuros_ws/build/main_head/prefix_override:/home/robosub/nuros_ws/install/main_head/lib/python3.8/site-packages: /usr/bin/python3 setup.py egg_info --egg-base ../../build/main_head build --build-base /home/robosub/nuros_ws/build/main_head/build install --record /home/robosub/nuros_ws/build/main_head/install.log --install-scripts $base/lib/main_head --single-version-externally-managed
