[6.998s] Invoking command in '/home/robosub/nuros_ws/src/yadd': PYTHONPATH=/home/robosub/nuros_ws/build/yadd/prefix_override:/home/robosub/nuros_ws/install/yadd/lib/python3.8/site-packages: /usr/bin/python3 setup.py egg_info --egg-base ../../build/yadd build --build-base /home/robosub/nuros_ws/build/yadd/build install --record /home/robosub/nuros_ws/build/yadd/install.log --install-scripts $base/lib/yadd --single-version-externally-managed
[8.901s] running egg_info
[8.904s] writing ../../build/yadd/yadd.egg-info/PKG-INFO
[8.905s] writing dependency_links to ../../build/yadd/yadd.egg-info/dependency_links.txt
[8.906s] writing entry points to ../../build/yadd/yadd.egg-info/entry_points.txt
[8.906s] writing requirements to ../../build/yadd/yadd.egg-info/requires.txt
[8.907s] writing top-level names to ../../build/yadd/yadd.egg-info/top_level.txt
[9.266s] reading manifest file '../../build/yadd/yadd.egg-info/SOURCES.txt'
[9.272s] writing manifest file '../../build/yadd/yadd.egg-info/SOURCES.txt'
[9.274s] running build
[9.275s] running build_py
[9.280s] running install
[9.285s] running install_lib
[9.292s] running install_data
[9.295s] running install_egg_info
[9.302s] removing '/home/robosub/nuros_ws/install/yadd/lib/python3.8/site-packages/yadd-0.0.0-py3.8.egg-info' (and everything under it)
[9.305s] Copying ../../build/yadd/yadd.egg-info to /home/robosub/nuros_ws/install/yadd/lib/python3.8/site-packages/yadd-0.0.0-py3.8.egg-info
[9.313s] running install_scripts
[9.430s] Installing dvl_driver script to /home/robosub/nuros_ws/install/yadd/lib/yadd
[9.434s] writing list of installed files to '/home/robosub/nuros_ws/build/yadd/install.log'
[9.689s] Invoked command in '/home/robosub/nuros_ws/src/yadd' returned '0': PYTHONPATH=/home/robosub/nuros_ws/build/yadd/prefix_override:/home/robosub/nuros_ws/install/yadd/lib/python3.8/site-packages: /usr/bin/python3 setup.py egg_info --egg-base ../../build/yadd build --build-base /home/robosub/nuros_ws/build/yadd/build install --record /home/robosub/nuros_ws/build/yadd/install.log --install-scripts $base/lib/yadd --single-version-externally-managed
