[5.680s] Invoking command in '/home/robosub/nuros_ws/src/image_processing': PYTHONPATH=/home/robosub/nuros_ws/build/image_processing/prefix_override:/home/robosub/nuros_ws/install/image_processing/lib/python3.8/site-packages: /usr/bin/python3 setup.py egg_info --egg-base ../../build/image_processing build --build-base /home/robosub/nuros_ws/build/image_processing/build install --record /home/robosub/nuros_ws/build/image_processing/install.log --install-scripts $base/lib/image_processing --single-version-externally-managed
[7.030s] running egg_info
[7.088s] writing ../../build/image_processing/image_processing.egg-info/PKG-INFO
[7.090s] writing dependency_links to ../../build/image_processing/image_processing.egg-info/dependency_links.txt
[7.092s] writing entry points to ../../build/image_processing/image_processing.egg-info/entry_points.txt
[7.095s] writing requirements to ../../build/image_processing/image_processing.egg-info/requires.txt
[7.095s] writing top-level names to ../../build/image_processing/image_processing.egg-info/top_level.txt
[7.374s] reading manifest file '../../build/image_processing/image_processing.egg-info/SOURCES.txt'
[7.378s] writing manifest file '../../build/image_processing/image_processing.egg-info/SOURCES.txt'
[7.378s] running build
[7.378s] running build_py
[7.379s] running install
[7.379s] running install_lib
[7.384s] running install_data
[7.392s] running install_egg_info
[7.405s] removing '/home/robosub/nuros_ws/install/image_processing/lib/python3.8/site-packages/image_processing-0.0.0-py3.8.egg-info' (and everything under it)
[7.405s] Copying ../../build/image_processing/image_processing.egg-info to /home/robosub/nuros_ws/install/image_processing/lib/python3.8/site-packages/image_processing-0.0.0-py3.8.egg-info
[7.416s] running install_scripts
[7.485s] Installing cv_imshow_node script to /home/robosub/nuros_ws/install/image_processing/lib/image_processing
[7.487s] writing list of installed files to '/home/robosub/nuros_ws/build/image_processing/install.log'
[8.458s] Invoked command in '/home/robosub/nuros_ws/src/image_processing' returned '0': PYTHONPATH=/home/robosub/nuros_ws/build/image_processing/prefix_override:/home/robosub/nuros_ws/install/image_processing/lib/python3.8/site-packages: /usr/bin/python3 setup.py egg_info --egg-base ../../build/image_processing build --build-base /home/robosub/nuros_ws/build/image_processing/build install --record /home/robosub/nuros_ws/build/image_processing/install.log --install-scripts $base/lib/image_processing --single-version-externally-managed
