[2.656s] Invoking command in '/home/robosub/nuros_ws/src/yadd': PYTHONPATH=/home/robosub/nuros_ws/build/yadd/prefix_override:/home/robosub/nuros_ws/install/yadd/lib/python3.8/site-packages: /usr/bin/python3 setup.py egg_info --egg-base ../../build/yadd build --build-base /home/robosub/nuros_ws/build/yadd/build install --record /home/robosub/nuros_ws/build/yadd/install.log --install-scripts $base/lib/yadd --single-version-externally-managed
[3.346s] running egg_info
[3.348s] writing ../../build/yadd/yadd.egg-info/PKG-INFO
[3.349s] writing dependency_links to ../../build/yadd/yadd.egg-info/dependency_links.txt
[3.350s] writing entry points to ../../build/yadd/yadd.egg-info/entry_points.txt
[3.351s] writing requirements to ../../build/yadd/yadd.egg-info/requires.txt
[3.356s] writing top-level names to ../../build/yadd/yadd.egg-info/top_level.txt
[3.485s] reading manifest file '../../build/yadd/yadd.egg-info/SOURCES.txt'
[3.488s] writing manifest file '../../build/yadd/yadd.egg-info/SOURCES.txt'
[3.489s] running build
[3.489s] running build_py
[3.493s] running install
[3.494s] running install_lib
[3.503s] running install_data
[3.503s] running install_egg_info
[3.508s] removing '/home/robosub/nuros_ws/install/yadd/lib/python3.8/site-packages/yadd-0.0.0-py3.8.egg-info' (and everything under it)
[3.509s] Copying ../../build/yadd/yadd.egg-info to /home/robosub/nuros_ws/install/yadd/lib/python3.8/site-packages/yadd-0.0.0-py3.8.egg-info
[3.513s] running install_scripts
[3.571s] Installing dvl_driver script to /home/robosub/nuros_ws/install/yadd/lib/yadd
[3.573s] writing list of installed files to '/home/robosub/nuros_ws/build/yadd/install.log'
[3.661s] Invoked command in '/home/robosub/nuros_ws/src/yadd' returned '0': PYTHONPATH=/home/robosub/nuros_ws/build/yadd/prefix_override:/home/robosub/nuros_ws/install/yadd/lib/python3.8/site-packages: /usr/bin/python3 setup.py egg_info --egg-base ../../build/yadd build --build-base /home/robosub/nuros_ws/build/yadd/build install --record /home/robosub/nuros_ws/build/yadd/install.log --install-scripts $base/lib/yadd --single-version-externally-managed
