[1.035s] DEBUG:colcon:Command line arguments: ['/usr/bin/colcon', 'build']
[1.035s] DEBUG:colcon:Parsed command line arguments: Namespace(allow_overriding=[], ament_cmake_args=None, base_paths=['.'], build_base='build', catkin_cmake_args=None, catkin_skip_building_tests=False, cmake_args=None, cmake_clean_cache=False, cmake_clean_first=False, cmake_force_configure=False, cmake_target=None, cmake_target_skip_unavailable=False, continue_on_error=False, event_handlers=None, executor='parallel', ignore_user_meta=False, install_base='install', log_base=None, log_level=None, main=<bound method BuildVerb.main of <colcon_core.verb.build.BuildVerb object at 0xffffb350ed90>>, merge_install=False, metas=['./colcon.meta'], packages_above=None, packages_above_and_dependencies=None, packages_above_depth=None, packages_end=None, packages_ignore=None, packages_ignore_regex=None, packages_select=None, packages_select_build_failed=False, packages_select_by_dep=None, packages_select_regex=None, packages_select_test_failures=False, packages_skip=None, packages_skip_build_finished=False, packages_skip_by_dep=None, packages_skip_regex=None, packages_skip_test_passed=False, packages_skip_up_to=None, packages_start=None, packages_up_to=None, packages_up_to_regex=None, parallel_workers=4, paths=None, symlink_install=False, test_result_base=None, verb_extension=<colcon_core.verb.build.BuildVerb object at 0xffffb350ed90>, verb_name='build', verb_parser=<colcon_defaults.argument_parser.defaults.DefaultArgumentsDecorator object at 0xffffb351a340>)
[1.130s] Level 1:colcon.colcon_core.package_discovery:discover_packages(colcon_meta) check parameters
[1.130s] Level 1:colcon.colcon_core.package_discovery:discover_packages(recursive) check parameters
[1.131s] Level 1:colcon.colcon_core.package_discovery:discover_packages(ignore) check parameters
[1.131s] Level 1:colcon.colcon_core.package_discovery:discover_packages(path) check parameters
[1.131s] Level 1:colcon.colcon_core.package_discovery:discover_packages(colcon_meta) discover
[1.131s] Level 1:colcon.colcon_core.package_discovery:discover_packages(recursive) discover
[1.131s] INFO:colcon.colcon_core.package_discovery:Crawling recursively for packages in '/home/robosub/nuros_ws'
[1.132s] Level 1:colcon.colcon_core.package_identification:_identify(.) by extensions ['ignore', 'ignore_ament_install']
[1.132s] Level 1:colcon.colcon_core.package_identification:_identify(.) by extension 'ignore'
[1.132s] Level 1:colcon.colcon_core.package_identification:_identify(.) by extension 'ignore_ament_install'
[1.133s] Level 1:colcon.colcon_core.package_identification:_identify(.) by extensions ['colcon_pkg']
[1.133s] Level 1:colcon.colcon_core.package_identification:_identify(.) by extension 'colcon_pkg'
[1.133s] Level 1:colcon.colcon_core.package_identification:_identify(.) by extensions ['colcon_meta']
[1.133s] Level 1:colcon.colcon_core.package_identification:_identify(.) by extension 'colcon_meta'
[1.133s] Level 1:colcon.colcon_core.package_identification:_identify(.) by extensions ['ros']
[1.133s] Level 1:colcon.colcon_core.package_identification:_identify(.) by extension 'ros'
[1.203s] Level 1:colcon.colcon_core.package_identification:_identify(.) by extensions ['cmake', 'python']
[1.204s] Level 1:colcon.colcon_core.package_identification:_identify(.) by extension 'cmake'
[1.204s] Level 1:colcon.colcon_core.package_identification:_identify(.) by extension 'python'
[1.204s] Level 1:colcon.colcon_core.package_identification:_identify(.) by extensions ['python_setup_py']
[1.204s] Level 1:colcon.colcon_core.package_identification:_identify(.) by extension 'python_setup_py'
[1.205s] Level 1:colcon.colcon_core.package_identification:_identify(build) by extensions ['ignore', 'ignore_ament_install']
[1.205s] Level 1:colcon.colcon_core.package_identification:_identify(build) by extension 'ignore'
[1.205s] Level 1:colcon.colcon_core.package_identification:_identify(build) ignored
[1.206s] Level 1:colcon.colcon_core.package_identification:_identify(install) by extensions ['ignore', 'ignore_ament_install']
[1.206s] Level 1:colcon.colcon_core.package_identification:_identify(install) by extension 'ignore'
[1.206s] Level 1:colcon.colcon_core.package_identification:_identify(install) ignored
[1.207s] Level 1:colcon.colcon_core.package_identification:_identify(log) by extensions ['ignore', 'ignore_ament_install']
[1.207s] Level 1:colcon.colcon_core.package_identification:_identify(log) by extension 'ignore'
[1.207s] Level 1:colcon.colcon_core.package_identification:_identify(log) ignored
[1.208s] Level 1:colcon.colcon_core.package_identification:_identify(src) by extensions ['ignore', 'ignore_ament_install']
[1.208s] Level 1:colcon.colcon_core.package_identification:_identify(src) by extension 'ignore'
[1.208s] Level 1:colcon.colcon_core.package_identification:_identify(src) by extension 'ignore_ament_install'
[1.208s] Level 1:colcon.colcon_core.package_identification:_identify(src) by extensions ['colcon_pkg']
[1.209s] Level 1:colcon.colcon_core.package_identification:_identify(src) by extension 'colcon_pkg'
[1.209s] Level 1:colcon.colcon_core.package_identification:_identify(src) by extensions ['colcon_meta']
[1.209s] Level 1:colcon.colcon_core.package_identification:_identify(src) by extension 'colcon_meta'
[1.209s] Level 1:colcon.colcon_core.package_identification:_identify(src) by extensions ['ros']
[1.209s] Level 1:colcon.colcon_core.package_identification:_identify(src) by extension 'ros'
[1.210s] Level 1:colcon.colcon_core.package_identification:_identify(src) by extensions ['cmake', 'python']
[1.210s] Level 1:colcon.colcon_core.package_identification:_identify(src) by extension 'cmake'
[1.210s] Level 1:colcon.colcon_core.package_identification:_identify(src) by extension 'python'
[1.210s] Level 1:colcon.colcon_core.package_identification:_identify(src) by extensions ['python_setup_py']
[1.210s] Level 1:colcon.colcon_core.package_identification:_identify(src) by extension 'python_setup_py'
[1.211s] Level 1:colcon.colcon_core.package_identification:_identify(src/build) by extensions ['ignore', 'ignore_ament_install']
[1.211s] Level 1:colcon.colcon_core.package_identification:_identify(src/build) by extension 'ignore'
[1.211s] Level 1:colcon.colcon_core.package_identification:_identify(src/build) ignored
[1.211s] Level 1:colcon.colcon_core.package_identification:_identify(src/image_processing) by extensions ['ignore', 'ignore_ament_install']
[1.212s] Level 1:colcon.colcon_core.package_identification:_identify(src/image_processing) by extension 'ignore'
[1.212s] Level 1:colcon.colcon_core.package_identification:_identify(src/image_processing) by extension 'ignore_ament_install'
[1.212s] Level 1:colcon.colcon_core.package_identification:_identify(src/image_processing) by extensions ['colcon_pkg']
[1.212s] Level 1:colcon.colcon_core.package_identification:_identify(src/image_processing) by extension 'colcon_pkg'
[1.212s] Level 1:colcon.colcon_core.package_identification:_identify(src/image_processing) by extensions ['colcon_meta']
[1.212s] Level 1:colcon.colcon_core.package_identification:_identify(src/image_processing) by extension 'colcon_meta'
[1.213s] Level 1:colcon.colcon_core.package_identification:_identify(src/image_processing) by extensions ['ros']
[1.213s] Level 1:colcon.colcon_core.package_identification:_identify(src/image_processing) by extension 'ros'
[1.221s] DEBUG:colcon.colcon_core.package_identification:Package 'src/image_processing' with type 'ros.ament_python' and name 'image_processing'
[1.222s] Level 1:colcon.colcon_core.package_identification:_identify(src/install) by extensions ['ignore', 'ignore_ament_install']
[1.222s] Level 1:colcon.colcon_core.package_identification:_identify(src/install) by extension 'ignore'
[1.222s] Level 1:colcon.colcon_core.package_identification:_identify(src/install) ignored
[1.223s] Level 1:colcon.colcon_core.package_identification:_identify(src/interfaces) by extensions ['ignore', 'ignore_ament_install']
[1.223s] Level 1:colcon.colcon_core.package_identification:_identify(src/interfaces) by extension 'ignore'
[1.223s] Level 1:colcon.colcon_core.package_identification:_identify(src/interfaces) by extension 'ignore_ament_install'
[1.224s] Level 1:colcon.colcon_core.package_identification:_identify(src/interfaces) by extensions ['colcon_pkg']
[1.224s] Level 1:colcon.colcon_core.package_identification:_identify(src/interfaces) by extension 'colcon_pkg'
[1.224s] Level 1:colcon.colcon_core.package_identification:_identify(src/interfaces) by extensions ['colcon_meta']
[1.224s] Level 1:colcon.colcon_core.package_identification:_identify(src/interfaces) by extension 'colcon_meta'
[1.224s] Level 1:colcon.colcon_core.package_identification:_identify(src/interfaces) by extensions ['ros']
[1.224s] Level 1:colcon.colcon_core.package_identification:_identify(src/interfaces) by extension 'ros'
[1.226s] DEBUG:colcon.colcon_core.package_identification:Package 'src/interfaces' with type 'ros.ament_cmake' and name 'interfaces'
[1.227s] Level 1:colcon.colcon_core.package_identification:_identify(src/key_joy) by extensions ['ignore', 'ignore_ament_install']
[1.227s] Level 1:colcon.colcon_core.package_identification:_identify(src/key_joy) by extension 'ignore'
[1.227s] Level 1:colcon.colcon_core.package_identification:_identify(src/key_joy) by extension 'ignore_ament_install'
[1.228s] Level 1:colcon.colcon_core.package_identification:_identify(src/key_joy) by extensions ['colcon_pkg']
[1.228s] Level 1:colcon.colcon_core.package_identification:_identify(src/key_joy) by extension 'colcon_pkg'
[1.228s] Level 1:colcon.colcon_core.package_identification:_identify(src/key_joy) by extensions ['colcon_meta']
[1.228s] Level 1:colcon.colcon_core.package_identification:_identify(src/key_joy) by extension 'colcon_meta'
[1.228s] Level 1:colcon.colcon_core.package_identification:_identify(src/key_joy) by extensions ['ros']
[1.228s] Level 1:colcon.colcon_core.package_identification:_identify(src/key_joy) by extension 'ros'
[1.230s] DEBUG:colcon.colcon_core.package_identification:Package 'src/key_joy' with type 'ros.ament_python' and name 'key_joy'
[1.230s] Level 1:colcon.colcon_core.package_identification:_identify(src/launch_all) by extensions ['ignore', 'ignore_ament_install']
[1.231s] Level 1:colcon.colcon_core.package_identification:_identify(src/launch_all) by extension 'ignore'
[1.231s] Level 1:colcon.colcon_core.package_identification:_identify(src/launch_all) by extension 'ignore_ament_install'
[1.231s] Level 1:colcon.colcon_core.package_identification:_identify(src/launch_all) by extensions ['colcon_pkg']
[1.231s] Level 1:colcon.colcon_core.package_identification:_identify(src/launch_all) by extension 'colcon_pkg'
[1.231s] Level 1:colcon.colcon_core.package_identification:_identify(src/launch_all) by extensions ['colcon_meta']
[1.231s] Level 1:colcon.colcon_core.package_identification:_identify(src/launch_all) by extension 'colcon_meta'
[1.232s] Level 1:colcon.colcon_core.package_identification:_identify(src/launch_all) by extensions ['ros']
[1.232s] Level 1:colcon.colcon_core.package_identification:_identify(src/launch_all) by extension 'ros'
[1.233s] DEBUG:colcon.colcon_core.package_identification:Package 'src/launch_all' with type 'ros.ament_python' and name 'launch_all'
[1.234s] Level 1:colcon.colcon_core.package_identification:_identify(src/log) by extensions ['ignore', 'ignore_ament_install']
[1.234s] Level 1:colcon.colcon_core.package_identification:_identify(src/log) by extension 'ignore'
[1.234s] Level 1:colcon.colcon_core.package_identification:_identify(src/log) ignored
[1.235s] Level 1:colcon.colcon_core.package_identification:_identify(src/main_head) by extensions ['ignore', 'ignore_ament_install']
[1.235s] Level 1:colcon.colcon_core.package_identification:_identify(src/main_head) by extension 'ignore'
[1.235s] Level 1:colcon.colcon_core.package_identification:_identify(src/main_head) by extension 'ignore_ament_install'
[1.235s] Level 1:colcon.colcon_core.package_identification:_identify(src/main_head) by extensions ['colcon_pkg']
[1.235s] Level 1:colcon.colcon_core.package_identification:_identify(src/main_head) by extension 'colcon_pkg'
[1.236s] Level 1:colcon.colcon_core.package_identification:_identify(src/main_head) by extensions ['colcon_meta']
[1.236s] Level 1:colcon.colcon_core.package_identification:_identify(src/main_head) by extension 'colcon_meta'
[1.236s] Level 1:colcon.colcon_core.package_identification:_identify(src/main_head) by extensions ['ros']
[1.236s] Level 1:colcon.colcon_core.package_identification:_identify(src/main_head) by extension 'ros'
[1.238s] DEBUG:colcon.colcon_core.package_identification:Package 'src/main_head' with type 'ros.ament_python' and name 'main_head'
[1.238s] Level 1:colcon.colcon_core.package_identification:_identify(src/pixhawk_interface) by extensions ['ignore', 'ignore_ament_install']
[1.238s] Level 1:colcon.colcon_core.package_identification:_identify(src/pixhawk_interface) by extension 'ignore'
[1.239s] Level 1:colcon.colcon_core.package_identification:_identify(src/pixhawk_interface) by extension 'ignore_ament_install'
[1.239s] Level 1:colcon.colcon_core.package_identification:_identify(src/pixhawk_interface) by extensions ['colcon_pkg']
[1.239s] Level 1:colcon.colcon_core.package_identification:_identify(src/pixhawk_interface) by extension 'colcon_pkg'
[1.239s] Level 1:colcon.colcon_core.package_identification:_identify(src/pixhawk_interface) by extensions ['colcon_meta']
[1.239s] Level 1:colcon.colcon_core.package_identification:_identify(src/pixhawk_interface) by extension 'colcon_meta'
[1.239s] Level 1:colcon.colcon_core.package_identification:_identify(src/pixhawk_interface) by extensions ['ros']
[1.240s] Level 1:colcon.colcon_core.package_identification:_identify(src/pixhawk_interface) by extension 'ros'
[1.241s] DEBUG:colcon.colcon_core.package_identification:Package 'src/pixhawk_interface' with type 'ros.ament_python' and name 'pixhawk_interface'
[1.242s] Level 1:colcon.colcon_core.package_identification:_identify(src/yadd) by extensions ['ignore', 'ignore_ament_install']
[1.242s] Level 1:colcon.colcon_core.package_identification:_identify(src/yadd) by extension 'ignore'
[1.242s] Level 1:colcon.colcon_core.package_identification:_identify(src/yadd) by extension 'ignore_ament_install'
[1.242s] Level 1:colcon.colcon_core.package_identification:_identify(src/yadd) by extensions ['colcon_pkg']
[1.242s] Level 1:colcon.colcon_core.package_identification:_identify(src/yadd) by extension 'colcon_pkg'
[1.242s] Level 1:colcon.colcon_core.package_identification:_identify(src/yadd) by extensions ['colcon_meta']
[1.243s] Level 1:colcon.colcon_core.package_identification:_identify(src/yadd) by extension 'colcon_meta'
[1.243s] Level 1:colcon.colcon_core.package_identification:_identify(src/yadd) by extensions ['ros']
[1.243s] Level 1:colcon.colcon_core.package_identification:_identify(src/yadd) by extension 'ros'
[1.245s] DEBUG:colcon.colcon_core.package_identification:Package 'src/yadd' with type 'ros.ament_python' and name 'yadd'
[1.245s] Level 1:colcon.colcon_core.package_discovery:discover_packages(recursive) using defaults
[1.245s] Level 1:colcon.colcon_core.package_discovery:discover_packages(ignore) discover
[1.245s] Level 1:colcon.colcon_core.package_discovery:discover_packages(ignore) using defaults
[1.245s] Level 1:colcon.colcon_core.package_discovery:discover_packages(path) discover
[1.246s] Level 1:colcon.colcon_core.package_discovery:discover_packages(path) using defaults
[1.313s] Level 1:colcon.colcon_core.package_discovery:discover_packages(prefix_path) check parameters
[1.314s] Level 1:colcon.colcon_core.package_discovery:discover_packages(prefix_path) discover
[1.318s] Level 1:colcon.colcon_core.package_discovery:discover_packages(prefix_path) using defaults
[1.324s] Level 5:colcon.colcon_core.verb:set package 'image_processing' build argument 'cmake_args' from command line to 'None'
[1.324s] Level 5:colcon.colcon_core.verb:set package 'image_processing' build argument 'cmake_target' from command line to 'None'
[1.324s] Level 5:colcon.colcon_core.verb:set package 'image_processing' build argument 'cmake_target_skip_unavailable' from command line to 'False'
[1.324s] Level 5:colcon.colcon_core.verb:set package 'image_processing' build argument 'cmake_clean_cache' from command line to 'False'
[1.324s] Level 5:colcon.colcon_core.verb:set package 'image_processing' build argument 'cmake_clean_first' from command line to 'False'
[1.325s] Level 5:colcon.colcon_core.verb:set package 'image_processing' build argument 'cmake_force_configure' from command line to 'False'
[1.325s] Level 5:colcon.colcon_core.verb:set package 'image_processing' build argument 'ament_cmake_args' from command line to 'None'
[1.325s] Level 5:colcon.colcon_core.verb:set package 'image_processing' build argument 'catkin_cmake_args' from command line to 'None'
[1.325s] Level 5:colcon.colcon_core.verb:set package 'image_processing' build argument 'catkin_skip_building_tests' from command line to 'False'
[1.325s] DEBUG:colcon.colcon_core.verb:Building package 'image_processing' with the following arguments: {'ament_cmake_args': None, 'build_base': '/home/robosub/nuros_ws/build/image_processing', 'catkin_cmake_args': None, 'catkin_skip_building_tests': False, 'cmake_args': None, 'cmake_clean_cache': False, 'cmake_clean_first': False, 'cmake_force_configure': False, 'cmake_target': None, 'cmake_target_skip_unavailable': False, 'install_base': '/home/robosub/nuros_ws/install/image_processing', 'merge_install': False, 'path': '/home/robosub/nuros_ws/src/image_processing', 'symlink_install': False, 'test_result_base': None}
[1.328s] Level 5:colcon.colcon_core.verb:set package 'interfaces' build argument 'cmake_args' from command line to 'None'
[1.328s] Level 5:colcon.colcon_core.verb:set package 'interfaces' build argument 'cmake_target' from command line to 'None'
[1.329s] Level 5:colcon.colcon_core.verb:set package 'interfaces' build argument 'cmake_target_skip_unavailable' from command line to 'False'
[1.329s] Level 5:colcon.colcon_core.verb:set package 'interfaces' build argument 'cmake_clean_cache' from command line to 'False'
[1.329s] Level 5:colcon.colcon_core.verb:set package 'interfaces' build argument 'cmake_clean_first' from command line to 'False'
[1.329s] Level 5:colcon.colcon_core.verb:set package 'interfaces' build argument 'cmake_force_configure' from command line to 'False'
[1.329s] Level 5:colcon.colcon_core.verb:set package 'interfaces' build argument 'ament_cmake_args' from command line to 'None'
[1.329s] Level 5:colcon.colcon_core.verb:set package 'interfaces' build argument 'catkin_cmake_args' from command line to 'None'
[1.329s] Level 5:colcon.colcon_core.verb:set package 'interfaces' build argument 'catkin_skip_building_tests' from command line to 'False'
[1.329s] DEBUG:colcon.colcon_core.verb:Building package 'interfaces' with the following arguments: {'ament_cmake_args': None, 'build_base': '/home/robosub/nuros_ws/build/interfaces', 'catkin_cmake_args': None, 'catkin_skip_building_tests': False, 'cmake_args': None, 'cmake_clean_cache': False, 'cmake_clean_first': False, 'cmake_force_configure': False, 'cmake_target': None, 'cmake_target_skip_unavailable': False, 'install_base': '/home/robosub/nuros_ws/install/interfaces', 'merge_install': False, 'path': '/home/robosub/nuros_ws/src/interfaces', 'symlink_install': False, 'test_result_base': None}
[1.333s] Level 5:colcon.colcon_core.verb:set package 'key_joy' build argument 'cmake_args' from command line to 'None'
[1.333s] Level 5:colcon.colcon_core.verb:set package 'key_joy' build argument 'cmake_target' from command line to 'None'
[1.333s] Level 5:colcon.colcon_core.verb:set package 'key_joy' build argument 'cmake_target_skip_unavailable' from command line to 'False'
[1.333s] Level 5:colcon.colcon_core.verb:set package 'key_joy' build argument 'cmake_clean_cache' from command line to 'False'
[1.333s] Level 5:colcon.colcon_core.verb:set package 'key_joy' build argument 'cmake_clean_first' from command line to 'False'
[1.333s] Level 5:colcon.colcon_core.verb:set package 'key_joy' build argument 'cmake_force_configure' from command line to 'False'
[1.333s] Level 5:colcon.colcon_core.verb:set package 'key_joy' build argument 'ament_cmake_args' from command line to 'None'
[1.333s] Level 5:colcon.colcon_core.verb:set package 'key_joy' build argument 'catkin_cmake_args' from command line to 'None'
[1.334s] Level 5:colcon.colcon_core.verb:set package 'key_joy' build argument 'catkin_skip_building_tests' from command line to 'False'
[1.334s] DEBUG:colcon.colcon_core.verb:Building package 'key_joy' with the following arguments: {'ament_cmake_args': None, 'build_base': '/home/robosub/nuros_ws/build/key_joy', 'catkin_cmake_args': None, 'catkin_skip_building_tests': False, 'cmake_args': None, 'cmake_clean_cache': False, 'cmake_clean_first': False, 'cmake_force_configure': False, 'cmake_target': None, 'cmake_target_skip_unavailable': False, 'install_base': '/home/robosub/nuros_ws/install/key_joy', 'merge_install': False, 'path': '/home/robosub/nuros_ws/src/key_joy', 'symlink_install': False, 'test_result_base': None}
[1.337s] Level 5:colcon.colcon_core.verb:set package 'launch_all' build argument 'cmake_args' from command line to 'None'
[1.337s] Level 5:colcon.colcon_core.verb:set package 'launch_all' build argument 'cmake_target' from command line to 'None'
[1.337s] Level 5:colcon.colcon_core.verb:set package 'launch_all' build argument 'cmake_target_skip_unavailable' from command line to 'False'
[1.337s] Level 5:colcon.colcon_core.verb:set package 'launch_all' build argument 'cmake_clean_cache' from command line to 'False'
[1.337s] Level 5:colcon.colcon_core.verb:set package 'launch_all' build argument 'cmake_clean_first' from command line to 'False'
[1.338s] Level 5:colcon.colcon_core.verb:set package 'launch_all' build argument 'cmake_force_configure' from command line to 'False'
[1.338s] Level 5:colcon.colcon_core.verb:set package 'launch_all' build argument 'ament_cmake_args' from command line to 'None'
[1.338s] Level 5:colcon.colcon_core.verb:set package 'launch_all' build argument 'catkin_cmake_args' from command line to 'None'
[1.338s] Level 5:colcon.colcon_core.verb:set package 'launch_all' build argument 'catkin_skip_building_tests' from command line to 'False'
[1.338s] DEBUG:colcon.colcon_core.verb:Building package 'launch_all' with the following arguments: {'ament_cmake_args': None, 'build_base': '/home/robosub/nuros_ws/build/launch_all', 'catkin_cmake_args': None, 'catkin_skip_building_tests': False, 'cmake_args': None, 'cmake_clean_cache': False, 'cmake_clean_first': False, 'cmake_force_configure': False, 'cmake_target': None, 'cmake_target_skip_unavailable': False, 'install_base': '/home/robosub/nuros_ws/install/launch_all', 'merge_install': False, 'path': '/home/robosub/nuros_ws/src/launch_all', 'symlink_install': False, 'test_result_base': None}
[1.341s] Level 5:colcon.colcon_core.verb:set package 'main_head' build argument 'cmake_args' from command line to 'None'
[1.341s] Level 5:colcon.colcon_core.verb:set package 'main_head' build argument 'cmake_target' from command line to 'None'
[1.341s] Level 5:colcon.colcon_core.verb:set package 'main_head' build argument 'cmake_target_skip_unavailable' from command line to 'False'
[1.341s] Level 5:colcon.colcon_core.verb:set package 'main_head' build argument 'cmake_clean_cache' from command line to 'False'
[1.342s] Level 5:colcon.colcon_core.verb:set package 'main_head' build argument 'cmake_clean_first' from command line to 'False'
[1.342s] Level 5:colcon.colcon_core.verb:set package 'main_head' build argument 'cmake_force_configure' from command line to 'False'
[1.342s] Level 5:colcon.colcon_core.verb:set package 'main_head' build argument 'ament_cmake_args' from command line to 'None'
[1.342s] Level 5:colcon.colcon_core.verb:set package 'main_head' build argument 'catkin_cmake_args' from command line to 'None'
[1.342s] Level 5:colcon.colcon_core.verb:set package 'main_head' build argument 'catkin_skip_building_tests' from command line to 'False'
[1.342s] DEBUG:colcon.colcon_core.verb:Building package 'main_head' with the following arguments: {'ament_cmake_args': None, 'build_base': '/home/robosub/nuros_ws/build/main_head', 'catkin_cmake_args': None, 'catkin_skip_building_tests': False, 'cmake_args': None, 'cmake_clean_cache': False, 'cmake_clean_first': False, 'cmake_force_configure': False, 'cmake_target': None, 'cmake_target_skip_unavailable': False, 'install_base': '/home/robosub/nuros_ws/install/main_head', 'merge_install': False, 'path': '/home/robosub/nuros_ws/src/main_head', 'symlink_install': False, 'test_result_base': None}
[1.345s] Level 5:colcon.colcon_core.verb:set package 'pixhawk_interface' build argument 'cmake_args' from command line to 'None'
[1.346s] Level 5:colcon.colcon_core.verb:set package 'pixhawk_interface' build argument 'cmake_target' from command line to 'None'
[1.346s] Level 5:colcon.colcon_core.verb:set package 'pixhawk_interface' build argument 'cmake_target_skip_unavailable' from command line to 'False'
[1.346s] Level 5:colcon.colcon_core.verb:set package 'pixhawk_interface' build argument 'cmake_clean_cache' from command line to 'False'
[1.346s] Level 5:colcon.colcon_core.verb:set package 'pixhawk_interface' build argument 'cmake_clean_first' from command line to 'False'
[1.346s] Level 5:colcon.colcon_core.verb:set package 'pixhawk_interface' build argument 'cmake_force_configure' from command line to 'False'
[1.346s] Level 5:colcon.colcon_core.verb:set package 'pixhawk_interface' build argument 'ament_cmake_args' from command line to 'None'
[1.346s] Level 5:colcon.colcon_core.verb:set package 'pixhawk_interface' build argument 'catkin_cmake_args' from command line to 'None'
[1.346s] Level 5:colcon.colcon_core.verb:set package 'pixhawk_interface' build argument 'catkin_skip_building_tests' from command line to 'False'
[1.347s] DEBUG:colcon.colcon_core.verb:Building package 'pixhawk_interface' with the following arguments: {'ament_cmake_args': None, 'build_base': '/home/robosub/nuros_ws/build/pixhawk_interface', 'catkin_cmake_args': None, 'catkin_skip_building_tests': False, 'cmake_args': None, 'cmake_clean_cache': False, 'cmake_clean_first': False, 'cmake_force_configure': False, 'cmake_target': None, 'cmake_target_skip_unavailable': False, 'install_base': '/home/robosub/nuros_ws/install/pixhawk_interface', 'merge_install': False, 'path': '/home/robosub/nuros_ws/src/pixhawk_interface', 'symlink_install': False, 'test_result_base': None}
[1.350s] Level 5:colcon.colcon_core.verb:set package 'yadd' build argument 'cmake_args' from command line to 'None'
[1.350s] Level 5:colcon.colcon_core.verb:set package 'yadd' build argument 'cmake_target' from command line to 'None'
[1.350s] Level 5:colcon.colcon_core.verb:set package 'yadd' build argument 'cmake_target_skip_unavailable' from command line to 'False'
[1.350s] Level 5:colcon.colcon_core.verb:set package 'yadd' build argument 'cmake_clean_cache' from command line to 'False'
[1.350s] Level 5:colcon.colcon_core.verb:set package 'yadd' build argument 'cmake_clean_first' from command line to 'False'
[1.350s] Level 5:colcon.colcon_core.verb:set package 'yadd' build argument 'cmake_force_configure' from command line to 'False'
[1.350s] Level 5:colcon.colcon_core.verb:set package 'yadd' build argument 'ament_cmake_args' from command line to 'None'
[1.350s] Level 5:colcon.colcon_core.verb:set package 'yadd' build argument 'catkin_cmake_args' from command line to 'None'
[1.351s] Level 5:colcon.colcon_core.verb:set package 'yadd' build argument 'catkin_skip_building_tests' from command line to 'False'
[1.351s] DEBUG:colcon.colcon_core.verb:Building package 'yadd' with the following arguments: {'ament_cmake_args': None, 'build_base': '/home/robosub/nuros_ws/build/yadd', 'catkin_cmake_args': None, 'catkin_skip_building_tests': False, 'cmake_args': None, 'cmake_clean_cache': False, 'cmake_clean_first': False, 'cmake_force_configure': False, 'cmake_target': None, 'cmake_target_skip_unavailable': False, 'install_base': '/home/robosub/nuros_ws/install/yadd', 'merge_install': False, 'path': '/home/robosub/nuros_ws/src/yadd', 'symlink_install': False, 'test_result_base': None}
[1.353s] INFO:colcon.colcon_core.executor:Executing jobs using 'parallel' executor
[1.365s] DEBUG:colcon.colcon_parallel_executor.executor.parallel:run_until_complete
[1.366s] INFO:colcon.colcon_ros.task.ament_python.build:Building ROS package in '/home/robosub/nuros_ws/src/image_processing' with build type 'ament_python'
[1.367s] Level 1:colcon.colcon_core.shell:create_environment_hook('image_processing', 'ament_prefix_path')
[1.384s] INFO:colcon.colcon_core.plugin_system:Skipping extension 'colcon_core.shell.bat': Not used on non-Windows systems
[1.385s] INFO:colcon.colcon_core.shell:Creating environment hook '/home/robosub/nuros_ws/install/image_processing/share/image_processing/hook/ament_prefix_path.ps1'
[1.388s] INFO:colcon.colcon_core.shell:Creating environment descriptor '/home/robosub/nuros_ws/install/image_processing/share/image_processing/hook/ament_prefix_path.dsv'
[1.398s] INFO:colcon.colcon_core.shell:Creating environment hook '/home/robosub/nuros_ws/install/image_processing/share/image_processing/hook/ament_prefix_path.sh'
[1.406s] INFO:colcon.colcon_core.shell:Skip shell extension 'powershell' for command environment: Not usable outside of PowerShell
[1.406s] DEBUG:colcon.colcon_core.shell:Skip shell extension 'dsv' for command environment
[1.418s] INFO:colcon.colcon_ros.task.ament_cmake.build:Building ROS package in '/home/robosub/nuros_ws/src/interfaces' with build type 'ament_cmake'
[1.420s] INFO:colcon.colcon_cmake.task.cmake.build:Building CMake package in '/home/robosub/nuros_ws/src/interfaces'
[1.430s] INFO:colcon.colcon_core.shell:Skip shell extension 'powershell' for command environment: Not usable outside of PowerShell
[1.430s] DEBUG:colcon.colcon_core.shell:Skip shell extension 'dsv' for command environment
[1.443s] INFO:colcon.colcon_ros.task.ament_python.build:Building ROS package in '/home/robosub/nuros_ws/src/key_joy' with build type 'ament_python'
[1.447s] Level 1:colcon.colcon_core.shell:create_environment_hook('key_joy', 'ament_prefix_path')
[1.459s] INFO:colcon.colcon_core.shell:Creating environment hook '/home/robosub/nuros_ws/install/key_joy/share/key_joy/hook/ament_prefix_path.ps1'
[1.535s] INFO:colcon.colcon_core.shell:Creating environment descriptor '/home/robosub/nuros_ws/install/key_joy/share/key_joy/hook/ament_prefix_path.dsv'
[1.537s] INFO:colcon.colcon_core.shell:Creating environment hook '/home/robosub/nuros_ws/install/key_joy/share/key_joy/hook/ament_prefix_path.sh'
[1.543s] INFO:colcon.colcon_core.shell:Skip shell extension 'powershell' for command environment: Not usable outside of PowerShell
[1.544s] DEBUG:colcon.colcon_core.shell:Skip shell extension 'dsv' for command environment
[1.556s] INFO:colcon.colcon_ros.task.ament_python.build:Building ROS package in '/home/robosub/nuros_ws/src/launch_all' with build type 'ament_python'
[1.561s] Level 1:colcon.colcon_core.shell:create_environment_hook('launch_all', 'ament_prefix_path')
[1.568s] INFO:colcon.colcon_core.shell:Creating environment hook '/home/robosub/nuros_ws/install/launch_all/share/launch_all/hook/ament_prefix_path.ps1'
[1.573s] INFO:colcon.colcon_core.shell:Creating environment descriptor '/home/robosub/nuros_ws/install/launch_all/share/launch_all/hook/ament_prefix_path.dsv'
[1.578s] INFO:colcon.colcon_core.shell:Creating environment hook '/home/robosub/nuros_ws/install/launch_all/share/launch_all/hook/ament_prefix_path.sh'
[1.584s] INFO:colcon.colcon_core.shell:Skip shell extension 'powershell' for command environment: Not usable outside of PowerShell
[1.585s] DEBUG:colcon.colcon_core.shell:Skip shell extension 'dsv' for command environment
[2.363s] INFO:colcon.colcon_core.task.python.build:Building Python package in '/home/robosub/nuros_ws/src/image_processing'
[2.371s] INFO:colcon.colcon_core.shell:Skip shell extension 'powershell' for command environment: Not usable outside of PowerShell
[2.371s] DEBUG:colcon.colcon_core.shell:Skip shell extension 'dsv' for command environment
[2.411s] DEBUG:colcon.colcon_core.event_handler.log_command:Invoking command in '/home/robosub/nuros_ws/build/interfaces': /usr/bin/cmake --build /home/robosub/nuros_ws/build/interfaces -- -j4 -l4
[3.251s] INFO:colcon.colcon_core.task.python.build:Building Python package in '/home/robosub/nuros_ws/src/key_joy'
[3.261s] INFO:colcon.colcon_core.shell:Skip shell extension 'powershell' for command environment: Not usable outside of PowerShell
[3.262s] DEBUG:colcon.colcon_core.shell:Skip shell extension 'dsv' for command environment
[4.078s] INFO:colcon.colcon_core.task.python.build:Building Python package in '/home/robosub/nuros_ws/src/launch_all'
[4.097s] INFO:colcon.colcon_core.shell:Skip shell extension 'powershell' for command environment: Not usable outside of PowerShell
[4.099s] DEBUG:colcon.colcon_core.shell:Skip shell extension 'dsv' for command environment
[4.151s] DEBUG:colcon.colcon_core.event_handler.log_command:Invoked command in '/home/robosub/nuros_ws/build/interfaces' returned '0': /usr/bin/cmake --build /home/robosub/nuros_ws/build/interfaces -- -j4 -l4
[4.596s] DEBUG:colcon.colcon_core.event_handler.log_command:Invoking command in '/home/robosub/nuros_ws/build/interfaces': /usr/bin/cmake --install /home/robosub/nuros_ws/build/interfaces
[4.981s] Level 1:colcon.colcon_core.environment:create_environment_scripts_only(interfaces)
[4.984s] DEBUG:colcon.colcon_core.event_handler.log_command:Invoked command in '/home/robosub/nuros_ws/build/interfaces' returned '0': /usr/bin/cmake --install /home/robosub/nuros_ws/build/interfaces
[5.039s] Level 1:colcon.colcon_core.environment:checking '/home/robosub/nuros_ws/install/interfaces' for CMake module files
[5.042s] Level 1:colcon.colcon_core.environment:checking '/home/robosub/nuros_ws/install/interfaces' for CMake config files
[5.044s] Level 1:colcon.colcon_core.shell:create_environment_hook('interfaces', 'cmake_prefix_path')
[5.051s] INFO:colcon.colcon_core.shell:Creating environment hook '/home/robosub/nuros_ws/install/interfaces/share/interfaces/hook/cmake_prefix_path.ps1'
[5.060s] INFO:colcon.colcon_core.shell:Creating environment descriptor '/home/robosub/nuros_ws/install/interfaces/share/interfaces/hook/cmake_prefix_path.dsv'
[5.148s] INFO:colcon.colcon_core.shell:Creating environment hook '/home/robosub/nuros_ws/install/interfaces/share/interfaces/hook/cmake_prefix_path.sh'
[5.166s] Level 1:colcon.colcon_core.environment:checking '/home/robosub/nuros_ws/install/interfaces/lib'
[5.167s] Level 1:colcon.colcon_core.shell:create_environment_hook('interfaces', 'ld_library_path_lib')
[5.186s] INFO:colcon.colcon_core.shell:Creating environment hook '/home/robosub/nuros_ws/install/interfaces/share/interfaces/hook/ld_library_path_lib.ps1'
[5.188s] INFO:colcon.colcon_core.shell:Creating environment descriptor '/home/robosub/nuros_ws/install/interfaces/share/interfaces/hook/ld_library_path_lib.dsv'
[5.190s] INFO:colcon.colcon_core.shell:Creating environment hook '/home/robosub/nuros_ws/install/interfaces/share/interfaces/hook/ld_library_path_lib.sh'
[5.192s] Level 1:colcon.colcon_core.environment:checking '/home/robosub/nuros_ws/install/interfaces/bin'
[5.192s] Level 1:colcon.colcon_core.environment:checking '/home/robosub/nuros_ws/install/interfaces/lib/pkgconfig/interfaces.pc'
[5.194s] Level 1:colcon.colcon_core.environment:checking '/home/robosub/nuros_ws/install/interfaces/lib/python3.8/site-packages'
[5.194s] Level 1:colcon.colcon_core.shell:create_environment_hook('interfaces', 'pythonpath')
[5.200s] INFO:colcon.colcon_core.shell:Creating environment hook '/home/robosub/nuros_ws/install/interfaces/share/interfaces/hook/pythonpath.ps1'
[5.215s] INFO:colcon.colcon_core.shell:Creating environment descriptor '/home/robosub/nuros_ws/install/interfaces/share/interfaces/hook/pythonpath.dsv'
[5.262s] INFO:colcon.colcon_core.shell:Creating environment hook '/home/robosub/nuros_ws/install/interfaces/share/interfaces/hook/pythonpath.sh'
[5.264s] Level 1:colcon.colcon_core.environment:checking '/home/robosub/nuros_ws/install/interfaces/bin'
[5.270s] INFO:colcon.colcon_core.shell:Creating package script '/home/robosub/nuros_ws/install/interfaces/share/interfaces/package.ps1'
[5.274s] INFO:colcon.colcon_core.shell:Creating package descriptor '/home/robosub/nuros_ws/install/interfaces/share/interfaces/package.dsv'
[5.276s] INFO:colcon.colcon_core.shell:Creating package script '/home/robosub/nuros_ws/install/interfaces/share/interfaces/package.sh'
[5.279s] INFO:colcon.colcon_core.shell:Creating package script '/home/robosub/nuros_ws/install/interfaces/share/interfaces/package.bash'
[5.283s] INFO:colcon.colcon_core.shell:Creating package script '/home/robosub/nuros_ws/install/interfaces/share/interfaces/package.zsh'
[5.286s] Level 1:colcon.colcon_core.environment:create_file_with_runtime_dependencies(/home/robosub/nuros_ws/install/interfaces/share/colcon-core/packages/interfaces)
[5.756s] Level 1:colcon.colcon_core.environment:create_environment_scripts_only(interfaces)
[5.768s] Level 1:colcon.colcon_core.environment:checking '/home/robosub/nuros_ws/install/interfaces' for CMake module files
[5.772s] Level 1:colcon.colcon_core.environment:checking '/home/robosub/nuros_ws/install/interfaces' for CMake config files
[5.774s] Level 1:colcon.colcon_core.shell:create_environment_hook('interfaces', 'cmake_prefix_path')
[5.780s] INFO:colcon.colcon_core.shell:Creating environment hook '/home/robosub/nuros_ws/install/interfaces/share/interfaces/hook/cmake_prefix_path.ps1'
[5.784s] INFO:colcon.colcon_core.shell:Creating environment descriptor '/home/robosub/nuros_ws/install/interfaces/share/interfaces/hook/cmake_prefix_path.dsv'
[5.870s] INFO:colcon.colcon_core.shell:Creating environment hook '/home/robosub/nuros_ws/install/interfaces/share/interfaces/hook/cmake_prefix_path.sh'
[5.882s] Level 1:colcon.colcon_core.environment:checking '/home/robosub/nuros_ws/install/interfaces/lib'
[5.883s] Level 1:colcon.colcon_core.shell:create_environment_hook('interfaces', 'ld_library_path_lib')
[5.888s] INFO:colcon.colcon_core.shell:Creating environment hook '/home/robosub/nuros_ws/install/interfaces/share/interfaces/hook/ld_library_path_lib.ps1'
[5.891s] INFO:colcon.colcon_core.shell:Creating environment descriptor '/home/robosub/nuros_ws/install/interfaces/share/interfaces/hook/ld_library_path_lib.dsv'
[5.893s] INFO:colcon.colcon_core.shell:Creating environment hook '/home/robosub/nuros_ws/install/interfaces/share/interfaces/hook/ld_library_path_lib.sh'
[5.907s] Level 1:colcon.colcon_core.environment:checking '/home/robosub/nuros_ws/install/interfaces/bin'
[5.908s] Level 1:colcon.colcon_core.environment:checking '/home/robosub/nuros_ws/install/interfaces/lib/pkgconfig/interfaces.pc'
[5.909s] Level 1:colcon.colcon_core.environment:checking '/home/robosub/nuros_ws/install/interfaces/lib/python3.8/site-packages'
[5.910s] Level 1:colcon.colcon_core.shell:create_environment_hook('interfaces', 'pythonpath')
[5.925s] INFO:colcon.colcon_core.shell:Creating environment hook '/home/robosub/nuros_ws/install/interfaces/share/interfaces/hook/pythonpath.ps1'
[5.929s] INFO:colcon.colcon_core.shell:Creating environment descriptor '/home/robosub/nuros_ws/install/interfaces/share/interfaces/hook/pythonpath.dsv'
[5.931s] INFO:colcon.colcon_core.shell:Creating environment hook '/home/robosub/nuros_ws/install/interfaces/share/interfaces/hook/pythonpath.sh'
[5.934s] Level 1:colcon.colcon_core.environment:checking '/home/robosub/nuros_ws/install/interfaces/bin'
[5.940s] INFO:colcon.colcon_core.shell:Creating package script '/home/robosub/nuros_ws/install/interfaces/share/interfaces/package.ps1'
[5.946s] INFO:colcon.colcon_core.shell:Creating package descriptor '/home/robosub/nuros_ws/install/interfaces/share/interfaces/package.dsv'
[5.977s] INFO:colcon.colcon_core.shell:Creating package script '/home/robosub/nuros_ws/install/interfaces/share/interfaces/package.sh'
[5.981s] INFO:colcon.colcon_core.shell:Creating package script '/home/robosub/nuros_ws/install/interfaces/share/interfaces/package.bash'
[5.983s] INFO:colcon.colcon_core.shell:Creating package script '/home/robosub/nuros_ws/install/interfaces/share/interfaces/package.zsh'
[5.986s] Level 1:colcon.colcon_core.environment:create_file_with_runtime_dependencies(/home/robosub/nuros_ws/install/interfaces/share/colcon-core/packages/interfaces)
[5.991s] INFO:colcon.colcon_ros.task.ament_python.build:Building ROS package in '/home/robosub/nuros_ws/src/main_head' with build type 'ament_python'
[5.992s] Level 1:colcon.colcon_core.shell:create_environment_hook('main_head', 'ament_prefix_path')
[5.997s] INFO:colcon.colcon_core.shell:Creating environment hook '/home/robosub/nuros_ws/install/main_head/share/main_head/hook/ament_prefix_path.ps1'
[6.000s] INFO:colcon.colcon_core.shell:Creating environment descriptor '/home/robosub/nuros_ws/install/main_head/share/main_head/hook/ament_prefix_path.dsv'
[6.002s] INFO:colcon.colcon_core.shell:Creating environment hook '/home/robosub/nuros_ws/install/main_head/share/main_head/hook/ament_prefix_path.sh'
[6.008s] INFO:colcon.colcon_core.shell:Skip shell extension 'powershell' for command environment: Not usable outside of PowerShell
[6.009s] DEBUG:colcon.colcon_core.shell:Skip shell extension 'dsv' for command environment
[6.044s] DEBUG:colcon.colcon_core.event_handler.log_command:Invoking command in '/home/robosub/nuros_ws/src/launch_all': PYTHONPATH=/home/robosub/nuros_ws/build/launch_all/prefix_override:/home/robosub/nuros_ws/install/launch_all/lib/python3.8/site-packages: /usr/bin/python3 setup.py egg_info --egg-base ../../build/launch_all build --build-base /home/robosub/nuros_ws/build/launch_all/build install --record /home/robosub/nuros_ws/build/launch_all/install.log --install-scripts $base/lib/launch_all --single-version-externally-managed
[6.058s] DEBUG:colcon.colcon_core.event_handler.log_command:Invoking command in '/home/robosub/nuros_ws/src/image_processing': PYTHONPATH=/home/robosub/nuros_ws/build/image_processing/prefix_override:/home/robosub/nuros_ws/install/image_processing/lib/python3.8/site-packages: /usr/bin/python3 setup.py egg_info --egg-base ../../build/image_processing build --build-base /home/robosub/nuros_ws/build/image_processing/build install --record /home/robosub/nuros_ws/build/image_processing/install.log --install-scripts $base/lib/image_processing --single-version-externally-managed
[6.932s] INFO:colcon.colcon_core.task.python.build:Building Python package in '/home/robosub/nuros_ws/src/main_head'
[6.941s] INFO:colcon.colcon_core.shell:Skip shell extension 'powershell' for command environment: Not usable outside of PowerShell
[6.941s] DEBUG:colcon.colcon_core.shell:Skip shell extension 'dsv' for command environment
[6.983s] DEBUG:colcon.colcon_core.event_handler.log_command:Invoking command in '/home/robosub/nuros_ws/src/key_joy': PYTHONPATH=/home/robosub/nuros_ws/build/key_joy/prefix_override:/home/robosub/nuros_ws/install/key_joy/lib/python3.8/site-packages: /usr/bin/python3 setup.py egg_info --egg-base ../../build/key_joy build --build-base /home/robosub/nuros_ws/build/key_joy/build install --record /home/robosub/nuros_ws/build/key_joy/install.log --install-scripts $base/lib/key_joy --single-version-externally-managed
[7.234s] DEBUG:colcon.colcon_core.event_handler.log_command:Invoked command in '/home/robosub/nuros_ws/src/image_processing' returned '0': PYTHONPATH=/home/robosub/nuros_ws/build/image_processing/prefix_override:/home/robosub/nuros_ws/install/image_processing/lib/python3.8/site-packages: /usr/bin/python3 setup.py egg_info --egg-base ../../build/image_processing build --build-base /home/robosub/nuros_ws/build/image_processing/build install --record /home/robosub/nuros_ws/build/image_processing/install.log --install-scripts $base/lib/image_processing --single-version-externally-managed
[7.244s] Level 1:colcon.colcon_core.environment:checking '/home/robosub/nuros_ws/install/image_processing' for CMake module files
[7.248s] Level 1:colcon.colcon_core.environment:checking '/home/robosub/nuros_ws/install/image_processing' for CMake config files
[7.251s] Level 1:colcon.colcon_core.environment:checking '/home/robosub/nuros_ws/install/image_processing/lib'
[7.252s] Level 1:colcon.colcon_core.environment:checking '/home/robosub/nuros_ws/install/image_processing/bin'
[7.252s] Level 1:colcon.colcon_core.environment:checking '/home/robosub/nuros_ws/install/image_processing/lib/pkgconfig/image_processing.pc'
[7.253s] Level 1:colcon.colcon_core.environment:checking '/home/robosub/nuros_ws/install/image_processing/lib/python3.8/site-packages'
[7.254s] Level 1:colcon.colcon_core.shell:create_environment_hook('image_processing', 'pythonpath')
[7.261s] INFO:colcon.colcon_core.shell:Creating environment hook '/home/robosub/nuros_ws/install/image_processing/share/image_processing/hook/pythonpath.ps1'
[7.264s] INFO:colcon.colcon_core.shell:Creating environment descriptor '/home/robosub/nuros_ws/install/image_processing/share/image_processing/hook/pythonpath.dsv'
[7.266s] INFO:colcon.colcon_core.shell:Creating environment hook '/home/robosub/nuros_ws/install/image_processing/share/image_processing/hook/pythonpath.sh'
[7.268s] Level 1:colcon.colcon_core.environment:checking '/home/robosub/nuros_ws/install/image_processing/bin'
[7.270s] Level 1:colcon.colcon_core.environment:create_environment_scripts_only(image_processing)
[7.276s] INFO:colcon.colcon_core.shell:Creating package script '/home/robosub/nuros_ws/install/image_processing/share/image_processing/package.ps1'
[7.278s] INFO:colcon.colcon_core.shell:Creating package descriptor '/home/robosub/nuros_ws/install/image_processing/share/image_processing/package.dsv'
[7.280s] INFO:colcon.colcon_core.shell:Creating package script '/home/robosub/nuros_ws/install/image_processing/share/image_processing/package.sh'
[7.283s] INFO:colcon.colcon_core.shell:Creating package script '/home/robosub/nuros_ws/install/image_processing/share/image_processing/package.bash'
[7.285s] INFO:colcon.colcon_core.shell:Creating package script '/home/robosub/nuros_ws/install/image_processing/share/image_processing/package.zsh'
[7.287s] Level 1:colcon.colcon_core.environment:create_file_with_runtime_dependencies(/home/robosub/nuros_ws/install/image_processing/share/colcon-core/packages/image_processing)
[7.290s] INFO:colcon.colcon_ros.task.ament_python.build:Building ROS package in '/home/robosub/nuros_ws/src/pixhawk_interface' with build type 'ament_python'
[7.291s] Level 1:colcon.colcon_core.shell:create_environment_hook('pixhawk_interface', 'ament_prefix_path')
[7.298s] INFO:colcon.colcon_core.shell:Creating environment hook '/home/robosub/nuros_ws/install/pixhawk_interface/share/pixhawk_interface/hook/ament_prefix_path.ps1'
[7.302s] INFO:colcon.colcon_core.shell:Creating environment descriptor '/home/robosub/nuros_ws/install/pixhawk_interface/share/pixhawk_interface/hook/ament_prefix_path.dsv'
[7.303s] INFO:colcon.colcon_core.shell:Creating environment hook '/home/robosub/nuros_ws/install/pixhawk_interface/share/pixhawk_interface/hook/ament_prefix_path.sh'
[7.310s] INFO:colcon.colcon_core.shell:Skip shell extension 'powershell' for command environment: Not usable outside of PowerShell
[7.311s] DEBUG:colcon.colcon_core.shell:Skip shell extension 'dsv' for command environment
[8.281s] INFO:colcon.colcon_core.task.python.build:Building Python package in '/home/robosub/nuros_ws/src/pixhawk_interface'
[8.290s] INFO:colcon.colcon_core.shell:Skip shell extension 'powershell' for command environment: Not usable outside of PowerShell
[8.294s] DEBUG:colcon.colcon_core.shell:Skip shell extension 'dsv' for command environment
[8.332s] DEBUG:colcon.colcon_core.event_handler.log_command:Invoked command in '/home/robosub/nuros_ws/src/launch_all' returned '0': PYTHONPATH=/home/robosub/nuros_ws/build/launch_all/prefix_override:/home/robosub/nuros_ws/install/launch_all/lib/python3.8/site-packages: /usr/bin/python3 setup.py egg_info --egg-base ../../build/launch_all build --build-base /home/robosub/nuros_ws/build/launch_all/build install --record /home/robosub/nuros_ws/build/launch_all/install.log --install-scripts $base/lib/launch_all --single-version-externally-managed
[8.339s] Level 1:colcon.colcon_core.environment:checking '/home/robosub/nuros_ws/install/launch_all' for CMake module files
[8.342s] Level 1:colcon.colcon_core.environment:checking '/home/robosub/nuros_ws/install/launch_all' for CMake config files
[8.346s] Level 1:colcon.colcon_core.environment:checking '/home/robosub/nuros_ws/install/launch_all/lib'
[8.346s] Level 1:colcon.colcon_core.environment:checking '/home/robosub/nuros_ws/install/launch_all/bin'
[8.347s] Level 1:colcon.colcon_core.environment:checking '/home/robosub/nuros_ws/install/launch_all/lib/pkgconfig/launch_all.pc'
[8.348s] Level 1:colcon.colcon_core.environment:checking '/home/robosub/nuros_ws/install/launch_all/lib/python3.8/site-packages'
[8.348s] Level 1:colcon.colcon_core.shell:create_environment_hook('launch_all', 'pythonpath')
[8.353s] INFO:colcon.colcon_core.shell:Creating environment hook '/home/robosub/nuros_ws/install/launch_all/share/launch_all/hook/pythonpath.ps1'
[8.356s] INFO:colcon.colcon_core.shell:Creating environment descriptor '/home/robosub/nuros_ws/install/launch_all/share/launch_all/hook/pythonpath.dsv'
[8.358s] INFO:colcon.colcon_core.shell:Creating environment hook '/home/robosub/nuros_ws/install/launch_all/share/launch_all/hook/pythonpath.sh'
[8.360s] Level 1:colcon.colcon_core.environment:checking '/home/robosub/nuros_ws/install/launch_all/bin'
[8.360s] Level 1:colcon.colcon_core.environment:create_environment_scripts_only(launch_all)
[8.367s] INFO:colcon.colcon_core.shell:Creating package script '/home/robosub/nuros_ws/install/launch_all/share/launch_all/package.ps1'
[8.369s] INFO:colcon.colcon_core.shell:Creating package descriptor '/home/robosub/nuros_ws/install/launch_all/share/launch_all/package.dsv'
[8.371s] INFO:colcon.colcon_core.shell:Creating package script '/home/robosub/nuros_ws/install/launch_all/share/launch_all/package.sh'
[8.373s] INFO:colcon.colcon_core.shell:Creating package script '/home/robosub/nuros_ws/install/launch_all/share/launch_all/package.bash'
[8.375s] INFO:colcon.colcon_core.shell:Creating package script '/home/robosub/nuros_ws/install/launch_all/share/launch_all/package.zsh'
[8.376s] Level 1:colcon.colcon_core.environment:create_file_with_runtime_dependencies(/home/robosub/nuros_ws/install/launch_all/share/colcon-core/packages/launch_all)
[8.380s] INFO:colcon.colcon_ros.task.ament_python.build:Building ROS package in '/home/robosub/nuros_ws/src/yadd' with build type 'ament_python'
[8.381s] Level 1:colcon.colcon_core.shell:create_environment_hook('yadd', 'ament_prefix_path')
[8.387s] INFO:colcon.colcon_core.shell:Creating environment hook '/home/robosub/nuros_ws/install/yadd/share/yadd/hook/ament_prefix_path.ps1'
[8.391s] INFO:colcon.colcon_core.shell:Creating environment descriptor '/home/robosub/nuros_ws/install/yadd/share/yadd/hook/ament_prefix_path.dsv'
[8.393s] INFO:colcon.colcon_core.shell:Creating environment hook '/home/robosub/nuros_ws/install/yadd/share/yadd/hook/ament_prefix_path.sh'
[8.399s] INFO:colcon.colcon_core.shell:Skip shell extension 'powershell' for command environment: Not usable outside of PowerShell
[8.399s] DEBUG:colcon.colcon_core.shell:Skip shell extension 'dsv' for command environment
[9.280s] INFO:colcon.colcon_core.task.python.build:Building Python package in '/home/robosub/nuros_ws/src/yadd'
[9.289s] INFO:colcon.colcon_core.shell:Skip shell extension 'powershell' for command environment: Not usable outside of PowerShell
[9.289s] DEBUG:colcon.colcon_core.shell:Skip shell extension 'dsv' for command environment
[9.328s] Level 1:colcon.colcon_core.environment:checking '/home/robosub/nuros_ws/install/key_joy' for CMake module files
[9.331s] DEBUG:colcon.colcon_core.event_handler.log_command:Invoked command in '/home/robosub/nuros_ws/src/key_joy' returned '0': PYTHONPATH=/home/robosub/nuros_ws/build/key_joy/prefix_override:/home/robosub/nuros_ws/install/key_joy/lib/python3.8/site-packages: /usr/bin/python3 setup.py egg_info --egg-base ../../build/key_joy build --build-base /home/robosub/nuros_ws/build/key_joy/build install --record /home/robosub/nuros_ws/build/key_joy/install.log --install-scripts $base/lib/key_joy --single-version-externally-managed
[9.332s] Level 1:colcon.colcon_core.environment:checking '/home/robosub/nuros_ws/install/key_joy' for CMake config files
[9.336s] Level 1:colcon.colcon_core.environment:checking '/home/robosub/nuros_ws/install/key_joy/lib'
[9.336s] Level 1:colcon.colcon_core.environment:checking '/home/robosub/nuros_ws/install/key_joy/bin'
[9.336s] Level 1:colcon.colcon_core.environment:checking '/home/robosub/nuros_ws/install/key_joy/lib/pkgconfig/key_joy.pc'
[9.338s] Level 1:colcon.colcon_core.environment:checking '/home/robosub/nuros_ws/install/key_joy/lib/python3.8/site-packages'
[9.338s] Level 1:colcon.colcon_core.shell:create_environment_hook('key_joy', 'pythonpath')
[9.343s] INFO:colcon.colcon_core.shell:Creating environment hook '/home/robosub/nuros_ws/install/key_joy/share/key_joy/hook/pythonpath.ps1'
[9.346s] INFO:colcon.colcon_core.shell:Creating environment descriptor '/home/robosub/nuros_ws/install/key_joy/share/key_joy/hook/pythonpath.dsv'
[9.347s] INFO:colcon.colcon_core.shell:Creating environment hook '/home/robosub/nuros_ws/install/key_joy/share/key_joy/hook/pythonpath.sh'
[9.350s] Level 1:colcon.colcon_core.environment:checking '/home/robosub/nuros_ws/install/key_joy/bin'
[9.351s] Level 1:colcon.colcon_core.environment:create_environment_scripts_only(key_joy)
[9.357s] INFO:colcon.colcon_core.shell:Creating package script '/home/robosub/nuros_ws/install/key_joy/share/key_joy/package.ps1'
[9.360s] INFO:colcon.colcon_core.shell:Creating package descriptor '/home/robosub/nuros_ws/install/key_joy/share/key_joy/package.dsv'
[9.362s] INFO:colcon.colcon_core.shell:Creating package script '/home/robosub/nuros_ws/install/key_joy/share/key_joy/package.sh'
[9.364s] INFO:colcon.colcon_core.shell:Creating package script '/home/robosub/nuros_ws/install/key_joy/share/key_joy/package.bash'
[9.366s] INFO:colcon.colcon_core.shell:Creating package script '/home/robosub/nuros_ws/install/key_joy/share/key_joy/package.zsh'
[9.367s] Level 1:colcon.colcon_core.environment:create_file_with_runtime_dependencies(/home/robosub/nuros_ws/install/key_joy/share/colcon-core/packages/key_joy)
[9.385s] DEBUG:colcon.colcon_core.event_handler.log_command:Invoking command in '/home/robosub/nuros_ws/src/main_head': PYTHONPATH=/home/robosub/nuros_ws/build/main_head/prefix_override:/home/robosub/nuros_ws/install/main_head/lib/python3.8/site-packages: /usr/bin/python3 setup.py egg_info --egg-base ../../build/main_head build --build-base /home/robosub/nuros_ws/build/main_head/build install --record /home/robosub/nuros_ws/build/main_head/install.log --install-scripts $base/lib/main_head --single-version-externally-managed
[9.918s] DEBUG:colcon.colcon_core.event_handler.log_command:Invoking command in '/home/robosub/nuros_ws/src/pixhawk_interface': PYTHONPATH=/home/robosub/nuros_ws/build/pixhawk_interface/prefix_override:/home/robosub/nuros_ws/install/pixhawk_interface/lib/python3.8/site-packages: /usr/bin/python3 setup.py egg_info --egg-base ../../build/pixhawk_interface build --build-base /home/robosub/nuros_ws/build/pixhawk_interface/build install --record /home/robosub/nuros_ws/build/pixhawk_interface/install.log --install-scripts $base/lib/pixhawk_interface --single-version-externally-managed
[10.609s] DEBUG:colcon.colcon_core.event_handler.log_command:Invoked command in '/home/robosub/nuros_ws/src/main_head' returned '0': PYTHONPATH=/home/robosub/nuros_ws/build/main_head/prefix_override:/home/robosub/nuros_ws/install/main_head/lib/python3.8/site-packages: /usr/bin/python3 setup.py egg_info --egg-base ../../build/main_head build --build-base /home/robosub/nuros_ws/build/main_head/build install --record /home/robosub/nuros_ws/build/main_head/install.log --install-scripts $base/lib/main_head --single-version-externally-managed
[10.617s] Level 1:colcon.colcon_core.environment:checking '/home/robosub/nuros_ws/install/main_head' for CMake module files
[10.619s] Level 1:colcon.colcon_core.environment:checking '/home/robosub/nuros_ws/install/main_head' for CMake config files
[10.624s] Level 1:colcon.colcon_core.environment:checking '/home/robosub/nuros_ws/install/main_head/lib'
[10.624s] Level 1:colcon.colcon_core.environment:checking '/home/robosub/nuros_ws/install/main_head/bin'
[10.625s] Level 1:colcon.colcon_core.environment:checking '/home/robosub/nuros_ws/install/main_head/lib/pkgconfig/main_head.pc'
[10.626s] Level 1:colcon.colcon_core.environment:checking '/home/robosub/nuros_ws/install/main_head/lib/python3.8/site-packages'
[10.626s] Level 1:colcon.colcon_core.shell:create_environment_hook('main_head', 'pythonpath')
[10.633s] INFO:colcon.colcon_core.shell:Creating environment hook '/home/robosub/nuros_ws/install/main_head/share/main_head/hook/pythonpath.ps1'
[10.637s] INFO:colcon.colcon_core.shell:Creating environment descriptor '/home/robosub/nuros_ws/install/main_head/share/main_head/hook/pythonpath.dsv'
[10.643s] INFO:colcon.colcon_core.shell:Creating environment hook '/home/robosub/nuros_ws/install/main_head/share/main_head/hook/pythonpath.sh'
[10.645s] Level 1:colcon.colcon_core.environment:checking '/home/robosub/nuros_ws/install/main_head/bin'
[10.645s] Level 1:colcon.colcon_core.environment:create_environment_scripts_only(main_head)
[10.650s] INFO:colcon.colcon_core.shell:Creating package script '/home/robosub/nuros_ws/install/main_head/share/main_head/package.ps1'
[10.653s] INFO:colcon.colcon_core.shell:Creating package descriptor '/home/robosub/nuros_ws/install/main_head/share/main_head/package.dsv'
[10.655s] INFO:colcon.colcon_core.shell:Creating package script '/home/robosub/nuros_ws/install/main_head/share/main_head/package.sh'
[10.659s] INFO:colcon.colcon_core.shell:Creating package script '/home/robosub/nuros_ws/install/main_head/share/main_head/package.bash'
[10.661s] INFO:colcon.colcon_core.shell:Creating package script '/home/robosub/nuros_ws/install/main_head/share/main_head/package.zsh'
[10.663s] Level 1:colcon.colcon_core.environment:create_file_with_runtime_dependencies(/home/robosub/nuros_ws/install/main_head/share/colcon-core/packages/main_head)
[10.977s] DEBUG:colcon.colcon_core.event_handler.log_command:Invoking command in '/home/robosub/nuros_ws/src/yadd': PYTHONPATH=/home/robosub/nuros_ws/build/yadd/prefix_override:/home/robosub/nuros_ws/install/yadd/lib/python3.8/site-packages: /usr/bin/python3 setup.py egg_info --egg-base ../../build/yadd build --build-base /home/robosub/nuros_ws/build/yadd/build install --record /home/robosub/nuros_ws/build/yadd/install.log --install-scripts $base/lib/yadd --single-version-externally-managed
[11.042s] Level 1:colcon.colcon_core.environment:checking '/home/robosub/nuros_ws/install/pixhawk_interface' for CMake module files
[11.044s] DEBUG:colcon.colcon_core.event_handler.log_command:Invoked command in '/home/robosub/nuros_ws/src/pixhawk_interface' returned '0': PYTHONPATH=/home/robosub/nuros_ws/build/pixhawk_interface/prefix_override:/home/robosub/nuros_ws/install/pixhawk_interface/lib/python3.8/site-packages: /usr/bin/python3 setup.py egg_info --egg-base ../../build/pixhawk_interface build --build-base /home/robosub/nuros_ws/build/pixhawk_interface/build install --record /home/robosub/nuros_ws/build/pixhawk_interface/install.log --install-scripts $base/lib/pixhawk_interface --single-version-externally-managed
[11.046s] Level 1:colcon.colcon_core.environment:checking '/home/robosub/nuros_ws/install/pixhawk_interface' for CMake config files
[11.049s] Level 1:colcon.colcon_core.environment:checking '/home/robosub/nuros_ws/install/pixhawk_interface/lib'
[11.049s] Level 1:colcon.colcon_core.environment:checking '/home/robosub/nuros_ws/install/pixhawk_interface/bin'
[11.050s] Level 1:colcon.colcon_core.environment:checking '/home/robosub/nuros_ws/install/pixhawk_interface/lib/pkgconfig/pixhawk_interface.pc'
[11.051s] Level 1:colcon.colcon_core.environment:checking '/home/robosub/nuros_ws/install/pixhawk_interface/lib/python3.8/site-packages'
[11.051s] Level 1:colcon.colcon_core.shell:create_environment_hook('pixhawk_interface', 'pythonpath')
[11.056s] INFO:colcon.colcon_core.shell:Creating environment hook '/home/robosub/nuros_ws/install/pixhawk_interface/share/pixhawk_interface/hook/pythonpath.ps1'
[11.061s] INFO:colcon.colcon_core.shell:Creating environment descriptor '/home/robosub/nuros_ws/install/pixhawk_interface/share/pixhawk_interface/hook/pythonpath.dsv'
[11.064s] INFO:colcon.colcon_core.shell:Creating environment hook '/home/robosub/nuros_ws/install/pixhawk_interface/share/pixhawk_interface/hook/pythonpath.sh'
[11.066s] Level 1:colcon.colcon_core.environment:checking '/home/robosub/nuros_ws/install/pixhawk_interface/bin'
[11.066s] Level 1:colcon.colcon_core.environment:create_environment_scripts_only(pixhawk_interface)
[11.072s] INFO:colcon.colcon_core.shell:Creating package script '/home/robosub/nuros_ws/install/pixhawk_interface/share/pixhawk_interface/package.ps1'
[11.074s] INFO:colcon.colcon_core.shell:Creating package descriptor '/home/robosub/nuros_ws/install/pixhawk_interface/share/pixhawk_interface/package.dsv'
[11.076s] INFO:colcon.colcon_core.shell:Creating package script '/home/robosub/nuros_ws/install/pixhawk_interface/share/pixhawk_interface/package.sh'
[11.078s] INFO:colcon.colcon_core.shell:Creating package script '/home/robosub/nuros_ws/install/pixhawk_interface/share/pixhawk_interface/package.bash'
[11.079s] INFO:colcon.colcon_core.shell:Creating package script '/home/robosub/nuros_ws/install/pixhawk_interface/share/pixhawk_interface/package.zsh'
[11.089s] Level 1:colcon.colcon_core.environment:create_file_with_runtime_dependencies(/home/robosub/nuros_ws/install/pixhawk_interface/share/colcon-core/packages/pixhawk_interface)
[12.019s] Level 1:colcon.colcon_core.environment:checking '/home/robosub/nuros_ws/install/yadd' for CMake module files
[12.020s] DEBUG:colcon.colcon_core.event_handler.log_command:Invoked command in '/home/robosub/nuros_ws/src/yadd' returned '0': PYTHONPATH=/home/robosub/nuros_ws/build/yadd/prefix_override:/home/robosub/nuros_ws/install/yadd/lib/python3.8/site-packages: /usr/bin/python3 setup.py egg_info --egg-base ../../build/yadd build --build-base /home/robosub/nuros_ws/build/yadd/build install --record /home/robosub/nuros_ws/build/yadd/install.log --install-scripts $base/lib/yadd --single-version-externally-managed
[12.021s] Level 1:colcon.colcon_core.environment:checking '/home/robosub/nuros_ws/install/yadd' for CMake config files
[12.024s] Level 1:colcon.colcon_core.environment:checking '/home/robosub/nuros_ws/install/yadd/lib'
[12.024s] Level 1:colcon.colcon_core.environment:checking '/home/robosub/nuros_ws/install/yadd/bin'
[12.025s] Level 1:colcon.colcon_core.environment:checking '/home/robosub/nuros_ws/install/yadd/lib/pkgconfig/yadd.pc'
[12.025s] Level 1:colcon.colcon_core.environment:checking '/home/robosub/nuros_ws/install/yadd/lib/python3.8/site-packages'
[12.026s] Level 1:colcon.colcon_core.shell:create_environment_hook('yadd', 'pythonpath')
[12.031s] INFO:colcon.colcon_core.shell:Creating environment hook '/home/robosub/nuros_ws/install/yadd/share/yadd/hook/pythonpath.ps1'
[12.033s] INFO:colcon.colcon_core.shell:Creating environment descriptor '/home/robosub/nuros_ws/install/yadd/share/yadd/hook/pythonpath.dsv'
[12.035s] INFO:colcon.colcon_core.shell:Creating environment hook '/home/robosub/nuros_ws/install/yadd/share/yadd/hook/pythonpath.sh'
[12.044s] Level 1:colcon.colcon_core.environment:checking '/home/robosub/nuros_ws/install/yadd/bin'
[12.045s] Level 1:colcon.colcon_core.environment:create_environment_scripts_only(yadd)
[12.051s] INFO:colcon.colcon_core.shell:Creating package script '/home/robosub/nuros_ws/install/yadd/share/yadd/package.ps1'
[12.053s] INFO:colcon.colcon_core.shell:Creating package descriptor '/home/robosub/nuros_ws/install/yadd/share/yadd/package.dsv'
[12.057s] INFO:colcon.colcon_core.shell:Creating package script '/home/robosub/nuros_ws/install/yadd/share/yadd/package.sh'
[12.059s] INFO:colcon.colcon_core.shell:Creating package script '/home/robosub/nuros_ws/install/yadd/share/yadd/package.bash'
[12.060s] INFO:colcon.colcon_core.shell:Creating package script '/home/robosub/nuros_ws/install/yadd/share/yadd/package.zsh'
[12.062s] Level 1:colcon.colcon_core.environment:create_file_with_runtime_dependencies(/home/robosub/nuros_ws/install/yadd/share/colcon-core/packages/yadd)
[12.063s] DEBUG:colcon.colcon_parallel_executor.executor.parallel:closing loop
[12.064s] DEBUG:colcon.colcon_parallel_executor.executor.parallel:loop closed
[12.065s] DEBUG:colcon.colcon_parallel_executor.executor.parallel:run_until_complete finished with '0'
[12.065s] DEBUG:colcon.colcon_core.event_reactor:joining thread
[12.091s] INFO:colcon.colcon_core.plugin_system:Skipping extension 'colcon_notification.desktop_notification.terminal_notifier': Not used on non-Darwin systems
[12.091s] INFO:colcon.colcon_core.plugin_system:Skipping extension 'colcon_notification.desktop_notification.win32': Not used on non-Windows systems
[12.091s] INFO:colcon.colcon_notification.desktop_notification:Sending desktop notification using 'notify2'
[12.143s] DEBUG:colcon.colcon_notification.desktop_notification.notify2:Failed to initialize notify2: org.freedesktop.DBus.Error.Spawn.ChildExited: Process org.freedesktop.Notifications exited with status 1
[12.143s] DEBUG:colcon.colcon_core.event_reactor:joined thread
[12.152s] INFO:colcon.colcon_core.shell:Creating prefix script '/home/robosub/nuros_ws/install/local_setup.ps1'
[12.159s] INFO:colcon.colcon_core.shell:Creating prefix util module '/home/robosub/nuros_ws/install/_local_setup_util_ps1.py'
[12.164s] INFO:colcon.colcon_core.shell:Creating prefix chain script '/home/robosub/nuros_ws/install/setup.ps1'
[12.168s] INFO:colcon.colcon_core.shell:Creating prefix script '/home/robosub/nuros_ws/install/local_setup.sh'
[12.170s] INFO:colcon.colcon_core.shell:Creating prefix util module '/home/robosub/nuros_ws/install/_local_setup_util_sh.py'
[12.172s] INFO:colcon.colcon_core.shell:Creating prefix chain script '/home/robosub/nuros_ws/install/setup.sh'
[12.176s] INFO:colcon.colcon_core.shell:Creating prefix script '/home/robosub/nuros_ws/install/local_setup.bash'
[12.177s] INFO:colcon.colcon_core.shell:Creating prefix chain script '/home/robosub/nuros_ws/install/setup.bash'
[12.181s] INFO:colcon.colcon_core.shell:Creating prefix script '/home/robosub/nuros_ws/install/local_setup.zsh'
[12.183s] INFO:colcon.colcon_core.shell:Creating prefix chain script '/home/robosub/nuros_ws/install/setup.zsh'
