[5.025s] Invoking command in '/home/robosub/nuros_ws/src/launch_all': PYTHONPATH=/home/robosub/nuros_ws/build/launch_all/prefix_override:/home/robosub/nuros_ws/install/launch_all/lib/python3.8/site-packages: /usr/bin/python3 setup.py egg_info --egg-base ../../build/launch_all build --build-base /home/robosub/nuros_ws/build/launch_all/build install --record /home/robosub/nuros_ws/build/launch_all/install.log --install-scripts $base/lib/launch_all --single-version-externally-managed
[5.853s] running egg_info
[5.854s] writing ../../build/launch_all/launch_all.egg-info/PKG-INFO
[5.855s] writing dependency_links to ../../build/launch_all/launch_all.egg-info/dependency_links.txt
[5.857s] writing entry points to ../../build/launch_all/launch_all.egg-info/entry_points.txt
[5.863s] writing requirements to ../../build/launch_all/launch_all.egg-info/requires.txt
[5.953s] writing top-level names to ../../build/launch_all/launch_all.egg-info/top_level.txt
[6.147s] reading manifest file '../../build/launch_all/launch_all.egg-info/SOURCES.txt'
[6.161s] writing manifest file '../../build/launch_all/launch_all.egg-info/SOURCES.txt'
[6.162s] running build
[6.163s] running build_py
[6.163s] running install
[6.163s] running install_lib
[6.163s] running install_data
[6.164s] running install_egg_info
[6.164s] removing '/home/robosub/nuros_ws/install/launch_all/lib/python3.8/site-packages/launch_all-0.0.0-py3.8.egg-info' (and everything under it)
[6.164s] Copying ../../build/launch_all/launch_all.egg-info to /home/robosub/nuros_ws/install/launch_all/lib/python3.8/site-packages/launch_all-0.0.0-py3.8.egg-info
[6.187s] running install_scripts
[6.236s] writing list of installed files to '/home/robosub/nuros_ws/build/launch_all/install.log'
[6.450s] Invoked command in '/home/robosub/nuros_ws/src/launch_all' returned '0': PYTHONPATH=/home/robosub/nuros_ws/build/launch_all/prefix_override:/home/robosub/nuros_ws/install/launch_all/lib/python3.8/site-packages: /usr/bin/python3 setup.py egg_info --egg-base ../../build/launch_all build --build-base /home/robosub/nuros_ws/build/launch_all/build install --record /home/robosub/nuros_ws/build/launch_all/install.log --install-scripts $base/lib/launch_all --single-version-externally-managed
