[9.390s] Invoking command in '/home/robosub/nuros_ws/src/launch_all': PYTHONPATH=/home/robosub/nuros_ws/build/launch_all/prefix_override:/home/robosub/nuros_ws/install/launch_all/lib/python3.8/site-packages: /usr/bin/python3 setup.py egg_info --egg-base ../../build/launch_all build --build-base /home/robosub/nuros_ws/build/launch_all/build install --record /home/robosub/nuros_ws/build/launch_all/install.log --install-scripts $base/lib/launch_all --single-version-externally-managed
[12.626s] running egg_info
[12.676s] writing ../../build/launch_all/launch_all.egg-info/PKG-INFO
[12.708s] writing dependency_links to ../../build/launch_all/launch_all.egg-info/dependency_links.txt
[12.709s] writing entry points to ../../build/launch_all/launch_all.egg-info/entry_points.txt
[12.709s] writing requirements to ../../build/launch_all/launch_all.egg-info/requires.txt
[12.710s] writing top-level names to ../../build/launch_all/launch_all.egg-info/top_level.txt
[13.223s] reading manifest file '../../build/launch_all/launch_all.egg-info/SOURCES.txt'
[13.227s] writing manifest file '../../build/launch_all/launch_all.egg-info/SOURCES.txt'
[13.228s] running build
[13.229s] running build_py
[13.260s] running install
[13.263s] running install_lib
[13.270s] running install_data
[13.272s] running install_egg_info
[13.341s] removing '/home/robosub/nuros_ws/install/launch_all/lib/python3.8/site-packages/launch_all-0.0.0-py3.8.egg-info' (and everything under it)
[13.353s] Copying ../../build/launch_all/launch_all.egg-info to /home/robosub/nuros_ws/install/launch_all/lib/python3.8/site-packages/launch_all-0.0.0-py3.8.egg-info
[13.396s] running install_scripts
[14.064s] writing list of installed files to '/home/robosub/nuros_ws/build/launch_all/install.log'
[15.069s] Invoked command in '/home/robosub/nuros_ws/src/launch_all' returned '0': PYTHONPATH=/home/robosub/nuros_ws/build/launch_all/prefix_override:/home/robosub/nuros_ws/install/launch_all/lib/python3.8/site-packages: /usr/bin/python3 setup.py egg_info --egg-base ../../build/launch_all build --build-base /home/robosub/nuros_ws/build/launch_all/build install --record /home/robosub/nuros_ws/build/launch_all/install.log --install-scripts $base/lib/launch_all --single-version-externally-managed
