[3.264s] Invoking command in '/home/robosub/nuros_ws/src/yadd': PYTHONPATH=/home/robosub/nuros_ws/build/yadd/prefix_override:/home/robosub/nuros_ws/install/yadd/lib/python3.8/site-packages: /usr/bin/python3 setup.py egg_info --egg-base ../../build/yadd build --build-base /home/robosub/nuros_ws/build/yadd/build install --record /home/robosub/nuros_ws/build/yadd/install.log --install-scripts $base/lib/yadd --single-version-externally-managed
[3.980s] running egg_info
[3.983s] writing ../../build/yadd/yadd.egg-info/PKG-INFO
[3.984s] writing dependency_links to ../../build/yadd/yadd.egg-info/dependency_links.txt
[3.985s] writing entry points to ../../build/yadd/yadd.egg-info/entry_points.txt
[3.986s] writing requirements to ../../build/yadd/yadd.egg-info/requires.txt
[3.986s] writing top-level names to ../../build/yadd/yadd.egg-info/top_level.txt
[4.117s] reading manifest file '../../build/yadd/yadd.egg-info/SOURCES.txt'
[4.122s] writing manifest file '../../build/yadd/yadd.egg-info/SOURCES.txt'
[4.123s] running build
[4.123s] running build_py
[4.126s] running install
[4.128s] running install_lib
[4.135s] running install_data
[4.137s] running install_egg_info
[4.142s] removing '/home/robosub/nuros_ws/install/yadd/lib/python3.8/site-packages/yadd-0.0.0-py3.8.egg-info' (and everything under it)
[4.144s] Copying ../../build/yadd/yadd.egg-info to /home/robosub/nuros_ws/install/yadd/lib/python3.8/site-packages/yadd-0.0.0-py3.8.egg-info
[4.149s] running install_scripts
[4.215s] Installing dvl_driver script to /home/robosub/nuros_ws/install/yadd/lib/yadd
[4.217s] writing list of installed files to '/home/robosub/nuros_ws/build/yadd/install.log'
[4.331s] Invoked command in '/home/robosub/nuros_ws/src/yadd' returned '0': PYTHONPATH=/home/robosub/nuros_ws/build/yadd/prefix_override:/home/robosub/nuros_ws/install/yadd/lib/python3.8/site-packages: /usr/bin/python3 setup.py egg_info --egg-base ../../build/yadd build --build-base /home/robosub/nuros_ws/build/yadd/build install --record /home/robosub/nuros_ws/build/yadd/install.log --install-scripts $base/lib/yadd --single-version-externally-managed
