[3.327s] Invoking command in '/home/robosub/nuros_ws/src/pixhawk_interface': PYTHONPATH=/home/robosub/nuros_ws/build/pixhawk_interface/prefix_override:/home/robosub/nuros_ws/install/pixhawk_interface/lib/python3.8/site-packages: /usr/bin/python3 setup.py egg_info --egg-base ../../build/pixhawk_interface build --build-base /home/robosub/nuros_ws/build/pixhawk_interface/build install --record /home/robosub/nuros_ws/build/pixhawk_interface/install.log --install-scripts $base/lib/pixhawk_interface --single-version-externally-managed
[4.028s] running egg_info
[4.030s] writing ../../build/pixhawk_interface/pixhawk_interface.egg-info/PKG-INFO
[4.031s] writing dependency_links to ../../build/pixhawk_interface/pixhawk_interface.egg-info/dependency_links.txt
[4.032s] writing entry points to ../../build/pixhawk_interface/pixhawk_interface.egg-info/entry_points.txt
[4.037s] writing requirements to ../../build/pixhawk_interface/pixhawk_interface.egg-info/requires.txt
[4.038s] writing top-level names to ../../build/pixhawk_interface/pixhawk_interface.egg-info/top_level.txt
[4.167s] reading manifest file '../../build/pixhawk_interface/pixhawk_interface.egg-info/SOURCES.txt'
[4.171s] writing manifest file '../../build/pixhawk_interface/pixhawk_interface.egg-info/SOURCES.txt'
[4.172s] running build
[4.172s] running build_py
[4.173s] running install
[4.176s] running install_lib
[4.182s] running install_data
[4.184s] running install_egg_info
[4.190s] removing '/home/robosub/nuros_ws/install/pixhawk_interface/lib/python3.8/site-packages/pixhawk_interface-0.0.0-py3.8.egg-info' (and everything under it)
[4.191s] Copying ../../build/pixhawk_interface/pixhawk_interface.egg-info to /home/robosub/nuros_ws/install/pixhawk_interface/lib/python3.8/site-packages/pixhawk_interface-0.0.0-py3.8.egg-info
[4.196s] running install_scripts
[4.259s] Installing interface_node script to /home/robosub/nuros_ws/install/pixhawk_interface/lib/pixhawk_interface
[4.260s] writing list of installed files to '/home/robosub/nuros_ws/build/pixhawk_interface/install.log'
[4.356s] Invoked command in '/home/robosub/nuros_ws/src/pixhawk_interface' returned '0': PYTHONPATH=/home/robosub/nuros_ws/build/pixhawk_interface/prefix_override:/home/robosub/nuros_ws/install/pixhawk_interface/lib/python3.8/site-packages: /usr/bin/python3 setup.py egg_info --egg-base ../../build/pixhawk_interface build --build-base /home/robosub/nuros_ws/build/pixhawk_interface/build install --record /home/robosub/nuros_ws/build/pixhawk_interface/install.log --install-scripts $base/lib/pixhawk_interface --single-version-externally-managed
