[5.420s] Invoking command in '/home/robosub/nuros_ws/src/launch_all': PYTHONPATH=/home/robosub/nuros_ws/build/launch_all/prefix_override:/home/robosub/nuros_ws/install/launch_all/lib/python3.8/site-packages: /usr/bin/python3 setup.py egg_info --egg-base ../../build/launch_all build --build-base /home/robosub/nuros_ws/build/launch_all/build install --record /home/robosub/nuros_ws/build/launch_all/install.log --install-scripts $base/lib/launch_all --single-version-externally-managed
[6.199s] running egg_info
[6.200s] writing ../../build/launch_all/launch_all.egg-info/PKG-INFO
[6.202s] writing dependency_links to ../../build/launch_all/launch_all.egg-info/dependency_links.txt
[6.203s] writing entry points to ../../build/launch_all/launch_all.egg-info/entry_points.txt
[6.206s] writing requirements to ../../build/launch_all/launch_all.egg-info/requires.txt
[6.207s] writing top-level names to ../../build/launch_all/launch_all.egg-info/top_level.txt
[6.342s] reading manifest file '../../build/launch_all/launch_all.egg-info/SOURCES.txt'
[6.345s] writing manifest file '../../build/launch_all/launch_all.egg-info/SOURCES.txt'
[6.346s] running build
[6.346s] running build_py
[6.347s] running install
[6.350s] running install_lib
[6.356s] running install_data
[6.358s] running install_egg_info
[6.367s] removing '/home/robosub/nuros_ws/install/launch_all/lib/python3.8/site-packages/launch_all-0.0.0-py3.8.egg-info' (and everything under it)
[6.367s] Copying ../../build/launch_all/launch_all.egg-info to /home/robosub/nuros_ws/install/launch_all/lib/python3.8/site-packages/launch_all-0.0.0-py3.8.egg-info
[6.370s] running install_scripts
[6.431s] writing list of installed files to '/home/robosub/nuros_ws/build/launch_all/install.log'
[7.624s] Invoked command in '/home/robosub/nuros_ws/src/launch_all' returned '0': PYTHONPATH=/home/robosub/nuros_ws/build/launch_all/prefix_override:/home/robosub/nuros_ws/install/launch_all/lib/python3.8/site-packages: /usr/bin/python3 setup.py egg_info --egg-base ../../build/launch_all build --build-base /home/robosub/nuros_ws/build/launch_all/build install --record /home/robosub/nuros_ws/build/launch_all/install.log --install-scripts $base/lib/launch_all --single-version-externally-managed
