[6.788s] Invoking command in '/home/robosub/nuros_ws/src/pixhawk_interface': PYTHONPATH=/home/robosub/nuros_ws/build/pixhawk_interface/prefix_override:/home/robosub/nuros_ws/install/pixhawk_interface/lib/python3.8/site-packages: /usr/bin/python3 setup.py egg_info --egg-base ../../build/pixhawk_interface build --build-base /home/robosub/nuros_ws/build/pixhawk_interface/build install --record /home/robosub/nuros_ws/build/pixhawk_interface/install.log --install-scripts $base/lib/pixhawk_interface --single-version-externally-managed
[7.989s] running egg_info
[7.990s] writing ../../build/pixhawk_interface/pixhawk_interface.egg-info/PKG-INFO
[8.127s] writing dependency_links to ../../build/pixhawk_interface/pixhawk_interface.egg-info/dependency_links.txt
[8.136s] writing entry points to ../../build/pixhawk_interface/pixhawk_interface.egg-info/entry_points.txt
[8.141s] writing requirements to ../../build/pixhawk_interface/pixhawk_interface.egg-info/requires.txt
[8.142s] writing top-level names to ../../build/pixhawk_interface/pixhawk_interface.egg-info/top_level.txt
[8.509s] reading manifest file '../../build/pixhawk_interface/pixhawk_interface.egg-info/SOURCES.txt'
[8.513s] writing manifest file '../../build/pixhawk_interface/pixhawk_interface.egg-info/SOURCES.txt'
[8.513s] running build
[8.514s] running build_py
[8.516s] running install
[8.602s] running install_lib
[8.607s] running install_data
[8.621s] running install_egg_info
[8.626s] removing '/home/robosub/nuros_ws/install/pixhawk_interface/lib/python3.8/site-packages/pixhawk_interface-0.0.0-py3.8.egg-info' (and everything under it)
[8.628s] Copying ../../build/pixhawk_interface/pixhawk_interface.egg-info to /home/robosub/nuros_ws/install/pixhawk_interface/lib/python3.8/site-packages/pixhawk_interface-0.0.0-py3.8.egg-info
[8.632s] running install_scripts
[8.722s] Installing interface_node script to /home/robosub/nuros_ws/install/pixhawk_interface/lib/pixhawk_interface
[8.725s] writing list of installed files to '/home/robosub/nuros_ws/build/pixhawk_interface/install.log'
[8.861s] Invoked command in '/home/robosub/nuros_ws/src/pixhawk_interface' returned '0': PYTHONPATH=/home/robosub/nuros_ws/build/pixhawk_interface/prefix_override:/home/robosub/nuros_ws/install/pixhawk_interface/lib/python3.8/site-packages: /usr/bin/python3 setup.py egg_info --egg-base ../../build/pixhawk_interface build --build-base /home/robosub/nuros_ws/build/pixhawk_interface/build install --record /home/robosub/nuros_ws/build/pixhawk_interface/install.log --install-scripts $base/lib/pixhawk_interface --single-version-externally-managed
