[2.764s] Invoking command in '/home/robosub/nuros_ws/src/main_head': PYTHONPATH=/home/robosub/nuros_ws/build/main_head/prefix_override:/home/robosub/nuros_ws/install/main_head/lib/python3.8/site-packages: /usr/bin/python3 setup.py egg_info --egg-base ../../build/main_head build --build-base /home/robosub/nuros_ws/build/main_head/build install --record /home/robosub/nuros_ws/build/main_head/install.log --install-scripts $base/lib/main_head --single-version-externally-managed
[3.589s] running egg_info
[3.591s] writing ../../build/main_head/main_head.egg-info/PKG-INFO
[3.595s] writing dependency_links to ../../build/main_head/main_head.egg-info/dependency_links.txt
[3.615s] writing entry points to ../../build/main_head/main_head.egg-info/entry_points.txt
[3.629s] writing requirements to ../../build/main_head/main_head.egg-info/requires.txt
[3.629s] writing top-level names to ../../build/main_head/main_head.egg-info/top_level.txt
[3.799s] reading manifest file '../../build/main_head/main_head.egg-info/SOURCES.txt'
[3.800s] writing manifest file '../../build/main_head/main_head.egg-info/SOURCES.txt'
[3.800s] running build
[3.801s] running build_py
[3.801s] running install
[3.801s] running install_lib
[3.801s] running install_data
[3.802s] running install_egg_info
[3.802s] removing '/home/robosub/nuros_ws/install/main_head/lib/python3.8/site-packages/main_head-0.0.0-py3.8.egg-info' (and everything under it)
[3.803s] Copying ../../build/main_head/main_head.egg-info to /home/robosub/nuros_ws/install/main_head/lib/python3.8/site-packages/main_head-0.0.0-py3.8.egg-info
[3.804s] running install_scripts
[3.876s] Installing master_node script to /home/robosub/nuros_ws/install/main_head/lib/main_head
[3.879s] writing list of installed files to '/home/robosub/nuros_ws/build/main_head/install.log'
[3.989s] Invoked command in '/home/robosub/nuros_ws/src/main_head' returned '0': PYTHONPATH=/home/robosub/nuros_ws/build/main_head/prefix_override:/home/robosub/nuros_ws/install/main_head/lib/python3.8/site-packages: /usr/bin/python3 setup.py egg_info --egg-base ../../build/main_head build --build-base /home/robosub/nuros_ws/build/main_head/build install --record /home/robosub/nuros_ws/build/main_head/install.log --install-scripts $base/lib/main_head --single-version-externally-managed
