[7.951s] Invoking command in '/home/robosub/nuros_ws/src/key_joy': PYTHONPATH=/home/robosub/nuros_ws/build/key_joy/prefix_override:/home/robosub/nuros_ws/install/key_joy/lib/python3.8/site-packages: /usr/bin/python3 setup.py egg_info --egg-base ../../build/key_joy build --build-base /home/robosub/nuros_ws/build/key_joy/build install --record /home/robosub/nuros_ws/build/key_joy/install.log --install-scripts $base/lib/key_joy --single-version-externally-managed
[11.677s] running egg_info
[11.687s] writing ../../build/key_joy/key_joy.egg-info/PKG-INFO
[11.690s] writing dependency_links to ../../build/key_joy/key_joy.egg-info/dependency_links.txt
[11.702s] writing entry points to ../../build/key_joy/key_joy.egg-info/entry_points.txt
[11.703s] writing requirements to ../../build/key_joy/key_joy.egg-info/requires.txt
[11.703s] writing top-level names to ../../build/key_joy/key_joy.egg-info/top_level.txt
[12.394s] reading manifest file '../../build/key_joy/key_joy.egg-info/SOURCES.txt'
[12.423s] writing manifest file '../../build/key_joy/key_joy.egg-info/SOURCES.txt'
[12.436s] running build
[12.437s] running build_py
[12.465s] running install
[12.487s] running install_lib
[12.521s] running install_data
[12.543s] running install_egg_info
[12.567s] removing '/home/robosub/nuros_ws/install/key_joy/lib/python3.8/site-packages/key_joy-0.0.0-py3.8.egg-info' (and everything under it)
[12.568s] Copying ../../build/key_joy/key_joy.egg-info to /home/robosub/nuros_ws/install/key_joy/lib/python3.8/site-packages/key_joy-0.0.0-py3.8.egg-info
[12.590s] running install_scripts
[12.961s] Installing joy_twist_node script to /home/robosub/nuros_ws/install/key_joy/lib/key_joy
[12.987s] Installing key_joy_node script to /home/robosub/nuros_ws/install/key_joy/lib/key_joy
[13.010s] writing list of installed files to '/home/robosub/nuros_ws/build/key_joy/install.log'
[13.965s] Invoked command in '/home/robosub/nuros_ws/src/key_joy' returned '0': PYTHONPATH=/home/robosub/nuros_ws/build/key_joy/prefix_override:/home/robosub/nuros_ws/install/key_joy/lib/python3.8/site-packages: /usr/bin/python3 setup.py egg_info --egg-base ../../build/key_joy build --build-base /home/robosub/nuros_ws/build/key_joy/build install --record /home/robosub/nuros_ws/build/key_joy/install.log --install-scripts $base/lib/key_joy --single-version-externally-managed
