[5.498s] Invoking command in '/home/robosub/nuros_ws/src/launch_all': PYTHONPATH=/home/robosub/nuros_ws/build/launch_all/prefix_override:/home/robosub/nuros_ws/install/launch_all/lib/python3.8/site-packages: /usr/bin/python3 setup.py egg_info --egg-base ../../build/launch_all build --build-base /home/robosub/nuros_ws/build/launch_all/build install --record /home/robosub/nuros_ws/build/launch_all/install.log --install-scripts $base/lib/launch_all --single-version-externally-managed
[6.350s] running egg_info
[6.352s] writing ../../build/launch_all/launch_all.egg-info/PKG-INFO
[6.353s] writing dependency_links to ../../build/launch_all/launch_all.egg-info/dependency_links.txt
[6.354s] writing entry points to ../../build/launch_all/launch_all.egg-info/entry_points.txt
[6.359s] writing requirements to ../../build/launch_all/launch_all.egg-info/requires.txt
[6.361s] writing top-level names to ../../build/launch_all/launch_all.egg-info/top_level.txt
[6.532s] reading manifest file '../../build/launch_all/launch_all.egg-info/SOURCES.txt'
[6.535s] writing manifest file '../../build/launch_all/launch_all.egg-info/SOURCES.txt'
[6.536s] running build
[6.537s] running build_py
[6.639s] running install
[6.640s] running install_lib
[6.640s] running install_data
[6.641s] running install_egg_info
[6.641s] removing '/home/robosub/nuros_ws/install/launch_all/lib/python3.8/site-packages/launch_all-0.0.0-py3.8.egg-info' (and everything under it)
[6.642s] Copying ../../build/launch_all/launch_all.egg-info to /home/robosub/nuros_ws/install/launch_all/lib/python3.8/site-packages/launch_all-0.0.0-py3.8.egg-info
[6.642s] running install_scripts
[6.642s] writing list of installed files to '/home/robosub/nuros_ws/build/launch_all/install.log'
[7.712s] Invoked command in '/home/robosub/nuros_ws/src/launch_all' returned '0': PYTHONPATH=/home/robosub/nuros_ws/build/launch_all/prefix_override:/home/robosub/nuros_ws/install/launch_all/lib/python3.8/site-packages: /usr/bin/python3 setup.py egg_info --egg-base ../../build/launch_all build --build-base /home/robosub/nuros_ws/build/launch_all/build install --record /home/robosub/nuros_ws/build/launch_all/install.log --install-scripts $base/lib/launch_all --single-version-externally-managed
