[0.984s] Invoking command in '/home/robosub/nuros_ws/build/interfaces': CMAKE_PREFIX_PATH=/opt/ros/foxy /usr/bin/cmake /home/robosub/nuros_ws/src/interfaces -DCMAKE_INSTALL_PREFIX=/home/robosub/nuros_ws/install/interfaces
[2.818s] -- The C compiler identification is GNU 9.4.0
[2.820s] -- The CXX compiler identification is GNU 9.4.0
[2.822s] -- Check for working C compiler: /usr/bin/cc
[2.822s] -- Check for working C compiler: /usr/bin/cc -- works
[2.822s] -- Detecting C compiler ABI info
[2.823s] -- Detecting C compiler ABI info - done
[2.823s] -- Detecting C compile features
[2.823s] -- Detecting C compile features - done
[2.824s] -- Check for working CXX compiler: /usr/bin/c++
[2.824s] -- Check for working CXX compiler: /usr/bin/c++ -- works
[2.824s] -- Detecting CXX compiler ABI info
[3.319s] -- Detecting CXX compiler ABI info - done
[3.370s] -- Detecting CXX compile features
[3.372s] -- Detecting CXX compile features - done
[3.381s] -- Found ament_cmake: 0.9.11 (/opt/ros/foxy/share/ament_cmake/cmake)
[3.487s] -- Found PythonInterp: /usr/bin/python3 (found suitable version "3.8.10", minimum required is "3") 
[3.487s] -- Using PYTHON_EXECUTABLE: /usr/bin/python3
[4.389s] -- Found rosidl_default_generators: 1.0.1 (/opt/ros/foxy/share/rosidl_default_generators/cmake)
[4.403s] -- Using all available rosidl_typesupport_c: rosidl_typesupport_fastrtps_c;rosidl_typesupport_introspection_c
[4.463s] -- Found rosidl_adapter: 1.3.0 (/opt/ros/foxy/share/rosidl_adapter/cmake)
[4.936s] -- Found OpenSSL: /usr/lib/aarch64-linux-gnu/libcrypto.so (found version "1.1.1f")  
[5.053s] -- Found FastRTPS: /opt/ros/foxy/include  
[5.377s] -- Using all available rosidl_typesupport_cpp: rosidl_typesupport_fastrtps_cpp;rosidl_typesupport_introspection_cpp
[5.496s] -- Found std_msgs: 2.0.5 (/opt/ros/foxy/share/std_msgs/cmake)
[5.796s] -- Found PythonInterp: /usr/bin/python3 (found version "3.8.10") 
[7.050s] -- Found ament_cmake_ros: 0.9.2 (/opt/ros/foxy/share/ament_cmake_ros/cmake)
[8.196s] -- Using all available rosidl_typesupport_c: rosidl_typesupport_fastrtps_c;rosidl_typesupport_introspection_c
[8.203s] -- Using all available rosidl_typesupport_cpp: rosidl_typesupport_fastrtps_cpp;rosidl_typesupport_introspection_cpp
[8.209s] -- Found PythonInterp: /usr/bin/python3 (found suitable version "3.8.10", minimum required is "3.5") 
[8.212s] -- Found python_cmake_module: 0.8.1 (/opt/ros/foxy/share/python_cmake_module/cmake)
[8.212s] -- Found PythonLibs: /usr/lib/aarch64-linux-gnu/libpython3.8.so (found suitable version "3.8.10", minimum required is "3.5") 
[8.213s] -- Using PYTHON_EXECUTABLE: /usr/bin/python3
[8.213s] -- Using PYTHON_INCLUDE_DIRS: /usr/include/python3.8
[8.213s] -- Using PYTHON_LIBRARIES: /usr/lib/aarch64-linux-gnu/libpython3.8.so
[8.214s] -- Found PythonExtra: .so  
[8.214s] -- Found ament_lint_auto: 0.9.7 (/opt/ros/foxy/share/ament_lint_auto/cmake)
[8.214s] -- Added test 'copyright' to check source files copyright and LICENSE
[9.166s] -- Added test 'flake8' to check Python code syntax and style conventions
[9.167s] -- Added test 'lint_cmake' to check CMake code style
[9.167s] -- Added test 'pep257' to check Python code against some of the style conventions in PEP 257
[9.168s] -- Added test 'xmllint' to check XML markup files
[9.168s] -- Configuring done
[9.170s] -- Generating done
[9.170s] -- Build files have been written to: /home/robosub/nuros_ws/build/interfaces
[9.174s] Invoked command in '/home/robosub/nuros_ws/build/interfaces' returned '0': CMAKE_PREFIX_PATH=/opt/ros/foxy /usr/bin/cmake /home/robosub/nuros_ws/src/interfaces -DCMAKE_INSTALL_PREFIX=/home/robosub/nuros_ws/install/interfaces
[9.188s] Invoking command in '/home/robosub/nuros_ws/build/interfaces': CMAKE_PREFIX_PATH=/opt/ros/foxy /usr/bin/cmake --build /home/robosub/nuros_ws/build/interfaces -- -j4 -l4
[9.410s] Scanning dependencies of target interfaces__cpp
[9.461s] [  1%] Generating C code for ROS interfaces
[9.509s] [  3%] Generating C++ code for ROS interfaces
[11.863s] Scanning dependencies of target interfaces__rosidl_generator_c
[12.063s] [  5%] Building C object CMakeFiles/interfaces__rosidl_generator_c.dir/rosidl_generator_c/interfaces/srv/detail/start_routine__functions.c.o
[12.068s] [  7%] Building C object CMakeFiles/interfaces__rosidl_generator_c.dir/rosidl_generator_c/interfaces/srv/detail/arm_pixhawk__functions.c.o
[12.096s] [  9%] Building C object CMakeFiles/interfaces__rosidl_generator_c.dir/rosidl_generator_c/interfaces/srv/detail/disarm_pixhawk__functions.c.o
[12.103s] [  9%] Built target interfaces__cpp
[12.278s] [ 10%] Building C object CMakeFiles/interfaces__rosidl_generator_c.dir/rosidl_generator_c/interfaces/msg/detail/attitude__functions.c.o
[12.555s] [ 12%] Generating C++ introspection for ROS interfaces
[12.687s] [ 14%] Generating C++ type support for eProsima Fast-RTPS
[12.726s] [ 16%] Generating C++ type support dispatch for ROS interfaces
[12.744s] [ 18%] Linking C shared library libinterfaces__rosidl_generator_c.so
[13.333s] [ 18%] Built target interfaces__rosidl_generator_c
[13.449s] [ 20%] Generating C type support dispatch for ROS interfaces
[14.054s] Scanning dependencies of target interfaces__rosidl_typesupport_cpp
[14.240s] [ 21%] Building CXX object CMakeFiles/interfaces__rosidl_typesupport_cpp.dir/rosidl_typesupport_cpp/interfaces/srv/arm_pixhawk__type_support.cpp.o
[14.412s] Scanning dependencies of target interfaces__rosidl_typesupport_introspection_cpp
[14.533s] [ 23%] Building CXX object CMakeFiles/interfaces__rosidl_typesupport_introspection_cpp.dir/rosidl_typesupport_introspection_cpp/interfaces/srv/detail/arm_pixhawk__type_support.cpp.o
[14.706s] Scanning dependencies of target interfaces__rosidl_typesupport_c
[14.729s] Scanning dependencies of target interfaces__rosidl_typesupport_fastrtps_cpp
[14.798s] [ 25%] Building CXX object CMakeFiles/interfaces__rosidl_typesupport_fastrtps_cpp.dir/rosidl_typesupport_fastrtps_cpp/interfaces/srv/detail/dds_fastrtps/arm_pixhawk__type_support.cpp.o
[14.878s] [ 27%] Building CXX object CMakeFiles/interfaces__rosidl_typesupport_c.dir/rosidl_typesupport_c/interfaces/srv/arm_pixhawk__type_support.cpp.o
[15.183s] [ 29%] Building CXX object CMakeFiles/interfaces__rosidl_typesupport_c.dir/rosidl_typesupport_c/interfaces/srv/disarm_pixhawk__type_support.cpp.o
[15.492s] [ 30%] Building CXX object CMakeFiles/interfaces__rosidl_typesupport_c.dir/rosidl_typesupport_c/interfaces/srv/start_routine__type_support.cpp.o
[15.691s] [ 34%] Building CXX object CMakeFiles/interfaces__rosidl_typesupport_cpp.dir/rosidl_typesupport_cpp/interfaces/srv/disarm_pixhawk__type_support.cpp.o
[15.692s] [ 34%] Building CXX object CMakeFiles/interfaces__rosidl_typesupport_c.dir/rosidl_typesupport_c/interfaces/msg/attitude__type_support.cpp.o
[15.958s] [ 36%] Linking CXX shared library libinterfaces__rosidl_typesupport_c.so
[16.004s] [ 38%] Building CXX object CMakeFiles/interfaces__rosidl_typesupport_introspection_cpp.dir/rosidl_typesupport_introspection_cpp/interfaces/srv/detail/disarm_pixhawk__type_support.cpp.o
[16.151s] [ 38%] Built target interfaces__rosidl_typesupport_c
[16.340s] [ 40%] Generating C introspection for ROS interfaces
[16.888s] [ 41%] Building CXX object CMakeFiles/interfaces__rosidl_typesupport_fastrtps_cpp.dir/rosidl_typesupport_fastrtps_cpp/interfaces/srv/detail/dds_fastrtps/disarm_pixhawk__type_support.cpp.o
[17.182s] [ 43%] Building CXX object CMakeFiles/interfaces__rosidl_typesupport_cpp.dir/rosidl_typesupport_cpp/interfaces/srv/start_routine__type_support.cpp.o
[17.616s] [ 45%] Building CXX object CMakeFiles/interfaces__rosidl_typesupport_introspection_cpp.dir/rosidl_typesupport_introspection_cpp/interfaces/srv/detail/start_routine__type_support.cpp.o
[17.969s] Scanning dependencies of target interfaces__rosidl_typesupport_introspection_c
[18.157s] [ 47%] Building C object CMakeFiles/interfaces__rosidl_typesupport_introspection_c.dir/rosidl_typesupport_introspection_c/interfaces/srv/detail/arm_pixhawk__type_support.c.o
[18.460s] [ 49%] Building C object CMakeFiles/interfaces__rosidl_typesupport_introspection_c.dir/rosidl_typesupport_introspection_c/interfaces/srv/detail/disarm_pixhawk__type_support.c.o
[18.653s] [ 50%] Building C object CMakeFiles/interfaces__rosidl_typesupport_introspection_c.dir/rosidl_typesupport_introspection_c/interfaces/srv/detail/start_routine__type_support.c.o
[18.654s] [ 52%] Building CXX object CMakeFiles/interfaces__rosidl_typesupport_cpp.dir/rosidl_typesupport_cpp/interfaces/msg/attitude__type_support.cpp.o
[18.939s] [ 54%] Building C object CMakeFiles/interfaces__rosidl_typesupport_introspection_c.dir/rosidl_typesupport_introspection_c/interfaces/msg/detail/attitude__type_support.c.o
[18.943s] [ 56%] Building CXX object CMakeFiles/interfaces__rosidl_typesupport_fastrtps_cpp.dir/rosidl_typesupport_fastrtps_cpp/interfaces/srv/detail/dds_fastrtps/start_routine__type_support.cpp.o
[19.186s] [ 60%] Building CXX object CMakeFiles/interfaces__rosidl_typesupport_introspection_cpp.dir/rosidl_typesupport_introspection_cpp/interfaces/msg/detail/attitude__type_support.cpp.o
[19.186s] [ 60%] Linking C shared library libinterfaces__rosidl_typesupport_introspection_c.so
[19.344s] [ 60%] Built target interfaces__rosidl_typesupport_introspection_c
[19.536s] [ 61%] Building CXX object CMakeFiles/interfaces__rosidl_typesupport_fastrtps_cpp.dir/rosidl_typesupport_fastrtps_cpp/interfaces/msg/detail/dds_fastrtps/attitude__type_support.cpp.o
[20.152s] [ 63%] Linking CXX shared library libinterfaces__rosidl_typesupport_cpp.so
[20.355s] [ 63%] Built target interfaces__rosidl_typesupport_cpp
[20.534s] [ 65%] Linking CXX shared library libinterfaces__rosidl_typesupport_introspection_cpp.so
[20.730s] [ 65%] Built target interfaces__rosidl_typesupport_introspection_cpp
[21.525s] [ 67%] Linking CXX shared library libinterfaces__rosidl_typesupport_fastrtps_cpp.so
[21.882s] [ 67%] Built target interfaces__rosidl_typesupport_fastrtps_cpp
[21.931s] [ 69%] Generating C type support for eProsima Fast-RTPS
[23.385s] Scanning dependencies of target interfaces__rosidl_typesupport_fastrtps_c
[23.444s] [ 70%] Building CXX object CMakeFiles/interfaces__rosidl_typesupport_fastrtps_c.dir/rosidl_typesupport_fastrtps_c/interfaces/srv/detail/disarm_pixhawk__type_support_c.cpp.o
[23.444s] [ 72%] Building CXX object CMakeFiles/interfaces__rosidl_typesupport_fastrtps_c.dir/rosidl_typesupport_fastrtps_c/interfaces/srv/detail/arm_pixhawk__type_support_c.cpp.o
[23.463s] [ 74%] Building CXX object CMakeFiles/interfaces__rosidl_typesupport_fastrtps_c.dir/rosidl_typesupport_fastrtps_c/interfaces/srv/detail/start_routine__type_support_c.cpp.o
[23.552s] [ 76%] Building CXX object CMakeFiles/interfaces__rosidl_typesupport_fastrtps_c.dir/rosidl_typesupport_fastrtps_c/interfaces/msg/detail/attitude__type_support_c.cpp.o
[25.206s] [ 78%] Linking CXX shared library libinterfaces__rosidl_typesupport_fastrtps_c.so
[25.553s] [ 78%] Built target interfaces__rosidl_typesupport_fastrtps_c
[25.594s] Scanning dependencies of target interfaces
[25.635s] [ 78%] Built target interfaces
[25.677s] Scanning dependencies of target interfaces__py
[25.720s] [ 80%] Generating Python code for ROS interfaces
[28.431s] [ 80%] Built target interfaces__py
[28.550s] Scanning dependencies of target interfaces__python
[28.606s] [ 81%] Building C object CMakeFiles/interfaces__python.dir/rosidl_generator_py/interfaces/srv/_start_routine_s.c.o
[28.606s] [ 83%] Building C object CMakeFiles/interfaces__python.dir/rosidl_generator_py/interfaces/srv/_arm_pixhawk_s.c.o
[28.607s] [ 85%] Building C object CMakeFiles/interfaces__python.dir/rosidl_generator_py/interfaces/srv/_disarm_pixhawk_s.c.o
[28.623s] [ 87%] Building C object CMakeFiles/interfaces__python.dir/rosidl_generator_py/interfaces/msg/_attitude_s.c.o
[29.155s] [ 89%] Linking C shared library rosidl_generator_py/interfaces/libinterfaces__python.so
[29.344s] [ 89%] Built target interfaces__python
[29.429s] Scanning dependencies of target interfaces__rosidl_typesupport_c__pyext
[29.430s] Scanning dependencies of target interfaces__rosidl_typesupport_introspection_c__pyext
[29.444s] Scanning dependencies of target interfaces__rosidl_typesupport_fastrtps_c__pyext
[29.483s] [ 90%] Building C object CMakeFiles/interfaces__rosidl_typesupport_c__pyext.dir/rosidl_generator_py/interfaces/_interfaces_s.ep.rosidl_typesupport_c.c.o
[29.491s] [ 92%] Building C object CMakeFiles/interfaces__rosidl_typesupport_introspection_c__pyext.dir/rosidl_generator_py/interfaces/_interfaces_s.ep.rosidl_typesupport_introspection_c.c.o
[29.520s] [ 94%] Building C object CMakeFiles/interfaces__rosidl_typesupport_fastrtps_c__pyext.dir/rosidl_generator_py/interfaces/_interfaces_s.ep.rosidl_typesupport_fastrtps_c.c.o
[30.064s] [ 96%] Linking C shared library rosidl_generator_py/interfaces/interfaces_s__rosidl_typesupport_introspection_c.cpython-38-aarch64-linux-gnu.so
[30.065s] [ 98%] Linking C shared library rosidl_generator_py/interfaces/interfaces_s__rosidl_typesupport_c.cpython-38-aarch64-linux-gnu.so
[30.066s] [100%] Linking CXX shared library rosidl_generator_py/interfaces/interfaces_s__rosidl_typesupport_fastrtps_c.cpython-38-aarch64-linux-gnu.so
[30.242s] [100%] Built target interfaces__rosidl_typesupport_c__pyext
[30.243s] [100%] Built target interfaces__rosidl_typesupport_introspection_c__pyext
[30.359s] [100%] Built target interfaces__rosidl_typesupport_fastrtps_c__pyext
[30.405s] Invoked command in '/home/robosub/nuros_ws/build/interfaces' returned '0': CMAKE_PREFIX_PATH=/opt/ros/foxy /usr/bin/cmake --build /home/robosub/nuros_ws/build/interfaces -- -j4 -l4
[31.027s] Invoking command in '/home/robosub/nuros_ws/build/interfaces': CMAKE_PREFIX_PATH=/opt/ros/foxy /usr/bin/cmake --install /home/robosub/nuros_ws/build/interfaces
[31.069s] -- Install configuration: ""
[31.070s] -- Installing: /home/robosub/nuros_ws/install/interfaces/share/ament_index/resource_index/rosidl_interfaces/interfaces
[31.070s] -- Installing: /home/robosub/nuros_ws/install/interfaces/include/interfaces
[31.071s] -- Installing: /home/robosub/nuros_ws/install/interfaces/include/interfaces/msg
[31.072s] -- Installing: /home/robosub/nuros_ws/install/interfaces/include/interfaces/msg/detail
[31.072s] -- Installing: /home/robosub/nuros_ws/install/interfaces/include/interfaces/msg/detail/attitude__type_support.h
[31.073s] -- Installing: /home/robosub/nuros_ws/install/interfaces/include/interfaces/msg/detail/attitude__functions.c
[31.074s] -- Installing: /home/robosub/nuros_ws/install/interfaces/include/interfaces/msg/detail/attitude__functions.h
[31.074s] -- Installing: /home/robosub/nuros_ws/install/interfaces/include/interfaces/msg/detail/attitude__struct.h
[31.075s] -- Installing: /home/robosub/nuros_ws/install/interfaces/include/interfaces/msg/attitude.h
[31.075s] -- Installing: /home/robosub/nuros_ws/install/interfaces/include/interfaces/msg/rosidl_generator_c__visibility_control.h
[31.076s] -- Installing: /home/robosub/nuros_ws/install/interfaces/include/interfaces/srv
[31.077s] -- Installing: /home/robosub/nuros_ws/install/interfaces/include/interfaces/srv/disarm_pixhawk.h
[31.077s] -- Installing: /home/robosub/nuros_ws/install/interfaces/include/interfaces/srv/detail
[31.077s] -- Installing: /home/robosub/nuros_ws/install/interfaces/include/interfaces/srv/detail/arm_pixhawk__struct.h
[31.078s] -- Installing: /home/robosub/nuros_ws/install/interfaces/include/interfaces/srv/detail/arm_pixhawk__functions.h
[31.078s] -- Installing: /home/robosub/nuros_ws/install/interfaces/include/interfaces/srv/detail/disarm_pixhawk__functions.h
[31.079s] -- Installing: /home/robosub/nuros_ws/install/interfaces/include/interfaces/srv/detail/disarm_pixhawk__functions.c
[31.079s] -- Installing: /home/robosub/nuros_ws/install/interfaces/include/interfaces/srv/detail/start_routine__functions.h
[31.080s] -- Installing: /home/robosub/nuros_ws/install/interfaces/include/interfaces/srv/detail/disarm_pixhawk__type_support.h
[31.081s] -- Installing: /home/robosub/nuros_ws/install/interfaces/include/interfaces/srv/detail/start_routine__struct.h
[31.081s] -- Installing: /home/robosub/nuros_ws/install/interfaces/include/interfaces/srv/detail/disarm_pixhawk__struct.h
[31.082s] -- Installing: /home/robosub/nuros_ws/install/interfaces/include/interfaces/srv/detail/start_routine__type_support.h
[31.082s] -- Installing: /home/robosub/nuros_ws/install/interfaces/include/interfaces/srv/detail/arm_pixhawk__functions.c
[31.083s] -- Installing: /home/robosub/nuros_ws/install/interfaces/include/interfaces/srv/detail/arm_pixhawk__type_support.h
[31.083s] -- Installing: /home/robosub/nuros_ws/install/interfaces/include/interfaces/srv/detail/start_routine__functions.c
[31.084s] -- Installing: /home/robosub/nuros_ws/install/interfaces/include/interfaces/srv/arm_pixhawk.h
[31.085s] -- Installing: /home/robosub/nuros_ws/install/interfaces/include/interfaces/srv/start_routine.h
[31.086s] -- Installing: /home/robosub/nuros_ws/install/interfaces/share/interfaces/environment/library_path.sh
[31.087s] -- Installing: /home/robosub/nuros_ws/install/interfaces/share/interfaces/environment/library_path.dsv
[31.088s] -- Installing: /home/robosub/nuros_ws/install/interfaces/lib/libinterfaces__rosidl_generator_c.so
[31.091s] -- Set runtime path of "/home/robosub/nuros_ws/install/interfaces/lib/libinterfaces__rosidl_generator_c.so" to ""
[31.091s] -- Up-to-date: /home/robosub/nuros_ws/install/interfaces/include/interfaces
[31.092s] -- Up-to-date: /home/robosub/nuros_ws/install/interfaces/include/interfaces/msg
[31.093s] -- Up-to-date: /home/robosub/nuros_ws/install/interfaces/include/interfaces/msg/detail
[31.093s] -- Installing: /home/robosub/nuros_ws/install/interfaces/include/interfaces/msg/detail/attitude__rosidl_typesupport_fastrtps_c.h
[31.094s] -- Installing: /home/robosub/nuros_ws/install/interfaces/include/interfaces/msg/rosidl_typesupport_fastrtps_c__visibility_control.h
[31.094s] -- Up-to-date: /home/robosub/nuros_ws/install/interfaces/include/interfaces/srv
[31.094s] -- Up-to-date: /home/robosub/nuros_ws/install/interfaces/include/interfaces/srv/detail
[31.095s] -- Installing: /home/robosub/nuros_ws/install/interfaces/include/interfaces/srv/detail/disarm_pixhawk__rosidl_typesupport_fastrtps_c.h
[31.095s] -- Installing: /home/robosub/nuros_ws/install/interfaces/include/interfaces/srv/detail/arm_pixhawk__rosidl_typesupport_fastrtps_c.h
[31.095s] -- Installing: /home/robosub/nuros_ws/install/interfaces/include/interfaces/srv/detail/start_routine__rosidl_typesupport_fastrtps_c.h
[31.096s] -- Installing: /home/robosub/nuros_ws/install/interfaces/lib/libinterfaces__rosidl_typesupport_fastrtps_c.so
[31.098s] -- Set runtime path of "/home/robosub/nuros_ws/install/interfaces/lib/libinterfaces__rosidl_typesupport_fastrtps_c.so" to ""
[31.099s] -- Up-to-date: /home/robosub/nuros_ws/install/interfaces/include/interfaces
[31.099s] -- Up-to-date: /home/robosub/nuros_ws/install/interfaces/include/interfaces/msg
[31.100s] -- Up-to-date: /home/robosub/nuros_ws/install/interfaces/include/interfaces/msg/detail
[31.101s] -- Installing: /home/robosub/nuros_ws/install/interfaces/include/interfaces/msg/detail/attitude__rosidl_typesupport_fastrtps_cpp.hpp
[31.102s] -- Installing: /home/robosub/nuros_ws/install/interfaces/include/interfaces/msg/detail/dds_fastrtps
[31.102s] -- Installing: /home/robosub/nuros_ws/install/interfaces/include/interfaces/msg/rosidl_typesupport_fastrtps_cpp__visibility_control.h
[31.102s] -- Up-to-date: /home/robosub/nuros_ws/install/interfaces/include/interfaces/srv
[31.103s] -- Up-to-date: /home/robosub/nuros_ws/install/interfaces/include/interfaces/srv/detail
[31.103s] -- Installing: /home/robosub/nuros_ws/install/interfaces/include/interfaces/srv/detail/disarm_pixhawk__rosidl_typesupport_fastrtps_cpp.hpp
[31.103s] -- Installing: /home/robosub/nuros_ws/install/interfaces/include/interfaces/srv/detail/dds_fastrtps
[31.104s] -- Installing: /home/robosub/nuros_ws/install/interfaces/include/interfaces/srv/detail/start_routine__rosidl_typesupport_fastrtps_cpp.hpp
[31.104s] -- Installing: /home/robosub/nuros_ws/install/interfaces/include/interfaces/srv/detail/arm_pixhawk__rosidl_typesupport_fastrtps_cpp.hpp
[31.104s] -- Installing: /home/robosub/nuros_ws/install/interfaces/lib/libinterfaces__rosidl_typesupport_fastrtps_cpp.so
[31.107s] -- Set runtime path of "/home/robosub/nuros_ws/install/interfaces/lib/libinterfaces__rosidl_typesupport_fastrtps_cpp.so" to ""
[31.107s] -- Up-to-date: /home/robosub/nuros_ws/install/interfaces/include/interfaces
[31.108s] -- Up-to-date: /home/robosub/nuros_ws/install/interfaces/include/interfaces/msg
[31.109s] -- Installing: /home/robosub/nuros_ws/install/interfaces/include/interfaces/msg/rosidl_typesupport_introspection_c__visibility_control.h
[31.109s] -- Up-to-date: /home/robosub/nuros_ws/install/interfaces/include/interfaces/msg/detail
[31.110s] -- Installing: /home/robosub/nuros_ws/install/interfaces/include/interfaces/msg/detail/attitude__rosidl_typesupport_introspection_c.h
[31.110s] -- Installing: /home/robosub/nuros_ws/install/interfaces/include/interfaces/msg/detail/attitude__type_support.c
[31.111s] -- Up-to-date: /home/robosub/nuros_ws/install/interfaces/include/interfaces/srv
[31.111s] -- Up-to-date: /home/robosub/nuros_ws/install/interfaces/include/interfaces/srv/detail
[31.112s] -- Installing: /home/robosub/nuros_ws/install/interfaces/include/interfaces/srv/detail/start_routine__type_support.c
[31.112s] -- Installing: /home/robosub/nuros_ws/install/interfaces/include/interfaces/srv/detail/arm_pixhawk__rosidl_typesupport_introspection_c.h
[31.113s] -- Installing: /home/robosub/nuros_ws/install/interfaces/include/interfaces/srv/detail/arm_pixhawk__type_support.c
[31.113s] -- Installing: /home/robosub/nuros_ws/install/interfaces/include/interfaces/srv/detail/disarm_pixhawk__rosidl_typesupport_introspection_c.h
[31.113s] -- Installing: /home/robosub/nuros_ws/install/interfaces/include/interfaces/srv/detail/disarm_pixhawk__type_support.c
[31.114s] -- Installing: /home/robosub/nuros_ws/install/interfaces/include/interfaces/srv/detail/start_routine__rosidl_typesupport_introspection_c.h
[31.114s] -- Installing: /home/robosub/nuros_ws/install/interfaces/lib/libinterfaces__rosidl_typesupport_introspection_c.so
[31.116s] -- Set runtime path of "/home/robosub/nuros_ws/install/interfaces/lib/libinterfaces__rosidl_typesupport_introspection_c.so" to ""
[31.116s] -- Installing: /home/robosub/nuros_ws/install/interfaces/lib/libinterfaces__rosidl_typesupport_c.so
[31.119s] -- Set runtime path of "/home/robosub/nuros_ws/install/interfaces/lib/libinterfaces__rosidl_typesupport_c.so" to ""
[31.120s] -- Up-to-date: /home/robosub/nuros_ws/install/interfaces/include/interfaces
[31.121s] -- Up-to-date: /home/robosub/nuros_ws/install/interfaces/include/interfaces/msg
[31.121s] -- Installing: /home/robosub/nuros_ws/install/interfaces/include/interfaces/msg/attitude.hpp
[31.122s] -- Up-to-date: /home/robosub/nuros_ws/install/interfaces/include/interfaces/msg/detail
[31.123s] -- Installing: /home/robosub/nuros_ws/install/interfaces/include/interfaces/msg/detail/attitude__struct.hpp
[31.123s] -- Installing: /home/robosub/nuros_ws/install/interfaces/include/interfaces/msg/detail/attitude__traits.hpp
[31.123s] -- Installing: /home/robosub/nuros_ws/install/interfaces/include/interfaces/msg/detail/attitude__builder.hpp
[31.124s] -- Up-to-date: /home/robosub/nuros_ws/install/interfaces/include/interfaces/srv
[31.125s] -- Installing: /home/robosub/nuros_ws/install/interfaces/include/interfaces/srv/arm_pixhawk.hpp
[31.126s] -- Up-to-date: /home/robosub/nuros_ws/install/interfaces/include/interfaces/srv/detail
[31.126s] -- Installing: /home/robosub/nuros_ws/install/interfaces/include/interfaces/srv/detail/disarm_pixhawk__struct.hpp
[31.127s] -- Installing: /home/robosub/nuros_ws/install/interfaces/include/interfaces/srv/detail/arm_pixhawk__builder.hpp
[31.127s] -- Installing: /home/robosub/nuros_ws/install/interfaces/include/interfaces/srv/detail/start_routine__traits.hpp
[31.128s] -- Installing: /home/robosub/nuros_ws/install/interfaces/include/interfaces/srv/detail/arm_pixhawk__traits.hpp
[31.129s] -- Installing: /home/robosub/nuros_ws/install/interfaces/include/interfaces/srv/detail/arm_pixhawk__struct.hpp
[31.129s] -- Installing: /home/robosub/nuros_ws/install/interfaces/include/interfaces/srv/detail/start_routine__struct.hpp
[31.130s] -- Installing: /home/robosub/nuros_ws/install/interfaces/include/interfaces/srv/detail/disarm_pixhawk__builder.hpp
[31.131s] -- Installing: /home/robosub/nuros_ws/install/interfaces/include/interfaces/srv/detail/disarm_pixhawk__traits.hpp
[31.132s] -- Installing: /home/robosub/nuros_ws/install/interfaces/include/interfaces/srv/detail/start_routine__builder.hpp
[31.132s] -- Installing: /home/robosub/nuros_ws/install/interfaces/include/interfaces/srv/start_routine.hpp
[31.133s] -- Installing: /home/robosub/nuros_ws/install/interfaces/include/interfaces/srv/disarm_pixhawk.hpp
[31.133s] -- Up-to-date: /home/robosub/nuros_ws/install/interfaces/include/interfaces
[31.134s] -- Up-to-date: /home/robosub/nuros_ws/install/interfaces/include/interfaces/msg
[31.134s] -- Up-to-date: /home/robosub/nuros_ws/install/interfaces/include/interfaces/msg/detail
[31.135s] -- Installing: /home/robosub/nuros_ws/install/interfaces/include/interfaces/msg/detail/attitude__rosidl_typesupport_introspection_cpp.hpp
[31.135s] -- Installing: /home/robosub/nuros_ws/install/interfaces/include/interfaces/msg/detail/attitude__type_support.cpp
[31.136s] -- Up-to-date: /home/robosub/nuros_ws/install/interfaces/include/interfaces/srv
[31.136s] -- Up-to-date: /home/robosub/nuros_ws/install/interfaces/include/interfaces/srv/detail
[31.137s] -- Installing: /home/robosub/nuros_ws/install/interfaces/include/interfaces/srv/detail/disarm_pixhawk__type_support.cpp
[31.137s] -- Installing: /home/robosub/nuros_ws/install/interfaces/include/interfaces/srv/detail/start_routine__rosidl_typesupport_introspection_cpp.hpp
[31.137s] -- Installing: /home/robosub/nuros_ws/install/interfaces/include/interfaces/srv/detail/start_routine__type_support.cpp
[31.138s] -- Installing: /home/robosub/nuros_ws/install/interfaces/include/interfaces/srv/detail/arm_pixhawk__type_support.cpp
[31.138s] -- Installing: /home/robosub/nuros_ws/install/interfaces/include/interfaces/srv/detail/disarm_pixhawk__rosidl_typesupport_introspection_cpp.hpp
[31.138s] -- Installing: /home/robosub/nuros_ws/install/interfaces/include/interfaces/srv/detail/arm_pixhawk__rosidl_typesupport_introspection_cpp.hpp
[31.139s] -- Installing: /home/robosub/nuros_ws/install/interfaces/lib/libinterfaces__rosidl_typesupport_introspection_cpp.so
[31.139s] -- Set runtime path of "/home/robosub/nuros_ws/install/interfaces/lib/libinterfaces__rosidl_typesupport_introspection_cpp.so" to ""
[31.139s] -- Installing: /home/robosub/nuros_ws/install/interfaces/lib/libinterfaces__rosidl_typesupport_cpp.so
[31.142s] -- Set runtime path of "/home/robosub/nuros_ws/install/interfaces/lib/libinterfaces__rosidl_typesupport_cpp.so" to ""
[31.142s] -- Installing: /home/robosub/nuros_ws/install/interfaces/share/interfaces/environment/pythonpath.sh
[31.143s] -- Installing: /home/robosub/nuros_ws/install/interfaces/share/interfaces/environment/pythonpath.dsv
[31.144s] -- Installing: /home/robosub/nuros_ws/install/interfaces/lib/python3.8/site-packages/interfaces/__init__.py
[31.253s] Compiling '/home/robosub/nuros_ws/install/interfaces/lib/python3.8/site-packages/interfaces/__init__.py'...
[31.266s] -- Installing: /home/robosub/nuros_ws/install/interfaces/lib/python3.8/site-packages/interfaces/srv
[31.267s] -- Installing: /home/robosub/nuros_ws/install/interfaces/lib/python3.8/site-packages/interfaces/srv/_arm_pixhawk.py
[31.267s] -- Installing: /home/robosub/nuros_ws/install/interfaces/lib/python3.8/site-packages/interfaces/srv/_arm_pixhawk_s.c
[31.268s] -- Installing: /home/robosub/nuros_ws/install/interfaces/lib/python3.8/site-packages/interfaces/srv/_start_routine_s.c
[31.269s] -- Installing: /home/robosub/nuros_ws/install/interfaces/lib/python3.8/site-packages/interfaces/srv/_start_routine.py
[31.269s] -- Installing: /home/robosub/nuros_ws/install/interfaces/lib/python3.8/site-packages/interfaces/srv/_disarm_pixhawk.py
[31.270s] -- Installing: /home/robosub/nuros_ws/install/interfaces/lib/python3.8/site-packages/interfaces/srv/_disarm_pixhawk_s.c
[31.270s] -- Installing: /home/robosub/nuros_ws/install/interfaces/lib/python3.8/site-packages/interfaces/srv/__init__.py
[31.271s] -- Installing: /home/robosub/nuros_ws/install/interfaces/lib/python3.8/site-packages/interfaces/msg
[31.272s] -- Installing: /home/robosub/nuros_ws/install/interfaces/lib/python3.8/site-packages/interfaces/msg/_attitude_s.c
[31.272s] -- Installing: /home/robosub/nuros_ws/install/interfaces/lib/python3.8/site-packages/interfaces/msg/_attitude.py
[31.273s] -- Installing: /home/robosub/nuros_ws/install/interfaces/lib/python3.8/site-packages/interfaces/msg/__init__.py
[31.274s] -- Installing: /home/robosub/nuros_ws/install/interfaces/lib/python3.8/site-packages/interfaces/interfaces_s__rosidl_typesupport_fastrtps_c.cpython-38-aarch64-linux-gnu.so
[31.277s] -- Set runtime path of "/home/robosub/nuros_ws/install/interfaces/lib/python3.8/site-packages/interfaces/interfaces_s__rosidl_typesupport_fastrtps_c.cpython-38-aarch64-linux-gnu.so" to ""
[31.277s] -- Installing: /home/robosub/nuros_ws/install/interfaces/lib/python3.8/site-packages/interfaces/interfaces_s__rosidl_typesupport_introspection_c.cpython-38-aarch64-linux-gnu.so
[31.280s] -- Set runtime path of "/home/robosub/nuros_ws/install/interfaces/lib/python3.8/site-packages/interfaces/interfaces_s__rosidl_typesupport_introspection_c.cpython-38-aarch64-linux-gnu.so" to ""
[31.281s] -- Installing: /home/robosub/nuros_ws/install/interfaces/lib/python3.8/site-packages/interfaces/interfaces_s__rosidl_typesupport_c.cpython-38-aarch64-linux-gnu.so
[31.284s] -- Set runtime path of "/home/robosub/nuros_ws/install/interfaces/lib/python3.8/site-packages/interfaces/interfaces_s__rosidl_typesupport_c.cpython-38-aarch64-linux-gnu.so" to ""
[31.284s] -- Installing: /home/robosub/nuros_ws/install/interfaces/lib/libinterfaces__python.so
[31.287s] -- Set runtime path of "/home/robosub/nuros_ws/install/interfaces/lib/libinterfaces__python.so" to ""
[31.288s] -- Installing: /home/robosub/nuros_ws/install/interfaces/share/interfaces/srv/ArmPixhawk.idl
[31.288s] -- Installing: /home/robosub/nuros_ws/install/interfaces/share/interfaces/srv/DisarmPixhawk.idl
[31.289s] -- Installing: /home/robosub/nuros_ws/install/interfaces/share/interfaces/srv/StartRoutine.idl
[31.290s] -- Installing: /home/robosub/nuros_ws/install/interfaces/share/interfaces/msg/Attitude.idl
[31.291s] -- Installing: /home/robosub/nuros_ws/install/interfaces/share/interfaces/srv/ArmPixhawk.srv
[31.292s] -- Installing: /home/robosub/nuros_ws/install/interfaces/share/interfaces/srv/ArmPixhawk_Request.msg
[31.292s] -- Installing: /home/robosub/nuros_ws/install/interfaces/share/interfaces/srv/ArmPixhawk_Response.msg
[31.293s] -- Installing: /home/robosub/nuros_ws/install/interfaces/share/interfaces/srv/DisarmPixhawk.srv
[31.294s] -- Installing: /home/robosub/nuros_ws/install/interfaces/share/interfaces/srv/DisarmPixhawk_Request.msg
[31.295s] -- Installing: /home/robosub/nuros_ws/install/interfaces/share/interfaces/srv/DisarmPixhawk_Response.msg
[31.296s] -- Installing: /home/robosub/nuros_ws/install/interfaces/share/interfaces/srv/StartRoutine.srv
[31.297s] -- Installing: /home/robosub/nuros_ws/install/interfaces/share/interfaces/srv/StartRoutine_Request.msg
[31.297s] -- Installing: /home/robosub/nuros_ws/install/interfaces/share/interfaces/srv/StartRoutine_Response.msg
[31.298s] -- Installing: /home/robosub/nuros_ws/install/interfaces/share/interfaces/msg/Attitude.msg
[31.299s] -- Installing: /home/robosub/nuros_ws/install/interfaces/share/ament_index/resource_index/package_run_dependencies/interfaces
[31.300s] -- Installing: /home/robosub/nuros_ws/install/interfaces/share/ament_index/resource_index/parent_prefix_path/interfaces
[31.301s] -- Installing: /home/robosub/nuros_ws/install/interfaces/share/interfaces/environment/ament_prefix_path.sh
[31.302s] -- Installing: /home/robosub/nuros_ws/install/interfaces/share/interfaces/environment/ament_prefix_path.dsv
[31.303s] -- Installing: /home/robosub/nuros_ws/install/interfaces/share/interfaces/environment/path.sh
[31.303s] -- Installing: /home/robosub/nuros_ws/install/interfaces/share/interfaces/environment/path.dsv
[31.304s] -- Installing: /home/robosub/nuros_ws/install/interfaces/share/interfaces/local_setup.bash
[31.305s] -- Installing: /home/robosub/nuros_ws/install/interfaces/share/interfaces/local_setup.sh
[31.306s] -- Installing: /home/robosub/nuros_ws/install/interfaces/share/interfaces/local_setup.zsh
[31.307s] -- Installing: /home/robosub/nuros_ws/install/interfaces/share/interfaces/local_setup.dsv
[31.307s] -- Installing: /home/robosub/nuros_ws/install/interfaces/share/interfaces/package.dsv
[31.308s] -- Installing: /home/robosub/nuros_ws/install/interfaces/share/ament_index/resource_index/packages/interfaces
[31.309s] -- Installing: /home/robosub/nuros_ws/install/interfaces/share/interfaces/cmake/interfaces__rosidl_generator_cExport.cmake
[31.310s] -- Installing: /home/robosub/nuros_ws/install/interfaces/share/interfaces/cmake/interfaces__rosidl_generator_cExport-noconfig.cmake
[31.311s] -- Installing: /home/robosub/nuros_ws/install/interfaces/share/interfaces/cmake/interfaces__rosidl_typesupport_introspection_cExport.cmake
[31.312s] -- Installing: /home/robosub/nuros_ws/install/interfaces/share/interfaces/cmake/interfaces__rosidl_typesupport_introspection_cExport-noconfig.cmake
[31.313s] -- Installing: /home/robosub/nuros_ws/install/interfaces/share/interfaces/cmake/interfaces__rosidl_typesupport_cExport.cmake
[31.314s] -- Installing: /home/robosub/nuros_ws/install/interfaces/share/interfaces/cmake/interfaces__rosidl_typesupport_cExport-noconfig.cmake
[31.315s] -- Installing: /home/robosub/nuros_ws/install/interfaces/share/interfaces/cmake/interfaces__rosidl_generator_cppExport.cmake
[31.316s] -- Installing: /home/robosub/nuros_ws/install/interfaces/share/interfaces/cmake/interfaces__rosidl_typesupport_introspection_cppExport.cmake
[31.317s] -- Installing: /home/robosub/nuros_ws/install/interfaces/share/interfaces/cmake/interfaces__rosidl_typesupport_introspection_cppExport-noconfig.cmake
[31.318s] -- Installing: /home/robosub/nuros_ws/install/interfaces/share/interfaces/cmake/interfaces__rosidl_typesupport_cppExport.cmake
[31.319s] -- Installing: /home/robosub/nuros_ws/install/interfaces/share/interfaces/cmake/interfaces__rosidl_typesupport_cppExport-noconfig.cmake
[31.319s] -- Installing: /home/robosub/nuros_ws/install/interfaces/share/interfaces/cmake/rosidl_cmake-extras.cmake
[31.320s] -- Installing: /home/robosub/nuros_ws/install/interfaces/share/interfaces/cmake/ament_cmake_export_dependencies-extras.cmake
[31.321s] -- Installing: /home/robosub/nuros_ws/install/interfaces/share/interfaces/cmake/ament_cmake_export_libraries-extras.cmake
[31.322s] -- Installing: /home/robosub/nuros_ws/install/interfaces/share/interfaces/cmake/ament_cmake_export_targets-extras.cmake
[31.323s] -- Installing: /home/robosub/nuros_ws/install/interfaces/share/interfaces/cmake/ament_cmake_export_include_directories-extras.cmake
[31.323s] -- Installing: /home/robosub/nuros_ws/install/interfaces/share/interfaces/cmake/rosidl_cmake_export_typesupport_libraries-extras.cmake
[31.324s] -- Installing: /home/robosub/nuros_ws/install/interfaces/share/interfaces/cmake/rosidl_cmake_export_typesupport_targets-extras.cmake
[31.325s] -- Installing: /home/robosub/nuros_ws/install/interfaces/share/interfaces/cmake/interfacesConfig.cmake
[31.325s] -- Installing: /home/robosub/nuros_ws/install/interfaces/share/interfaces/cmake/interfacesConfig-version.cmake
[31.326s] -- Installing: /home/robosub/nuros_ws/install/interfaces/share/interfaces/package.xml
[31.346s] Invoked command in '/home/robosub/nuros_ws/build/interfaces' returned '0': CMAKE_PREFIX_PATH=/opt/ros/foxy /usr/bin/cmake --install /home/robosub/nuros_ws/build/interfaces
