[6.438s] Invoking command in '/home/robosub/nuros_ws/src/yadd': PYTHONPATH=/home/robosub/nuros_ws/build/yadd/prefix_override:/home/robosub/nuros_ws/install/yadd/lib/python3.8/site-packages: /usr/bin/python3 setup.py egg_info --egg-base ../../build/yadd build --build-base /home/robosub/nuros_ws/build/yadd/build install --record /home/robosub/nuros_ws/build/yadd/install.log --install-scripts $base/lib/yadd --single-version-externally-managed
[8.037s] running egg_info
[8.037s] writing ../../build/yadd/yadd.egg-info/PKG-INFO
[8.156s] writing dependency_links to ../../build/yadd/yadd.egg-info/dependency_links.txt
[8.156s] writing entry points to ../../build/yadd/yadd.egg-info/entry_points.txt
[8.157s] writing requirements to ../../build/yadd/yadd.egg-info/requires.txt
[8.158s] writing top-level names to ../../build/yadd/yadd.egg-info/top_level.txt
[8.439s] reading manifest file '../../build/yadd/yadd.egg-info/SOURCES.txt'
[8.469s] writing manifest file '../../build/yadd/yadd.egg-info/SOURCES.txt'
[8.470s] running build
[8.471s] running build_py
[8.481s] running install
[8.492s] running install_lib
[8.501s] running install_data
[8.519s] running install_egg_info
[8.526s] removing '/home/robosub/nuros_ws/install/yadd/lib/python3.8/site-packages/yadd-0.0.0-py3.8.egg-info' (and everything under it)
[8.529s] Copying ../../build/yadd/yadd.egg-info to /home/robosub/nuros_ws/install/yadd/lib/python3.8/site-packages/yadd-0.0.0-py3.8.egg-info
[8.536s] running install_scripts
[8.662s] Installing dvl_driver script to /home/robosub/nuros_ws/install/yadd/lib/yadd
[8.710s] writing list of installed files to '/home/robosub/nuros_ws/build/yadd/install.log'
[8.848s] Invoked command in '/home/robosub/nuros_ws/src/yadd' returned '0': PYTHONPATH=/home/robosub/nuros_ws/build/yadd/prefix_override:/home/robosub/nuros_ws/install/yadd/lib/python3.8/site-packages: /usr/bin/python3 setup.py egg_info --egg-base ../../build/yadd build --build-base /home/robosub/nuros_ws/build/yadd/build install --record /home/robosub/nuros_ws/build/yadd/install.log --install-scripts $base/lib/yadd --single-version-externally-managed
