[11.022s] Invoking command in '/home/robosub/nuros_ws/src/key_joy': PYTHONPATH=/home/robosub/nuros_ws/build/key_joy/prefix_override:/home/robosub/nuros_ws/install/key_joy/lib/python3.8/site-packages: /usr/bin/python3 setup.py egg_info --egg-base ../../build/key_joy build --build-base /home/robosub/nuros_ws/build/key_joy/build install --record /home/robosub/nuros_ws/build/key_joy/install.log --install-scripts $base/lib/key_joy --single-version-externally-managed
[14.018s] running egg_info
[14.022s] writing ../../build/key_joy/key_joy.egg-info/PKG-INFO
[14.067s] writing dependency_links to ../../build/key_joy/key_joy.egg-info/dependency_links.txt
[14.070s] writing entry points to ../../build/key_joy/key_joy.egg-info/entry_points.txt
[14.072s] writing requirements to ../../build/key_joy/key_joy.egg-info/requires.txt
[14.073s] writing top-level names to ../../build/key_joy/key_joy.egg-info/top_level.txt
[14.657s] reading manifest file '../../build/key_joy/key_joy.egg-info/SOURCES.txt'
[14.677s] writing manifest file '../../build/key_joy/key_joy.egg-info/SOURCES.txt'
[14.678s] running build
[14.678s] running build_py
[14.680s] running install
[14.685s] running install_lib
[14.708s] running install_data
[14.709s] running install_egg_info
[14.728s] removing '/home/robosub/nuros_ws/install/key_joy/lib/python3.8/site-packages/key_joy-0.0.0-py3.8.egg-info' (and everything under it)
[14.730s] Copying ../../build/key_joy/key_joy.egg-info to /home/robosub/nuros_ws/install/key_joy/lib/python3.8/site-packages/key_joy-0.0.0-py3.8.egg-info
[14.742s] running install_scripts
[15.349s] Installing joy_twist_node script to /home/robosub/nuros_ws/install/key_joy/lib/key_joy
[15.350s] Installing key_joy_node script to /home/robosub/nuros_ws/install/key_joy/lib/key_joy
[15.350s] writing list of installed files to '/home/robosub/nuros_ws/build/key_joy/install.log'
[18.135s] Invoked command in '/home/robosub/nuros_ws/src/key_joy' returned '0': PYTHONPATH=/home/robosub/nuros_ws/build/key_joy/prefix_override:/home/robosub/nuros_ws/install/key_joy/lib/python3.8/site-packages: /usr/bin/python3 setup.py egg_info --egg-base ../../build/key_joy build --build-base /home/robosub/nuros_ws/build/key_joy/build install --record /home/robosub/nuros_ws/build/key_joy/install.log --install-scripts $base/lib/key_joy --single-version-externally-managed
