[3.282s] Invoking command in '/home/robosub/nuros_ws/src/yadd': PYTHONPATH=/home/robosub/nuros_ws/build/yadd/prefix_override:/home/robosub/nuros_ws/install/yadd/lib/python3.8/site-packages: /usr/bin/python3 setup.py egg_info --egg-base ../../build/yadd build --build-base /home/robosub/nuros_ws/build/yadd/build install --record /home/robosub/nuros_ws/build/yadd/install.log --install-scripts $base/lib/yadd --single-version-externally-managed
[4.007s] running egg_info
[4.008s] writing ../../build/yadd/yadd.egg-info/PKG-INFO
[4.009s] writing dependency_links to ../../build/yadd/yadd.egg-info/dependency_links.txt
[4.011s] writing entry points to ../../build/yadd/yadd.egg-info/entry_points.txt
[4.022s] writing requirements to ../../build/yadd/yadd.egg-info/requires.txt
[4.023s] writing top-level names to ../../build/yadd/yadd.egg-info/top_level.txt
[4.167s] reading manifest file '../../build/yadd/yadd.egg-info/SOURCES.txt'
[4.170s] writing manifest file '../../build/yadd/yadd.egg-info/SOURCES.txt'
[4.171s] running build
[4.171s] running build_py
[4.178s] running install
[4.181s] running install_lib
[4.188s] running install_data
[4.191s] running install_egg_info
[4.197s] removing '/home/robosub/nuros_ws/install/yadd/lib/python3.8/site-packages/yadd-0.0.0-py3.8.egg-info' (and everything under it)
[4.199s] Copying ../../build/yadd/yadd.egg-info to /home/robosub/nuros_ws/install/yadd/lib/python3.8/site-packages/yadd-0.0.0-py3.8.egg-info
[4.204s] running install_scripts
[4.316s] Installing dvl_driver script to /home/robosub/nuros_ws/install/yadd/lib/yadd
[4.319s] writing list of installed files to '/home/robosub/nuros_ws/build/yadd/install.log'
[4.417s] Invoked command in '/home/robosub/nuros_ws/src/yadd' returned '0': PYTHONPATH=/home/robosub/nuros_ws/build/yadd/prefix_override:/home/robosub/nuros_ws/install/yadd/lib/python3.8/site-packages: /usr/bin/python3 setup.py egg_info --egg-base ../../build/yadd build --build-base /home/robosub/nuros_ws/build/yadd/build install --record /home/robosub/nuros_ws/build/yadd/install.log --install-scripts $base/lib/yadd --single-version-externally-managed
