[9.927s] Invoking command in '/home/robosub/nuros_ws/src/launch_all': PYTHONPATH=/home/robosub/nuros_ws/build/launch_all/prefix_override:/home/robosub/nuros_ws/install/launch_all/lib/python3.8/site-packages: /usr/bin/python3 setup.py egg_info --egg-base ../../build/launch_all build --build-base /home/robosub/nuros_ws/build/launch_all/build install --record /home/robosub/nuros_ws/build/launch_all/install.log --install-scripts $base/lib/launch_all --single-version-externally-managed
[13.480s] running egg_info
[13.487s] writing ../../build/launch_all/launch_all.egg-info/PKG-INFO
[13.489s] writing dependency_links to ../../build/launch_all/launch_all.egg-info/dependency_links.txt
[13.490s] writing entry points to ../../build/launch_all/launch_all.egg-info/entry_points.txt
[13.492s] writing requirements to ../../build/launch_all/launch_all.egg-info/requires.txt
[13.493s] writing top-level names to ../../build/launch_all/launch_all.egg-info/top_level.txt
[13.972s] reading manifest file '../../build/launch_all/launch_all.egg-info/SOURCES.txt'
[13.987s] writing manifest file '../../build/launch_all/launch_all.egg-info/SOURCES.txt'
[13.988s] running build
[13.988s] running build_py
[13.988s] running install
[13.989s] running install_lib
[13.989s] running install_data
[13.989s] running install_egg_info
[13.990s] removing '/home/robosub/nuros_ws/install/launch_all/lib/python3.8/site-packages/launch_all-0.0.0-py3.8.egg-info' (and everything under it)
[13.990s] Copying ../../build/launch_all/launch_all.egg-info to /home/robosub/nuros_ws/install/launch_all/lib/python3.8/site-packages/launch_all-0.0.0-py3.8.egg-info
[13.990s] running install_scripts
[14.221s] writing list of installed files to '/home/robosub/nuros_ws/build/launch_all/install.log'
[14.657s] Invoked command in '/home/robosub/nuros_ws/src/launch_all' returned '0': PYTHONPATH=/home/robosub/nuros_ws/build/launch_all/prefix_override:/home/robosub/nuros_ws/install/launch_all/lib/python3.8/site-packages: /usr/bin/python3 setup.py egg_info --egg-base ../../build/launch_all build --build-base /home/robosub/nuros_ws/build/launch_all/build install --record /home/robosub/nuros_ws/build/launch_all/install.log --install-scripts $base/lib/launch_all --single-version-externally-managed
