[4.107s] Invoking command in '/home/robosub/nuros_ws/src/yadd': PYTHONPATH=/home/robosub/nuros_ws/build/yadd/prefix_override:/home/robosub/nuros_ws/install/yadd/lib/python3.8/site-packages: /usr/bin/python3 setup.py egg_info --egg-base ../../build/yadd build --build-base /home/robosub/nuros_ws/build/yadd/build install --record /home/robosub/nuros_ws/build/yadd/install.log --install-scripts $base/lib/yadd --single-version-externally-managed
[4.834s] running egg_info
[4.836s] writing ../../build/yadd/yadd.egg-info/PKG-INFO
[4.838s] writing dependency_links to ../../build/yadd/yadd.egg-info/dependency_links.txt
[4.839s] writing entry points to ../../build/yadd/yadd.egg-info/entry_points.txt
[4.840s] writing requirements to ../../build/yadd/yadd.egg-info/requires.txt
[4.840s] writing top-level names to ../../build/yadd/yadd.egg-info/top_level.txt
[5.107s] reading manifest file '../../build/yadd/yadd.egg-info/SOURCES.txt'
[5.112s] writing manifest file '../../build/yadd/yadd.egg-info/SOURCES.txt'
[5.112s] running build
[5.113s] running build_py
[5.118s] running install
[5.121s] running install_lib
[5.130s] running install_data
[5.133s] running install_egg_info
[5.139s] removing '/home/robosub/nuros_ws/install/yadd/lib/python3.8/site-packages/yadd-0.0.0-py3.8.egg-info' (and everything under it)
[5.141s] Copying ../../build/yadd/yadd.egg-info to /home/robosub/nuros_ws/install/yadd/lib/python3.8/site-packages/yadd-0.0.0-py3.8.egg-info
[5.146s] running install_scripts
[5.210s] Installing dvl_driver script to /home/robosub/nuros_ws/install/yadd/lib/yadd
[5.350s] writing list of installed files to '/home/robosub/nuros_ws/build/yadd/install.log'
[5.456s] Invoked command in '/home/robosub/nuros_ws/src/yadd' returned '0': PYTHONPATH=/home/robosub/nuros_ws/build/yadd/prefix_override:/home/robosub/nuros_ws/install/yadd/lib/python3.8/site-packages: /usr/bin/python3 setup.py egg_info --egg-base ../../build/yadd build --build-base /home/robosub/nuros_ws/build/yadd/build install --record /home/robosub/nuros_ws/build/yadd/install.log --install-scripts $base/lib/yadd --single-version-externally-managed
