[4.323s] Invoking command in '/home/robosub/nuros_ws/src/key_joy': PYTHONPATH=/home/robosub/nuros_ws/build/key_joy/prefix_override:/home/robosub/nuros_ws/install/key_joy/lib/python3.8/site-packages: /usr/bin/python3 setup.py egg_info --egg-base ../../build/key_joy build --build-base /home/robosub/nuros_ws/build/key_joy/build install --record /home/robosub/nuros_ws/build/key_joy/install.log --install-scripts $base/lib/key_joy --single-version-externally-managed
[5.351s] running egg_info
[5.352s] writing ../../build/key_joy/key_joy.egg-info/PKG-INFO
[5.354s] writing dependency_links to ../../build/key_joy/key_joy.egg-info/dependency_links.txt
[5.354s] writing entry points to ../../build/key_joy/key_joy.egg-info/entry_points.txt
[5.356s] writing requirements to ../../build/key_joy/key_joy.egg-info/requires.txt
[5.356s] writing top-level names to ../../build/key_joy/key_joy.egg-info/top_level.txt
[5.568s] reading manifest file '../../build/key_joy/key_joy.egg-info/SOURCES.txt'
[5.573s] writing manifest file '../../build/key_joy/key_joy.egg-info/SOURCES.txt'
[5.574s] running build
[5.574s] running build_py
[5.627s] running install
[5.627s] running install_lib
[5.634s] running install_data
[5.635s] running install_egg_info
[5.647s] removing '/home/robosub/nuros_ws/install/key_joy/lib/python3.8/site-packages/key_joy-0.0.0-py3.8.egg-info' (and everything under it)
[5.649s] Copying ../../build/key_joy/key_joy.egg-info to /home/robosub/nuros_ws/install/key_joy/lib/python3.8/site-packages/key_joy-0.0.0-py3.8.egg-info
[5.649s] running install_scripts
[5.760s] Installing joy_twist_node script to /home/robosub/nuros_ws/install/key_joy/lib/key_joy
[5.761s] Installing key_joy_node script to /home/robosub/nuros_ws/install/key_joy/lib/key_joy
[5.831s] writing list of installed files to '/home/robosub/nuros_ws/build/key_joy/install.log'
[6.193s] Invoked command in '/home/robosub/nuros_ws/src/key_joy' returned '0': PYTHONPATH=/home/robosub/nuros_ws/build/key_joy/prefix_override:/home/robosub/nuros_ws/install/key_joy/lib/python3.8/site-packages: /usr/bin/python3 setup.py egg_info --egg-base ../../build/key_joy build --build-base /home/robosub/nuros_ws/build/key_joy/build install --record /home/robosub/nuros_ws/build/key_joy/install.log --install-scripts $base/lib/key_joy --single-version-externally-managed
