[8.758s] Invoking command in '/home/robosub/nuros_ws/src/key_joy': PYTHONPATH=/home/robosub/nuros_ws/build/key_joy/prefix_override:/home/robosub/nuros_ws/install/key_joy/lib/python3.8/site-packages: /usr/bin/python3 setup.py egg_info --egg-base ../../build/key_joy build --build-base /home/robosub/nuros_ws/build/key_joy/build install --record /home/robosub/nuros_ws/build/key_joy/install.log --install-scripts $base/lib/key_joy --single-version-externally-managed
[10.619s] running egg_info
[10.620s] writing ../../build/key_joy/key_joy.egg-info/PKG-INFO
[10.643s] writing dependency_links to ../../build/key_joy/key_joy.egg-info/dependency_links.txt
[10.650s] writing entry points to ../../build/key_joy/key_joy.egg-info/entry_points.txt
[10.652s] writing requirements to ../../build/key_joy/key_joy.egg-info/requires.txt
[10.658s] writing top-level names to ../../build/key_joy/key_joy.egg-info/top_level.txt
[11.006s] reading manifest file '../../build/key_joy/key_joy.egg-info/SOURCES.txt'
[11.010s] writing manifest file '../../build/key_joy/key_joy.egg-info/SOURCES.txt'
[11.012s] running build
[11.012s] running build_py
[11.015s] running install
[11.020s] running install_lib
[11.027s] running install_data
[11.030s] running install_egg_info
[11.036s] removing '/home/robosub/nuros_ws/install/key_joy/lib/python3.8/site-packages/key_joy-0.0.0-py3.8.egg-info' (and everything under it)
[11.039s] Copying ../../build/key_joy/key_joy.egg-info to /home/robosub/nuros_ws/install/key_joy/lib/python3.8/site-packages/key_joy-0.0.0-py3.8.egg-info
[11.049s] running install_scripts
[11.142s] Installing joy_twist_node script to /home/robosub/nuros_ws/install/key_joy/lib/key_joy
[11.143s] Installing key_joy_node script to /home/robosub/nuros_ws/install/key_joy/lib/key_joy
[11.143s] writing list of installed files to '/home/robosub/nuros_ws/build/key_joy/install.log'
[11.520s] Invoked command in '/home/robosub/nuros_ws/src/key_joy' returned '0': PYTHONPATH=/home/robosub/nuros_ws/build/key_joy/prefix_override:/home/robosub/nuros_ws/install/key_joy/lib/python3.8/site-packages: /usr/bin/python3 setup.py egg_info --egg-base ../../build/key_joy build --build-base /home/robosub/nuros_ws/build/key_joy/build install --record /home/robosub/nuros_ws/build/key_joy/install.log --install-scripts $base/lib/key_joy --single-version-externally-managed
