[5.849s] Invoking command in '/home/robosub/nuros_ws/src/main_head': PYTHONPATH=/home/robosub/nuros_ws/build/main_head/prefix_override:/home/robosub/nuros_ws/install/main_head/lib/python3.8/site-packages: /usr/bin/python3 setup.py egg_info --egg-base ../../build/main_head build --build-base /home/robosub/nuros_ws/build/main_head/build install --record /home/robosub/nuros_ws/build/main_head/install.log --install-scripts $base/lib/main_head --single-version-externally-managed
[6.966s] running egg_info
[6.969s] writing ../../build/main_head/main_head.egg-info/PKG-INFO
[7.110s] writing dependency_links to ../../build/main_head/main_head.egg-info/dependency_links.txt
[7.111s] writing entry points to ../../build/main_head/main_head.egg-info/entry_points.txt
[7.111s] writing requirements to ../../build/main_head/main_head.egg-info/requires.txt
[7.112s] writing top-level names to ../../build/main_head/main_head.egg-info/top_level.txt
[7.404s] reading manifest file '../../build/main_head/main_head.egg-info/SOURCES.txt'
[7.409s] writing manifest file '../../build/main_head/main_head.egg-info/SOURCES.txt'
[7.409s] running build
[7.410s] running build_py
[7.412s] running install
[7.417s] running install_lib
[7.423s] running install_data
[7.427s] running install_egg_info
[7.435s] removing '/home/robosub/nuros_ws/install/main_head/lib/python3.8/site-packages/main_head-0.0.0-py3.8.egg-info' (and everything under it)
[7.436s] Copying ../../build/main_head/main_head.egg-info to /home/robosub/nuros_ws/install/main_head/lib/python3.8/site-packages/main_head-0.0.0-py3.8.egg-info
[7.583s] running install_scripts
[7.656s] Installing master_node script to /home/robosub/nuros_ws/install/main_head/lib/main_head
[7.799s] writing list of installed files to '/home/robosub/nuros_ws/build/main_head/install.log'
[7.943s] Invoked command in '/home/robosub/nuros_ws/src/main_head' returned '0': PYTHONPATH=/home/robosub/nuros_ws/build/main_head/prefix_override:/home/robosub/nuros_ws/install/main_head/lib/python3.8/site-packages: /usr/bin/python3 setup.py egg_info --egg-base ../../build/main_head build --build-base /home/robosub/nuros_ws/build/main_head/build install --record /home/robosub/nuros_ws/build/main_head/install.log --install-scripts $base/lib/main_head --single-version-externally-managed
