[6.303s] Invoking command in '/home/robosub/nuros_ws/src/launch_all': PYTHONPATH=/home/robosub/nuros_ws/build/launch_all/prefix_override:/home/robosub/nuros_ws/install/launch_all/lib/python3.8/site-packages:${PYTHONPATH} /usr/bin/python3 setup.py egg_info --egg-base ../../build/launch_all build --build-base /home/robosub/nuros_ws/build/launch_all/build install --record /home/robosub/nuros_ws/build/launch_all/install.log --install-scripts $base/lib/launch_all --single-version-externally-managed
[7.278s] running egg_info
[7.279s] writing ../../build/launch_all/launch_all.egg-info/PKG-INFO
[7.281s] writing dependency_links to ../../build/launch_all/launch_all.egg-info/dependency_links.txt
[7.282s] writing entry points to ../../build/launch_all/launch_all.egg-info/entry_points.txt
[7.284s] writing requirements to ../../build/launch_all/launch_all.egg-info/requires.txt
[7.286s] writing top-level names to ../../build/launch_all/launch_all.egg-info/top_level.txt
[7.427s] reading manifest file '../../build/launch_all/launch_all.egg-info/SOURCES.txt'
[7.431s] writing manifest file '../../build/launch_all/launch_all.egg-info/SOURCES.txt'
[7.432s] running build
[7.433s] running build_py
[7.434s] running install
[7.437s] running install_lib
[7.443s] running install_data
[7.446s] running install_egg_info
[7.452s] removing '/home/robosub/nuros_ws/install/launch_all/lib/python3.8/site-packages/launch_all-0.0.0-py3.8.egg-info' (and everything under it)
[7.455s] Copying ../../build/launch_all/launch_all.egg-info to /home/robosub/nuros_ws/install/launch_all/lib/python3.8/site-packages/launch_all-0.0.0-py3.8.egg-info
[7.459s] running install_scripts
[7.528s] writing list of installed files to '/home/robosub/nuros_ws/build/launch_all/install.log'
[8.732s] Invoked command in '/home/robosub/nuros_ws/src/launch_all' returned '0': PYTHONPATH=/home/robosub/nuros_ws/build/launch_all/prefix_override:/home/robosub/nuros_ws/install/launch_all/lib/python3.8/site-packages:${PYTHONPATH} /usr/bin/python3 setup.py egg_info --egg-base ../../build/launch_all build --build-base /home/robosub/nuros_ws/build/launch_all/build install --record /home/robosub/nuros_ws/build/launch_all/install.log --install-scripts $base/lib/launch_all --single-version-externally-managed
