[6.340s] Invoking command in '/home/robosub/nuros_ws/src/main_head': PYTHONPATH=/home/robosub/nuros_ws/build/main_head/prefix_override:/home/robosub/nuros_ws/install/main_head/lib/python3.8/site-packages:${PYTHONPATH} /usr/bin/python3 setup.py egg_info --egg-base ../../build/main_head build --build-base /home/robosub/nuros_ws/build/main_head/build install --record /home/robosub/nuros_ws/build/main_head/install.log --install-scripts $base/lib/main_head --single-version-externally-managed
[7.312s] running egg_info
[7.314s] writing ../../build/main_head/main_head.egg-info/PKG-INFO
[7.322s] writing dependency_links to ../../build/main_head/main_head.egg-info/dependency_links.txt
[7.324s] writing entry points to ../../build/main_head/main_head.egg-info/entry_points.txt
[7.325s] writing requirements to ../../build/main_head/main_head.egg-info/requires.txt
[7.325s] writing top-level names to ../../build/main_head/main_head.egg-info/top_level.txt
[7.620s] reading manifest file '../../build/main_head/main_head.egg-info/SOURCES.txt'
[7.626s] writing manifest file '../../build/main_head/main_head.egg-info/SOURCES.txt'
[7.633s] running build
[7.633s] running build_py
[7.643s] running install
[7.644s] running install_lib
[7.665s] running install_data
[7.669s] running install_egg_info
[7.678s] removing '/home/robosub/nuros_ws/install/main_head/lib/python3.8/site-packages/main_head-0.0.0-py3.8.egg-info' (and everything under it)
[7.680s] Copying ../../build/main_head/main_head.egg-info to /home/robosub/nuros_ws/install/main_head/lib/python3.8/site-packages/main_head-0.0.0-py3.8.egg-info
[7.688s] running install_scripts
[7.758s] Installing master_node script to /home/robosub/nuros_ws/install/main_head/lib/main_head
[7.856s] writing list of installed files to '/home/robosub/nuros_ws/build/main_head/install.log'
[7.959s] Invoked command in '/home/robosub/nuros_ws/src/main_head' returned '0': PYTHONPATH=/home/robosub/nuros_ws/build/main_head/prefix_override:/home/robosub/nuros_ws/install/main_head/lib/python3.8/site-packages:${PYTHONPATH} /usr/bin/python3 setup.py egg_info --egg-base ../../build/main_head build --build-base /home/robosub/nuros_ws/build/main_head/build install --record /home/robosub/nuros_ws/build/main_head/install.log --install-scripts $base/lib/main_head --single-version-externally-managed
