[7.065s] Invoking command in '/home/robosub/nuros_ws/src/launch_all': PYTHONPATH=/home/robosub/nuros_ws/build/launch_all/prefix_override:/home/robosub/nuros_ws/install/launch_all/lib/python3.8/site-packages: /usr/bin/python3 setup.py egg_info --egg-base ../../build/launch_all build --build-base /home/robosub/nuros_ws/build/launch_all/build install --record /home/robosub/nuros_ws/build/launch_all/install.log --install-scripts $base/lib/launch_all --single-version-externally-managed
[7.875s] running egg_info
[7.876s] writing ../../build/launch_all/launch_all.egg-info/PKG-INFO
[8.020s] writing dependency_links to ../../build/launch_all/launch_all.egg-info/dependency_links.txt
[8.022s] writing entry points to ../../build/launch_all/launch_all.egg-info/entry_points.txt
[8.023s] writing requirements to ../../build/launch_all/launch_all.egg-info/requires.txt
[8.024s] writing top-level names to ../../build/launch_all/launch_all.egg-info/top_level.txt
[8.280s] reading manifest file '../../build/launch_all/launch_all.egg-info/SOURCES.txt'
[8.299s] writing manifest file '../../build/launch_all/launch_all.egg-info/SOURCES.txt'
[8.300s] running build
[8.300s] running build_py
[8.306s] running install
[8.308s] running install_lib
[8.309s] running install_data
[8.314s] running install_egg_info
[8.320s] removing '/home/robosub/nuros_ws/install/launch_all/lib/python3.8/site-packages/launch_all-0.0.0-py3.8.egg-info' (and everything under it)
[8.322s] Copying ../../build/launch_all/launch_all.egg-info to /home/robosub/nuros_ws/install/launch_all/lib/python3.8/site-packages/launch_all-0.0.0-py3.8.egg-info
[8.329s] running install_scripts
[8.399s] writing list of installed files to '/home/robosub/nuros_ws/build/launch_all/install.log'
[8.492s] Invoked command in '/home/robosub/nuros_ws/src/launch_all' returned '0': PYTHONPATH=/home/robosub/nuros_ws/build/launch_all/prefix_override:/home/robosub/nuros_ws/install/launch_all/lib/python3.8/site-packages: /usr/bin/python3 setup.py egg_info --egg-base ../../build/launch_all build --build-base /home/robosub/nuros_ws/build/launch_all/build install --record /home/robosub/nuros_ws/build/launch_all/install.log --install-scripts $base/lib/launch_all --single-version-externally-managed
