[0.000000] (-) TimerEvent: {}
[0.000353] (-) JobUnselected: {'identifier': 'image_processing'}
[0.000481] (-) JobUnselected: {'identifier': 'interfaces'}
[0.000573] (-) JobUnselected: {'identifier': 'key_joy'}
[0.000662] (-) JobUnselected: {'identifier': 'launch_all'}
[0.000747] (-) JobUnselected: {'identifier': 'yadd'}
[0.000840] (main_head) JobQueued: {'identifier': 'main_head', 'dependencies': OrderedDict()}
[0.000944] (pixhawk_interface) JobQueued: {'identifier': 'pixhawk_interface', 'dependencies': OrderedDict()}
[0.001034] (main_head) JobStarted: {'identifier': 'main_head'}
[0.100109] (-) TimerEvent: {}
[0.165263] (pixhawk_interface) JobStarted: {'identifier': 'pixhawk_interface'}
[0.200757] (-) TimerEvent: {}
[0.301830] (-) TimerEvent: {}
[0.403134] (-) TimerEvent: {}
[0.504583] (-) TimerEvent: {}
[0.605002] (-) TimerEvent: {}
[0.706425] (-) TimerEvent: {}
[0.806926] (-) TimerEvent: {}
[0.907519] (-) TimerEvent: {}
[1.008047] (-) TimerEvent: {}
[1.112394] (-) TimerEvent: {}
[1.212942] (-) TimerEvent: {}
[1.313541] (-) TimerEvent: {}
[1.425713] (-) TimerEvent: {}
[1.529241] (-) TimerEvent: {}
[1.629733] (-) TimerEvent: {}
[1.730878] (-) TimerEvent: {}
[1.837773] (-) TimerEvent: {}
[1.938214] (-) TimerEvent: {}
[2.038786] (-) TimerEvent: {}
[2.139291] (-) TimerEvent: {}
[2.239766] (-) TimerEvent: {}
[2.340328] (-) TimerEvent: {}
[2.440830] (-) TimerEvent: {}
[2.541292] (-) TimerEvent: {}
[2.641780] (-) TimerEvent: {}
[2.742377] (-) TimerEvent: {}
[2.843268] (-) TimerEvent: {}
[2.944516] (-) TimerEvent: {}
[3.047711] (-) TimerEvent: {}
[3.152396] (-) TimerEvent: {}
[3.253705] (-) TimerEvent: {}
[3.354106] (-) TimerEvent: {}
[3.454974] (-) TimerEvent: {}
[3.555450] (-) TimerEvent: {}
[3.655963] (-) TimerEvent: {}
[3.756653] (-) TimerEvent: {}
[3.857161] (-) TimerEvent: {}
[3.960424] (-) TimerEvent: {}
[4.060908] (-) TimerEvent: {}
[4.161411] (-) TimerEvent: {}
[4.261968] (-) TimerEvent: {}
[4.362397] (-) TimerEvent: {}
[4.462879] (-) TimerEvent: {}
[4.563433] (-) TimerEvent: {}
[4.663962] (-) TimerEvent: {}
[4.764562] (-) TimerEvent: {}
[4.865162] (-) TimerEvent: {}
[4.965699] (-) TimerEvent: {}
[5.066288] (-) TimerEvent: {}
[5.166839] (-) TimerEvent: {}
[5.267342] (-) TimerEvent: {}
[5.367826] (-) TimerEvent: {}
[5.468436] (-) TimerEvent: {}
[5.568963] (-) TimerEvent: {}
[5.669411] (-) TimerEvent: {}
[5.769853] (-) TimerEvent: {}
[5.870367] (-) TimerEvent: {}
[5.971024] (-) TimerEvent: {}
[6.071685] (-) TimerEvent: {}
[6.172344] (-) TimerEvent: {}
[6.241705] (main_head) Command: {'cmd': ['/usr/bin/python3', 'setup.py', 'egg_info', '--egg-base', '../../build/main_head', 'build', '--build-base', '/home/robosub/nuros_ws/build/main_head/build', 'install', '--record', '/home/robosub/nuros_ws/build/main_head/install.log', '--install-scripts', '$base/lib/main_head', '--single-version-externally-managed'], 'cwd': '/home/robosub/nuros_ws/src/main_head', 'env': {'USER': 'robosub', 'SHLVL': '1', 'LD_LIBRARY_PATH': '/opt/ros/foxy/opt/yaml_cpp_vendor/lib:/opt/ros/foxy/opt/rviz_ogre_vendor/lib:/opt/ros/foxy/lib/aarch64-linux-gnu:/opt/ros/foxy/lib', 'HOME': '/home/robosub', 'OLDPWD': '/', 'ROS_PYTHON_VERSION': '3', 'ROS_DISTRO': 'foxy', 'LOGNAME': 'robosub', 'JOURNAL_STREAM': '7:40368', '_': '/usr/bin/colcon', 'ROS_VERSION': '2', 'ROS_LOCALHOST_ONLY': '0', 'PATH': '/opt/ros/foxy/bin:/usr/local/sbin:/usr/local/bin:/usr/sbin:/usr/bin:/sbin:/bin:/snap/bin', 'INVOCATION_ID': '4c2fc9b5f29b470a87db4a74a505dafc', 'LANG': 'en_US.UTF-8', 'AMENT_PREFIX_PATH': '/opt/ros/foxy', 'SHELL': '/bin/bash', 'PWD': '/home/robosub/nuros_ws/build/main_head', 'PYTHONPATH': '/home/robosub/nuros_ws/build/main_head/prefix_override:/home/robosub/nuros_ws/install/main_head/lib/python3.8/site-packages:/opt/ros/foxy/lib/python3.8/site-packages', 'COLCON': '1'}, 'shell': False}
[6.261837] (pixhawk_interface) Command: {'cmd': ['/usr/bin/python3', 'setup.py', 'egg_info', '--egg-base', '../../build/pixhawk_interface', 'build', '--build-base', '/home/robosub/nuros_ws/build/pixhawk_interface/build', 'install', '--record', '/home/robosub/nuros_ws/build/pixhawk_interface/install.log', '--install-scripts', '$base/lib/pixhawk_interface', '--single-version-externally-managed'], 'cwd': '/home/robosub/nuros_ws/src/pixhawk_interface', 'env': {'USER': 'robosub', 'SHLVL': '1', 'LD_LIBRARY_PATH': '/opt/ros/foxy/opt/yaml_cpp_vendor/lib:/opt/ros/foxy/opt/rviz_ogre_vendor/lib:/opt/ros/foxy/lib/aarch64-linux-gnu:/opt/ros/foxy/lib', 'HOME': '/home/robosub', 'OLDPWD': '/', 'ROS_PYTHON_VERSION': '3', 'ROS_DISTRO': 'foxy', 'LOGNAME': 'robosub', 'JOURNAL_STREAM': '7:40368', '_': '/usr/bin/colcon', 'ROS_VERSION': '2', 'ROS_LOCALHOST_ONLY': '0', 'PATH': '/opt/ros/foxy/bin:/usr/local/sbin:/usr/local/bin:/usr/sbin:/usr/bin:/sbin:/bin:/snap/bin', 'INVOCATION_ID': '4c2fc9b5f29b470a87db4a74a505dafc', 'LANG': 'en_US.UTF-8', 'AMENT_PREFIX_PATH': '/opt/ros/foxy', 'SHELL': '/bin/bash', 'PWD': '/home/robosub/nuros_ws/build/pixhawk_interface', 'PYTHONPATH': '/home/robosub/nuros_ws/build/pixhawk_interface/prefix_override:/home/robosub/nuros_ws/install/pixhawk_interface/lib/python3.8/site-packages:/opt/ros/foxy/lib/python3.8/site-packages', 'COLCON': '1'}, 'shell': False}
[6.273941] (-) TimerEvent: {}
[6.376743] (-) TimerEvent: {}
[6.480665] (-) TimerEvent: {}
[6.584380] (-) TimerEvent: {}
[6.684848] (-) TimerEvent: {}
[6.785633] (-) TimerEvent: {}
[6.886306] (-) TimerEvent: {}
[6.986846] (-) TimerEvent: {}
[7.087431] (-) TimerEvent: {}
[7.187984] (-) TimerEvent: {}
[7.211761] (main_head) StdoutLine: {'line': b'running egg_info\n'}
[7.215291] (main_head) StdoutLine: {'line': b'writing ../../build/main_head/main_head.egg-info/PKG-INFO\n'}
[7.227592] (main_head) StdoutLine: {'line': b'writing dependency_links to ../../build/main_head/main_head.egg-info/dependency_links.txt\n'}
[7.228767] (main_head) StdoutLine: {'line': b'writing entry points to ../../build/main_head/main_head.egg-info/entry_points.txt\n'}
[7.229835] (main_head) StdoutLine: {'line': b'writing requirements to ../../build/main_head/main_head.egg-info/requires.txt\n'}
[7.230684] (main_head) StdoutLine: {'line': b'writing top-level names to ../../build/main_head/main_head.egg-info/top_level.txt\n'}
[7.231090] (pixhawk_interface) StdoutLine: {'line': b'running egg_info\n'}
[7.233718] (pixhawk_interface) StdoutLine: {'line': b'writing ../../build/pixhawk_interface/pixhawk_interface.egg-info/PKG-INFO\n'}
[7.235854] (pixhawk_interface) StdoutLine: {'line': b'writing dependency_links to ../../build/pixhawk_interface/pixhawk_interface.egg-info/dependency_links.txt\n'}
[7.236806] (pixhawk_interface) StdoutLine: {'line': b'writing entry points to ../../build/pixhawk_interface/pixhawk_interface.egg-info/entry_points.txt\n'}
[7.237578] (pixhawk_interface) StdoutLine: {'line': b'writing requirements to ../../build/pixhawk_interface/pixhawk_interface.egg-info/requires.txt\n'}
[7.238591] (pixhawk_interface) StdoutLine: {'line': b'writing top-level names to ../../build/pixhawk_interface/pixhawk_interface.egg-info/top_level.txt\n'}
[7.288357] (-) TimerEvent: {}
[7.388851] (-) TimerEvent: {}
[7.489297] (-) TimerEvent: {}
[7.528460] (pixhawk_interface) StdoutLine: {'line': b"reading manifest file '../../build/pixhawk_interface/pixhawk_interface.egg-info/SOURCES.txt'\n"}
[7.529200] (main_head) StdoutLine: {'line': b"reading manifest file '../../build/main_head/main_head.egg-info/SOURCES.txt'\n"}
[7.534104] (main_head) StdoutLine: {'line': b"writing manifest file '../../build/main_head/main_head.egg-info/SOURCES.txt'\n"}
[7.535222] (main_head) StdoutLine: {'line': b'running build\n'}
[7.535611] (main_head) StdoutLine: {'line': b'running build_py\n'}
[7.539240] (pixhawk_interface) StdoutLine: {'line': b"writing manifest file '../../build/pixhawk_interface/pixhawk_interface.egg-info/SOURCES.txt'\n"}
[7.540939] (pixhawk_interface) StdoutLine: {'line': b'running build\n'}
[7.541994] (main_head) StdoutLine: {'line': b'running install\n'}
[7.542997] (pixhawk_interface) StdoutLine: {'line': b'running build_py\n'}
[7.551935] (pixhawk_interface) StdoutLine: {'line': b'running install\n'}
[7.552569] (main_head) StdoutLine: {'line': b'running install_lib\n'}
[7.554094] (pixhawk_interface) StdoutLine: {'line': b'running install_lib\n'}
[7.568431] (main_head) StdoutLine: {'line': b'running install_data\n'}
[7.570576] (pixhawk_interface) StdoutLine: {'line': b'running install_data\n'}
[7.575149] (main_head) StdoutLine: {'line': b'running install_egg_info\n'}
[7.576893] (pixhawk_interface) StdoutLine: {'line': b'running install_egg_info\n'}
[7.581842] (main_head) StdoutLine: {'line': b"removing '/home/robosub/nuros_ws/install/main_head/lib/python3.8/site-packages/main_head-0.0.0-py3.8.egg-info' (and everything under it)\n"}
[7.583033] (main_head) StdoutLine: {'line': b'Copying ../../build/main_head/main_head.egg-info to /home/robosub/nuros_ws/install/main_head/lib/python3.8/site-packages/main_head-0.0.0-py3.8.egg-info\n'}
[7.586083] (pixhawk_interface) StdoutLine: {'line': b"removing '/home/robosub/nuros_ws/install/pixhawk_interface/lib/python3.8/site-packages/pixhawk_interface-0.0.0-py3.8.egg-info' (and everything under it)\n"}
[7.588475] (pixhawk_interface) StdoutLine: {'line': b'Copying ../../build/pixhawk_interface/pixhawk_interface.egg-info to /home/robosub/nuros_ws/install/pixhawk_interface/lib/python3.8/site-packages/pixhawk_interface-0.0.0-py3.8.egg-info\n'}
[7.589273] (main_head) StdoutLine: {'line': b'running install_scripts\n'}
[7.589646] (-) TimerEvent: {}
[7.603874] (pixhawk_interface) StdoutLine: {'line': b'running install_scripts\n'}
[7.654638] (main_head) StdoutLine: {'line': b'Installing master_node script to /home/robosub/nuros_ws/install/main_head/lib/main_head\n'}
[7.669987] (pixhawk_interface) StdoutLine: {'line': b'Installing interface_node script to /home/robosub/nuros_ws/install/pixhawk_interface/lib/pixhawk_interface\n'}
[7.689889] (-) TimerEvent: {}
[7.775299] (main_head) StdoutLine: {'line': b"writing list of installed files to '/home/robosub/nuros_ws/build/main_head/install.log'\n"}
[7.777143] (pixhawk_interface) StdoutLine: {'line': b"writing list of installed files to '/home/robosub/nuros_ws/build/pixhawk_interface/install.log'\n"}
[7.790164] (-) TimerEvent: {}
[7.884328] (main_head) CommandEnded: {'returncode': 0}
[7.890289] (-) TimerEvent: {}
[7.991541] (-) TimerEvent: {}
[8.092076] (-) TimerEvent: {}
[8.102972] (main_head) JobEnded: {'identifier': 'main_head', 'rc': 0}
[8.117388] (pixhawk_interface) CommandEnded: {'returncode': 0}
[8.157870] (pixhawk_interface) JobEnded: {'identifier': 'pixhawk_interface', 'rc': 0}
[8.161422] (-) EventReactorShutdown: {}
