[4.453s] Invoking command in '/home/robosub/nuros_ws/src/image_processing': PYTHONPATH=/home/robosub/nuros_ws/build/image_processing/prefix_override:/home/robosub/nuros_ws/install/image_processing/lib/python3.8/site-packages: /usr/bin/python3 setup.py egg_info --egg-base ../../build/image_processing build --build-base /home/robosub/nuros_ws/build/image_processing/build install --record /home/robosub/nuros_ws/build/image_processing/install.log --install-scripts $base/lib/image_processing --single-version-externally-managed
[5.328s] running egg_info
[5.330s] writing ../../build/image_processing/image_processing.egg-info/PKG-INFO
[5.332s] writing dependency_links to ../../build/image_processing/image_processing.egg-info/dependency_links.txt
[5.334s] writing entry points to ../../build/image_processing/image_processing.egg-info/entry_points.txt
[5.403s] writing requirements to ../../build/image_processing/image_processing.egg-info/requires.txt
[5.405s] writing top-level names to ../../build/image_processing/image_processing.egg-info/top_level.txt
[5.600s] reading manifest file '../../build/image_processing/image_processing.egg-info/SOURCES.txt'
[5.606s] writing manifest file '../../build/image_processing/image_processing.egg-info/SOURCES.txt'
[5.608s] running build
[5.651s] running build_py
[5.665s] running install
[5.673s] running install_lib
[5.725s] running install_data
[5.726s] running install_egg_info
[5.726s] removing '/home/robosub/nuros_ws/install/image_processing/lib/python3.8/site-packages/image_processing-0.0.0-py3.8.egg-info' (and everything under it)
[5.726s] Copying ../../build/image_processing/image_processing.egg-info to /home/robosub/nuros_ws/install/image_processing/lib/python3.8/site-packages/image_processing-0.0.0-py3.8.egg-info
[5.727s] running install_scripts
[5.779s] Installing cv_imshow_node script to /home/robosub/nuros_ws/install/image_processing/lib/image_processing
[5.781s] writing list of installed files to '/home/robosub/nuros_ws/build/image_processing/install.log'
[5.890s] Invoked command in '/home/robosub/nuros_ws/src/image_processing' returned '0': PYTHONPATH=/home/robosub/nuros_ws/build/image_processing/prefix_override:/home/robosub/nuros_ws/install/image_processing/lib/python3.8/site-packages: /usr/bin/python3 setup.py egg_info --egg-base ../../build/image_processing build --build-base /home/robosub/nuros_ws/build/image_processing/build install --record /home/robosub/nuros_ws/build/image_processing/install.log --install-scripts $base/lib/image_processing --single-version-externally-managed
