[8.765s] Invoking command in '/home/robosub/nuros_ws/src/main_head': PYTHONPATH=/home/robosub/nuros_ws/build/main_head/prefix_override:/home/robosub/nuros_ws/install/main_head/lib/python3.8/site-packages: /usr/bin/python3 setup.py egg_info --egg-base ../../build/main_head build --build-base /home/robosub/nuros_ws/build/main_head/build install --record /home/robosub/nuros_ws/build/main_head/install.log --install-scripts $base/lib/main_head --single-version-externally-managed
[10.480s] running egg_info
[10.490s] writing ../../build/main_head/main_head.egg-info/PKG-INFO
[10.491s] writing dependency_links to ../../build/main_head/main_head.egg-info/dependency_links.txt
[10.493s] writing entry points to ../../build/main_head/main_head.egg-info/entry_points.txt
[10.525s] writing requirements to ../../build/main_head/main_head.egg-info/requires.txt
[10.526s] writing top-level names to ../../build/main_head/main_head.egg-info/top_level.txt
[10.727s] reading manifest file '../../build/main_head/main_head.egg-info/SOURCES.txt'
[10.733s] writing manifest file '../../build/main_head/main_head.egg-info/SOURCES.txt'
[10.735s] running build
[10.736s] running build_py
[10.807s] running install
[10.808s] running install_lib
[10.808s] running install_data
[10.808s] running install_egg_info
[10.809s] removing '/home/robosub/nuros_ws/install/main_head/lib/python3.8/site-packages/main_head-0.0.0-py3.8.egg-info' (and everything under it)
[10.809s] Copying ../../build/main_head/main_head.egg-info to /home/robosub/nuros_ws/install/main_head/lib/python3.8/site-packages/main_head-0.0.0-py3.8.egg-info
[10.828s] running install_scripts
[11.043s] Installing master_node script to /home/robosub/nuros_ws/install/main_head/lib/main_head
[11.045s] writing list of installed files to '/home/robosub/nuros_ws/build/main_head/install.log'
[11.407s] Invoked command in '/home/robosub/nuros_ws/src/main_head' returned '0': PYTHONPATH=/home/robosub/nuros_ws/build/main_head/prefix_override:/home/robosub/nuros_ws/install/main_head/lib/python3.8/site-packages: /usr/bin/python3 setup.py egg_info --egg-base ../../build/main_head build --build-base /home/robosub/nuros_ws/build/main_head/build install --record /home/robosub/nuros_ws/build/main_head/install.log --install-scripts $base/lib/main_head --single-version-externally-managed
