[3.490s] Invoking command in '/home/robosub/nuros_ws/src/main_head': PYTHONPATH=/home/robosub/nuros_ws/build/main_head/prefix_override:/home/robosub/nuros_ws/install/main_head/lib/python3.8/site-packages: /usr/bin/python3 setup.py egg_info --egg-base ../../build/main_head build --build-base /home/robosub/nuros_ws/build/main_head/build install --record /home/robosub/nuros_ws/build/main_head/install.log --install-scripts $base/lib/main_head --single-version-externally-managed
[4.341s] running egg_info
[4.344s] writing ../../build/main_head/main_head.egg-info/PKG-INFO
[4.345s] writing dependency_links to ../../build/main_head/main_head.egg-info/dependency_links.txt
[4.346s] writing entry points to ../../build/main_head/main_head.egg-info/entry_points.txt
[4.369s] writing requirements to ../../build/main_head/main_head.egg-info/requires.txt
[4.423s] writing top-level names to ../../build/main_head/main_head.egg-info/top_level.txt
[4.624s] reading manifest file '../../build/main_head/main_head.egg-info/SOURCES.txt'
[4.629s] writing manifest file '../../build/main_head/main_head.egg-info/SOURCES.txt'
[4.629s] running build
[4.630s] running build_py
[4.638s] running install
[4.771s] running install_lib
[4.776s] running install_data
[4.778s] running install_egg_info
[4.784s] removing '/home/robosub/nuros_ws/install/main_head/lib/python3.8/site-packages/main_head-0.0.0-py3.8.egg-info' (and everything under it)
[4.785s] Copying ../../build/main_head/main_head.egg-info to /home/robosub/nuros_ws/install/main_head/lib/python3.8/site-packages/main_head-0.0.0-py3.8.egg-info
[4.791s] running install_scripts
[4.854s] Installing master_node script to /home/robosub/nuros_ws/install/main_head/lib/main_head
[4.856s] writing list of installed files to '/home/robosub/nuros_ws/build/main_head/install.log'
[4.951s] Invoked command in '/home/robosub/nuros_ws/src/main_head' returned '0': PYTHONPATH=/home/robosub/nuros_ws/build/main_head/prefix_override:/home/robosub/nuros_ws/install/main_head/lib/python3.8/site-packages: /usr/bin/python3 setup.py egg_info --egg-base ../../build/main_head build --build-base /home/robosub/nuros_ws/build/main_head/build install --record /home/robosub/nuros_ws/build/main_head/install.log --install-scripts $base/lib/main_head --single-version-externally-managed
