[0.909s] Invoking command in '/home/robosub/nuros_ws/build/interfaces': /usr/bin/cmake --build /home/robosub/nuros_ws/build/interfaces -- -j4 -l4
[2.659s] [  1%] Built target interfaces__cpp
[2.660s] [ 12%] Built target interfaces__rosidl_generator_c
[2.661s] [ 23%] Built target interfaces__rosidl_typesupport_cpp
[2.662s] [ 34%] Built target interfaces__rosidl_typesupport_introspection_cpp
[2.664s] [ 45%] Built target interfaces__rosidl_typesupport_c
[2.665s] [ 56%] Built target interfaces__rosidl_typesupport_fastrtps_cpp
[2.667s] [ 67%] Built target interfaces__rosidl_typesupport_introspection_c
[2.668s] [ 78%] Built target interfaces__rosidl_typesupport_fastrtps_c
[2.669s] [ 78%] Built target interfaces
[2.670s] [ 80%] Built target interfaces__py
[2.675s] [ 89%] Built target interfaces__python
[2.677s] [ 92%] Built target interfaces__rosidl_typesupport_c__pyext
[2.678s] [ 98%] Built target interfaces__rosidl_typesupport_introspection_c__pyext
[2.678s] [100%] Built target interfaces__rosidl_typesupport_fastrtps_c__pyext
[2.679s] Invoked command in '/home/robosub/nuros_ws/build/interfaces' returned '0': /usr/bin/cmake --build /home/robosub/nuros_ws/build/interfaces -- -j4 -l4
[3.339s] Invoking command in '/home/robosub/nuros_ws/build/interfaces': /usr/bin/cmake --install /home/robosub/nuros_ws/build/interfaces
[3.397s] -- Install configuration: ""
[3.398s] -- Up-to-date: /home/robosub/nuros_ws/install/interfaces/share/ament_index/resource_index/rosidl_interfaces/interfaces
[3.399s] -- Up-to-date: /home/robosub/nuros_ws/install/interfaces/include/interfaces
[3.400s] -- Up-to-date: /home/robosub/nuros_ws/install/interfaces/include/interfaces/msg
[3.401s] -- Up-to-date: /home/robosub/nuros_ws/install/interfaces/include/interfaces/msg/detail
[3.402s] -- Up-to-date: /home/robosub/nuros_ws/install/interfaces/include/interfaces/msg/detail/attitude__type_support.h
[3.402s] -- Up-to-date: /home/robosub/nuros_ws/install/interfaces/include/interfaces/msg/detail/attitude__functions.c
[3.403s] -- Up-to-date: /home/robosub/nuros_ws/install/interfaces/include/interfaces/msg/detail/attitude__functions.h
[3.404s] -- Up-to-date: /home/robosub/nuros_ws/install/interfaces/include/interfaces/msg/detail/attitude__struct.h
[3.405s] -- Up-to-date: /home/robosub/nuros_ws/install/interfaces/include/interfaces/msg/attitude.h
[3.405s] -- Up-to-date: /home/robosub/nuros_ws/install/interfaces/include/interfaces/msg/rosidl_generator_c__visibility_control.h
[3.406s] -- Up-to-date: /home/robosub/nuros_ws/install/interfaces/include/interfaces/srv
[3.407s] -- Up-to-date: /home/robosub/nuros_ws/install/interfaces/include/interfaces/srv/disarm_pixhawk.h
[3.407s] -- Up-to-date: /home/robosub/nuros_ws/install/interfaces/include/interfaces/srv/detail
[3.409s] -- Up-to-date: /home/robosub/nuros_ws/install/interfaces/include/interfaces/srv/detail/arm_pixhawk__struct.h
[3.410s] -- Up-to-date: /home/robosub/nuros_ws/install/interfaces/include/interfaces/srv/detail/arm_pixhawk__functions.h
[3.421s] -- Up-to-date: /home/robosub/nuros_ws/install/interfaces/include/interfaces/srv/detail/disarm_pixhawk__functions.h
[3.421s] -- Up-to-date: /home/robosub/nuros_ws/install/interfaces/include/interfaces/srv/detail/disarm_pixhawk__functions.c
[3.421s] -- Up-to-date: /home/robosub/nuros_ws/install/interfaces/include/interfaces/srv/detail/start_routine__functions.h
[3.423s] -- Up-to-date: /home/robosub/nuros_ws/install/interfaces/include/interfaces/srv/detail/disarm_pixhawk__type_support.h
[3.423s] -- Up-to-date: /home/robosub/nuros_ws/install/interfaces/include/interfaces/srv/detail/start_routine__struct.h
[3.423s] -- Up-to-date: /home/robosub/nuros_ws/install/interfaces/include/interfaces/srv/detail/disarm_pixhawk__struct.h
[3.424s] -- Up-to-date: /home/robosub/nuros_ws/install/interfaces/include/interfaces/srv/detail/start_routine__type_support.h
[3.424s] -- Up-to-date: /home/robosub/nuros_ws/install/interfaces/include/interfaces/srv/detail/arm_pixhawk__functions.c
[3.425s] -- Up-to-date: /home/robosub/nuros_ws/install/interfaces/include/interfaces/srv/detail/arm_pixhawk__type_support.h
[3.425s] -- Up-to-date: /home/robosub/nuros_ws/install/interfaces/include/interfaces/srv/detail/start_routine__functions.c
[3.425s] -- Up-to-date: /home/robosub/nuros_ws/install/interfaces/include/interfaces/srv/arm_pixhawk.h
[3.426s] -- Up-to-date: /home/robosub/nuros_ws/install/interfaces/include/interfaces/srv/start_routine.h
[3.426s] -- Up-to-date: /home/robosub/nuros_ws/install/interfaces/share/interfaces/environment/library_path.sh
[3.426s] -- Up-to-date: /home/robosub/nuros_ws/install/interfaces/share/interfaces/environment/library_path.dsv
[3.426s] -- Up-to-date: /home/robosub/nuros_ws/install/interfaces/lib/libinterfaces__rosidl_generator_c.so
[3.427s] -- Up-to-date: /home/robosub/nuros_ws/install/interfaces/include/interfaces
[3.427s] -- Up-to-date: /home/robosub/nuros_ws/install/interfaces/include/interfaces/msg
[3.427s] -- Up-to-date: /home/robosub/nuros_ws/install/interfaces/include/interfaces/msg/detail
[3.428s] -- Up-to-date: /home/robosub/nuros_ws/install/interfaces/include/interfaces/msg/detail/attitude__rosidl_typesupport_fastrtps_c.h
[3.428s] -- Up-to-date: /home/robosub/nuros_ws/install/interfaces/include/interfaces/msg/rosidl_typesupport_fastrtps_c__visibility_control.h
[3.429s] -- Up-to-date: /home/robosub/nuros_ws/install/interfaces/include/interfaces/srv
[3.429s] -- Up-to-date: /home/robosub/nuros_ws/install/interfaces/include/interfaces/srv/detail
[3.429s] -- Up-to-date: /home/robosub/nuros_ws/install/interfaces/include/interfaces/srv/detail/disarm_pixhawk__rosidl_typesupport_fastrtps_c.h
[3.429s] -- Up-to-date: /home/robosub/nuros_ws/install/interfaces/include/interfaces/srv/detail/arm_pixhawk__rosidl_typesupport_fastrtps_c.h
[3.430s] -- Up-to-date: /home/robosub/nuros_ws/install/interfaces/include/interfaces/srv/detail/start_routine__rosidl_typesupport_fastrtps_c.h
[3.430s] -- Up-to-date: /home/robosub/nuros_ws/install/interfaces/lib/libinterfaces__rosidl_typesupport_fastrtps_c.so
[3.440s] -- Up-to-date: /home/robosub/nuros_ws/install/interfaces/include/interfaces
[3.441s] -- Up-to-date: /home/robosub/nuros_ws/install/interfaces/include/interfaces/msg
[3.441s] -- Up-to-date: /home/robosub/nuros_ws/install/interfaces/include/interfaces/msg/detail
[3.442s] -- Up-to-date: /home/robosub/nuros_ws/install/interfaces/include/interfaces/msg/detail/attitude__rosidl_typesupport_fastrtps_cpp.hpp
[3.442s] -- Up-to-date: /home/robosub/nuros_ws/install/interfaces/include/interfaces/msg/detail/dds_fastrtps
[3.442s] -- Up-to-date: /home/robosub/nuros_ws/install/interfaces/include/interfaces/msg/rosidl_typesupport_fastrtps_cpp__visibility_control.h
[3.443s] -- Up-to-date: /home/robosub/nuros_ws/install/interfaces/include/interfaces/srv
[3.443s] -- Up-to-date: /home/robosub/nuros_ws/install/interfaces/include/interfaces/srv/detail
[3.443s] -- Up-to-date: /home/robosub/nuros_ws/install/interfaces/include/interfaces/srv/detail/disarm_pixhawk__rosidl_typesupport_fastrtps_cpp.hpp
[3.444s] -- Up-to-date: /home/robosub/nuros_ws/install/interfaces/include/interfaces/srv/detail/dds_fastrtps
[3.444s] -- Up-to-date: /home/robosub/nuros_ws/install/interfaces/include/interfaces/srv/detail/start_routine__rosidl_typesupport_fastrtps_cpp.hpp
[3.444s] -- Up-to-date: /home/robosub/nuros_ws/install/interfaces/include/interfaces/srv/detail/arm_pixhawk__rosidl_typesupport_fastrtps_cpp.hpp
[3.445s] -- Up-to-date: /home/robosub/nuros_ws/install/interfaces/lib/libinterfaces__rosidl_typesupport_fastrtps_cpp.so
[3.445s] -- Up-to-date: /home/robosub/nuros_ws/install/interfaces/include/interfaces
[3.445s] -- Up-to-date: /home/robosub/nuros_ws/install/interfaces/include/interfaces/msg
[3.446s] -- Up-to-date: /home/robosub/nuros_ws/install/interfaces/include/interfaces/msg/rosidl_typesupport_introspection_c__visibility_control.h
[3.446s] -- Up-to-date: /home/robosub/nuros_ws/install/interfaces/include/interfaces/msg/detail
[3.446s] -- Up-to-date: /home/robosub/nuros_ws/install/interfaces/include/interfaces/msg/detail/attitude__rosidl_typesupport_introspection_c.h
[3.446s] -- Up-to-date: /home/robosub/nuros_ws/install/interfaces/include/interfaces/msg/detail/attitude__type_support.c
[3.447s] -- Up-to-date: /home/robosub/nuros_ws/install/interfaces/include/interfaces/srv
[3.447s] -- Up-to-date: /home/robosub/nuros_ws/install/interfaces/include/interfaces/srv/detail
[3.447s] -- Up-to-date: /home/robosub/nuros_ws/install/interfaces/include/interfaces/srv/detail/start_routine__type_support.c
[3.448s] -- Up-to-date: /home/robosub/nuros_ws/install/interfaces/include/interfaces/srv/detail/arm_pixhawk__rosidl_typesupport_introspection_c.h
[3.448s] -- Up-to-date: /home/robosub/nuros_ws/install/interfaces/include/interfaces/srv/detail/arm_pixhawk__type_support.c
[3.449s] -- Up-to-date: /home/robosub/nuros_ws/install/interfaces/include/interfaces/srv/detail/disarm_pixhawk__rosidl_typesupport_introspection_c.h
[3.449s] -- Up-to-date: /home/robosub/nuros_ws/install/interfaces/include/interfaces/srv/detail/disarm_pixhawk__type_support.c
[3.449s] -- Up-to-date: /home/robosub/nuros_ws/install/interfaces/include/interfaces/srv/detail/start_routine__rosidl_typesupport_introspection_c.h
[3.454s] -- Up-to-date: /home/robosub/nuros_ws/install/interfaces/lib/libinterfaces__rosidl_typesupport_introspection_c.so
[3.456s] -- Up-to-date: /home/robosub/nuros_ws/install/interfaces/lib/libinterfaces__rosidl_typesupport_c.so
[3.458s] -- Up-to-date: /home/robosub/nuros_ws/install/interfaces/include/interfaces
[3.459s] -- Up-to-date: /home/robosub/nuros_ws/install/interfaces/include/interfaces/msg
[3.460s] -- Up-to-date: /home/robosub/nuros_ws/install/interfaces/include/interfaces/msg/attitude.hpp
[3.460s] -- Up-to-date: /home/robosub/nuros_ws/install/interfaces/include/interfaces/msg/detail
[3.469s] -- Up-to-date: /home/robosub/nuros_ws/install/interfaces/include/interfaces/msg/detail/attitude__struct.hpp
[3.469s] -- Up-to-date: /home/robosub/nuros_ws/install/interfaces/include/interfaces/msg/detail/attitude__traits.hpp
[3.470s] -- Up-to-date: /home/robosub/nuros_ws/install/interfaces/include/interfaces/msg/detail/attitude__builder.hpp
[3.470s] -- Up-to-date: /home/robosub/nuros_ws/install/interfaces/include/interfaces/srv
[3.470s] -- Up-to-date: /home/robosub/nuros_ws/install/interfaces/include/interfaces/srv/arm_pixhawk.hpp
[3.471s] -- Up-to-date: /home/robosub/nuros_ws/install/interfaces/include/interfaces/srv/detail
[3.471s] -- Up-to-date: /home/robosub/nuros_ws/install/interfaces/include/interfaces/srv/detail/disarm_pixhawk__struct.hpp
[3.471s] -- Up-to-date: /home/robosub/nuros_ws/install/interfaces/include/interfaces/srv/detail/arm_pixhawk__builder.hpp
[3.471s] -- Up-to-date: /home/robosub/nuros_ws/install/interfaces/include/interfaces/srv/detail/start_routine__traits.hpp
[3.472s] -- Up-to-date: /home/robosub/nuros_ws/install/interfaces/include/interfaces/srv/detail/arm_pixhawk__traits.hpp
[3.472s] -- Up-to-date: /home/robosub/nuros_ws/install/interfaces/include/interfaces/srv/detail/arm_pixhawk__struct.hpp
[3.473s] -- Up-to-date: /home/robosub/nuros_ws/install/interfaces/include/interfaces/srv/detail/start_routine__struct.hpp
[3.473s] -- Up-to-date: /home/robosub/nuros_ws/install/interfaces/include/interfaces/srv/detail/disarm_pixhawk__builder.hpp
[3.473s] -- Up-to-date: /home/robosub/nuros_ws/install/interfaces/include/interfaces/srv/detail/disarm_pixhawk__traits.hpp
[3.473s] -- Up-to-date: /home/robosub/nuros_ws/install/interfaces/include/interfaces/srv/detail/start_routine__builder.hpp
[3.474s] -- Up-to-date: /home/robosub/nuros_ws/install/interfaces/include/interfaces/srv/start_routine.hpp
[3.474s] -- Up-to-date: /home/robosub/nuros_ws/install/interfaces/include/interfaces/srv/disarm_pixhawk.hpp
[3.475s] -- Up-to-date: /home/robosub/nuros_ws/install/interfaces/include/interfaces
[3.476s] -- Up-to-date: /home/robosub/nuros_ws/install/interfaces/include/interfaces/msg
[3.484s] -- Up-to-date: /home/robosub/nuros_ws/install/interfaces/include/interfaces/msg/detail
[3.484s] -- Up-to-date: /home/robosub/nuros_ws/install/interfaces/include/interfaces/msg/detail/attitude__rosidl_typesupport_introspection_cpp.hpp
[3.485s] -- Up-to-date: /home/robosub/nuros_ws/install/interfaces/include/interfaces/msg/detail/attitude__type_support.cpp
[3.485s] -- Up-to-date: /home/robosub/nuros_ws/install/interfaces/include/interfaces/srv
[3.485s] -- Up-to-date: /home/robosub/nuros_ws/install/interfaces/include/interfaces/srv/detail
[3.486s] -- Up-to-date: /home/robosub/nuros_ws/install/interfaces/include/interfaces/srv/detail/disarm_pixhawk__type_support.cpp
[3.486s] -- Up-to-date: /home/robosub/nuros_ws/install/interfaces/include/interfaces/srv/detail/start_routine__rosidl_typesupport_introspection_cpp.hpp
[3.486s] -- Up-to-date: /home/robosub/nuros_ws/install/interfaces/include/interfaces/srv/detail/start_routine__type_support.cpp
[3.487s] -- Up-to-date: /home/robosub/nuros_ws/install/interfaces/include/interfaces/srv/detail/arm_pixhawk__type_support.cpp
[3.487s] -- Up-to-date: /home/robosub/nuros_ws/install/interfaces/include/interfaces/srv/detail/disarm_pixhawk__rosidl_typesupport_introspection_cpp.hpp
[3.487s] -- Up-to-date: /home/robosub/nuros_ws/install/interfaces/include/interfaces/srv/detail/arm_pixhawk__rosidl_typesupport_introspection_cpp.hpp
[3.487s] -- Up-to-date: /home/robosub/nuros_ws/install/interfaces/lib/libinterfaces__rosidl_typesupport_introspection_cpp.so
[3.496s] -- Up-to-date: /home/robosub/nuros_ws/install/interfaces/lib/libinterfaces__rosidl_typesupport_cpp.so
[3.497s] -- Up-to-date: /home/robosub/nuros_ws/install/interfaces/share/interfaces/environment/pythonpath.sh
[3.497s] -- Up-to-date: /home/robosub/nuros_ws/install/interfaces/share/interfaces/environment/pythonpath.dsv
[3.497s] -- Up-to-date: /home/robosub/nuros_ws/install/interfaces/lib/python3.8/site-packages/interfaces/__init__.py
[3.635s] -- Up-to-date: /home/robosub/nuros_ws/install/interfaces/lib/python3.8/site-packages/interfaces/srv
[3.636s] -- Up-to-date: /home/robosub/nuros_ws/install/interfaces/lib/python3.8/site-packages/interfaces/srv/_arm_pixhawk.py
[3.637s] -- Up-to-date: /home/robosub/nuros_ws/install/interfaces/lib/python3.8/site-packages/interfaces/srv/_arm_pixhawk_s.c
[3.637s] -- Up-to-date: /home/robosub/nuros_ws/install/interfaces/lib/python3.8/site-packages/interfaces/srv/_start_routine_s.c
[3.637s] -- Up-to-date: /home/robosub/nuros_ws/install/interfaces/lib/python3.8/site-packages/interfaces/srv/_start_routine.py
[3.638s] -- Up-to-date: /home/robosub/nuros_ws/install/interfaces/lib/python3.8/site-packages/interfaces/srv/_disarm_pixhawk.py
[3.638s] -- Up-to-date: /home/robosub/nuros_ws/install/interfaces/lib/python3.8/site-packages/interfaces/srv/_disarm_pixhawk_s.c
[3.638s] -- Up-to-date: /home/robosub/nuros_ws/install/interfaces/lib/python3.8/site-packages/interfaces/srv/__init__.py
[3.639s] -- Up-to-date: /home/robosub/nuros_ws/install/interfaces/lib/python3.8/site-packages/interfaces/msg
[3.640s] -- Up-to-date: /home/robosub/nuros_ws/install/interfaces/lib/python3.8/site-packages/interfaces/msg/_attitude_s.c
[3.640s] -- Up-to-date: /home/robosub/nuros_ws/install/interfaces/lib/python3.8/site-packages/interfaces/msg/_attitude.py
[3.640s] -- Up-to-date: /home/robosub/nuros_ws/install/interfaces/lib/python3.8/site-packages/interfaces/msg/__init__.py
[3.641s] -- Up-to-date: /home/robosub/nuros_ws/install/interfaces/lib/python3.8/site-packages/interfaces/interfaces_s__rosidl_typesupport_fastrtps_c.cpython-38-aarch64-linux-gnu.so
[3.643s] -- Up-to-date: /home/robosub/nuros_ws/install/interfaces/lib/python3.8/site-packages/interfaces/interfaces_s__rosidl_typesupport_introspection_c.cpython-38-aarch64-linux-gnu.so
[3.646s] -- Up-to-date: /home/robosub/nuros_ws/install/interfaces/lib/python3.8/site-packages/interfaces/interfaces_s__rosidl_typesupport_c.cpython-38-aarch64-linux-gnu.so
[3.648s] -- Up-to-date: /home/robosub/nuros_ws/install/interfaces/lib/libinterfaces__python.so
[3.650s] -- Up-to-date: /home/robosub/nuros_ws/install/interfaces/share/interfaces/srv/ArmPixhawk.idl
[3.651s] -- Up-to-date: /home/robosub/nuros_ws/install/interfaces/share/interfaces/srv/DisarmPixhawk.idl
[3.651s] -- Up-to-date: /home/robosub/nuros_ws/install/interfaces/share/interfaces/srv/StartRoutine.idl
[3.652s] -- Up-to-date: /home/robosub/nuros_ws/install/interfaces/share/interfaces/msg/Attitude.idl
[3.653s] -- Up-to-date: /home/robosub/nuros_ws/install/interfaces/share/interfaces/srv/ArmPixhawk.srv
[3.653s] -- Up-to-date: /home/robosub/nuros_ws/install/interfaces/share/interfaces/srv/ArmPixhawk_Request.msg
[3.654s] -- Up-to-date: /home/robosub/nuros_ws/install/interfaces/share/interfaces/srv/ArmPixhawk_Response.msg
[3.655s] -- Up-to-date: /home/robosub/nuros_ws/install/interfaces/share/interfaces/srv/DisarmPixhawk.srv
[3.655s] -- Up-to-date: /home/robosub/nuros_ws/install/interfaces/share/interfaces/srv/DisarmPixhawk_Request.msg
[3.655s] -- Up-to-date: /home/robosub/nuros_ws/install/interfaces/share/interfaces/srv/DisarmPixhawk_Response.msg
[3.655s] -- Up-to-date: /home/robosub/nuros_ws/install/interfaces/share/interfaces/srv/StartRoutine.srv
[3.656s] -- Up-to-date: /home/robosub/nuros_ws/install/interfaces/share/interfaces/srv/StartRoutine_Request.msg
[3.657s] -- Up-to-date: /home/robosub/nuros_ws/install/interfaces/share/interfaces/srv/StartRoutine_Response.msg
[3.657s] -- Up-to-date: /home/robosub/nuros_ws/install/interfaces/share/interfaces/msg/Attitude.msg
[3.658s] -- Up-to-date: /home/robosub/nuros_ws/install/interfaces/share/ament_index/resource_index/package_run_dependencies/interfaces
[3.659s] -- Up-to-date: /home/robosub/nuros_ws/install/interfaces/share/ament_index/resource_index/parent_prefix_path/interfaces
[3.660s] -- Up-to-date: /home/robosub/nuros_ws/install/interfaces/share/interfaces/environment/ament_prefix_path.sh
[3.660s] -- Up-to-date: /home/robosub/nuros_ws/install/interfaces/share/interfaces/environment/ament_prefix_path.dsv
[3.660s] -- Up-to-date: /home/robosub/nuros_ws/install/interfaces/share/interfaces/environment/path.sh
[3.663s] -- Up-to-date: /home/robosub/nuros_ws/install/interfaces/share/interfaces/environment/path.dsv
[3.664s] -- Up-to-date: /home/robosub/nuros_ws/install/interfaces/share/interfaces/local_setup.bash
[3.665s] -- Up-to-date: /home/robosub/nuros_ws/install/interfaces/share/interfaces/local_setup.sh
[3.666s] -- Up-to-date: /home/robosub/nuros_ws/install/interfaces/share/interfaces/local_setup.zsh
[3.667s] -- Up-to-date: /home/robosub/nuros_ws/install/interfaces/share/interfaces/local_setup.dsv
[3.669s] -- Installing: /home/robosub/nuros_ws/install/interfaces/share/interfaces/package.dsv
[3.676s] -- Up-to-date: /home/robosub/nuros_ws/install/interfaces/share/ament_index/resource_index/packages/interfaces
[3.677s] -- Up-to-date: /home/robosub/nuros_ws/install/interfaces/share/interfaces/cmake/interfaces__rosidl_generator_cExport.cmake
[3.677s] -- Up-to-date: /home/robosub/nuros_ws/install/interfaces/share/interfaces/cmake/interfaces__rosidl_generator_cExport-noconfig.cmake
[3.677s] -- Up-to-date: /home/robosub/nuros_ws/install/interfaces/share/interfaces/cmake/interfaces__rosidl_typesupport_introspection_cExport.cmake
[3.678s] -- Up-to-date: /home/robosub/nuros_ws/install/interfaces/share/interfaces/cmake/interfaces__rosidl_typesupport_introspection_cExport-noconfig.cmake
[3.678s] -- Up-to-date: /home/robosub/nuros_ws/install/interfaces/share/interfaces/cmake/interfaces__rosidl_typesupport_cExport.cmake
[3.678s] -- Up-to-date: /home/robosub/nuros_ws/install/interfaces/share/interfaces/cmake/interfaces__rosidl_typesupport_cExport-noconfig.cmake
[3.678s] -- Up-to-date: /home/robosub/nuros_ws/install/interfaces/share/interfaces/cmake/interfaces__rosidl_generator_cppExport.cmake
[3.679s] -- Up-to-date: /home/robosub/nuros_ws/install/interfaces/share/interfaces/cmake/interfaces__rosidl_typesupport_introspection_cppExport.cmake
[3.679s] -- Up-to-date: /home/robosub/nuros_ws/install/interfaces/share/interfaces/cmake/interfaces__rosidl_typesupport_introspection_cppExport-noconfig.cmake
[3.679s] -- Up-to-date: /home/robosub/nuros_ws/install/interfaces/share/interfaces/cmake/interfaces__rosidl_typesupport_cppExport.cmake
[3.680s] -- Up-to-date: /home/robosub/nuros_ws/install/interfaces/share/interfaces/cmake/interfaces__rosidl_typesupport_cppExport-noconfig.cmake
[3.680s] -- Up-to-date: /home/robosub/nuros_ws/install/interfaces/share/interfaces/cmake/rosidl_cmake-extras.cmake
[3.680s] -- Up-to-date: /home/robosub/nuros_ws/install/interfaces/share/interfaces/cmake/ament_cmake_export_dependencies-extras.cmake
[3.681s] -- Up-to-date: /home/robosub/nuros_ws/install/interfaces/share/interfaces/cmake/ament_cmake_export_libraries-extras.cmake
[3.681s] -- Up-to-date: /home/robosub/nuros_ws/install/interfaces/share/interfaces/cmake/ament_cmake_export_targets-extras.cmake
[3.681s] -- Up-to-date: /home/robosub/nuros_ws/install/interfaces/share/interfaces/cmake/ament_cmake_export_include_directories-extras.cmake
[3.681s] -- Up-to-date: /home/robosub/nuros_ws/install/interfaces/share/interfaces/cmake/rosidl_cmake_export_typesupport_libraries-extras.cmake
[3.682s] -- Up-to-date: /home/robosub/nuros_ws/install/interfaces/share/interfaces/cmake/rosidl_cmake_export_typesupport_targets-extras.cmake
[3.682s] -- Up-to-date: /home/robosub/nuros_ws/install/interfaces/share/interfaces/cmake/interfacesConfig.cmake
[3.682s] -- Up-to-date: /home/robosub/nuros_ws/install/interfaces/share/interfaces/cmake/interfacesConfig-version.cmake
[3.682s] -- Up-to-date: /home/robosub/nuros_ws/install/interfaces/share/interfaces/package.xml
[3.707s] Invoked command in '/home/robosub/nuros_ws/build/interfaces' returned '0': /usr/bin/cmake --install /home/robosub/nuros_ws/build/interfaces
