[5.017s] Invoking command in '/home/robosub/nuros_ws/src/pixhawk_interface': PYTHONPATH=/home/robosub/nuros_ws/build/pixhawk_interface/prefix_override:/home/robosub/nuros_ws/install/pixhawk_interface/lib/python3.8/site-packages:${PYTHONPATH} /usr/bin/python3 setup.py egg_info --egg-base ../../build/pixhawk_interface build --build-base /home/robosub/nuros_ws/build/pixhawk_interface/build install --record /home/robosub/nuros_ws/build/pixhawk_interface/install.log --install-scripts $base/lib/pixhawk_interface --single-version-externally-managed
[6.352s] running egg_info
[6.352s] creating ../../build/pixhawk_interface/pixhawk_interface.egg-info
[6.354s] writing ../../build/pixhawk_interface/pixhawk_interface.egg-info/PKG-INFO
[6.354s] writing dependency_links to ../../build/pixhawk_interface/pixhawk_interface.egg-info/dependency_links.txt
[6.355s] writing entry points to ../../build/pixhawk_interface/pixhawk_interface.egg-info/entry_points.txt
[6.355s] writing requirements to ../../build/pixhawk_interface/pixhawk_interface.egg-info/requires.txt
[6.355s] writing top-level names to ../../build/pixhawk_interface/pixhawk_interface.egg-info/top_level.txt
[6.355s] writing manifest file '../../build/pixhawk_interface/pixhawk_interface.egg-info/SOURCES.txt'
[6.495s] reading manifest file '../../build/pixhawk_interface/pixhawk_interface.egg-info/SOURCES.txt'
[6.499s] writing manifest file '../../build/pixhawk_interface/pixhawk_interface.egg-info/SOURCES.txt'
[6.499s] running build
[6.499s] running build_py
[6.512s] creating /home/robosub/nuros_ws/build/pixhawk_interface/build
[6.513s] creating /home/robosub/nuros_ws/build/pixhawk_interface/build/lib
[6.513s] creating /home/robosub/nuros_ws/build/pixhawk_interface/build/lib/pixhawk_interface
[6.514s] copying pixhawk_interface/data_class.py -> /home/robosub/nuros_ws/build/pixhawk_interface/build/lib/pixhawk_interface
[6.514s] copying pixhawk_interface/interface_node.py -> /home/robosub/nuros_ws/build/pixhawk_interface/build/lib/pixhawk_interface
[6.515s] copying pixhawk_interface/pixhawk_controller.py -> /home/robosub/nuros_ws/build/pixhawk_interface/build/lib/pixhawk_interface
[6.515s] copying pixhawk_interface/__init__.py -> /home/robosub/nuros_ws/build/pixhawk_interface/build/lib/pixhawk_interface
[6.516s] running install
[6.537s] running install_lib
[6.541s] creating /home/robosub/nuros_ws/install/pixhawk_interface/lib/python3.8/site-packages/pixhawk_interface
[6.543s] copying /home/robosub/nuros_ws/build/pixhawk_interface/build/lib/pixhawk_interface/data_class.py -> /home/robosub/nuros_ws/install/pixhawk_interface/lib/python3.8/site-packages/pixhawk_interface
[6.543s] copying /home/robosub/nuros_ws/build/pixhawk_interface/build/lib/pixhawk_interface/interface_node.py -> /home/robosub/nuros_ws/install/pixhawk_interface/lib/python3.8/site-packages/pixhawk_interface
[6.543s] copying /home/robosub/nuros_ws/build/pixhawk_interface/build/lib/pixhawk_interface/pixhawk_controller.py -> /home/robosub/nuros_ws/install/pixhawk_interface/lib/python3.8/site-packages/pixhawk_interface
[6.544s] copying /home/robosub/nuros_ws/build/pixhawk_interface/build/lib/pixhawk_interface/__init__.py -> /home/robosub/nuros_ws/install/pixhawk_interface/lib/python3.8/site-packages/pixhawk_interface
[6.565s] byte-compiling /home/robosub/nuros_ws/install/pixhawk_interface/lib/python3.8/site-packages/pixhawk_interface/data_class.py to data_class.cpython-38.pyc
[6.575s] byte-compiling /home/robosub/nuros_ws/install/pixhawk_interface/lib/python3.8/site-packages/pixhawk_interface/interface_node.py to interface_node.cpython-38.pyc
[6.587s] byte-compiling /home/robosub/nuros_ws/install/pixhawk_interface/lib/python3.8/site-packages/pixhawk_interface/pixhawk_controller.py to pixhawk_controller.cpython-38.pyc
[6.589s] byte-compiling /home/robosub/nuros_ws/install/pixhawk_interface/lib/python3.8/site-packages/pixhawk_interface/__init__.py to __init__.cpython-38.pyc
[6.589s] running install_data
[6.596s] creating /home/robosub/nuros_ws/install/pixhawk_interface/share/ament_index
[6.596s] creating /home/robosub/nuros_ws/install/pixhawk_interface/share/ament_index/resource_index
[6.597s] creating /home/robosub/nuros_ws/install/pixhawk_interface/share/ament_index/resource_index/packages
[6.597s] copying resource/pixhawk_interface -> /home/robosub/nuros_ws/install/pixhawk_interface/share/ament_index/resource_index/packages
[6.598s] copying package.xml -> /home/robosub/nuros_ws/install/pixhawk_interface/share/pixhawk_interface
[6.599s] running install_egg_info
[6.607s] Copying ../../build/pixhawk_interface/pixhawk_interface.egg-info to /home/robosub/nuros_ws/install/pixhawk_interface/lib/python3.8/site-packages/pixhawk_interface-0.0.0-py3.8.egg-info
[6.620s] running install_scripts
[6.747s] Installing interface_node script to /home/robosub/nuros_ws/install/pixhawk_interface/lib/pixhawk_interface
[6.751s] writing list of installed files to '/home/robosub/nuros_ws/build/pixhawk_interface/install.log'
[6.868s] Invoked command in '/home/robosub/nuros_ws/src/pixhawk_interface' returned '0': PYTHONPATH=/home/robosub/nuros_ws/build/pixhawk_interface/prefix_override:/home/robosub/nuros_ws/install/pixhawk_interface/lib/python3.8/site-packages:${PYTHONPATH} /usr/bin/python3 setup.py egg_info --egg-base ../../build/pixhawk_interface build --build-base /home/robosub/nuros_ws/build/pixhawk_interface/build install --record /home/robosub/nuros_ws/build/pixhawk_interface/install.log --install-scripts $base/lib/pixhawk_interface --single-version-externally-managed
