[8.706s] Invoking command in '/home/robosub/nuros_ws/src/main_head': PYTHONPATH=/home/robosub/nuros_ws/build/main_head/prefix_override:/home/robosub/nuros_ws/install/main_head/lib/python3.8/site-packages: /usr/bin/python3 setup.py egg_info --egg-base ../../build/main_head build --build-base /home/robosub/nuros_ws/build/main_head/build install --record /home/robosub/nuros_ws/build/main_head/install.log --install-scripts $base/lib/main_head --single-version-externally-managed
[9.840s] running egg_info
[9.860s] writing ../../build/main_head/main_head.egg-info/PKG-INFO
[9.861s] writing dependency_links to ../../build/main_head/main_head.egg-info/dependency_links.txt
[9.862s] writing entry points to ../../build/main_head/main_head.egg-info/entry_points.txt
[9.876s] writing requirements to ../../build/main_head/main_head.egg-info/requires.txt
[9.876s] writing top-level names to ../../build/main_head/main_head.egg-info/top_level.txt
[10.123s] reading manifest file '../../build/main_head/main_head.egg-info/SOURCES.txt'
[10.126s] writing manifest file '../../build/main_head/main_head.egg-info/SOURCES.txt'
[10.128s] running build
[10.129s] running build_py
[10.129s] running install
[10.131s] running install_lib
[10.137s] running install_data
[10.138s] running install_egg_info
[10.143s] removing '/home/robosub/nuros_ws/install/main_head/lib/python3.8/site-packages/main_head-0.0.0-py3.8.egg-info' (and everything under it)
[10.145s] Copying ../../build/main_head/main_head.egg-info to /home/robosub/nuros_ws/install/main_head/lib/python3.8/site-packages/main_head-0.0.0-py3.8.egg-info
[10.151s] running install_scripts
[10.234s] Installing master_node script to /home/robosub/nuros_ws/install/main_head/lib/main_head
[10.235s] writing list of installed files to '/home/robosub/nuros_ws/build/main_head/install.log'
[10.350s] Invoked command in '/home/robosub/nuros_ws/src/main_head' returned '0': PYTHONPATH=/home/robosub/nuros_ws/build/main_head/prefix_override:/home/robosub/nuros_ws/install/main_head/lib/python3.8/site-packages: /usr/bin/python3 setup.py egg_info --egg-base ../../build/main_head build --build-base /home/robosub/nuros_ws/build/main_head/build install --record /home/robosub/nuros_ws/build/main_head/install.log --install-scripts $base/lib/main_head --single-version-externally-managed
