[4.153s] Invoking command in '/home/robosub/nuros_ws/src/main_head': PYTHONPATH=/home/robosub/nuros_ws/build/main_head/prefix_override:/home/robosub/nuros_ws/install/main_head/lib/python3.8/site-packages: /usr/bin/python3 setup.py egg_info --egg-base ../../build/main_head build --build-base /home/robosub/nuros_ws/build/main_head/build install --record /home/robosub/nuros_ws/build/main_head/install.log --install-scripts $base/lib/main_head --single-version-externally-managed
[4.934s] running egg_info
[4.935s] writing ../../build/main_head/main_head.egg-info/PKG-INFO
[5.075s] writing dependency_links to ../../build/main_head/main_head.egg-info/dependency_links.txt
[5.076s] writing entry points to ../../build/main_head/main_head.egg-info/entry_points.txt
[5.077s] writing requirements to ../../build/main_head/main_head.egg-info/requires.txt
[5.077s] writing top-level names to ../../build/main_head/main_head.egg-info/top_level.txt
[5.360s] reading manifest file '../../build/main_head/main_head.egg-info/SOURCES.txt'
[5.365s] writing manifest file '../../build/main_head/main_head.egg-info/SOURCES.txt'
[5.365s] running build
[5.366s] running build_py
[5.369s] running install
[5.372s] running install_lib
[5.380s] running install_data
[5.383s] running install_egg_info
[5.389s] removing '/home/robosub/nuros_ws/install/main_head/lib/python3.8/site-packages/main_head-0.0.0-py3.8.egg-info' (and everything under it)
[5.391s] Copying ../../build/main_head/main_head.egg-info to /home/robosub/nuros_ws/install/main_head/lib/python3.8/site-packages/main_head-0.0.0-py3.8.egg-info
[5.397s] running install_scripts
[5.464s] Installing master_node script to /home/robosub/nuros_ws/install/main_head/lib/main_head
[5.588s] writing list of installed files to '/home/robosub/nuros_ws/build/main_head/install.log'
[5.696s] Invoked command in '/home/robosub/nuros_ws/src/main_head' returned '0': PYTHONPATH=/home/robosub/nuros_ws/build/main_head/prefix_override:/home/robosub/nuros_ws/install/main_head/lib/python3.8/site-packages: /usr/bin/python3 setup.py egg_info --egg-base ../../build/main_head build --build-base /home/robosub/nuros_ws/build/main_head/build install --record /home/robosub/nuros_ws/build/main_head/install.log --install-scripts $base/lib/main_head --single-version-externally-managed
