[0.000000] (-) TimerEvent: {}
[0.000773] (image_processing) JobQueued: {'identifier': 'image_processing', 'dependencies': OrderedDict()}
[0.001884] (interfaces) JobQueued: {'identifier': 'interfaces', 'dependencies': OrderedDict()}
[0.002408] (key_joy) JobQueued: {'identifier': 'key_joy', 'dependencies': OrderedDict()}
[0.002512] (launch_all) JobQueued: {'identifier': 'launch_all', 'dependencies': OrderedDict()}
[0.003416] (main_head) JobQueued: {'identifier': 'main_head', 'dependencies': OrderedDict()}
[0.003619] (pixhawk_interface) JobQueued: {'identifier': 'pixhawk_interface', 'dependencies': OrderedDict()}
[0.003719] (yadd) JobQueued: {'identifier': 'yadd', 'dependencies': OrderedDict()}
[0.003839] (image_processing) JobStarted: {'identifier': 'image_processing'}
[0.099271] (-) TimerEvent: {}
[0.185801] (interfaces) JobStarted: {'identifier': 'interfaces'}
[0.203184] (-) TimerEvent: {}
[0.303668] (-) TimerEvent: {}
[0.355963] (key_joy) JobStarted: {'identifier': 'key_joy'}
[0.404549] (-) TimerEvent: {}
[0.454011] (launch_all) JobStarted: {'identifier': 'launch_all'}
[0.505018] (-) TimerEvent: {}
[0.606065] (-) TimerEvent: {}
[0.706941] (-) TimerEvent: {}
[0.807451] (-) TimerEvent: {}
[0.908014] (-) TimerEvent: {}
[1.008490] (-) TimerEvent: {}
[1.109216] (-) TimerEvent: {}
[1.209705] (-) TimerEvent: {}
[1.310755] (-) TimerEvent: {}
[1.420932] (-) TimerEvent: {}
[1.521426] (-) TimerEvent: {}
[1.622004] (-) TimerEvent: {}
[1.728426] (-) TimerEvent: {}
[1.733885] (interfaces) JobProgress: {'identifier': 'interfaces', 'progress': 'cmake'}
[1.826900] (interfaces) JobProgress: {'identifier': 'interfaces', 'progress': 'build'}
[1.831746] (interfaces) Command: {'cmd': ['/usr/bin/cmake', '--build', '/home/robosub/nuros_ws/build/interfaces', '--', '-j4', '-l4'], 'cwd': '/home/robosub/nuros_ws/build/interfaces', 'env': OrderedDict([('USER', 'robosub'), ('SHLVL', '1'), ('LD_LIBRARY_PATH', '/opt/ros/foxy/opt/yaml_cpp_vendor/lib:/opt/ros/foxy/opt/rviz_ogre_vendor/lib:/opt/ros/foxy/lib/aarch64-linux-gnu:/opt/ros/foxy/lib'), ('HOME', '/home/robosub'), ('OLDPWD', '/'), ('ROS_PYTHON_VERSION', '3'), ('ROS_DISTRO', 'foxy'), ('LOGNAME', 'robosub'), ('JOURNAL_STREAM', '7:42600'), ('_', '/usr/bin/colcon'), ('ROS_VERSION', '2'), ('ROS_LOCALHOST_ONLY', '0'), ('PATH', '/opt/ros/foxy/bin:/usr/local/sbin:/usr/local/bin:/usr/sbin:/usr/bin:/sbin:/bin:/snap/bin'), ('INVOCATION_ID', 'c73eb2ae51524df4b3c489e58fc472f5'), ('LANG', 'en_US.UTF-8'), ('AMENT_PREFIX_PATH', '/opt/ros/foxy'), ('SHELL', '/bin/bash'), ('PWD', '/home/robosub/nuros_ws/build/interfaces'), ('PYTHONPATH', '/opt/ros/foxy/lib/python3.8/site-packages'), ('COLCON', '1'), ('CMAKE_PREFIX_PATH', '/opt/ros/foxy')]), 'shell': False}
[1.850976] (-) TimerEvent: {}
[1.953394] (-) TimerEvent: {}
[2.055320] (-) TimerEvent: {}
[2.155732] (-) TimerEvent: {}
[2.256180] (-) TimerEvent: {}
[2.356838] (-) TimerEvent: {}
[2.457291] (-) TimerEvent: {}
[2.557747] (-) TimerEvent: {}
[2.658184] (-) TimerEvent: {}
[2.758622] (-) TimerEvent: {}
[2.859080] (-) TimerEvent: {}
[2.960461] (-) TimerEvent: {}
[3.061163] (-) TimerEvent: {}
[3.161711] (-) TimerEvent: {}
[3.264264] (-) TimerEvent: {}
[3.365353] (-) TimerEvent: {}
[3.466952] (-) TimerEvent: {}
[3.567463] (-) TimerEvent: {}
[3.667927] (-) TimerEvent: {}
[3.768423] (-) TimerEvent: {}
[3.868865] (-) TimerEvent: {}
[3.969350] (-) TimerEvent: {}
[4.069830] (-) TimerEvent: {}
[4.172925] (-) TimerEvent: {}
[4.273462] (-) TimerEvent: {}
[4.374003] (-) TimerEvent: {}
[4.489184] (-) TimerEvent: {}
[4.575505] (interfaces) StderrLine: {'line': b"make: Warning: File 'Makefile' has modification time 2087 s in the future\n"}
[4.577002] (interfaces) StderrLine: {'line': b"make[1]: Warning: File 'CMakeFiles/Makefile2' has modification time 2086 s in the future\n"}
[4.577422] (interfaces) StderrLine: {'line': b"make[2]: Warning: File 'CMakeFiles/interfaces__cpp.dir/progress.make' has modification time 2086 s in the future\n"}
[4.577730] (interfaces) StderrLine: {'line': b'make[2]: warning:  Clock skew detected.  Your build may be incomplete.\n'}
[4.578012] (interfaces) StderrLine: {'line': b"make[2]: Warning: File 'CMakeFiles/interfaces__cpp.dir/progress.make' has modification time 2086 s in the future\n"}
[4.578337] (interfaces) StderrLine: {'line': b'make[2]: warning:  Clock skew detected.  Your build may be incomplete.\n'}
[4.578608] (interfaces) StderrLine: {'line': b"make[2]: Warning: File 'CMakeFiles/interfaces__rosidl_generator_c.dir/flags.make' has modification time 2086 s in the future\n"}
[4.578883] (interfaces) StderrLine: {'line': b'make[2]: warning:  Clock skew detected.  Your build may be incomplete.\n'}
[4.579152] (interfaces) StderrLine: {'line': b"make[2]: Warning: File 'CMakeFiles/interfaces__rosidl_generator_c.dir/flags.make' has modification time 2086 s in the future\n"}
[4.579449] (interfaces) StderrLine: {'line': b'make[2]: warning:  Clock skew detected.  Your build may be incomplete.\n'}
[4.579723] (interfaces) StderrLine: {'line': b"make[2]: Warning: File 'CMakeFiles/interfaces__rosidl_typesupport_cpp.dir/flags.make' has modification time 2086 s in the future\n"}
[4.580010] (interfaces) StderrLine: {'line': b'make[2]: warning:  Clock skew detected.  Your build may be incomplete.\n'}
[4.580281] (interfaces) StderrLine: {'line': b"make[2]: Warning: File 'CMakeFiles/interfaces__rosidl_typesupport_cpp.dir/flags.make' has modification time 2085 s in the future\n"}
[4.580643] (interfaces) StderrLine: {'line': b'make[2]: warning:  Clock skew detected.  Your build may be incomplete.\n'}
[4.581010] (interfaces) StderrLine: {'line': b"make[2]: Warning: File 'CMakeFiles/interfaces__rosidl_typesupport_c.dir/flags.make' has modification time 2085 s in the future\n"}
[4.581296] (interfaces) StderrLine: {'line': b'make[2]: warning:  Clock skew detected.  Your build may be incomplete.\n'}
[4.581581] (interfaces) StderrLine: {'line': b"make[2]: Warning: File 'CMakeFiles/interfaces__rosidl_typesupport_c.dir/flags.make' has modification time 2085 s in the future\n"}
[4.581857] (interfaces) StderrLine: {'line': b'make[2]: warning:  Clock skew detected.  Your build may be incomplete.\n'}
[4.582127] (interfaces) StderrLine: {'line': b"make[2]: Warning: File 'CMakeFiles/interfaces__rosidl_typesupport_introspection_c.dir/flags.make' has modification time 2085 s in the future\n"}
[4.582413] (interfaces) StderrLine: {'line': b'make[2]: warning:  Clock skew detected.  Your build may be incomplete.\n'}
[4.582690] (interfaces) StderrLine: {'line': b"make[2]: Warning: File 'CMakeFiles/interfaces__rosidl_typesupport_introspection_c.dir/flags.make' has modification time 2085 s in the future\n"}
[4.582974] (interfaces) StderrLine: {'line': b'make[2]: warning:  Clock skew detected.  Your build may be incomplete.\n'}
[4.583245] (interfaces) StdoutLine: {'line': b'[  1%] Built target interfaces__cpp\n'}
[4.583598] (interfaces) StdoutLine: {'line': b'[ 12%] Built target interfaces__rosidl_generator_c\n'}
[4.583869] (interfaces) StdoutLine: {'line': b'[ 23%] Built target interfaces__rosidl_typesupport_cpp\n'}
[4.584139] (interfaces) StdoutLine: {'line': b'[ 34%] Built target interfaces__rosidl_typesupport_c\n'}
[4.584405] (interfaces) StdoutLine: {'line': b'[ 45%] Built target interfaces__rosidl_typesupport_introspection_c\n'}
[4.590536] (-) TimerEvent: {}
[4.693170] (-) TimerEvent: {}
[4.794463] (-) TimerEvent: {}
[4.900720] (-) TimerEvent: {}
[4.986687] (interfaces) StderrLine: {'line': b"make[2]: Warning: File 'CMakeFiles/interfaces__rosidl_typesupport_fastrtps_cpp.dir/flags.make' has modification time 2084 s in the future\n"}
[4.988239] (interfaces) StderrLine: {'line': b'make[2]: warning:  Clock skew detected.  Your build may be incomplete.\n'}
[4.988789] (interfaces) StderrLine: {'line': b"make[2]: Warning: File 'CMakeFiles/interfaces__rosidl_typesupport_fastrtps_cpp.dir/flags.make' has modification time 2084 s in the future\n"}
[5.000540] (-) TimerEvent: {}
[5.097804] (interfaces) StderrLine: {'line': b'make[2]: warning:  Clock skew detected.  Your build may be incomplete.\n'}
[5.104408] (-) TimerEvent: {}
[5.209270] (-) TimerEvent: {}
[5.242236] (interfaces) StdoutLine: {'line': b'[ 56%] Built target interfaces__rosidl_typesupport_fastrtps_cpp\n'}
[5.310106] (-) TimerEvent: {}
[5.366560] (interfaces) StderrLine: {'line': b"make[2]: Warning: File 'CMakeFiles/interfaces__rosidl_typesupport_introspection_cpp.dir/flags.make' has modification time 2084 s in the future\n"}
[5.412910] (-) TimerEvent: {}
[5.516877] (-) TimerEvent: {}
[5.553584] (interfaces) StderrLine: {'line': b'make[2]: warning:  Clock skew detected.  Your build may be incomplete.\n'}
[5.581961] (interfaces) StderrLine: {'line': b"make[2]: Warning: File 'CMakeFiles/interfaces__rosidl_typesupport_introspection_cpp.dir/flags.make' has modification time 2084 s in the future\n"}
[5.600637] (interfaces) StderrLine: {'line': b'make[2]: warning:  Clock skew detected.  Your build may be incomplete.\n'}
[5.617523] (-) TimerEvent: {}
[5.689935] (interfaces) StdoutLine: {'line': b'[ 67%] Built target interfaces__rosidl_typesupport_introspection_cpp\n'}
[5.717712] (-) TimerEvent: {}
[5.818164] (-) TimerEvent: {}
[5.871208] (interfaces) StderrLine: {'line': b"make[2]: Warning: File 'CMakeFiles/interfaces__rosidl_typesupport_fastrtps_c.dir/flags.make' has modification time 2083 s in the future\n"}
[5.918443] (-) TimerEvent: {}
[6.013865] (interfaces) StderrLine: {'line': b'make[2]: warning:  Clock skew detected.  Your build may be incomplete.\n'}
[6.018594] (-) TimerEvent: {}
[6.041313] (interfaces) StderrLine: {'line': b"make[2]: Warning: File 'CMakeFiles/interfaces__rosidl_typesupport_fastrtps_c.dir/flags.make' has modification time 2083 s in the future\n"}
[6.089785] (interfaces) StderrLine: {'line': b'make[2]: warning:  Clock skew detected.  Your build may be incomplete.\n'}
[6.119027] (-) TimerEvent: {}
[6.161046] (interfaces) StdoutLine: {'line': b'[ 78%] Built target interfaces__rosidl_typesupport_fastrtps_c\n'}
[6.219264] (-) TimerEvent: {}
[6.295971] (interfaces) StderrLine: {'line': b"make[2]: Warning: File 'CMakeFiles/interfaces.dir/progress.make' has modification time 2083 s in the future\n"}
[6.319449] (-) TimerEvent: {}
[6.427373] (-) TimerEvent: {}
[6.503498] (interfaces) StderrLine: {'line': b'make[2]: warning:  Clock skew detected.  Your build may be incomplete.\n'}
[6.515624] (interfaces) StderrLine: {'line': b"make[2]: Warning: File 'CMakeFiles/interfaces.dir/progress.make' has modification time 2083 s in the future\n"}
[6.520844] (interfaces) StderrLine: {'line': b'make[2]: warning:  Clock skew detected.  Your build may be incomplete.\n'}
[6.527543] (-) TimerEvent: {}
[6.556922] (interfaces) StdoutLine: {'line': b'[ 78%] Built target interfaces\n'}
[6.570757] (interfaces) StderrLine: {'line': b"make[2]: Warning: File 'interfaces__py/CMakeFiles/interfaces__py.dir/progress.make' has modification time 2083 s in the future\n"}
[6.623577] (interfaces) StderrLine: {'line': b'make[2]: warning:  Clock skew detected.  Your build may be incomplete.\n'}
[6.628125] (-) TimerEvent: {}
[6.641279] (interfaces) StderrLine: {'line': b"make[2]: Warning: File 'interfaces__py/CMakeFiles/interfaces__py.dir/progress.make' has modification time 2083 s in the future\n"}
[6.728207] (-) TimerEvent: {}
[6.804854] (interfaces) StderrLine: {'line': b'make[2]: warning:  Clock skew detected.  Your build may be incomplete.\n'}
[6.828470] (-) TimerEvent: {}
[6.836584] (interfaces) StdoutLine: {'line': b'[ 80%] Built target interfaces__py\n'}
[6.864344] (interfaces) StderrLine: {'line': b"make[2]: Warning: File 'CMakeFiles/interfaces__python.dir/flags.make' has modification time 2082 s in the future\n"}
[6.928859] (-) TimerEvent: {}
[7.032861] (-) TimerEvent: {}
[7.082560] (interfaces) StderrLine: {'line': b'make[2]: warning:  Clock skew detected.  Your build may be incomplete.\n'}
[7.094438] (interfaces) StderrLine: {'line': b"make[2]: Warning: File 'CMakeFiles/interfaces__python.dir/flags.make' has modification time 2082 s in the future\n"}
[7.133086] (-) TimerEvent: {}
[7.135076] (interfaces) StderrLine: {'line': b'make[2]: warning:  Clock skew detected.  Your build may be incomplete.\n'}
[7.172948] (interfaces) StdoutLine: {'line': b'[ 89%] Built target interfaces__python\n'}
[7.233369] (-) TimerEvent: {}
[7.276076] (interfaces) StderrLine: {'line': b"make[2]: Warning: File 'CMakeFiles/interfaces__rosidl_typesupport_introspection_c__pyext.dir/flags.make' has modification time 2082 s in the future\n"}
[7.333587] (-) TimerEvent: {}
[7.434109] (-) TimerEvent: {}
[7.510192] (interfaces) StderrLine: {'line': b'make[2]: warning:  Clock skew detected.  Your build may be incomplete.\n'}
[7.518236] (interfaces) StderrLine: {'line': b"make[2]: Warning: File 'CMakeFiles/interfaces__rosidl_typesupport_introspection_c__pyext.dir/flags.make' has modification time 2081 s in the future\n"}
[7.534305] (-) TimerEvent: {}
[7.539442] (interfaces) StderrLine: {'line': b'make[2]: warning:  Clock skew detected.  Your build may be incomplete.\n'}
[7.586399] (interfaces) StdoutLine: {'line': b'[ 92%] Built target interfaces__rosidl_typesupport_introspection_c__pyext\n'}
[7.634547] (-) TimerEvent: {}
[7.735096] (-) TimerEvent: {}
[7.736619] (interfaces) StderrLine: {'line': b"make[2]: Warning: File 'CMakeFiles/interfaces__rosidl_typesupport_fastrtps_c__pyext.dir/flags.make' has modification time 2081 s in the future\n"}
[7.786407] (interfaces) StderrLine: {'line': b'make[2]: warning:  Clock skew detected.  Your build may be incomplete.\n'}
[7.795763] (interfaces) StderrLine: {'line': b"make[2]: Warning: File 'CMakeFiles/interfaces__rosidl_typesupport_fastrtps_c__pyext.dir/flags.make' has modification time 2081 s in the future\n"}
[7.829352] (interfaces) StderrLine: {'line': b'make[2]: warning:  Clock skew detected.  Your build may be incomplete.\n'}
[7.835198] (-) TimerEvent: {}
[7.875988] (interfaces) StdoutLine: {'line': b'[ 96%] Built target interfaces__rosidl_typesupport_fastrtps_c__pyext\n'}
[7.935415] (-) TimerEvent: {}
[8.000275] (interfaces) StderrLine: {'line': b"make[2]: Warning: File 'CMakeFiles/interfaces__rosidl_typesupport_c__pyext.dir/flags.make' has modification time 2081 s in the future\n"}
[8.035640] (-) TimerEvent: {}
[8.061299] (interfaces) StderrLine: {'line': b'make[2]: warning:  Clock skew detected.  Your build may be incomplete.\n'}
[8.069200] (interfaces) StderrLine: {'line': b"make[2]: Warning: File 'CMakeFiles/interfaces__rosidl_typesupport_c__pyext.dir/flags.make' has modification time 2081 s in the future\n"}
[8.091423] (interfaces) StderrLine: {'line': b'make[2]: warning:  Clock skew detected.  Your build may be incomplete.\n'}
[8.130114] (interfaces) StdoutLine: {'line': b'[100%] Built target interfaces__rosidl_typesupport_c__pyext\n'}
[8.133522] (interfaces) StderrLine: {'line': b'make[1]: warning:  Clock skew detected.  Your build may be incomplete.\n'}
[8.135793] (-) TimerEvent: {}
[8.181519] (interfaces) StderrLine: {'line': b'make: warning:  Clock skew detected.  Your build may be incomplete.\n'}
[8.189833] (interfaces) CommandEnded: {'returncode': 0}
[8.236402] (-) TimerEvent: {}
[8.337278] (-) TimerEvent: {}
[8.437677] (-) TimerEvent: {}
[8.538134] (-) TimerEvent: {}
[8.638617] (-) TimerEvent: {}
[8.659479] (key_joy) Command: {'cmd': ['/usr/bin/python3', 'setup.py', 'egg_info', '--egg-base', '../../build/key_joy', 'build', '--build-base', '/home/robosub/nuros_ws/build/key_joy/build', 'install', '--record', '/home/robosub/nuros_ws/build/key_joy/install.log', '--install-scripts', '$base/lib/key_joy', '--single-version-externally-managed'], 'cwd': '/home/robosub/nuros_ws/src/key_joy', 'env': {'USER': 'robosub', 'SHLVL': '1', 'LD_LIBRARY_PATH': '/opt/ros/foxy/opt/yaml_cpp_vendor/lib:/opt/ros/foxy/opt/rviz_ogre_vendor/lib:/opt/ros/foxy/lib/aarch64-linux-gnu:/opt/ros/foxy/lib', 'HOME': '/home/robosub', 'OLDPWD': '/', 'ROS_PYTHON_VERSION': '3', 'ROS_DISTRO': 'foxy', 'LOGNAME': 'robosub', 'JOURNAL_STREAM': '7:42600', '_': '/usr/bin/colcon', 'ROS_VERSION': '2', 'ROS_LOCALHOST_ONLY': '0', 'PATH': '/opt/ros/foxy/bin:/usr/local/sbin:/usr/local/bin:/usr/sbin:/usr/bin:/sbin:/bin:/snap/bin', 'INVOCATION_ID': 'c73eb2ae51524df4b3c489e58fc472f5', 'LANG': 'en_US.UTF-8', 'AMENT_PREFIX_PATH': '/opt/ros/foxy', 'SHELL': '/bin/bash', 'PWD': '/home/robosub/nuros_ws/build/key_joy', 'PYTHONPATH': '/home/robosub/nuros_ws/build/key_joy/prefix_override:/home/robosub/nuros_ws/install/key_joy/lib/python3.8/site-packages:/opt/ros/foxy/lib/python3.8/site-packages', 'COLCON': '1'}, 'shell': False}
[8.745595] (image_processing) Command: {'cmd': ['/usr/bin/python3', 'setup.py', 'egg_info', '--egg-base', '../../build/image_processing', 'build', '--build-base', '/home/robosub/nuros_ws/build/image_processing/build', 'install', '--record', '/home/robosub/nuros_ws/build/image_processing/install.log', '--install-scripts', '$base/lib/image_processing', '--single-version-externally-managed'], 'cwd': '/home/robosub/nuros_ws/src/image_processing', 'env': {'USER': 'robosub', 'SHLVL': '1', 'LD_LIBRARY_PATH': '/opt/ros/foxy/opt/yaml_cpp_vendor/lib:/opt/ros/foxy/opt/rviz_ogre_vendor/lib:/opt/ros/foxy/lib/aarch64-linux-gnu:/opt/ros/foxy/lib', 'HOME': '/home/robosub', 'OLDPWD': '/', 'ROS_PYTHON_VERSION': '3', 'ROS_DISTRO': 'foxy', 'LOGNAME': 'robosub', 'JOURNAL_STREAM': '7:42600', '_': '/usr/bin/colcon', 'ROS_VERSION': '2', 'ROS_LOCALHOST_ONLY': '0', 'PATH': '/opt/ros/foxy/bin:/usr/local/sbin:/usr/local/bin:/usr/sbin:/usr/bin:/sbin:/bin:/snap/bin', 'INVOCATION_ID': 'c73eb2ae51524df4b3c489e58fc472f5', 'LANG': 'en_US.UTF-8', 'AMENT_PREFIX_PATH': '/opt/ros/foxy', 'SHELL': '/bin/bash', 'PWD': '/home/robosub/nuros_ws/build/image_processing', 'PYTHONPATH': '/home/robosub/nuros_ws/build/image_processing/prefix_override:/home/robosub/nuros_ws/install/image_processing/lib/python3.8/site-packages:/opt/ros/foxy/lib/python3.8/site-packages', 'COLCON': '1'}, 'shell': False}
[8.749489] (-) TimerEvent: {}
[8.850178] (-) TimerEvent: {}
[8.879676] (launch_all) Command: {'cmd': ['/usr/bin/python3', 'setup.py', 'egg_info', '--egg-base', '../../build/launch_all', 'build', '--build-base', '/home/robosub/nuros_ws/build/launch_all/build', 'install', '--record', '/home/robosub/nuros_ws/build/launch_all/install.log', '--install-scripts', '$base/lib/launch_all', '--single-version-externally-managed'], 'cwd': '/home/robosub/nuros_ws/src/launch_all', 'env': {'USER': 'robosub', 'SHLVL': '1', 'LD_LIBRARY_PATH': '/opt/ros/foxy/opt/yaml_cpp_vendor/lib:/opt/ros/foxy/opt/rviz_ogre_vendor/lib:/opt/ros/foxy/lib/aarch64-linux-gnu:/opt/ros/foxy/lib', 'HOME': '/home/robosub', 'OLDPWD': '/', 'ROS_PYTHON_VERSION': '3', 'ROS_DISTRO': 'foxy', 'LOGNAME': 'robosub', 'JOURNAL_STREAM': '7:42600', '_': '/usr/bin/colcon', 'ROS_VERSION': '2', 'ROS_LOCALHOST_ONLY': '0', 'PATH': '/opt/ros/foxy/bin:/usr/local/sbin:/usr/local/bin:/usr/sbin:/usr/bin:/sbin:/bin:/snap/bin', 'INVOCATION_ID': 'c73eb2ae51524df4b3c489e58fc472f5', 'LANG': 'en_US.UTF-8', 'AMENT_PREFIX_PATH': '/opt/ros/foxy', 'SHELL': '/bin/bash', 'PWD': '/home/robosub/nuros_ws/build/launch_all', 'PYTHONPATH': '/home/robosub/nuros_ws/build/launch_all/prefix_override:/home/robosub/nuros_ws/install/launch_all/lib/python3.8/site-packages:/opt/ros/foxy/lib/python3.8/site-packages', 'COLCON': '1'}, 'shell': False}
[8.961079] (-) TimerEvent: {}
[9.061857] (-) TimerEvent: {}
[9.162279] (-) TimerEvent: {}
[9.262685] (-) TimerEvent: {}
[9.363233] (-) TimerEvent: {}
[9.463993] (-) TimerEvent: {}
[9.564374] (-) TimerEvent: {}
[9.612388] (interfaces) JobProgress: {'identifier': 'interfaces', 'progress': 'install'}
[9.663236] (interfaces) Command: {'cmd': ['/usr/bin/cmake', '--install', '/home/robosub/nuros_ws/build/interfaces'], 'cwd': '/home/robosub/nuros_ws/build/interfaces', 'env': OrderedDict([('USER', 'robosub'), ('SHLVL', '1'), ('LD_LIBRARY_PATH', '/opt/ros/foxy/opt/yaml_cpp_vendor/lib:/opt/ros/foxy/opt/rviz_ogre_vendor/lib:/opt/ros/foxy/lib/aarch64-linux-gnu:/opt/ros/foxy/lib'), ('HOME', '/home/robosub'), ('OLDPWD', '/'), ('ROS_PYTHON_VERSION', '3'), ('ROS_DISTRO', 'foxy'), ('LOGNAME', 'robosub'), ('JOURNAL_STREAM', '7:42600'), ('_', '/usr/bin/colcon'), ('ROS_VERSION', '2'), ('ROS_LOCALHOST_ONLY', '0'), ('PATH', '/opt/ros/foxy/bin:/usr/local/sbin:/usr/local/bin:/usr/sbin:/usr/bin:/sbin:/bin:/snap/bin'), ('INVOCATION_ID', 'c73eb2ae51524df4b3c489e58fc472f5'), ('LANG', 'en_US.UTF-8'), ('AMENT_PREFIX_PATH', '/opt/ros/foxy'), ('SHELL', '/bin/bash'), ('PWD', '/home/robosub/nuros_ws/build/interfaces'), ('PYTHONPATH', '/opt/ros/foxy/lib/python3.8/site-packages'), ('COLCON', '1'), ('CMAKE_PREFIX_PATH', '/opt/ros/foxy')]), 'shell': False}
[9.666512] (-) TimerEvent: {}
[9.767272] (-) TimerEvent: {}
[9.784394] (interfaces) StdoutLine: {'line': b'-- Install configuration: ""\n'}
[9.790748] (interfaces) StdoutLine: {'line': b'-- Up-to-date: /home/robosub/nuros_ws/install/interfaces/share/ament_index/resource_index/rosidl_interfaces/interfaces\n'}
[9.792983] (interfaces) StdoutLine: {'line': b'-- Up-to-date: /home/robosub/nuros_ws/install/interfaces/include/interfaces\n'}
[9.795009] (interfaces) StdoutLine: {'line': b'-- Up-to-date: /home/robosub/nuros_ws/install/interfaces/include/interfaces/msg\n'}
[9.799923] (interfaces) StdoutLine: {'line': b'-- Up-to-date: /home/robosub/nuros_ws/install/interfaces/include/interfaces/msg/detail\n'}
[9.803614] (interfaces) StdoutLine: {'line': b'-- Up-to-date: /home/robosub/nuros_ws/install/interfaces/include/interfaces/msg/detail/attitude__type_support.h\n'}
[9.804149] (interfaces) StdoutLine: {'line': b'-- Up-to-date: /home/robosub/nuros_ws/install/interfaces/include/interfaces/msg/detail/attitude__functions.c\n'}
[9.804501] (interfaces) StdoutLine: {'line': b'-- Up-to-date: /home/robosub/nuros_ws/install/interfaces/include/interfaces/msg/detail/attitude__functions.h\n'}
[9.804909] (interfaces) StdoutLine: {'line': b'-- Up-to-date: /home/robosub/nuros_ws/install/interfaces/include/interfaces/msg/detail/attitude__struct.h\n'}
[9.808062] (interfaces) StdoutLine: {'line': b'-- Up-to-date: /home/robosub/nuros_ws/install/interfaces/include/interfaces/msg/attitude.h\n'}
[9.808571] (interfaces) StdoutLine: {'line': b'-- Up-to-date: /home/robosub/nuros_ws/install/interfaces/include/interfaces/msg/rosidl_generator_c__visibility_control.h\n'}
[9.809048] (interfaces) StdoutLine: {'line': b'-- Up-to-date: /home/robosub/nuros_ws/install/interfaces/include/interfaces/srv\n'}
[9.812364] (interfaces) StdoutLine: {'line': b'-- Up-to-date: /home/robosub/nuros_ws/install/interfaces/include/interfaces/srv/disarm_pixhawk.h\n'}
[9.812882] (interfaces) StdoutLine: {'line': b'-- Up-to-date: /home/robosub/nuros_ws/install/interfaces/include/interfaces/srv/detail\n'}
[9.815194] (interfaces) StdoutLine: {'line': b'-- Up-to-date: /home/robosub/nuros_ws/install/interfaces/include/interfaces/srv/detail/arm_pixhawk__struct.h\n'}
[9.815654] (interfaces) StdoutLine: {'line': b'-- Up-to-date: /home/robosub/nuros_ws/install/interfaces/include/interfaces/srv/detail/arm_pixhawk__functions.h\n'}
[9.816058] (interfaces) StdoutLine: {'line': b'-- Up-to-date: /home/robosub/nuros_ws/install/interfaces/include/interfaces/srv/detail/disarm_pixhawk__functions.h\n'}
[9.816410] (interfaces) StdoutLine: {'line': b'-- Up-to-date: /home/robosub/nuros_ws/install/interfaces/include/interfaces/srv/detail/disarm_pixhawk__functions.c\n'}
[9.816899] (interfaces) StdoutLine: {'line': b'-- Up-to-date: /home/robosub/nuros_ws/install/interfaces/include/interfaces/srv/detail/start_routine__functions.h\n'}
[9.817245] (interfaces) StdoutLine: {'line': b'-- Up-to-date: /home/robosub/nuros_ws/install/interfaces/include/interfaces/srv/detail/disarm_pixhawk__type_support.h\n'}
[9.824340] (interfaces) StdoutLine: {'line': b'-- Up-to-date: /home/robosub/nuros_ws/install/interfaces/include/interfaces/srv/detail/start_routine__struct.h\n'}
[9.824915] (interfaces) StdoutLine: {'line': b'-- Up-to-date: /home/robosub/nuros_ws/install/interfaces/include/interfaces/srv/detail/disarm_pixhawk__struct.h\n'}
[9.825884] (interfaces) StdoutLine: {'line': b'-- Up-to-date: /home/robosub/nuros_ws/install/interfaces/include/interfaces/srv/detail/start_routine__type_support.h\n'}
[9.826247] (interfaces) StdoutLine: {'line': b'-- Up-to-date: /home/robosub/nuros_ws/install/interfaces/include/interfaces/srv/detail/arm_pixhawk__functions.c\n'}
[9.826568] (interfaces) StdoutLine: {'line': b'-- Up-to-date: /home/robosub/nuros_ws/install/interfaces/include/interfaces/srv/detail/arm_pixhawk__type_support.h\n'}
[9.827227] (interfaces) StdoutLine: {'line': b'-- Up-to-date: /home/robosub/nuros_ws/install/interfaces/include/interfaces/srv/detail/start_routine__functions.c\n'}
[9.828645] (interfaces) StdoutLine: {'line': b'-- Up-to-date: /home/robosub/nuros_ws/install/interfaces/include/interfaces/srv/arm_pixhawk.h\n'}
[9.829108] (interfaces) StdoutLine: {'line': b'-- Up-to-date: /home/robosub/nuros_ws/install/interfaces/include/interfaces/srv/start_routine.h\n'}
[9.835191] (interfaces) StdoutLine: {'line': b'-- Up-to-date: /home/robosub/nuros_ws/install/interfaces/share/interfaces/environment/library_path.sh\n'}
[9.837443] (interfaces) StdoutLine: {'line': b'-- Up-to-date: /home/robosub/nuros_ws/install/interfaces/share/interfaces/environment/library_path.dsv\n'}
[9.845589] (interfaces) StdoutLine: {'line': b'-- Up-to-date: /home/robosub/nuros_ws/install/interfaces/lib/libinterfaces__rosidl_generator_c.so\n'}
[9.848126] (interfaces) StdoutLine: {'line': b'-- Up-to-date: /home/robosub/nuros_ws/install/interfaces/include/interfaces\n'}
[9.848600] (interfaces) StdoutLine: {'line': b'-- Up-to-date: /home/robosub/nuros_ws/install/interfaces/include/interfaces/msg\n'}
[9.849436] (interfaces) StdoutLine: {'line': b'-- Up-to-date: /home/robosub/nuros_ws/install/interfaces/include/interfaces/msg/detail\n'}
[9.849872] (interfaces) StdoutLine: {'line': b'-- Up-to-date: /home/robosub/nuros_ws/install/interfaces/include/interfaces/msg/detail/attitude__rosidl_typesupport_fastrtps_c.h\n'}
[9.851526] (interfaces) StdoutLine: {'line': b'-- Up-to-date: /home/robosub/nuros_ws/install/interfaces/include/interfaces/msg/rosidl_typesupport_fastrtps_c__visibility_control.h\n'}
[9.851948] (interfaces) StdoutLine: {'line': b'-- Up-to-date: /home/robosub/nuros_ws/install/interfaces/include/interfaces/srv\n'}
[9.852266] (interfaces) StdoutLine: {'line': b'-- Up-to-date: /home/robosub/nuros_ws/install/interfaces/include/interfaces/srv/detail\n'}
[9.853034] (interfaces) StdoutLine: {'line': b'-- Up-to-date: /home/robosub/nuros_ws/install/interfaces/include/interfaces/srv/detail/disarm_pixhawk__rosidl_typesupport_fastrtps_c.h\n'}
[9.853431] (interfaces) StdoutLine: {'line': b'-- Up-to-date: /home/robosub/nuros_ws/install/interfaces/include/interfaces/srv/detail/arm_pixhawk__rosidl_typesupport_fastrtps_c.h\n'}
[9.853766] (interfaces) StdoutLine: {'line': b'-- Up-to-date: /home/robosub/nuros_ws/install/interfaces/include/interfaces/srv/detail/start_routine__rosidl_typesupport_fastrtps_c.h\n'}
[9.867300] (-) TimerEvent: {}
[9.888887] (interfaces) StdoutLine: {'line': b'-- Up-to-date: /home/robosub/nuros_ws/install/interfaces/lib/libinterfaces__rosidl_typesupport_fastrtps_c.so\n'}
[9.889458] (interfaces) StdoutLine: {'line': b'-- Up-to-date: /home/robosub/nuros_ws/install/interfaces/include/interfaces\n'}
[9.889786] (interfaces) StdoutLine: {'line': b'-- Up-to-date: /home/robosub/nuros_ws/install/interfaces/include/interfaces/msg\n'}
[9.890093] (interfaces) StdoutLine: {'line': b'-- Up-to-date: /home/robosub/nuros_ws/install/interfaces/include/interfaces/msg/detail\n'}
[9.890401] (interfaces) StdoutLine: {'line': b'-- Up-to-date: /home/robosub/nuros_ws/install/interfaces/include/interfaces/msg/detail/attitude__rosidl_typesupport_fastrtps_cpp.hpp\n'}
[9.890704] (interfaces) StdoutLine: {'line': b'-- Up-to-date: /home/robosub/nuros_ws/install/interfaces/include/interfaces/msg/detail/dds_fastrtps\n'}
[9.891009] (interfaces) StdoutLine: {'line': b'-- Up-to-date: /home/robosub/nuros_ws/install/interfaces/include/interfaces/msg/rosidl_typesupport_fastrtps_cpp__visibility_control.h\n'}
[9.891307] (interfaces) StdoutLine: {'line': b'-- Up-to-date: /home/robosub/nuros_ws/install/interfaces/include/interfaces/srv\n'}
[9.891592] (interfaces) StdoutLine: {'line': b'-- Up-to-date: /home/robosub/nuros_ws/install/interfaces/include/interfaces/srv/detail\n'}
[9.891884] (interfaces) StdoutLine: {'line': b'-- Up-to-date: /home/robosub/nuros_ws/install/interfaces/include/interfaces/srv/detail/disarm_pixhawk__rosidl_typesupport_fastrtps_cpp.hpp\n'}
[9.892169] (interfaces) StdoutLine: {'line': b'-- Up-to-date: /home/robosub/nuros_ws/install/interfaces/include/interfaces/srv/detail/dds_fastrtps\n'}
[9.892543] (interfaces) StdoutLine: {'line': b'-- Up-to-date: /home/robosub/nuros_ws/install/interfaces/include/interfaces/srv/detail/start_routine__rosidl_typesupport_fastrtps_cpp.hpp\n'}
[9.909237] (interfaces) StdoutLine: {'line': b'-- Up-to-date: /home/robosub/nuros_ws/install/interfaces/include/interfaces/srv/detail/arm_pixhawk__rosidl_typesupport_fastrtps_cpp.hpp\n'}
[9.952918] (key_joy) StdoutLine: {'line': b'running egg_info\n'}
[9.953738] (key_joy) StdoutLine: {'line': b'writing ../../build/key_joy/key_joy.egg-info/PKG-INFO\n'}
[9.969370] (-) TimerEvent: {}
[10.044892] (interfaces) StdoutLine: {'line': b'-- Up-to-date: /home/robosub/nuros_ws/install/interfaces/lib/libinterfaces__rosidl_typesupport_fastrtps_cpp.so\n'}
[10.045483] (key_joy) StdoutLine: {'line': b'writing dependency_links to ../../build/key_joy/key_joy.egg-info/dependency_links.txt\n'}
[10.045845] (key_joy) StdoutLine: {'line': b'writing entry points to ../../build/key_joy/key_joy.egg-info/entry_points.txt\n'}
[10.046144] (interfaces) StdoutLine: {'line': b'-- Up-to-date: /home/robosub/nuros_ws/install/interfaces/include/interfaces\n'}
[10.046451] (key_joy) StdoutLine: {'line': b'writing requirements to ../../build/key_joy/key_joy.egg-info/requires.txt\n'}
[10.046735] (interfaces) StdoutLine: {'line': b'-- Up-to-date: /home/robosub/nuros_ws/install/interfaces/include/interfaces/msg\n'}
[10.047056] (interfaces) StdoutLine: {'line': b'-- Up-to-date: /home/robosub/nuros_ws/install/interfaces/include/interfaces/msg/rosidl_typesupport_introspection_c__visibility_control.h\n'}
[10.047349] (interfaces) StdoutLine: {'line': b'-- Up-to-date: /home/robosub/nuros_ws/install/interfaces/include/interfaces/msg/detail\n'}
[10.047638] (key_joy) StdoutLine: {'line': b'writing top-level names to ../../build/key_joy/key_joy.egg-info/top_level.txt\n'}
[10.047933] (interfaces) StdoutLine: {'line': b'-- Up-to-date: /home/robosub/nuros_ws/install/interfaces/include/interfaces/msg/detail/attitude__rosidl_typesupport_introspection_c.h\n'}
[10.048241] (interfaces) StdoutLine: {'line': b'-- Up-to-date: /home/robosub/nuros_ws/install/interfaces/include/interfaces/msg/detail/attitude__type_support.c\n'}
[10.053901] (interfaces) StdoutLine: {'line': b'-- Up-to-date: /home/robosub/nuros_ws/install/interfaces/include/interfaces/srv\n'}
[10.054374] (interfaces) StdoutLine: {'line': b'-- Up-to-date: /home/robosub/nuros_ws/install/interfaces/include/interfaces/srv/detail\n'}
[10.054687] (interfaces) StdoutLine: {'line': b'-- Up-to-date: /home/robosub/nuros_ws/install/interfaces/include/interfaces/srv/detail/start_routine__type_support.c\n'}
[10.054986] (interfaces) StdoutLine: {'line': b'-- Up-to-date: /home/robosub/nuros_ws/install/interfaces/include/interfaces/srv/detail/arm_pixhawk__rosidl_typesupport_introspection_c.h\n'}
[10.055347] (interfaces) StdoutLine: {'line': b'-- Up-to-date: /home/robosub/nuros_ws/install/interfaces/include/interfaces/srv/detail/arm_pixhawk__type_support.c\n'}
[10.055657] (interfaces) StdoutLine: {'line': b'-- Up-to-date: /home/robosub/nuros_ws/install/interfaces/include/interfaces/srv/detail/disarm_pixhawk__rosidl_typesupport_introspection_c.h\n'}
[10.055954] (interfaces) StdoutLine: {'line': b'-- Up-to-date: /home/robosub/nuros_ws/install/interfaces/include/interfaces/srv/detail/disarm_pixhawk__type_support.c\n'}
[10.056239] (interfaces) StdoutLine: {'line': b'-- Up-to-date: /home/robosub/nuros_ws/install/interfaces/include/interfaces/srv/detail/start_routine__rosidl_typesupport_introspection_c.h\n'}
[10.056540] (interfaces) StdoutLine: {'line': b'-- Up-to-date: /home/robosub/nuros_ws/install/interfaces/lib/libinterfaces__rosidl_typesupport_introspection_c.so\n'}
[10.070912] (-) TimerEvent: {}
[10.071042] (interfaces) StdoutLine: {'line': b'-- Up-to-date: /home/robosub/nuros_ws/install/interfaces/lib/libinterfaces__rosidl_typesupport_c.so\n'}
[10.071486] (interfaces) StdoutLine: {'line': b'-- Up-to-date: /home/robosub/nuros_ws/install/interfaces/include/interfaces\n'}
[10.071827] (interfaces) StdoutLine: {'line': b'-- Up-to-date: /home/robosub/nuros_ws/install/interfaces/include/interfaces/msg\n'}
[10.072126] (interfaces) StdoutLine: {'line': b'-- Up-to-date: /home/robosub/nuros_ws/install/interfaces/include/interfaces/msg/attitude.hpp\n'}
[10.072856] (interfaces) StdoutLine: {'line': b'-- Up-to-date: /home/robosub/nuros_ws/install/interfaces/include/interfaces/msg/detail\n'}
[10.073275] (interfaces) StdoutLine: {'line': b'-- Up-to-date: /home/robosub/nuros_ws/install/interfaces/include/interfaces/msg/detail/attitude__struct.hpp\n'}
[10.073583] (interfaces) StdoutLine: {'line': b'-- Up-to-date: /home/robosub/nuros_ws/install/interfaces/include/interfaces/msg/detail/attitude__traits.hpp\n'}
[10.073897] (interfaces) StdoutLine: {'line': b'-- Up-to-date: /home/robosub/nuros_ws/install/interfaces/include/interfaces/msg/detail/attitude__builder.hpp\n'}
[10.074185] (interfaces) StdoutLine: {'line': b'-- Up-to-date: /home/robosub/nuros_ws/install/interfaces/include/interfaces/srv\n'}
[10.074473] (interfaces) StdoutLine: {'line': b'-- Up-to-date: /home/robosub/nuros_ws/install/interfaces/include/interfaces/srv/arm_pixhawk.hpp\n'}
[10.074750] (interfaces) StdoutLine: {'line': b'-- Up-to-date: /home/robosub/nuros_ws/install/interfaces/include/interfaces/srv/detail\n'}
[10.075059] (interfaces) StdoutLine: {'line': b'-- Up-to-date: /home/robosub/nuros_ws/install/interfaces/include/interfaces/srv/detail/disarm_pixhawk__struct.hpp\n'}
[10.075345] (interfaces) StdoutLine: {'line': b'-- Up-to-date: /home/robosub/nuros_ws/install/interfaces/include/interfaces/srv/detail/arm_pixhawk__builder.hpp\n'}
[10.075645] (interfaces) StdoutLine: {'line': b'-- Up-to-date: /home/robosub/nuros_ws/install/interfaces/include/interfaces/srv/detail/start_routine__traits.hpp\n'}
[10.075934] (interfaces) StdoutLine: {'line': b'-- Up-to-date: /home/robosub/nuros_ws/install/interfaces/include/interfaces/srv/detail/arm_pixhawk__traits.hpp\n'}
[10.076218] (interfaces) StdoutLine: {'line': b'-- Up-to-date: /home/robosub/nuros_ws/install/interfaces/include/interfaces/srv/detail/arm_pixhawk__struct.hpp\n'}
[10.076497] (interfaces) StdoutLine: {'line': b'-- Up-to-date: /home/robosub/nuros_ws/install/interfaces/include/interfaces/srv/detail/start_routine__struct.hpp\n'}
[10.076868] (interfaces) StdoutLine: {'line': b'-- Up-to-date: /home/robosub/nuros_ws/install/interfaces/include/interfaces/srv/detail/disarm_pixhawk__builder.hpp\n'}
[10.077173] (interfaces) StdoutLine: {'line': b'-- Up-to-date: /home/robosub/nuros_ws/install/interfaces/include/interfaces/srv/detail/disarm_pixhawk__traits.hpp\n'}
[10.077463] (interfaces) StdoutLine: {'line': b'-- Up-to-date: /home/robosub/nuros_ws/install/interfaces/include/interfaces/srv/detail/start_routine__builder.hpp\n'}
[10.077744] (interfaces) StdoutLine: {'line': b'-- Up-to-date: /home/robosub/nuros_ws/install/interfaces/include/interfaces/srv/start_routine.hpp\n'}
[10.078033] (interfaces) StdoutLine: {'line': b'-- Up-to-date: /home/robosub/nuros_ws/install/interfaces/include/interfaces/srv/disarm_pixhawk.hpp\n'}
[10.078307] (interfaces) StdoutLine: {'line': b'-- Up-to-date: /home/robosub/nuros_ws/install/interfaces/include/interfaces\n'}
[10.078619] (interfaces) StdoutLine: {'line': b'-- Up-to-date: /home/robosub/nuros_ws/install/interfaces/include/interfaces/msg\n'}
[10.078905] (interfaces) StdoutLine: {'line': b'-- Up-to-date: /home/robosub/nuros_ws/install/interfaces/include/interfaces/msg/detail\n'}
[10.079866] (interfaces) StdoutLine: {'line': b'-- Up-to-date: /home/robosub/nuros_ws/install/interfaces/include/interfaces/msg/detail/attitude__rosidl_typesupport_introspection_cpp.hpp\n'}
[10.080184] (interfaces) StdoutLine: {'line': b'-- Up-to-date: /home/robosub/nuros_ws/install/interfaces/include/interfaces/msg/detail/attitude__type_support.cpp\n'}
[10.080489] (interfaces) StdoutLine: {'line': b'-- Up-to-date: /home/robosub/nuros_ws/install/interfaces/include/interfaces/srv\n'}
[10.080930] (interfaces) StdoutLine: {'line': b'-- Up-to-date: /home/robosub/nuros_ws/install/interfaces/include/interfaces/srv/detail\n'}
[10.081270] (interfaces) StdoutLine: {'line': b'-- Up-to-date: /home/robosub/nuros_ws/install/interfaces/include/interfaces/srv/detail/disarm_pixhawk__type_support.cpp\n'}
[10.081551] (interfaces) StdoutLine: {'line': b'-- Up-to-date: /home/robosub/nuros_ws/install/interfaces/include/interfaces/srv/detail/start_routine__rosidl_typesupport_introspection_cpp.hpp\n'}
[10.081839] (interfaces) StdoutLine: {'line': b'-- Up-to-date: /home/robosub/nuros_ws/install/interfaces/include/interfaces/srv/detail/start_routine__type_support.cpp\n'}
[10.082119] (interfaces) StdoutLine: {'line': b'-- Up-to-date: /home/robosub/nuros_ws/install/interfaces/include/interfaces/srv/detail/arm_pixhawk__type_support.cpp\n'}
[10.082406] (interfaces) StdoutLine: {'line': b'-- Up-to-date: /home/robosub/nuros_ws/install/interfaces/include/interfaces/srv/detail/disarm_pixhawk__rosidl_typesupport_introspection_cpp.hpp\n'}
[10.082688] (interfaces) StdoutLine: {'line': b'-- Up-to-date: /home/robosub/nuros_ws/install/interfaces/include/interfaces/srv/detail/arm_pixhawk__rosidl_typesupport_introspection_cpp.hpp\n'}
[10.135259] (launch_all) StdoutLine: {'line': b'running egg_info\n'}
[10.138374] (launch_all) StdoutLine: {'line': b'writing ../../build/launch_all/launch_all.egg-info/PKG-INFO\n'}
[10.171113] (-) TimerEvent: {}
[10.210728] (launch_all) StdoutLine: {'line': b'writing dependency_links to ../../build/launch_all/launch_all.egg-info/dependency_links.txt\n'}
[10.212327] (launch_all) StdoutLine: {'line': b'writing entry points to ../../build/launch_all/launch_all.egg-info/entry_points.txt\n'}
[10.213719] (launch_all) StdoutLine: {'line': b'writing requirements to ../../build/launch_all/launch_all.egg-info/requires.txt\n'}
[10.215211] (launch_all) StdoutLine: {'line': b'writing top-level names to ../../build/launch_all/launch_all.egg-info/top_level.txt\n'}
[10.218682] (image_processing) StdoutLine: {'line': b'running egg_info\n'}
[10.219620] (image_processing) StdoutLine: {'line': b'writing ../../build/image_processing/image_processing.egg-info/PKG-INFO\n'}
[10.221510] (interfaces) StdoutLine: {'line': b'-- Up-to-date: /home/robosub/nuros_ws/install/interfaces/lib/libinterfaces__rosidl_typesupport_introspection_cpp.so\n'}
[10.224938] (image_processing) StdoutLine: {'line': b'writing dependency_links to ../../build/image_processing/image_processing.egg-info/dependency_links.txt\n'}
[10.226084] (image_processing) StdoutLine: {'line': b'writing entry points to ../../build/image_processing/image_processing.egg-info/entry_points.txt\n'}
[10.226600] (interfaces) StdoutLine: {'line': b'-- Up-to-date: /home/robosub/nuros_ws/install/interfaces/lib/libinterfaces__rosidl_typesupport_cpp.so\n'}
[10.227276] (image_processing) StdoutLine: {'line': b'writing requirements to ../../build/image_processing/image_processing.egg-info/requires.txt\n'}
[10.228487] (image_processing) StdoutLine: {'line': b'writing top-level names to ../../build/image_processing/image_processing.egg-info/top_level.txt\n'}
[10.230556] (interfaces) StdoutLine: {'line': b'-- Up-to-date: /home/robosub/nuros_ws/install/interfaces/share/interfaces/environment/pythonpath.sh\n'}
[10.231018] (interfaces) StdoutLine: {'line': b'-- Up-to-date: /home/robosub/nuros_ws/install/interfaces/share/interfaces/environment/pythonpath.dsv\n'}
[10.265575] (interfaces) StdoutLine: {'line': b'-- Up-to-date: /home/robosub/nuros_ws/install/interfaces/lib/python3.8/site-packages/interfaces/__init__.py\n'}
[10.271271] (-) TimerEvent: {}
[10.371663] (-) TimerEvent: {}
[10.475047] (key_joy) StdoutLine: {'line': b"reading manifest file '../../build/key_joy/key_joy.egg-info/SOURCES.txt'\n"}
[10.475676] (-) TimerEvent: {}
[10.480167] (launch_all) StdoutLine: {'line': b"reading manifest file '../../build/launch_all/launch_all.egg-info/SOURCES.txt'\n"}
[10.480638] (key_joy) StdoutLine: {'line': b"writing manifest file '../../build/key_joy/key_joy.egg-info/SOURCES.txt'\n"}
[10.482118] (key_joy) StdoutLine: {'line': b'running build\n'}
[10.483107] (key_joy) StdoutLine: {'line': b'running build_py\n'}
[10.487646] (key_joy) StdoutLine: {'line': b'running install\n'}
[10.491831] (key_joy) StdoutLine: {'line': b'running install_lib\n'}
[10.496775] (launch_all) StdoutLine: {'line': b"writing manifest file '../../build/launch_all/launch_all.egg-info/SOURCES.txt'\n"}
[10.503984] (launch_all) StdoutLine: {'line': b'running build\n'}
[10.505117] (launch_all) StdoutLine: {'line': b'running build_py\n'}
[10.509066] (launch_all) StdoutLine: {'line': b'running install\n'}
[10.516072] (launch_all) StdoutLine: {'line': b'running install_lib\n'}
[10.519216] (key_joy) StdoutLine: {'line': b'running install_data\n'}
[10.532354] (launch_all) StdoutLine: {'line': b'running install_data\n'}
[10.536097] (key_joy) StdoutLine: {'line': b'running install_egg_info\n'}
[10.541400] (image_processing) StdoutLine: {'line': b"reading manifest file '../../build/image_processing/image_processing.egg-info/SOURCES.txt'\n"}
[10.548025] (launch_all) StdoutLine: {'line': b'running install_egg_info\n'}
[10.548607] (key_joy) StdoutLine: {'line': b"removing '/home/robosub/nuros_ws/install/key_joy/lib/python3.8/site-packages/key_joy-0.0.0-py3.8.egg-info' (and everything under it)\n"}
[10.549048] (key_joy) StdoutLine: {'line': b'Copying ../../build/key_joy/key_joy.egg-info to /home/robosub/nuros_ws/install/key_joy/lib/python3.8/site-packages/key_joy-0.0.0-py3.8.egg-info\n'}
[10.549365] (image_processing) StdoutLine: {'line': b"writing manifest file '../../build/image_processing/image_processing.egg-info/SOURCES.txt'\n"}
[10.549794] (image_processing) StdoutLine: {'line': b'running build\n'}
[10.553697] (image_processing) StdoutLine: {'line': b'running build_py\n'}
[10.554110] (interfaces) StdoutLine: {'line': b'-- Up-to-date: /home/robosub/nuros_ws/install/interfaces/lib/python3.8/site-packages/interfaces/srv\n'}
[10.557726] (launch_all) StdoutLine: {'line': b"removing '/home/robosub/nuros_ws/install/launch_all/lib/python3.8/site-packages/launch_all-0.0.0-py3.8.egg-info' (and everything under it)\n"}
[10.558217] (launch_all) StdoutLine: {'line': b'Copying ../../build/launch_all/launch_all.egg-info to /home/robosub/nuros_ws/install/launch_all/lib/python3.8/site-packages/launch_all-0.0.0-py3.8.egg-info\n'}
[10.558557] (key_joy) StdoutLine: {'line': b'running install_scripts\n'}
[10.558899] (interfaces) StdoutLine: {'line': b'-- Up-to-date: /home/robosub/nuros_ws/install/interfaces/lib/python3.8/site-packages/interfaces/srv/_arm_pixhawk.py\n'}
[10.559216] (interfaces) StdoutLine: {'line': b'-- Up-to-date: /home/robosub/nuros_ws/install/interfaces/lib/python3.8/site-packages/interfaces/srv/_arm_pixhawk_s.c\n'}
[10.559515] (interfaces) StdoutLine: {'line': b'-- Up-to-date: /home/robosub/nuros_ws/install/interfaces/lib/python3.8/site-packages/interfaces/srv/_start_routine_s.c\n'}
[10.559814] (interfaces) StdoutLine: {'line': b'-- Up-to-date: /home/robosub/nuros_ws/install/interfaces/lib/python3.8/site-packages/interfaces/srv/_start_routine.py\n'}
[10.560113] (interfaces) StdoutLine: {'line': b'-- Up-to-date: /home/robosub/nuros_ws/install/interfaces/lib/python3.8/site-packages/interfaces/srv/_disarm_pixhawk.py\n'}
[10.560406] (interfaces) StdoutLine: {'line': b'-- Up-to-date: /home/robosub/nuros_ws/install/interfaces/lib/python3.8/site-packages/interfaces/srv/_disarm_pixhawk_s.c\n'}
[10.560820] (interfaces) StdoutLine: {'line': b'-- Up-to-date: /home/robosub/nuros_ws/install/interfaces/lib/python3.8/site-packages/interfaces/srv/__init__.py\n'}
[10.561157] (interfaces) StdoutLine: {'line': b'-- Up-to-date: /home/robosub/nuros_ws/install/interfaces/lib/python3.8/site-packages/interfaces/msg\n'}
[10.561457] (interfaces) StdoutLine: {'line': b'-- Up-to-date: /home/robosub/nuros_ws/install/interfaces/lib/python3.8/site-packages/interfaces/msg/_attitude_s.c\n'}
[10.561753] (interfaces) StdoutLine: {'line': b'-- Up-to-date: /home/robosub/nuros_ws/install/interfaces/lib/python3.8/site-packages/interfaces/msg/_attitude.py\n'}
[10.562050] (interfaces) StdoutLine: {'line': b'-- Up-to-date: /home/robosub/nuros_ws/install/interfaces/lib/python3.8/site-packages/interfaces/msg/__init__.py\n'}
[10.568854] (launch_all) StdoutLine: {'line': b'running install_scripts\n'}
[10.569417] (interfaces) StdoutLine: {'line': b'-- Up-to-date: /home/robosub/nuros_ws/install/interfaces/lib/python3.8/site-packages/interfaces/interfaces_s__rosidl_typesupport_fastrtps_c.cpython-38-aarch64-linux-gnu.so\n'}
[10.571836] (image_processing) StdoutLine: {'line': b'running install\n'}
[10.582728] (-) TimerEvent: {}
[10.624550] (key_joy) StdoutLine: {'line': b'Installing joy_twist_node script to /home/robosub/nuros_ws/install/key_joy/lib/key_joy\n'}
[10.634169] (launch_all) StdoutLine: {'line': b"writing list of installed files to '/home/robosub/nuros_ws/build/launch_all/install.log'\n"}
[10.647585] (image_processing) StdoutLine: {'line': b'running install_lib\n'}
[10.679845] (-) TimerEvent: {}
[10.720033] (launch_all) CommandEnded: {'returncode': 0}
[10.780312] (-) TimerEvent: {}
[10.882136] (-) TimerEvent: {}
[10.921524] (launch_all) JobEnded: {'identifier': 'launch_all', 'rc': 0}
[10.933841] (main_head) JobStarted: {'identifier': 'main_head'}
[10.980971] (interfaces) StdoutLine: {'line': b'-- Up-to-date: /home/robosub/nuros_ws/install/interfaces/lib/python3.8/site-packages/interfaces/interfaces_s__rosidl_typesupport_introspection_c.cpython-38-aarch64-linux-gnu.so\n'}
[10.983103] (-) TimerEvent: {}
[10.983263] (interfaces) StdoutLine: {'line': b'-- Up-to-date: /home/robosub/nuros_ws/install/interfaces/lib/python3.8/site-packages/interfaces/interfaces_s__rosidl_typesupport_c.cpython-38-aarch64-linux-gnu.so\n'}
[10.983791] (interfaces) StdoutLine: {'line': b'-- Up-to-date: /home/robosub/nuros_ws/install/interfaces/lib/libinterfaces__python.so\n'}
[10.984828] (interfaces) StdoutLine: {'line': b'-- Up-to-date: /home/robosub/nuros_ws/install/interfaces/share/interfaces/srv/ArmPixhawk.idl\n'}
[10.985240] (interfaces) StdoutLine: {'line': b'-- Up-to-date: /home/robosub/nuros_ws/install/interfaces/share/interfaces/srv/DisarmPixhawk.idl\n'}
[10.985547] (interfaces) StdoutLine: {'line': b'-- Up-to-date: /home/robosub/nuros_ws/install/interfaces/share/interfaces/srv/StartRoutine.idl\n'}
[10.985886] (interfaces) StdoutLine: {'line': b'-- Up-to-date: /home/robosub/nuros_ws/install/interfaces/share/interfaces/msg/Attitude.idl\n'}
[10.986250] (interfaces) StdoutLine: {'line': b'-- Up-to-date: /home/robosub/nuros_ws/install/interfaces/share/interfaces/srv/ArmPixhawk.srv\n'}
[10.986545] (interfaces) StdoutLine: {'line': b'-- Up-to-date: /home/robosub/nuros_ws/install/interfaces/share/interfaces/srv/ArmPixhawk_Request.msg\n'}
[10.986830] (interfaces) StdoutLine: {'line': b'-- Up-to-date: /home/robosub/nuros_ws/install/interfaces/share/interfaces/srv/ArmPixhawk_Response.msg\n'}
[10.987122] (interfaces) StdoutLine: {'line': b'-- Up-to-date: /home/robosub/nuros_ws/install/interfaces/share/interfaces/srv/DisarmPixhawk.srv\n'}
[10.987401] (interfaces) StdoutLine: {'line': b'-- Up-to-date: /home/robosub/nuros_ws/install/interfaces/share/interfaces/srv/DisarmPixhawk_Request.msg\n'}
[10.987703] (interfaces) StdoutLine: {'line': b'-- Up-to-date: /home/robosub/nuros_ws/install/interfaces/share/interfaces/srv/DisarmPixhawk_Response.msg\n'}
[10.987986] (interfaces) StdoutLine: {'line': b'-- Up-to-date: /home/robosub/nuros_ws/install/interfaces/share/interfaces/srv/StartRoutine.srv\n'}
[10.988307] (interfaces) StdoutLine: {'line': b'-- Up-to-date: /home/robosub/nuros_ws/install/interfaces/share/interfaces/srv/StartRoutine_Request.msg\n'}
[10.988597] (interfaces) StdoutLine: {'line': b'-- Up-to-date: /home/robosub/nuros_ws/install/interfaces/share/interfaces/srv/StartRoutine_Response.msg\n'}
[10.989903] (interfaces) StdoutLine: {'line': b'-- Up-to-date: /home/robosub/nuros_ws/install/interfaces/share/interfaces/msg/Attitude.msg\n'}
[10.991456] (interfaces) StdoutLine: {'line': b'-- Up-to-date: /home/robosub/nuros_ws/install/interfaces/share/ament_index/resource_index/package_run_dependencies/interfaces\n'}
[10.991952] (interfaces) StdoutLine: {'line': b'-- Up-to-date: /home/robosub/nuros_ws/install/interfaces/share/ament_index/resource_index/parent_prefix_path/interfaces\n'}
[10.992793] (interfaces) StdoutLine: {'line': b'-- Up-to-date: /home/robosub/nuros_ws/install/interfaces/share/interfaces/environment/ament_prefix_path.sh\n'}
[11.000926] (interfaces) StdoutLine: {'line': b'-- Up-to-date: /home/robosub/nuros_ws/install/interfaces/share/interfaces/environment/ament_prefix_path.dsv\n'}
[11.009496] (interfaces) StdoutLine: {'line': b'-- Up-to-date: /home/robosub/nuros_ws/install/interfaces/share/interfaces/environment/path.sh\n'}
[11.010330] (interfaces) StdoutLine: {'line': b'-- Up-to-date: /home/robosub/nuros_ws/install/interfaces/share/interfaces/environment/path.dsv\n'}
[11.010726] (interfaces) StdoutLine: {'line': b'-- Up-to-date: /home/robosub/nuros_ws/install/interfaces/share/interfaces/local_setup.bash\n'}
[11.011477] (interfaces) StdoutLine: {'line': b'-- Up-to-date: /home/robosub/nuros_ws/install/interfaces/share/interfaces/local_setup.sh\n'}
[11.012174] (interfaces) StdoutLine: {'line': b'-- Up-to-date: /home/robosub/nuros_ws/install/interfaces/share/interfaces/local_setup.zsh\n'}
[11.012586] (interfaces) StdoutLine: {'line': b'-- Up-to-date: /home/robosub/nuros_ws/install/interfaces/share/interfaces/local_setup.dsv\n'}
[11.013530] (interfaces) StdoutLine: {'line': b'-- Installing: /home/robosub/nuros_ws/install/interfaces/share/interfaces/package.dsv\n'}
[11.014551] (interfaces) StdoutLine: {'line': b'-- Up-to-date: /home/robosub/nuros_ws/install/interfaces/share/ament_index/resource_index/packages/interfaces\n'}
[11.014940] (interfaces) StdoutLine: {'line': b'-- Up-to-date: /home/robosub/nuros_ws/install/interfaces/share/interfaces/cmake/interfaces__rosidl_generator_cExport.cmake\n'}
[11.016363] (interfaces) StdoutLine: {'line': b'-- Up-to-date: /home/robosub/nuros_ws/install/interfaces/share/interfaces/cmake/interfaces__rosidl_generator_cExport-noconfig.cmake\n'}
[11.017142] (interfaces) StdoutLine: {'line': b'-- Up-to-date: /home/robosub/nuros_ws/install/interfaces/share/interfaces/cmake/interfaces__rosidl_typesupport_introspection_cExport.cmake\n'}
[11.017825] (interfaces) StdoutLine: {'line': b'-- Up-to-date: /home/robosub/nuros_ws/install/interfaces/share/interfaces/cmake/interfaces__rosidl_typesupport_introspection_cExport-noconfig.cmake\n'}
[11.018318] (interfaces) StdoutLine: {'line': b'-- Up-to-date: /home/robosub/nuros_ws/install/interfaces/share/interfaces/cmake/interfaces__rosidl_typesupport_cExport.cmake\n'}
[11.018855] (interfaces) StdoutLine: {'line': b'-- Up-to-date: /home/robosub/nuros_ws/install/interfaces/share/interfaces/cmake/interfaces__rosidl_typesupport_cExport-noconfig.cmake\n'}
[11.019584] (interfaces) StdoutLine: {'line': b'-- Up-to-date: /home/robosub/nuros_ws/install/interfaces/share/interfaces/cmake/interfaces__rosidl_generator_cppExport.cmake\n'}
[11.020217] (interfaces) StdoutLine: {'line': b'-- Up-to-date: /home/robosub/nuros_ws/install/interfaces/share/interfaces/cmake/interfaces__rosidl_typesupport_introspection_cppExport.cmake\n'}
[11.020868] (interfaces) StdoutLine: {'line': b'-- Up-to-date: /home/robosub/nuros_ws/install/interfaces/share/interfaces/cmake/interfaces__rosidl_typesupport_introspection_cppExport-noconfig.cmake\n'}
[11.021402] (interfaces) StdoutLine: {'line': b'-- Up-to-date: /home/robosub/nuros_ws/install/interfaces/share/interfaces/cmake/interfaces__rosidl_typesupport_cppExport.cmake\n'}
[11.021835] (interfaces) StdoutLine: {'line': b'-- Up-to-date: /home/robosub/nuros_ws/install/interfaces/share/interfaces/cmake/interfaces__rosidl_typesupport_cppExport-noconfig.cmake\n'}
[11.022455] (interfaces) StdoutLine: {'line': b'-- Up-to-date: /home/robosub/nuros_ws/install/interfaces/share/interfaces/cmake/rosidl_cmake-extras.cmake\n'}
[11.022814] (interfaces) StdoutLine: {'line': b'-- Up-to-date: /home/robosub/nuros_ws/install/interfaces/share/interfaces/cmake/ament_cmake_export_dependencies-extras.cmake\n'}
[11.023239] (interfaces) StdoutLine: {'line': b'-- Up-to-date: /home/robosub/nuros_ws/install/interfaces/share/interfaces/cmake/ament_cmake_export_libraries-extras.cmake\n'}
[11.023629] (interfaces) StdoutLine: {'line': b'-- Up-to-date: /home/robosub/nuros_ws/install/interfaces/share/interfaces/cmake/ament_cmake_export_targets-extras.cmake\n'}
[11.024205] (interfaces) StdoutLine: {'line': b'-- Up-to-date: /home/robosub/nuros_ws/install/interfaces/share/interfaces/cmake/ament_cmake_export_include_directories-extras.cmake\n'}
[11.024562] (interfaces) StdoutLine: {'line': b'-- Up-to-date: /home/robosub/nuros_ws/install/interfaces/share/interfaces/cmake/rosidl_cmake_export_typesupport_libraries-extras.cmake\n'}
[11.025233] (interfaces) StdoutLine: {'line': b'-- Up-to-date: /home/robosub/nuros_ws/install/interfaces/share/interfaces/cmake/rosidl_cmake_export_typesupport_targets-extras.cmake\n'}
[11.025656] (interfaces) StdoutLine: {'line': b'-- Up-to-date: /home/robosub/nuros_ws/install/interfaces/share/interfaces/cmake/interfacesConfig.cmake\n'}
[11.033651] (interfaces) StdoutLine: {'line': b'-- Up-to-date: /home/robosub/nuros_ws/install/interfaces/share/interfaces/cmake/interfacesConfig-version.cmake\n'}
[11.034433] (interfaces) StdoutLine: {'line': b'-- Up-to-date: /home/robosub/nuros_ws/install/interfaces/share/interfaces/package.xml\n'}
[11.035817] (key_joy) StdoutLine: {'line': b'Installing key_joy_node script to /home/robosub/nuros_ws/install/key_joy/lib/key_joy\n'}
[11.036526] (key_joy) StdoutLine: {'line': b"writing list of installed files to '/home/robosub/nuros_ws/build/key_joy/install.log'\n"}
[11.037587] (image_processing) StdoutLine: {'line': b'running install_data\n'}
[11.038565] (image_processing) StdoutLine: {'line': b'running install_egg_info\n'}
[11.039197] (image_processing) StdoutLine: {'line': b"removing '/home/robosub/nuros_ws/install/image_processing/lib/python3.8/site-packages/image_processing-0.0.0-py3.8.egg-info' (and everything under it)\n"}
[11.040092] (image_processing) StdoutLine: {'line': b'Copying ../../build/image_processing/image_processing.egg-info to /home/robosub/nuros_ws/install/image_processing/lib/python3.8/site-packages/image_processing-0.0.0-py3.8.egg-info\n'}
[11.041153] (image_processing) StdoutLine: {'line': b'running install_scripts\n'}
[11.041748] (image_processing) StdoutLine: {'line': b'Installing cv_imshow_node script to /home/robosub/nuros_ws/install/image_processing/lib/image_processing\n'}
[11.042237] (image_processing) StdoutLine: {'line': b"writing list of installed files to '/home/robosub/nuros_ws/build/image_processing/install.log'\n"}
[11.043568] (interfaces) CommandEnded: {'returncode': 0}
[11.083286] (-) TimerEvent: {}
[11.104740] (key_joy) CommandEnded: {'returncode': 0}
[11.159915] (key_joy) JobEnded: {'identifier': 'key_joy', 'rc': 0}
[11.173348] (image_processing) CommandEnded: {'returncode': 0}
[11.188568] (-) TimerEvent: {}
[11.213004] (image_processing) JobEnded: {'identifier': 'image_processing', 'rc': 0}
[11.222914] (pixhawk_interface) JobStarted: {'identifier': 'pixhawk_interface'}
[11.288960] (-) TimerEvent: {}
[11.389472] (-) TimerEvent: {}
[11.413403] (yadd) JobStarted: {'identifier': 'yadd'}
[11.490271] (-) TimerEvent: {}
[11.591217] (-) TimerEvent: {}
[11.691728] (-) TimerEvent: {}
[11.792232] (-) TimerEvent: {}
[11.892895] (-) TimerEvent: {}
[11.993424] (-) TimerEvent: {}
[12.093944] (-) TimerEvent: {}
[12.194427] (-) TimerEvent: {}
[12.297556] (-) TimerEvent: {}
[12.398048] (-) TimerEvent: {}
[12.498606] (-) TimerEvent: {}
[12.604462] (-) TimerEvent: {}
[12.705491] (-) TimerEvent: {}
[12.805953] (-) TimerEvent: {}
[12.906491] (-) TimerEvent: {}
[13.007003] (-) TimerEvent: {}
[13.107508] (-) TimerEvent: {}
[13.207982] (-) TimerEvent: {}
[13.308476] (-) TimerEvent: {}
[13.409108] (-) TimerEvent: {}
[13.509611] (-) TimerEvent: {}
[13.610165] (-) TimerEvent: {}
[13.711280] (-) TimerEvent: {}
[13.812983] (-) TimerEvent: {}
[13.913426] (-) TimerEvent: {}
[14.016067] (-) TimerEvent: {}
[14.116514] (-) TimerEvent: {}
[14.220886] (-) TimerEvent: {}
[14.323787] (-) TimerEvent: {}
[14.428880] (-) TimerEvent: {}
[14.535577] (-) TimerEvent: {}
[14.652851] (-) TimerEvent: {}
[14.760903] (-) TimerEvent: {}
[14.863221] (-) TimerEvent: {}
[14.964984] (-) TimerEvent: {}
[15.066838] (-) TimerEvent: {}
[15.193102] (-) TimerEvent: {}
[15.251502] (interfaces) JobEnded: {'identifier': 'interfaces', 'rc': 0}
[15.297174] (-) TimerEvent: {}
[15.397954] (-) TimerEvent: {}
[15.510341] (-) TimerEvent: {}
[15.612014] (-) TimerEvent: {}
[15.713593] (-) TimerEvent: {}
[15.814346] (-) TimerEvent: {}
[15.914790] (-) TimerEvent: {}
[16.015244] (-) TimerEvent: {}
[16.120942] (-) TimerEvent: {}
[16.221400] (-) TimerEvent: {}
[16.328578] (-) TimerEvent: {}
[16.438494] (-) TimerEvent: {}
[16.541051] (-) TimerEvent: {}
[16.641506] (-) TimerEvent: {}
[16.742006] (-) TimerEvent: {}
[16.842439] (-) TimerEvent: {}
[16.942907] (-) TimerEvent: {}
[17.043316] (-) TimerEvent: {}
[17.160453] (-) TimerEvent: {}
[17.264876] (-) TimerEvent: {}
[17.365352] (-) TimerEvent: {}
[17.465780] (-) TimerEvent: {}
[17.566195] (-) TimerEvent: {}
[17.573120] (main_head) Command: {'cmd': ['/usr/bin/python3', 'setup.py', 'egg_info', '--egg-base', '../../build/main_head', 'build', '--build-base', '/home/robosub/nuros_ws/build/main_head/build', 'install', '--record', '/home/robosub/nuros_ws/build/main_head/install.log', '--install-scripts', '$base/lib/main_head', '--single-version-externally-managed'], 'cwd': '/home/robosub/nuros_ws/src/main_head', 'env': {'USER': 'robosub', 'SHLVL': '1', 'LD_LIBRARY_PATH': '/opt/ros/foxy/opt/yaml_cpp_vendor/lib:/opt/ros/foxy/opt/rviz_ogre_vendor/lib:/opt/ros/foxy/lib/aarch64-linux-gnu:/opt/ros/foxy/lib', 'HOME': '/home/robosub', 'OLDPWD': '/', 'ROS_PYTHON_VERSION': '3', 'ROS_DISTRO': 'foxy', 'LOGNAME': 'robosub', 'JOURNAL_STREAM': '7:42600', '_': '/usr/bin/colcon', 'ROS_VERSION': '2', 'ROS_LOCALHOST_ONLY': '0', 'PATH': '/opt/ros/foxy/bin:/usr/local/sbin:/usr/local/bin:/usr/sbin:/usr/bin:/sbin:/bin:/snap/bin', 'INVOCATION_ID': 'c73eb2ae51524df4b3c489e58fc472f5', 'LANG': 'en_US.UTF-8', 'AMENT_PREFIX_PATH': '/opt/ros/foxy', 'SHELL': '/bin/bash', 'PWD': '/home/robosub/nuros_ws/build/main_head', 'PYTHONPATH': '/home/robosub/nuros_ws/build/main_head/prefix_override:/home/robosub/nuros_ws/install/main_head/lib/python3.8/site-packages:/opt/ros/foxy/lib/python3.8/site-packages', 'COLCON': '1'}, 'shell': False}
[17.671971] (-) TimerEvent: {}
[17.728474] (pixhawk_interface) Command: {'cmd': ['/usr/bin/python3', 'setup.py', 'egg_info', '--egg-base', '../../build/pixhawk_interface', 'build', '--build-base', '/home/robosub/nuros_ws/build/pixhawk_interface/build', 'install', '--record', '/home/robosub/nuros_ws/build/pixhawk_interface/install.log', '--install-scripts', '$base/lib/pixhawk_interface', '--single-version-externally-managed'], 'cwd': '/home/robosub/nuros_ws/src/pixhawk_interface', 'env': {'USER': 'robosub', 'SHLVL': '1', 'LD_LIBRARY_PATH': '/opt/ros/foxy/opt/yaml_cpp_vendor/lib:/opt/ros/foxy/opt/rviz_ogre_vendor/lib:/opt/ros/foxy/lib/aarch64-linux-gnu:/opt/ros/foxy/lib', 'HOME': '/home/robosub', 'OLDPWD': '/', 'ROS_PYTHON_VERSION': '3', 'ROS_DISTRO': 'foxy', 'LOGNAME': 'robosub', 'JOURNAL_STREAM': '7:42600', '_': '/usr/bin/colcon', 'ROS_VERSION': '2', 'ROS_LOCALHOST_ONLY': '0', 'PATH': '/opt/ros/foxy/bin:/usr/local/sbin:/usr/local/bin:/usr/sbin:/usr/bin:/sbin:/bin:/snap/bin', 'INVOCATION_ID': 'c73eb2ae51524df4b3c489e58fc472f5', 'LANG': 'en_US.UTF-8', 'AMENT_PREFIX_PATH': '/opt/ros/foxy', 'SHELL': '/bin/bash', 'PWD': '/home/robosub/nuros_ws/build/pixhawk_interface', 'PYTHONPATH': '/home/robosub/nuros_ws/build/pixhawk_interface/prefix_override:/home/robosub/nuros_ws/install/pixhawk_interface/lib/python3.8/site-packages:/opt/ros/foxy/lib/python3.8/site-packages', 'COLCON': '1'}, 'shell': False}
[17.781317] (-) TimerEvent: {}
[17.883390] (-) TimerEvent: {}
[17.905118] (yadd) Command: {'cmd': ['/usr/bin/python3', 'setup.py', 'egg_info', '--egg-base', '../../build/yadd', 'build', '--build-base', '/home/robosub/nuros_ws/build/yadd/build', 'install', '--record', '/home/robosub/nuros_ws/build/yadd/install.log', '--install-scripts', '$base/lib/yadd', '--single-version-externally-managed'], 'cwd': '/home/robosub/nuros_ws/src/yadd', 'env': {'USER': 'robosub', 'SHLVL': '1', 'LD_LIBRARY_PATH': '/opt/ros/foxy/opt/yaml_cpp_vendor/lib:/opt/ros/foxy/opt/rviz_ogre_vendor/lib:/opt/ros/foxy/lib/aarch64-linux-gnu:/opt/ros/foxy/lib', 'HOME': '/home/robosub', 'OLDPWD': '/', 'ROS_PYTHON_VERSION': '3', 'ROS_DISTRO': 'foxy', 'LOGNAME': 'robosub', 'JOURNAL_STREAM': '7:42600', '_': '/usr/bin/colcon', 'ROS_VERSION': '2', 'ROS_LOCALHOST_ONLY': '0', 'PATH': '/opt/ros/foxy/bin:/usr/local/sbin:/usr/local/bin:/usr/sbin:/usr/bin:/sbin:/bin:/snap/bin', 'INVOCATION_ID': 'c73eb2ae51524df4b3c489e58fc472f5', 'LANG': 'en_US.UTF-8', 'AMENT_PREFIX_PATH': '/opt/ros/foxy', 'SHELL': '/bin/bash', 'PWD': '/home/robosub/nuros_ws/build/yadd', 'PYTHONPATH': '/home/robosub/nuros_ws/build/yadd/prefix_override:/home/robosub/nuros_ws/install/yadd/lib/python3.8/site-packages:/opt/ros/foxy/lib/python3.8/site-packages', 'COLCON': '1'}, 'shell': False}
[17.983947] (-) TimerEvent: {}
[18.085097] (-) TimerEvent: {}
[18.185534] (-) TimerEvent: {}
[18.286001] (-) TimerEvent: {}
[18.386457] (-) TimerEvent: {}
[18.486917] (-) TimerEvent: {}
[18.539728] (main_head) StdoutLine: {'line': b'running egg_info\n'}
[18.541801] (main_head) StdoutLine: {'line': b'writing ../../build/main_head/main_head.egg-info/PKG-INFO\n'}
[18.587163] (-) TimerEvent: {}
[18.599862] (main_head) StdoutLine: {'line': b'writing dependency_links to ../../build/main_head/main_head.egg-info/dependency_links.txt\n'}
[18.601258] (main_head) StdoutLine: {'line': b'writing entry points to ../../build/main_head/main_head.egg-info/entry_points.txt\n'}
[18.602283] (main_head) StdoutLine: {'line': b'writing requirements to ../../build/main_head/main_head.egg-info/requires.txt\n'}
[18.602796] (main_head) StdoutLine: {'line': b'writing top-level names to ../../build/main_head/main_head.egg-info/top_level.txt\n'}
[18.687406] (-) TimerEvent: {}
[18.706956] (pixhawk_interface) StdoutLine: {'line': b'running egg_info\n'}
[18.709321] (pixhawk_interface) StdoutLine: {'line': b'writing ../../build/pixhawk_interface/pixhawk_interface.egg-info/PKG-INFO\n'}
[18.776597] (pixhawk_interface) StdoutLine: {'line': b'writing dependency_links to ../../build/pixhawk_interface/pixhawk_interface.egg-info/dependency_links.txt\n'}
[18.777806] (pixhawk_interface) StdoutLine: {'line': b'writing entry points to ../../build/pixhawk_interface/pixhawk_interface.egg-info/entry_points.txt\n'}
[18.778866] (pixhawk_interface) StdoutLine: {'line': b'writing requirements to ../../build/pixhawk_interface/pixhawk_interface.egg-info/requires.txt\n'}
[18.779312] (pixhawk_interface) StdoutLine: {'line': b'writing top-level names to ../../build/pixhawk_interface/pixhawk_interface.egg-info/top_level.txt\n'}
[18.783069] (main_head) StdoutLine: {'line': b"reading manifest file '../../build/main_head/main_head.egg-info/SOURCES.txt'\n"}
[18.787663] (-) TimerEvent: {}
[18.789070] (main_head) StdoutLine: {'line': b"writing manifest file '../../build/main_head/main_head.egg-info/SOURCES.txt'\n"}
[18.789978] (main_head) StdoutLine: {'line': b'running build\n'}
[18.790358] (main_head) StdoutLine: {'line': b'running build_py\n'}
[18.793596] (main_head) StdoutLine: {'line': b'running install\n'}
[18.798661] (main_head) StdoutLine: {'line': b'running install_lib\n'}
[18.808733] (main_head) StdoutLine: {'line': b'running install_data\n'}
[18.813780] (main_head) StdoutLine: {'line': b'running install_egg_info\n'}
[18.821376] (main_head) StdoutLine: {'line': b"removing '/home/robosub/nuros_ws/install/main_head/lib/python3.8/site-packages/main_head-0.0.0-py3.8.egg-info' (and everything under it)\n"}
[18.824208] (main_head) StdoutLine: {'line': b'Copying ../../build/main_head/main_head.egg-info to /home/robosub/nuros_ws/install/main_head/lib/python3.8/site-packages/main_head-0.0.0-py3.8.egg-info\n'}
[18.832172] (main_head) StdoutLine: {'line': b'running install_scripts\n'}
[18.887922] (-) TimerEvent: {}
[18.898885] (main_head) StdoutLine: {'line': b'Installing master_node script to /home/robosub/nuros_ws/install/main_head/lib/main_head\n'}
[18.924284] (yadd) StdoutLine: {'line': b'running egg_info\n'}
[18.926474] (yadd) StdoutLine: {'line': b'writing ../../build/yadd/yadd.egg-info/PKG-INFO\n'}
[18.982626] (main_head) StdoutLine: {'line': b"writing list of installed files to '/home/robosub/nuros_ws/build/main_head/install.log'\n"}
[18.983112] (yadd) StdoutLine: {'line': b'writing dependency_links to ../../build/yadd/yadd.egg-info/dependency_links.txt\n'}
[18.984759] (yadd) StdoutLine: {'line': b'writing entry points to ../../build/yadd/yadd.egg-info/entry_points.txt\n'}
[18.985911] (yadd) StdoutLine: {'line': b'writing requirements to ../../build/yadd/yadd.egg-info/requires.txt\n'}
[18.986788] (pixhawk_interface) StdoutLine: {'line': b"reading manifest file '../../build/pixhawk_interface/pixhawk_interface.egg-info/SOURCES.txt'\n"}
[18.988024] (yadd) StdoutLine: {'line': b'writing top-level names to ../../build/yadd/yadd.egg-info/top_level.txt\n'}
[18.988436] (-) TimerEvent: {}
[18.993345] (pixhawk_interface) StdoutLine: {'line': b"writing manifest file '../../build/pixhawk_interface/pixhawk_interface.egg-info/SOURCES.txt'\n"}
[18.994142] (pixhawk_interface) StdoutLine: {'line': b'running build\n'}
[18.994487] (pixhawk_interface) StdoutLine: {'line': b'running build_py\n'}
[18.998473] (pixhawk_interface) StdoutLine: {'line': b'running install\n'}
[19.001894] (pixhawk_interface) StdoutLine: {'line': b'running install_lib\n'}
[19.011673] (pixhawk_interface) StdoutLine: {'line': b'running install_data\n'}
[19.013940] (pixhawk_interface) StdoutLine: {'line': b'running install_egg_info\n'}
[19.020595] (pixhawk_interface) StdoutLine: {'line': b"removing '/home/robosub/nuros_ws/install/pixhawk_interface/lib/python3.8/site-packages/pixhawk_interface-0.0.0-py3.8.egg-info' (and everything under it)\n"}
[19.022032] (pixhawk_interface) StdoutLine: {'line': b'Copying ../../build/pixhawk_interface/pixhawk_interface.egg-info to /home/robosub/nuros_ws/install/pixhawk_interface/lib/python3.8/site-packages/pixhawk_interface-0.0.0-py3.8.egg-info\n'}
[19.028128] (pixhawk_interface) StdoutLine: {'line': b'running install_scripts\n'}
[19.093157] (main_head) CommandEnded: {'returncode': 0}
[19.104458] (-) TimerEvent: {}
[19.208574] (-) TimerEvent: {}
[19.239388] (main_head) JobEnded: {'identifier': 'main_head', 'rc': 0}
[19.241235] (pixhawk_interface) StdoutLine: {'line': b'Installing interface_node script to /home/robosub/nuros_ws/install/pixhawk_interface/lib/pixhawk_interface\n'}
[19.241648] (pixhawk_interface) StdoutLine: {'line': b"writing list of installed files to '/home/robosub/nuros_ws/build/pixhawk_interface/install.log'\n"}
[19.242015] (yadd) StdoutLine: {'line': b"reading manifest file '../../build/yadd/yadd.egg-info/SOURCES.txt'\n"}
[19.242355] (yadd) StdoutLine: {'line': b"writing manifest file '../../build/yadd/yadd.egg-info/SOURCES.txt'\n"}
[19.242650] (yadd) StdoutLine: {'line': b'running build\n'}
[19.242949] (yadd) StdoutLine: {'line': b'running build_py\n'}
[19.243262] (yadd) StdoutLine: {'line': b'running install\n'}
[19.243534] (yadd) StdoutLine: {'line': b'running install_lib\n'}
[19.243880] (yadd) StdoutLine: {'line': b'running install_data\n'}
[19.249594] (yadd) StdoutLine: {'line': b'running install_egg_info\n'}
[19.253291] (yadd) StdoutLine: {'line': b"removing '/home/robosub/nuros_ws/install/yadd/lib/python3.8/site-packages/yadd-0.0.0-py3.8.egg-info' (and everything under it)\n"}
[19.254856] (yadd) StdoutLine: {'line': b'Copying ../../build/yadd/yadd.egg-info to /home/robosub/nuros_ws/install/yadd/lib/python3.8/site-packages/yadd-0.0.0-py3.8.egg-info\n'}
[19.262802] (yadd) StdoutLine: {'line': b'running install_scripts\n'}
[19.301626] (pixhawk_interface) CommandEnded: {'returncode': 0}
[19.308957] (-) TimerEvent: {}
[19.409314] (-) TimerEvent: {}
[19.453243] (pixhawk_interface) JobEnded: {'identifier': 'pixhawk_interface', 'rc': 0}
[19.456241] (yadd) StdoutLine: {'line': b'Installing dvl_driver script to /home/robosub/nuros_ws/install/yadd/lib/yadd\n'}
[19.456827] (yadd) StdoutLine: {'line': b"writing list of installed files to '/home/robosub/nuros_ws/build/yadd/install.log'\n"}
[19.507613] (yadd) CommandEnded: {'returncode': 0}
[19.513413] (-) TimerEvent: {}
[19.613767] (-) TimerEvent: {}
[19.681324] (yadd) JobEnded: {'identifier': 'yadd', 'rc': 0}
[19.684133] (-) EventReactorShutdown: {}
