[9.129s] Invoking command in '/home/robosub/nuros_ws/src/image_processing': PYTHONPATH=/home/robosub/nuros_ws/build/image_processing/prefix_override:/home/robosub/nuros_ws/install/image_processing/lib/python3.8/site-packages: /usr/bin/python3 setup.py egg_info --egg-base ../../build/image_processing build --build-base /home/robosub/nuros_ws/build/image_processing/build install --record /home/robosub/nuros_ws/build/image_processing/install.log --install-scripts $base/lib/image_processing --single-version-externally-managed
[10.735s] running egg_info
[10.739s] writing ../../build/image_processing/image_processing.egg-info/PKG-INFO
[10.744s] writing dependency_links to ../../build/image_processing/image_processing.egg-info/dependency_links.txt
[10.746s] writing entry points to ../../build/image_processing/image_processing.egg-info/entry_points.txt
[10.750s] writing requirements to ../../build/image_processing/image_processing.egg-info/requires.txt
[10.751s] writing top-level names to ../../build/image_processing/image_processing.egg-info/top_level.txt
[11.013s] reading manifest file '../../build/image_processing/image_processing.egg-info/SOURCES.txt'
[11.026s] writing manifest file '../../build/image_processing/image_processing.egg-info/SOURCES.txt'
[11.026s] running build
[11.027s] running build_py
[11.034s] running install
[11.039s] running install_lib
[11.050s] running install_data
[11.055s] running install_egg_info
[11.063s] removing '/home/robosub/nuros_ws/install/image_processing/lib/python3.8/site-packages/image_processing-0.0.0-py3.8.egg-info' (and everything under it)
[11.065s] Copying ../../build/image_processing/image_processing.egg-info to /home/robosub/nuros_ws/install/image_processing/lib/python3.8/site-packages/image_processing-0.0.0-py3.8.egg-info
[11.235s] running install_scripts
[11.303s] Installing cv_imshow_node script to /home/robosub/nuros_ws/install/image_processing/lib/image_processing
[11.421s] writing list of installed files to '/home/robosub/nuros_ws/build/image_processing/install.log'
[12.099s] Invoked command in '/home/robosub/nuros_ws/src/image_processing' returned '0': PYTHONPATH=/home/robosub/nuros_ws/build/image_processing/prefix_override:/home/robosub/nuros_ws/install/image_processing/lib/python3.8/site-packages: /usr/bin/python3 setup.py egg_info --egg-base ../../build/image_processing build --build-base /home/robosub/nuros_ws/build/image_processing/build install --record /home/robosub/nuros_ws/build/image_processing/install.log --install-scripts $base/lib/image_processing --single-version-externally-managed
