[5.161s] Invoking command in '/home/robosub/nuros_ws/src/launch_all': PYTHONPATH=/home/robosub/nuros_ws/build/launch_all/prefix_override:/home/robosub/nuros_ws/install/launch_all/lib/python3.8/site-packages: /usr/bin/python3 setup.py egg_info --egg-base ../../build/launch_all build --build-base /home/robosub/nuros_ws/build/launch_all/build install --record /home/robosub/nuros_ws/build/launch_all/install.log --install-scripts $base/lib/launch_all --single-version-externally-managed
[6.013s] running egg_info
[6.014s] writing ../../build/launch_all/launch_all.egg-info/PKG-INFO
[6.016s] writing dependency_links to ../../build/launch_all/launch_all.egg-info/dependency_links.txt
[6.016s] writing entry points to ../../build/launch_all/launch_all.egg-info/entry_points.txt
[6.025s] writing requirements to ../../build/launch_all/launch_all.egg-info/requires.txt
[6.068s] writing top-level names to ../../build/launch_all/launch_all.egg-info/top_level.txt
[6.292s] reading manifest file '../../build/launch_all/launch_all.egg-info/SOURCES.txt'
[6.298s] writing manifest file '../../build/launch_all/launch_all.egg-info/SOURCES.txt'
[6.301s] running build
[6.302s] running build_py
[6.304s] running install
[6.308s] running install_lib
[6.315s] running install_data
[6.320s] running install_egg_info
[6.327s] removing '/home/robosub/nuros_ws/install/launch_all/lib/python3.8/site-packages/launch_all-0.0.0-py3.8.egg-info' (and everything under it)
[6.330s] Copying ../../build/launch_all/launch_all.egg-info to /home/robosub/nuros_ws/install/launch_all/lib/python3.8/site-packages/launch_all-0.0.0-py3.8.egg-info
[6.336s] running install_scripts
[6.421s] writing list of installed files to '/home/robosub/nuros_ws/build/launch_all/install.log'
[6.567s] Invoked command in '/home/robosub/nuros_ws/src/launch_all' returned '0': PYTHONPATH=/home/robosub/nuros_ws/build/launch_all/prefix_override:/home/robosub/nuros_ws/install/launch_all/lib/python3.8/site-packages: /usr/bin/python3 setup.py egg_info --egg-base ../../build/launch_all build --build-base /home/robosub/nuros_ws/build/launch_all/build install --record /home/robosub/nuros_ws/build/launch_all/install.log --install-scripts $base/lib/launch_all --single-version-externally-managed
