[6.913s] Invoking command in '/home/robosub/nuros_ws/src/yadd': PYTHONPATH=/home/robosub/nuros_ws/build/yadd/prefix_override:/home/robosub/nuros_ws/install/yadd/lib/python3.8/site-packages: /usr/bin/python3 setup.py egg_info --egg-base ../../build/yadd build --build-base /home/robosub/nuros_ws/build/yadd/build install --record /home/robosub/nuros_ws/build/yadd/install.log --install-scripts $base/lib/yadd --single-version-externally-managed
[8.119s] running egg_info
[8.121s] writing ../../build/yadd/yadd.egg-info/PKG-INFO
[8.124s] writing dependency_links to ../../build/yadd/yadd.egg-info/dependency_links.txt
[8.125s] writing entry points to ../../build/yadd/yadd.egg-info/entry_points.txt
[8.146s] writing requirements to ../../build/yadd/yadd.egg-info/requires.txt
[8.147s] writing top-level names to ../../build/yadd/yadd.egg-info/top_level.txt
[8.319s] reading manifest file '../../build/yadd/yadd.egg-info/SOURCES.txt'
[8.323s] writing manifest file '../../build/yadd/yadd.egg-info/SOURCES.txt'
[8.324s] running build
[8.324s] running build_py
[8.327s] running install
[8.330s] running install_lib
[8.339s] running install_data
[8.345s] running install_egg_info
[8.352s] removing '/home/robosub/nuros_ws/install/yadd/lib/python3.8/site-packages/yadd-0.0.0-py3.8.egg-info' (and everything under it)
[8.354s] Copying ../../build/yadd/yadd.egg-info to /home/robosub/nuros_ws/install/yadd/lib/python3.8/site-packages/yadd-0.0.0-py3.8.egg-info
[8.359s] running install_scripts
[8.434s] Installing dvl_driver script to /home/robosub/nuros_ws/install/yadd/lib/yadd
[8.437s] writing list of installed files to '/home/robosub/nuros_ws/build/yadd/install.log'
[8.589s] Invoked command in '/home/robosub/nuros_ws/src/yadd' returned '0': PYTHONPATH=/home/robosub/nuros_ws/build/yadd/prefix_override:/home/robosub/nuros_ws/install/yadd/lib/python3.8/site-packages: /usr/bin/python3 setup.py egg_info --egg-base ../../build/yadd build --build-base /home/robosub/nuros_ws/build/yadd/build install --record /home/robosub/nuros_ws/build/yadd/install.log --install-scripts $base/lib/yadd --single-version-externally-managed
