[5.401s] Invoking command in '/home/robosub/nuros_ws/src/image_processing': PYTHONPATH=/home/robosub/nuros_ws/build/image_processing/prefix_override:/home/robosub/nuros_ws/install/image_processing/lib/python3.8/site-packages: /usr/bin/python3 setup.py egg_info --egg-base ../../build/image_processing build --build-base /home/robosub/nuros_ws/build/image_processing/build install --record /home/robosub/nuros_ws/build/image_processing/install.log --install-scripts $base/lib/image_processing --single-version-externally-managed
[6.340s] running egg_info
[6.345s] writing ../../build/image_processing/image_processing.egg-info/PKG-INFO
[6.348s] writing dependency_links to ../../build/image_processing/image_processing.egg-info/dependency_links.txt
[6.393s] writing entry points to ../../build/image_processing/image_processing.egg-info/entry_points.txt
[6.394s] writing requirements to ../../build/image_processing/image_processing.egg-info/requires.txt
[6.395s] writing top-level names to ../../build/image_processing/image_processing.egg-info/top_level.txt
[6.529s] reading manifest file '../../build/image_processing/image_processing.egg-info/SOURCES.txt'
[6.533s] writing manifest file '../../build/image_processing/image_processing.egg-info/SOURCES.txt'
[6.535s] running build
[6.536s] running build_py
[6.675s] running install
[6.678s] running install_lib
[6.685s] running install_data
[6.687s] running install_egg_info
[6.693s] removing '/home/robosub/nuros_ws/install/image_processing/lib/python3.8/site-packages/image_processing-0.0.0-py3.8.egg-info' (and everything under it)
[6.694s] Copying ../../build/image_processing/image_processing.egg-info to /home/robosub/nuros_ws/install/image_processing/lib/python3.8/site-packages/image_processing-0.0.0-py3.8.egg-info
[6.700s] running install_scripts
[6.772s] Installing cv_imshow_node script to /home/robosub/nuros_ws/install/image_processing/lib/image_processing
[6.774s] writing list of installed files to '/home/robosub/nuros_ws/build/image_processing/install.log'
[7.161s] Invoked command in '/home/robosub/nuros_ws/src/image_processing' returned '0': PYTHONPATH=/home/robosub/nuros_ws/build/image_processing/prefix_override:/home/robosub/nuros_ws/install/image_processing/lib/python3.8/site-packages: /usr/bin/python3 setup.py egg_info --egg-base ../../build/image_processing build --build-base /home/robosub/nuros_ws/build/image_processing/build install --record /home/robosub/nuros_ws/build/image_processing/install.log --install-scripts $base/lib/image_processing --single-version-externally-managed
