[4.392s] Invoking command in '/home/robosub/nuros_ws/src/image_processing': PYTHONPATH=/home/robosub/nuros_ws/build/image_processing/prefix_override:/home/robosub/nuros_ws/install/image_processing/lib/python3.8/site-packages: /usr/bin/python3 setup.py egg_info --egg-base ../../build/image_processing build --build-base /home/robosub/nuros_ws/build/image_processing/build install --record /home/robosub/nuros_ws/build/image_processing/install.log --install-scripts $base/lib/image_processing --single-version-externally-managed
[5.270s] running egg_info
[5.272s] writing ../../build/image_processing/image_processing.egg-info/PKG-INFO
[5.273s] writing dependency_links to ../../build/image_processing/image_processing.egg-info/dependency_links.txt
[5.278s] writing entry points to ../../build/image_processing/image_processing.egg-info/entry_points.txt
[5.327s] writing requirements to ../../build/image_processing/image_processing.egg-info/requires.txt
[5.330s] writing top-level names to ../../build/image_processing/image_processing.egg-info/top_level.txt
[5.534s] reading manifest file '../../build/image_processing/image_processing.egg-info/SOURCES.txt'
[5.540s] writing manifest file '../../build/image_processing/image_processing.egg-info/SOURCES.txt'
[5.540s] running build
[5.541s] running build_py
[5.543s] running install
[5.546s] running install_lib
[5.552s] running install_data
[5.554s] running install_egg_info
[5.560s] removing '/home/robosub/nuros_ws/install/image_processing/lib/python3.8/site-packages/image_processing-0.0.0-py3.8.egg-info' (and everything under it)
[5.562s] Copying ../../build/image_processing/image_processing.egg-info to /home/robosub/nuros_ws/install/image_processing/lib/python3.8/site-packages/image_processing-0.0.0-py3.8.egg-info
[5.568s] running install_scripts
[5.637s] Installing cv_imshow_node script to /home/robosub/nuros_ws/install/image_processing/lib/image_processing
[5.639s] writing list of installed files to '/home/robosub/nuros_ws/build/image_processing/install.log'
[5.787s] Invoked command in '/home/robosub/nuros_ws/src/image_processing' returned '0': PYTHONPATH=/home/robosub/nuros_ws/build/image_processing/prefix_override:/home/robosub/nuros_ws/install/image_processing/lib/python3.8/site-packages: /usr/bin/python3 setup.py egg_info --egg-base ../../build/image_processing build --build-base /home/robosub/nuros_ws/build/image_processing/build install --record /home/robosub/nuros_ws/build/image_processing/install.log --install-scripts $base/lib/image_processing --single-version-externally-managed
