[14.296s] Invoking command in '/home/robosub/nuros_ws/src/image_processing': PYTHONPATH=/home/robosub/nuros_ws/build/image_processing/prefix_override:/home/robosub/nuros_ws/install/image_processing/lib/python3.8/site-packages: /usr/bin/python3 setup.py egg_info --egg-base ../../build/image_processing build --build-base /home/robosub/nuros_ws/build/image_processing/build install --record /home/robosub/nuros_ws/build/image_processing/install.log --install-scripts $base/lib/image_processing --single-version-externally-managed
[16.849s] running egg_info
[16.864s] writing ../../build/image_processing/image_processing.egg-info/PKG-INFO
[16.866s] writing dependency_links to ../../build/image_processing/image_processing.egg-info/dependency_links.txt
[16.867s] writing entry points to ../../build/image_processing/image_processing.egg-info/entry_points.txt
[16.868s] writing requirements to ../../build/image_processing/image_processing.egg-info/requires.txt
[16.868s] writing top-level names to ../../build/image_processing/image_processing.egg-info/top_level.txt
[17.010s] reading manifest file '../../build/image_processing/image_processing.egg-info/SOURCES.txt'
[17.013s] writing manifest file '../../build/image_processing/image_processing.egg-info/SOURCES.txt'
[17.014s] running build
[17.014s] running build_py
[17.032s] running install
[17.149s] running install_lib
[17.149s] running install_data
[17.150s] running install_egg_info
[17.159s] removing '/home/robosub/nuros_ws/install/image_processing/lib/python3.8/site-packages/image_processing-0.0.0-py3.8.egg-info' (and everything under it)
[17.161s] Copying ../../build/image_processing/image_processing.egg-info to /home/robosub/nuros_ws/install/image_processing/lib/python3.8/site-packages/image_processing-0.0.0-py3.8.egg-info
[17.167s] running install_scripts
[17.269s] Installing cv_imshow_node script to /home/robosub/nuros_ws/install/image_processing/lib/image_processing
[17.280s] writing list of installed files to '/home/robosub/nuros_ws/build/image_processing/install.log'
[19.680s] Invoked command in '/home/robosub/nuros_ws/src/image_processing' returned '0': PYTHONPATH=/home/robosub/nuros_ws/build/image_processing/prefix_override:/home/robosub/nuros_ws/install/image_processing/lib/python3.8/site-packages: /usr/bin/python3 setup.py egg_info --egg-base ../../build/image_processing build --build-base /home/robosub/nuros_ws/build/image_processing/build install --record /home/robosub/nuros_ws/build/image_processing/install.log --install-scripts $base/lib/image_processing --single-version-externally-managed
