[3.153s] Invoking command in '/home/robosub/nuros_ws/src/yadd': PYTHONPATH=/home/robosub/nuros_ws/build/yadd/prefix_override:/home/robosub/nuros_ws/install/yadd/lib/python3.8/site-packages: /usr/bin/python3 setup.py egg_info --egg-base ../../build/yadd build --build-base /home/robosub/nuros_ws/build/yadd/build install --record /home/robosub/nuros_ws/build/yadd/install.log --install-scripts $base/lib/yadd --single-version-externally-managed
[3.867s] running egg_info
[3.870s] writing ../../build/yadd/yadd.egg-info/PKG-INFO
[3.871s] writing dependency_links to ../../build/yadd/yadd.egg-info/dependency_links.txt
[3.873s] writing entry points to ../../build/yadd/yadd.egg-info/entry_points.txt
[3.902s] writing requirements to ../../build/yadd/yadd.egg-info/requires.txt
[3.903s] writing top-level names to ../../build/yadd/yadd.egg-info/top_level.txt
[4.016s] reading manifest file '../../build/yadd/yadd.egg-info/SOURCES.txt'
[4.020s] writing manifest file '../../build/yadd/yadd.egg-info/SOURCES.txt'
[4.020s] running build
[4.021s] running build_py
[4.023s] running install
[4.026s] running install_lib
[4.032s] running install_data
[4.034s] running install_egg_info
[4.039s] removing '/home/robosub/nuros_ws/install/yadd/lib/python3.8/site-packages/yadd-0.0.0-py3.8.egg-info' (and everything under it)
[4.041s] Copying ../../build/yadd/yadd.egg-info to /home/robosub/nuros_ws/install/yadd/lib/python3.8/site-packages/yadd-0.0.0-py3.8.egg-info
[4.045s] running install_scripts
[4.103s] Installing dvl_driver script to /home/robosub/nuros_ws/install/yadd/lib/yadd
[4.106s] writing list of installed files to '/home/robosub/nuros_ws/build/yadd/install.log'
[4.216s] Invoked command in '/home/robosub/nuros_ws/src/yadd' returned '0': PYTHONPATH=/home/robosub/nuros_ws/build/yadd/prefix_override:/home/robosub/nuros_ws/install/yadd/lib/python3.8/site-packages: /usr/bin/python3 setup.py egg_info --egg-base ../../build/yadd build --build-base /home/robosub/nuros_ws/build/yadd/build install --record /home/robosub/nuros_ws/build/yadd/install.log --install-scripts $base/lib/yadd --single-version-externally-managed
