[4.336s] Invoking command in '/home/robosub/nuros_ws/src/main_head': PYTHONPATH=/home/robosub/nuros_ws/build/main_head/prefix_override:/home/robosub/nuros_ws/install/main_head/lib/python3.8/site-packages: /usr/bin/python3 setup.py egg_info --egg-base ../../build/main_head build --build-base /home/robosub/nuros_ws/build/main_head/build install --record /home/robosub/nuros_ws/build/main_head/install.log --install-scripts $base/lib/main_head --single-version-externally-managed
[5.106s] running egg_info
[5.109s] writing ../../build/main_head/main_head.egg-info/PKG-INFO
[5.231s] writing dependency_links to ../../build/main_head/main_head.egg-info/dependency_links.txt
[5.232s] writing entry points to ../../build/main_head/main_head.egg-info/entry_points.txt
[5.233s] writing requirements to ../../build/main_head/main_head.egg-info/requires.txt
[5.234s] writing top-level names to ../../build/main_head/main_head.egg-info/top_level.txt
[5.410s] reading manifest file '../../build/main_head/main_head.egg-info/SOURCES.txt'
[5.415s] writing manifest file '../../build/main_head/main_head.egg-info/SOURCES.txt'
[5.416s] running build
[5.417s] running build_py
[5.421s] running install
[5.425s] running install_lib
[5.433s] running install_data
[5.438s] running install_egg_info
[5.445s] removing '/home/robosub/nuros_ws/install/main_head/lib/python3.8/site-packages/main_head-0.0.0-py3.8.egg-info' (and everything under it)
[5.448s] Copying ../../build/main_head/main_head.egg-info to /home/robosub/nuros_ws/install/main_head/lib/python3.8/site-packages/main_head-0.0.0-py3.8.egg-info
[5.594s] running install_scripts
[5.661s] Installing master_node script to /home/robosub/nuros_ws/install/main_head/lib/main_head
[5.803s] writing list of installed files to '/home/robosub/nuros_ws/build/main_head/install.log'
[5.905s] Invoked command in '/home/robosub/nuros_ws/src/main_head' returned '0': PYTHONPATH=/home/robosub/nuros_ws/build/main_head/prefix_override:/home/robosub/nuros_ws/install/main_head/lib/python3.8/site-packages: /usr/bin/python3 setup.py egg_info --egg-base ../../build/main_head build --build-base /home/robosub/nuros_ws/build/main_head/build install --record /home/robosub/nuros_ws/build/main_head/install.log --install-scripts $base/lib/main_head --single-version-externally-managed
