[8.744s] Invoking command in '/home/robosub/nuros_ws/src/image_processing': PYTHONPATH=/home/robosub/nuros_ws/build/image_processing/prefix_override:/home/robosub/nuros_ws/install/image_processing/lib/python3.8/site-packages:${PYTHONPATH} /usr/bin/python3 setup.py egg_info --egg-base ../../build/image_processing build --build-base /home/robosub/nuros_ws/build/image_processing/build install --record /home/robosub/nuros_ws/build/image_processing/install.log --install-scripts $base/lib/image_processing --single-version-externally-managed
[10.215s] running egg_info
[10.216s] writing ../../build/image_processing/image_processing.egg-info/PKG-INFO
[10.221s] writing dependency_links to ../../build/image_processing/image_processing.egg-info/dependency_links.txt
[10.223s] writing entry points to ../../build/image_processing/image_processing.egg-info/entry_points.txt
[10.224s] writing requirements to ../../build/image_processing/image_processing.egg-info/requires.txt
[10.225s] writing top-level names to ../../build/image_processing/image_processing.egg-info/top_level.txt
[10.538s] reading manifest file '../../build/image_processing/image_processing.egg-info/SOURCES.txt'
[10.546s] writing manifest file '../../build/image_processing/image_processing.egg-info/SOURCES.txt'
[10.550s] running build
[10.550s] running build_py
[10.568s] running install
[10.644s] running install_lib
[11.034s] running install_data
[11.035s] running install_egg_info
[11.036s] removing '/home/robosub/nuros_ws/install/image_processing/lib/python3.8/site-packages/image_processing-0.0.0-py3.8.egg-info' (and everything under it)
[11.037s] Copying ../../build/image_processing/image_processing.egg-info to /home/robosub/nuros_ws/install/image_processing/lib/python3.8/site-packages/image_processing-0.0.0-py3.8.egg-info
[11.038s] running install_scripts
[11.038s] Installing cv_imshow_node script to /home/robosub/nuros_ws/install/image_processing/lib/image_processing
[11.039s] writing list of installed files to '/home/robosub/nuros_ws/build/image_processing/install.log'
[11.170s] Invoked command in '/home/robosub/nuros_ws/src/image_processing' returned '0': PYTHONPATH=/home/robosub/nuros_ws/build/image_processing/prefix_override:/home/robosub/nuros_ws/install/image_processing/lib/python3.8/site-packages:${PYTHONPATH} /usr/bin/python3 setup.py egg_info --egg-base ../../build/image_processing build --build-base /home/robosub/nuros_ws/build/image_processing/build install --record /home/robosub/nuros_ws/build/image_processing/install.log --install-scripts $base/lib/image_processing --single-version-externally-managed
