[9.973s] Invoking command in '/home/robosub/nuros_ws/src/yadd': PYTHONPATH=/home/robosub/nuros_ws/build/yadd/prefix_override:/home/robosub/nuros_ws/install/yadd/lib/python3.8/site-packages: /usr/bin/python3 setup.py egg_info --egg-base ../../build/yadd build --build-base /home/robosub/nuros_ws/build/yadd/build install --record /home/robosub/nuros_ws/build/yadd/install.log --install-scripts $base/lib/yadd --single-version-externally-managed
[11.932s] running egg_info
[11.935s] writing ../../build/yadd/yadd.egg-info/PKG-INFO
[11.938s] writing dependency_links to ../../build/yadd/yadd.egg-info/dependency_links.txt
[11.940s] writing entry points to ../../build/yadd/yadd.egg-info/entry_points.txt
[11.941s] writing requirements to ../../build/yadd/yadd.egg-info/requires.txt
[11.943s] writing top-level names to ../../build/yadd/yadd.egg-info/top_level.txt
[12.183s] reading manifest file '../../build/yadd/yadd.egg-info/SOURCES.txt'
[12.188s] writing manifest file '../../build/yadd/yadd.egg-info/SOURCES.txt'
[12.188s] running build
[12.189s] running build_py
[12.202s] running install
[12.206s] running install_lib
[12.215s] running install_data
[12.228s] running install_egg_info
[12.242s] removing '/home/robosub/nuros_ws/install/yadd/lib/python3.8/site-packages/yadd-0.0.0-py3.8.egg-info' (and everything under it)
[12.243s] Copying ../../build/yadd/yadd.egg-info to /home/robosub/nuros_ws/install/yadd/lib/python3.8/site-packages/yadd-0.0.0-py3.8.egg-info
[12.251s] running install_scripts
[12.395s] Installing dvl_driver script to /home/robosub/nuros_ws/install/yadd/lib/yadd
[12.402s] writing list of installed files to '/home/robosub/nuros_ws/build/yadd/install.log'
[12.630s] Invoked command in '/home/robosub/nuros_ws/src/yadd' returned '0': PYTHONPATH=/home/robosub/nuros_ws/build/yadd/prefix_override:/home/robosub/nuros_ws/install/yadd/lib/python3.8/site-packages: /usr/bin/python3 setup.py egg_info --egg-base ../../build/yadd build --build-base /home/robosub/nuros_ws/build/yadd/build install --record /home/robosub/nuros_ws/build/yadd/install.log --install-scripts $base/lib/yadd --single-version-externally-managed
