[7.475s] Invoking command in '/home/robosub/nuros_ws/src/key_joy': PYTHONPATH=/home/robosub/nuros_ws/build/key_joy/prefix_override:/home/robosub/nuros_ws/install/key_joy/lib/python3.8/site-packages: /usr/bin/python3 setup.py egg_info --egg-base ../../build/key_joy build --build-base /home/robosub/nuros_ws/build/key_joy/build install --record /home/robosub/nuros_ws/build/key_joy/install.log --install-scripts $base/lib/key_joy --single-version-externally-managed
[8.280s] running egg_info
[8.281s] writing ../../build/key_joy/key_joy.egg-info/PKG-INFO
[8.424s] writing dependency_links to ../../build/key_joy/key_joy.egg-info/dependency_links.txt
[8.425s] writing entry points to ../../build/key_joy/key_joy.egg-info/entry_points.txt
[8.425s] writing requirements to ../../build/key_joy/key_joy.egg-info/requires.txt
[8.426s] writing top-level names to ../../build/key_joy/key_joy.egg-info/top_level.txt
[8.673s] reading manifest file '../../build/key_joy/key_joy.egg-info/SOURCES.txt'
[8.677s] writing manifest file '../../build/key_joy/key_joy.egg-info/SOURCES.txt'
[8.680s] running build
[8.680s] running build_py
[8.700s] copying key_joy/key_joy_node.py -> /home/robosub/nuros_ws/build/key_joy/build/lib/key_joy
[8.709s] running install
[8.709s] running install_lib
[8.709s] copying /home/robosub/nuros_ws/build/key_joy/build/lib/key_joy/key_joy_node.py -> /home/robosub/nuros_ws/install/key_joy/lib/python3.8/site-packages/key_joy
[8.710s] byte-compiling /home/robosub/nuros_ws/install/key_joy/lib/python3.8/site-packages/key_joy/key_joy_node.py to key_joy_node.cpython-38.pyc
[8.712s] running install_data
[8.719s] running install_egg_info
[8.730s] removing '/home/robosub/nuros_ws/install/key_joy/lib/python3.8/site-packages/key_joy-0.0.0-py3.8.egg-info' (and everything under it)
[8.730s] Copying ../../build/key_joy/key_joy.egg-info to /home/robosub/nuros_ws/install/key_joy/lib/python3.8/site-packages/key_joy-0.0.0-py3.8.egg-info
[8.733s] running install_scripts
[8.802s] Installing joy_twist_node script to /home/robosub/nuros_ws/install/key_joy/lib/key_joy
[8.907s] Installing key_joy_node script to /home/robosub/nuros_ws/install/key_joy/lib/key_joy
[8.909s] writing list of installed files to '/home/robosub/nuros_ws/build/key_joy/install.log'
[9.318s] Invoked command in '/home/robosub/nuros_ws/src/key_joy' returned '0': PYTHONPATH=/home/robosub/nuros_ws/build/key_joy/prefix_override:/home/robosub/nuros_ws/install/key_joy/lib/python3.8/site-packages: /usr/bin/python3 setup.py egg_info --egg-base ../../build/key_joy build --build-base /home/robosub/nuros_ws/build/key_joy/build install --record /home/robosub/nuros_ws/build/key_joy/install.log --install-scripts $base/lib/key_joy --single-version-externally-managed
