[7.568s] Invoking command in '/home/robosub/nuros_ws/src/main_head': PYTHONPATH=/home/robosub/nuros_ws/build/main_head/prefix_override:/home/robosub/nuros_ws/install/main_head/lib/python3.8/site-packages: /usr/bin/python3 setup.py egg_info --egg-base ../../build/main_head build --build-base /home/robosub/nuros_ws/build/main_head/build install --record /home/robosub/nuros_ws/build/main_head/install.log --install-scripts $base/lib/main_head --single-version-externally-managed
[9.358s] running egg_info
[9.359s] writing ../../build/main_head/main_head.egg-info/PKG-INFO
[9.439s] writing dependency_links to ../../build/main_head/main_head.egg-info/dependency_links.txt
[9.440s] writing entry points to ../../build/main_head/main_head.egg-info/entry_points.txt
[9.440s] writing requirements to ../../build/main_head/main_head.egg-info/requires.txt
[9.441s] writing top-level names to ../../build/main_head/main_head.egg-info/top_level.txt
[9.651s] reading manifest file '../../build/main_head/main_head.egg-info/SOURCES.txt'
[9.657s] writing manifest file '../../build/main_head/main_head.egg-info/SOURCES.txt'
[9.659s] running build
[9.683s] running build_py
[9.710s] running install
[9.738s] running install_lib
[9.739s] running install_data
[9.740s] running install_egg_info
[9.740s] removing '/home/robosub/nuros_ws/install/main_head/lib/python3.8/site-packages/main_head-0.0.0-py3.8.egg-info' (and everything under it)
[9.740s] Copying ../../build/main_head/main_head.egg-info to /home/robosub/nuros_ws/install/main_head/lib/python3.8/site-packages/main_head-0.0.0-py3.8.egg-info
[9.741s] running install_scripts
[9.860s] Installing master_node script to /home/robosub/nuros_ws/install/main_head/lib/main_head
[9.976s] writing list of installed files to '/home/robosub/nuros_ws/build/main_head/install.log'
[10.300s] Invoked command in '/home/robosub/nuros_ws/src/main_head' returned '0': PYTHONPATH=/home/robosub/nuros_ws/build/main_head/prefix_override:/home/robosub/nuros_ws/install/main_head/lib/python3.8/site-packages: /usr/bin/python3 setup.py egg_info --egg-base ../../build/main_head build --build-base /home/robosub/nuros_ws/build/main_head/build install --record /home/robosub/nuros_ws/build/main_head/install.log --install-scripts $base/lib/main_head --single-version-externally-managed
