[4.209s] Invoking command in '/home/robosub/nuros_ws/src/main_head': PYTHONPATH=/home/robosub/nuros_ws/build/main_head/prefix_override:/home/robosub/nuros_ws/install/main_head/lib/python3.8/site-packages: /usr/bin/python3 setup.py egg_info --egg-base ../../build/main_head build --build-base /home/robosub/nuros_ws/build/main_head/build install --record /home/robosub/nuros_ws/build/main_head/install.log --install-scripts $base/lib/main_head --single-version-externally-managed
[4.976s] running egg_info
[4.978s] writing ../../build/main_head/main_head.egg-info/PKG-INFO
[5.117s] writing dependency_links to ../../build/main_head/main_head.egg-info/dependency_links.txt
[5.118s] writing entry points to ../../build/main_head/main_head.egg-info/entry_points.txt
[5.120s] writing requirements to ../../build/main_head/main_head.egg-info/requires.txt
[5.121s] writing top-level names to ../../build/main_head/main_head.egg-info/top_level.txt
[5.399s] reading manifest file '../../build/main_head/main_head.egg-info/SOURCES.txt'
[5.408s] writing manifest file '../../build/main_head/main_head.egg-info/SOURCES.txt'
[5.409s] running build
[5.410s] running build_py
[5.414s] running install
[5.419s] running install_lib
[5.427s] running install_data
[5.432s] running install_egg_info
[5.440s] removing '/home/robosub/nuros_ws/install/main_head/lib/python3.8/site-packages/main_head-0.0.0-py3.8.egg-info' (and everything under it)
[5.444s] Copying ../../build/main_head/main_head.egg-info to /home/robosub/nuros_ws/install/main_head/lib/python3.8/site-packages/main_head-0.0.0-py3.8.egg-info
[5.589s] running install_scripts
[5.657s] Installing master_node script to /home/robosub/nuros_ws/install/main_head/lib/main_head
[5.798s] writing list of installed files to '/home/robosub/nuros_ws/build/main_head/install.log'
[5.899s] Invoked command in '/home/robosub/nuros_ws/src/main_head' returned '0': PYTHONPATH=/home/robosub/nuros_ws/build/main_head/prefix_override:/home/robosub/nuros_ws/install/main_head/lib/python3.8/site-packages: /usr/bin/python3 setup.py egg_info --egg-base ../../build/main_head build --build-base /home/robosub/nuros_ws/build/main_head/build install --record /home/robosub/nuros_ws/build/main_head/install.log --install-scripts $base/lib/main_head --single-version-externally-managed
