[3.850s] Invoking command in '/home/robosub/nuros_ws/src/yadd': PYTHONPATH=/home/robosub/nuros_ws/build/yadd/prefix_override:/home/robosub/nuros_ws/install/yadd/lib/python3.8/site-packages: /usr/bin/python3 setup.py egg_info --egg-base ../../build/yadd build --build-base /home/robosub/nuros_ws/build/yadd/build install --record /home/robosub/nuros_ws/build/yadd/install.log --install-scripts $base/lib/yadd --single-version-externally-managed
[4.572s] running egg_info
[4.573s] writing ../../build/yadd/yadd.egg-info/PKG-INFO
[4.653s] writing dependency_links to ../../build/yadd/yadd.egg-info/dependency_links.txt
[4.654s] writing entry points to ../../build/yadd/yadd.egg-info/entry_points.txt
[4.655s] writing requirements to ../../build/yadd/yadd.egg-info/requires.txt
[4.656s] writing top-level names to ../../build/yadd/yadd.egg-info/top_level.txt
[4.929s] reading manifest file '../../build/yadd/yadd.egg-info/SOURCES.txt'
[4.934s] writing manifest file '../../build/yadd/yadd.egg-info/SOURCES.txt'
[4.935s] running build
[4.935s] running build_py
[4.939s] running install
[4.942s] running install_lib
[4.950s] running install_data
[4.953s] running install_egg_info
[4.959s] removing '/home/robosub/nuros_ws/install/yadd/lib/python3.8/site-packages/yadd-0.0.0-py3.8.egg-info' (and everything under it)
[4.960s] Copying ../../build/yadd/yadd.egg-info to /home/robosub/nuros_ws/install/yadd/lib/python3.8/site-packages/yadd-0.0.0-py3.8.egg-info
[4.965s] running install_scripts
[5.026s] Installing dvl_driver script to /home/robosub/nuros_ws/install/yadd/lib/yadd
[5.166s] writing list of installed files to '/home/robosub/nuros_ws/build/yadd/install.log'
[5.271s] Invoked command in '/home/robosub/nuros_ws/src/yadd' returned '0': PYTHONPATH=/home/robosub/nuros_ws/build/yadd/prefix_override:/home/robosub/nuros_ws/install/yadd/lib/python3.8/site-packages: /usr/bin/python3 setup.py egg_info --egg-base ../../build/yadd build --build-base /home/robosub/nuros_ws/build/yadd/build install --record /home/robosub/nuros_ws/build/yadd/install.log --install-scripts $base/lib/yadd --single-version-externally-managed
