[4.048s] Invoking command in '/home/robosub/nuros_ws/src/main_head': PYTHONPATH=/home/robosub/nuros_ws/build/main_head/prefix_override:/home/robosub/nuros_ws/install/main_head/lib/python3.8/site-packages: /usr/bin/python3 setup.py egg_info --egg-base ../../build/main_head build --build-base /home/robosub/nuros_ws/build/main_head/build install --record /home/robosub/nuros_ws/build/main_head/install.log --install-scripts $base/lib/main_head --single-version-externally-managed
[4.791s] running egg_info
[4.794s] writing ../../build/main_head/main_head.egg-info/PKG-INFO
[4.904s] writing dependency_links to ../../build/main_head/main_head.egg-info/dependency_links.txt
[4.904s] writing entry points to ../../build/main_head/main_head.egg-info/entry_points.txt
[4.905s] writing requirements to ../../build/main_head/main_head.egg-info/requires.txt
[4.906s] writing top-level names to ../../build/main_head/main_head.egg-info/top_level.txt
[5.098s] reading manifest file '../../build/main_head/main_head.egg-info/SOURCES.txt'
[5.102s] writing manifest file '../../build/main_head/main_head.egg-info/SOURCES.txt'
[5.104s] running build
[5.105s] running build_py
[5.109s] running install
[5.113s] running install_lib
[5.122s] running install_data
[5.126s] running install_egg_info
[5.132s] removing '/home/robosub/nuros_ws/install/main_head/lib/python3.8/site-packages/main_head-0.0.0-py3.8.egg-info' (and everything under it)
[5.134s] Copying ../../build/main_head/main_head.egg-info to /home/robosub/nuros_ws/install/main_head/lib/python3.8/site-packages/main_head-0.0.0-py3.8.egg-info
[5.139s] running install_scripts
[5.209s] Installing master_node script to /home/robosub/nuros_ws/install/main_head/lib/main_head
[5.350s] writing list of installed files to '/home/robosub/nuros_ws/build/main_head/install.log'
[5.454s] Invoked command in '/home/robosub/nuros_ws/src/main_head' returned '0': PYTHONPATH=/home/robosub/nuros_ws/build/main_head/prefix_override:/home/robosub/nuros_ws/install/main_head/lib/python3.8/site-packages: /usr/bin/python3 setup.py egg_info --egg-base ../../build/main_head build --build-base /home/robosub/nuros_ws/build/main_head/build install --record /home/robosub/nuros_ws/build/main_head/install.log --install-scripts $base/lib/main_head --single-version-externally-managed
