[3.209s] Invoking command in '/home/robosub/nuros_ws/src/yadd': PYTHONPATH=/home/robosub/nuros_ws/build/yadd/prefix_override:/home/robosub/nuros_ws/install/yadd/lib/python3.8/site-packages: /usr/bin/python3 setup.py egg_info --egg-base ../../build/yadd build --build-base /home/robosub/nuros_ws/build/yadd/build install --record /home/robosub/nuros_ws/build/yadd/install.log --install-scripts $base/lib/yadd --single-version-externally-managed
[3.953s] running egg_info
[3.955s] writing ../../build/yadd/yadd.egg-info/PKG-INFO
[3.956s] writing dependency_links to ../../build/yadd/yadd.egg-info/dependency_links.txt
[3.957s] writing entry points to ../../build/yadd/yadd.egg-info/entry_points.txt
[3.957s] writing requirements to ../../build/yadd/yadd.egg-info/requires.txt
[3.959s] writing top-level names to ../../build/yadd/yadd.egg-info/top_level.txt
[4.104s] reading manifest file '../../build/yadd/yadd.egg-info/SOURCES.txt'
[4.108s] writing manifest file '../../build/yadd/yadd.egg-info/SOURCES.txt'
[4.108s] running build
[4.109s] running build_py
[4.111s] running install
[4.114s] running install_lib
[4.121s] running install_data
[4.122s] running install_egg_info
[4.128s] removing '/home/robosub/nuros_ws/install/yadd/lib/python3.8/site-packages/yadd-0.0.0-py3.8.egg-info' (and everything under it)
[4.130s] Copying ../../build/yadd/yadd.egg-info to /home/robosub/nuros_ws/install/yadd/lib/python3.8/site-packages/yadd-0.0.0-py3.8.egg-info
[4.134s] running install_scripts
[4.199s] Installing dvl_driver script to /home/robosub/nuros_ws/install/yadd/lib/yadd
[4.200s] writing list of installed files to '/home/robosub/nuros_ws/build/yadd/install.log'
[4.307s] Invoked command in '/home/robosub/nuros_ws/src/yadd' returned '0': PYTHONPATH=/home/robosub/nuros_ws/build/yadd/prefix_override:/home/robosub/nuros_ws/install/yadd/lib/python3.8/site-packages: /usr/bin/python3 setup.py egg_info --egg-base ../../build/yadd build --build-base /home/robosub/nuros_ws/build/yadd/build install --record /home/robosub/nuros_ws/build/yadd/install.log --install-scripts $base/lib/yadd --single-version-externally-managed
