[4.195s] Invoking command in '/home/robosub/nuros_ws/src/yadd': PYTHONPATH=/home/robosub/nuros_ws/build/yadd/prefix_override:/home/robosub/nuros_ws/install/yadd/lib/python3.8/site-packages:${PYTHONPATH} /usr/bin/python3 setup.py egg_info --egg-base ../../build/yadd build --build-base /home/robosub/nuros_ws/build/yadd/build install --record /home/robosub/nuros_ws/build/yadd/install.log --install-scripts $base/lib/yadd --single-version-externally-managed
[5.759s] running egg_info
[5.761s] creating ../../build/yadd/yadd.egg-info
[5.762s] writing ../../build/yadd/yadd.egg-info/PKG-INFO
[5.763s] writing dependency_links to ../../build/yadd/yadd.egg-info/dependency_links.txt
[5.764s] writing entry points to ../../build/yadd/yadd.egg-info/entry_points.txt
[5.764s] writing requirements to ../../build/yadd/yadd.egg-info/requires.txt
[5.765s] writing top-level names to ../../build/yadd/yadd.egg-info/top_level.txt
[5.781s] writing manifest file '../../build/yadd/yadd.egg-info/SOURCES.txt'
[6.069s] reading manifest file '../../build/yadd/yadd.egg-info/SOURCES.txt'
[6.069s] writing manifest file '../../build/yadd/yadd.egg-info/SOURCES.txt'
[6.069s] running build
[6.070s] running build_py
[6.070s] creating /home/robosub/nuros_ws/build/yadd/build
[6.070s] creating /home/robosub/nuros_ws/build/yadd/build/lib
[6.070s] creating /home/robosub/nuros_ws/build/yadd/build/lib/yadd
[6.071s] copying yadd/utils.py -> /home/robosub/nuros_ws/build/yadd/build/lib/yadd
[6.071s] copying yadd/parsing.py -> /home/robosub/nuros_ws/build/yadd/build/lib/yadd
[6.071s] copying yadd/dvl_drive_node.py -> /home/robosub/nuros_ws/build/yadd/build/lib/yadd
[6.071s] copying yadd/dvl.py -> /home/robosub/nuros_ws/build/yadd/build/lib/yadd
[6.073s] copying yadd/dataformats.py -> /home/robosub/nuros_ws/build/yadd/build/lib/yadd
[6.073s] copying yadd/read_commandfile.py -> /home/robosub/nuros_ws/build/yadd/build/lib/yadd
[6.073s] copying yadd/commands.py -> /home/robosub/nuros_ws/build/yadd/build/lib/yadd
[6.074s] copying yadd/__init__.py -> /home/robosub/nuros_ws/build/yadd/build/lib/yadd
[6.074s] running install
[6.076s] running install_lib
[6.076s] creating /home/robosub/nuros_ws/install/yadd/lib/python3.8/site-packages/yadd
[6.077s] copying /home/robosub/nuros_ws/build/yadd/build/lib/yadd/utils.py -> /home/robosub/nuros_ws/install/yadd/lib/python3.8/site-packages/yadd
[6.078s] copying /home/robosub/nuros_ws/build/yadd/build/lib/yadd/parsing.py -> /home/robosub/nuros_ws/install/yadd/lib/python3.8/site-packages/yadd
[6.079s] copying /home/robosub/nuros_ws/build/yadd/build/lib/yadd/dvl_drive_node.py -> /home/robosub/nuros_ws/install/yadd/lib/python3.8/site-packages/yadd
[6.080s] copying /home/robosub/nuros_ws/build/yadd/build/lib/yadd/dvl.py -> /home/robosub/nuros_ws/install/yadd/lib/python3.8/site-packages/yadd
[6.080s] copying /home/robosub/nuros_ws/build/yadd/build/lib/yadd/dataformats.py -> /home/robosub/nuros_ws/install/yadd/lib/python3.8/site-packages/yadd
[6.080s] copying /home/robosub/nuros_ws/build/yadd/build/lib/yadd/read_commandfile.py -> /home/robosub/nuros_ws/install/yadd/lib/python3.8/site-packages/yadd
[6.081s] copying /home/robosub/nuros_ws/build/yadd/build/lib/yadd/commands.py -> /home/robosub/nuros_ws/install/yadd/lib/python3.8/site-packages/yadd
[6.081s] copying /home/robosub/nuros_ws/build/yadd/build/lib/yadd/__init__.py -> /home/robosub/nuros_ws/install/yadd/lib/python3.8/site-packages/yadd
[6.082s] byte-compiling /home/robosub/nuros_ws/install/yadd/lib/python3.8/site-packages/yadd/utils.py to utils.cpython-38.pyc
[6.087s] byte-compiling /home/robosub/nuros_ws/install/yadd/lib/python3.8/site-packages/yadd/parsing.py to parsing.cpython-38.pyc
[6.089s] byte-compiling /home/robosub/nuros_ws/install/yadd/lib/python3.8/site-packages/yadd/dvl_drive_node.py to dvl_drive_node.cpython-38.pyc
[6.090s] byte-compiling /home/robosub/nuros_ws/install/yadd/lib/python3.8/site-packages/yadd/dvl.py to dvl.cpython-38.pyc
[6.094s] byte-compiling /home/robosub/nuros_ws/install/yadd/lib/python3.8/site-packages/yadd/dataformats.py to dataformats.cpython-38.pyc
[6.095s] byte-compiling /home/robosub/nuros_ws/install/yadd/lib/python3.8/site-packages/yadd/read_commandfile.py to read_commandfile.cpython-38.pyc
[6.096s] byte-compiling /home/robosub/nuros_ws/install/yadd/lib/python3.8/site-packages/yadd/commands.py to commands.cpython-38.pyc
[6.099s] byte-compiling /home/robosub/nuros_ws/install/yadd/lib/python3.8/site-packages/yadd/__init__.py to __init__.cpython-38.pyc
[6.099s] running install_data
[6.101s] creating /home/robosub/nuros_ws/install/yadd/share/ament_index
[6.101s] creating /home/robosub/nuros_ws/install/yadd/share/ament_index/resource_index
[6.102s] creating /home/robosub/nuros_ws/install/yadd/share/ament_index/resource_index/packages
[6.102s] copying resource/yadd -> /home/robosub/nuros_ws/install/yadd/share/ament_index/resource_index/packages
[6.103s] copying package.xml -> /home/robosub/nuros_ws/install/yadd/share/yadd
[6.103s] running install_egg_info
[6.108s] Copying ../../build/yadd/yadd.egg-info to /home/robosub/nuros_ws/install/yadd/lib/python3.8/site-packages/yadd-0.0.0-py3.8.egg-info
[6.112s] running install_scripts
[6.225s] Installing dvl_driver script to /home/robosub/nuros_ws/install/yadd/lib/yadd
[6.225s] writing list of installed files to '/home/robosub/nuros_ws/build/yadd/install.log'
[6.266s] Invoked command in '/home/robosub/nuros_ws/src/yadd' returned '0': PYTHONPATH=/home/robosub/nuros_ws/build/yadd/prefix_override:/home/robosub/nuros_ws/install/yadd/lib/python3.8/site-packages:${PYTHONPATH} /usr/bin/python3 setup.py egg_info --egg-base ../../build/yadd build --build-base /home/robosub/nuros_ws/build/yadd/build install --record /home/robosub/nuros_ws/build/yadd/install.log --install-scripts $base/lib/yadd --single-version-externally-managed
