[3.837s] Invoking command in '/home/robosub/nuros_ws/src/main_head': PYTHONPATH=/home/robosub/nuros_ws/build/main_head/prefix_override:/home/robosub/nuros_ws/install/main_head/lib/python3.8/site-packages: /usr/bin/python3 setup.py egg_info --egg-base ../../build/main_head build --build-base /home/robosub/nuros_ws/build/main_head/build install --record /home/robosub/nuros_ws/build/main_head/install.log --install-scripts $base/lib/main_head --single-version-externally-managed
[4.688s] running egg_info
[4.689s] writing ../../build/main_head/main_head.egg-info/PKG-INFO
[4.691s] writing dependency_links to ../../build/main_head/main_head.egg-info/dependency_links.txt
[4.692s] writing entry points to ../../build/main_head/main_head.egg-info/entry_points.txt
[4.700s] writing requirements to ../../build/main_head/main_head.egg-info/requires.txt
[4.701s] writing top-level names to ../../build/main_head/main_head.egg-info/top_level.txt
[4.851s] reading manifest file '../../build/main_head/main_head.egg-info/SOURCES.txt'
[4.855s] writing manifest file '../../build/main_head/main_head.egg-info/SOURCES.txt'
[4.856s] running build
[4.856s] running build_py
[4.881s] running install
[4.884s] running install_lib
[4.891s] running install_data
[4.892s] running install_egg_info
[4.898s] removing '/home/robosub/nuros_ws/install/main_head/lib/python3.8/site-packages/main_head-0.0.0-py3.8.egg-info' (and everything under it)
[4.900s] Copying ../../build/main_head/main_head.egg-info to /home/robosub/nuros_ws/install/main_head/lib/python3.8/site-packages/main_head-0.0.0-py3.8.egg-info
[4.904s] running install_scripts
[4.969s] Installing master_node script to /home/robosub/nuros_ws/install/main_head/lib/main_head
[4.970s] writing list of installed files to '/home/robosub/nuros_ws/build/main_head/install.log'
[5.072s] Invoked command in '/home/robosub/nuros_ws/src/main_head' returned '0': PYTHONPATH=/home/robosub/nuros_ws/build/main_head/prefix_override:/home/robosub/nuros_ws/install/main_head/lib/python3.8/site-packages: /usr/bin/python3 setup.py egg_info --egg-base ../../build/main_head build --build-base /home/robosub/nuros_ws/build/main_head/build install --record /home/robosub/nuros_ws/build/main_head/install.log --install-scripts $base/lib/main_head --single-version-externally-managed
