[4.412s] Invoking command in '/home/robosub/nuros_ws/src/main_head': PYTHONPATH=/home/robosub/nuros_ws/build/main_head/prefix_override:/home/robosub/nuros_ws/install/main_head/lib/python3.8/site-packages: /usr/bin/python3 setup.py egg_info --egg-base ../../build/main_head build --build-base /home/robosub/nuros_ws/build/main_head/build install --record /home/robosub/nuros_ws/build/main_head/install.log --install-scripts $base/lib/main_head --single-version-externally-managed
[5.185s] running egg_info
[5.187s] writing ../../build/main_head/main_head.egg-info/PKG-INFO
[5.189s] writing dependency_links to ../../build/main_head/main_head.egg-info/dependency_links.txt
[5.190s] writing entry points to ../../build/main_head/main_head.egg-info/entry_points.txt
[5.191s] writing requirements to ../../build/main_head/main_head.egg-info/requires.txt
[5.192s] writing top-level names to ../../build/main_head/main_head.egg-info/top_level.txt
[5.344s] reading manifest file '../../build/main_head/main_head.egg-info/SOURCES.txt'
[5.345s] writing manifest file '../../build/main_head/main_head.egg-info/SOURCES.txt'
[5.345s] running build
[5.345s] running build_py
[5.345s] running install
[5.350s] running install_lib
[5.356s] running install_data
[5.360s] running install_egg_info
[5.366s] removing '/home/robosub/nuros_ws/install/main_head/lib/python3.8/site-packages/main_head-0.0.0-py3.8.egg-info' (and everything under it)
[5.368s] Copying ../../build/main_head/main_head.egg-info to /home/robosub/nuros_ws/install/main_head/lib/python3.8/site-packages/main_head-0.0.0-py3.8.egg-info
[5.373s] running install_scripts
[5.434s] Installing master_node script to /home/robosub/nuros_ws/install/main_head/lib/main_head
[5.437s] writing list of installed files to '/home/robosub/nuros_ws/build/main_head/install.log'
[5.553s] Invoked command in '/home/robosub/nuros_ws/src/main_head' returned '0': PYTHONPATH=/home/robosub/nuros_ws/build/main_head/prefix_override:/home/robosub/nuros_ws/install/main_head/lib/python3.8/site-packages: /usr/bin/python3 setup.py egg_info --egg-base ../../build/main_head build --build-base /home/robosub/nuros_ws/build/main_head/build install --record /home/robosub/nuros_ws/build/main_head/install.log --install-scripts $base/lib/main_head --single-version-externally-managed
