[4.230s] Invoking command in '/home/robosub/nuros_ws/src/yadd': PYTHONPATH=/home/robosub/nuros_ws/build/yadd/prefix_override:/home/robosub/nuros_ws/install/yadd/lib/python3.8/site-packages: /usr/bin/python3 setup.py egg_info --egg-base ../../build/yadd build --build-base /home/robosub/nuros_ws/build/yadd/build install --record /home/robosub/nuros_ws/build/yadd/install.log --install-scripts $base/lib/yadd --single-version-externally-managed
[4.944s] running egg_info
[4.946s] writing ../../build/yadd/yadd.egg-info/PKG-INFO
[4.976s] writing dependency_links to ../../build/yadd/yadd.egg-info/dependency_links.txt
[4.977s] writing entry points to ../../build/yadd/yadd.egg-info/entry_points.txt
[4.978s] writing requirements to ../../build/yadd/yadd.egg-info/requires.txt
[4.979s] writing top-level names to ../../build/yadd/yadd.egg-info/top_level.txt
[5.215s] reading manifest file '../../build/yadd/yadd.egg-info/SOURCES.txt'
[5.220s] writing manifest file '../../build/yadd/yadd.egg-info/SOURCES.txt'
[5.221s] running build
[5.221s] running build_py
[5.226s] running install
[5.229s] running install_lib
[5.239s] running install_data
[5.242s] running install_egg_info
[5.248s] removing '/home/robosub/nuros_ws/install/yadd/lib/python3.8/site-packages/yadd-0.0.0-py3.8.egg-info' (and everything under it)
[5.249s] Copying ../../build/yadd/yadd.egg-info to /home/robosub/nuros_ws/install/yadd/lib/python3.8/site-packages/yadd-0.0.0-py3.8.egg-info
[5.255s] running install_scripts
[5.322s] Installing dvl_driver script to /home/robosub/nuros_ws/install/yadd/lib/yadd
[5.457s] writing list of installed files to '/home/robosub/nuros_ws/build/yadd/install.log'
[5.550s] Invoked command in '/home/robosub/nuros_ws/src/yadd' returned '0': PYTHONPATH=/home/robosub/nuros_ws/build/yadd/prefix_override:/home/robosub/nuros_ws/install/yadd/lib/python3.8/site-packages: /usr/bin/python3 setup.py egg_info --egg-base ../../build/yadd build --build-base /home/robosub/nuros_ws/build/yadd/build install --record /home/robosub/nuros_ws/build/yadd/install.log --install-scripts $base/lib/yadd --single-version-externally-managed
