[3.252s] Invoking command in '/home/robosub/nuros_ws/src/main_head': PYTHONPATH=/home/robosub/nuros_ws/build/main_head/prefix_override:/home/robosub/nuros_ws/install/main_head/lib/python3.8/site-packages: /usr/bin/python3 setup.py egg_info --egg-base ../../build/main_head build --build-base /home/robosub/nuros_ws/build/main_head/build install --record /home/robosub/nuros_ws/build/main_head/install.log --install-scripts $base/lib/main_head --single-version-externally-managed
[4.015s] running egg_info
[4.019s] writing ../../build/main_head/main_head.egg-info/PKG-INFO
[4.022s] writing dependency_links to ../../build/main_head/main_head.egg-info/dependency_links.txt
[4.094s] writing entry points to ../../build/main_head/main_head.egg-info/entry_points.txt
[4.152s] writing requirements to ../../build/main_head/main_head.egg-info/requires.txt
[4.160s] writing top-level names to ../../build/main_head/main_head.egg-info/top_level.txt
[4.293s] reading manifest file '../../build/main_head/main_head.egg-info/SOURCES.txt'
[4.296s] writing manifest file '../../build/main_head/main_head.egg-info/SOURCES.txt'
[4.297s] running build
[4.298s] running build_py
[4.299s] running install
[4.437s] running install_lib
[4.442s] running install_data
[4.444s] running install_egg_info
[4.450s] removing '/home/robosub/nuros_ws/install/main_head/lib/python3.8/site-packages/main_head-0.0.0-py3.8.egg-info' (and everything under it)
[4.451s] Copying ../../build/main_head/main_head.egg-info to /home/robosub/nuros_ws/install/main_head/lib/python3.8/site-packages/main_head-0.0.0-py3.8.egg-info
[4.457s] running install_scripts
[4.520s] Installing master_node script to /home/robosub/nuros_ws/install/main_head/lib/main_head
[4.522s] writing list of installed files to '/home/robosub/nuros_ws/build/main_head/install.log'
[4.662s] Invoked command in '/home/robosub/nuros_ws/src/main_head' returned '0': PYTHONPATH=/home/robosub/nuros_ws/build/main_head/prefix_override:/home/robosub/nuros_ws/install/main_head/lib/python3.8/site-packages: /usr/bin/python3 setup.py egg_info --egg-base ../../build/main_head build --build-base /home/robosub/nuros_ws/build/main_head/build install --record /home/robosub/nuros_ws/build/main_head/install.log --install-scripts $base/lib/main_head --single-version-externally-managed
