[4.459s] Invoking command in '/home/robosub/nuros_ws/src/yadd': PYTHONPATH=/home/robosub/nuros_ws/build/yadd/prefix_override:/home/robosub/nuros_ws/install/yadd/lib/python3.8/site-packages: /usr/bin/python3 setup.py egg_info --egg-base ../../build/yadd build --build-base /home/robosub/nuros_ws/build/yadd/build install --record /home/robosub/nuros_ws/build/yadd/install.log --install-scripts $base/lib/yadd --single-version-externally-managed
[5.201s] running egg_info
[5.203s] writing ../../build/yadd/yadd.egg-info/PKG-INFO
[5.342s] writing dependency_links to ../../build/yadd/yadd.egg-info/dependency_links.txt
[5.343s] writing entry points to ../../build/yadd/yadd.egg-info/entry_points.txt
[5.344s] writing requirements to ../../build/yadd/yadd.egg-info/requires.txt
[5.345s] writing top-level names to ../../build/yadd/yadd.egg-info/top_level.txt
[5.584s] reading manifest file '../../build/yadd/yadd.egg-info/SOURCES.txt'
[5.589s] writing manifest file '../../build/yadd/yadd.egg-info/SOURCES.txt'
[5.590s] running build
[5.590s] running build_py
[5.594s] running install
[5.597s] running install_lib
[5.607s] running install_data
[5.610s] running install_egg_info
[5.617s] removing '/home/robosub/nuros_ws/install/yadd/lib/python3.8/site-packages/yadd-0.0.0-py3.8.egg-info' (and everything under it)
[5.618s] Copying ../../build/yadd/yadd.egg-info to /home/robosub/nuros_ws/install/yadd/lib/python3.8/site-packages/yadd-0.0.0-py3.8.egg-info
[5.623s] running install_scripts
[5.688s] Installing dvl_driver script to /home/robosub/nuros_ws/install/yadd/lib/yadd
[5.822s] writing list of installed files to '/home/robosub/nuros_ws/build/yadd/install.log'
[5.917s] Invoked command in '/home/robosub/nuros_ws/src/yadd' returned '0': PYTHONPATH=/home/robosub/nuros_ws/build/yadd/prefix_override:/home/robosub/nuros_ws/install/yadd/lib/python3.8/site-packages: /usr/bin/python3 setup.py egg_info --egg-base ../../build/yadd build --build-base /home/robosub/nuros_ws/build/yadd/build install --record /home/robosub/nuros_ws/build/yadd/install.log --install-scripts $base/lib/yadd --single-version-externally-managed
