[6.960s] Invoking command in '/home/robosub/nuros_ws/src/image_processing': PYTHONPATH=/home/robosub/nuros_ws/build/image_processing/prefix_override:/home/robosub/nuros_ws/install/image_processing/lib/python3.8/site-packages: /usr/bin/python3 setup.py egg_info --egg-base ../../build/image_processing build --build-base /home/robosub/nuros_ws/build/image_processing/build install --record /home/robosub/nuros_ws/build/image_processing/install.log --install-scripts $base/lib/image_processing --single-version-externally-managed
[7.915s] running egg_info
[7.916s] writing ../../build/image_processing/image_processing.egg-info/PKG-INFO
[7.940s] writing dependency_links to ../../build/image_processing/image_processing.egg-info/dependency_links.txt
[7.943s] writing entry points to ../../build/image_processing/image_processing.egg-info/entry_points.txt
[7.944s] writing requirements to ../../build/image_processing/image_processing.egg-info/requires.txt
[7.944s] writing top-level names to ../../build/image_processing/image_processing.egg-info/top_level.txt
[8.251s] reading manifest file '../../build/image_processing/image_processing.egg-info/SOURCES.txt'
[8.257s] writing manifest file '../../build/image_processing/image_processing.egg-info/SOURCES.txt'
[8.258s] running build
[8.258s] running build_py
[8.265s] running install
[8.274s] running install_lib
[8.278s] running install_data
[8.283s] running install_egg_info
[8.290s] removing '/home/robosub/nuros_ws/install/image_processing/lib/python3.8/site-packages/image_processing-0.0.0-py3.8.egg-info' (and everything under it)
[8.291s] Copying ../../build/image_processing/image_processing.egg-info to /home/robosub/nuros_ws/install/image_processing/lib/python3.8/site-packages/image_processing-0.0.0-py3.8.egg-info
[8.297s] running install_scripts
[8.370s] Installing cv_imshow_node script to /home/robosub/nuros_ws/install/image_processing/lib/image_processing
[8.512s] writing list of installed files to '/home/robosub/nuros_ws/build/image_processing/install.log'
[9.117s] Invoked command in '/home/robosub/nuros_ws/src/image_processing' returned '0': PYTHONPATH=/home/robosub/nuros_ws/build/image_processing/prefix_override:/home/robosub/nuros_ws/install/image_processing/lib/python3.8/site-packages: /usr/bin/python3 setup.py egg_info --egg-base ../../build/image_processing build --build-base /home/robosub/nuros_ws/build/image_processing/build install --record /home/robosub/nuros_ws/build/image_processing/install.log --install-scripts $base/lib/image_processing --single-version-externally-managed
