[2.696s] Invoking command in '/home/robosub/nuros_ws/src/pixhawk_interface': PYTHONPATH=/home/robosub/nuros_ws/build/pixhawk_interface/prefix_override:/home/robosub/nuros_ws/install/pixhawk_interface/lib/python3.8/site-packages: /usr/bin/python3 setup.py egg_info --egg-base ../../build/pixhawk_interface build --build-base /home/robosub/nuros_ws/build/pixhawk_interface/build install --record /home/robosub/nuros_ws/build/pixhawk_interface/install.log --install-scripts $base/lib/pixhawk_interface --single-version-externally-managed
[3.484s] running egg_info
[3.489s] writing ../../build/pixhawk_interface/pixhawk_interface.egg-info/PKG-INFO
[3.492s] writing dependency_links to ../../build/pixhawk_interface/pixhawk_interface.egg-info/dependency_links.txt
[3.494s] writing entry points to ../../build/pixhawk_interface/pixhawk_interface.egg-info/entry_points.txt
[3.497s] writing requirements to ../../build/pixhawk_interface/pixhawk_interface.egg-info/requires.txt
[3.499s] writing top-level names to ../../build/pixhawk_interface/pixhawk_interface.egg-info/top_level.txt
[3.678s] reading manifest file '../../build/pixhawk_interface/pixhawk_interface.egg-info/SOURCES.txt'
[3.679s] writing manifest file '../../build/pixhawk_interface/pixhawk_interface.egg-info/SOURCES.txt'
[3.680s] running build
[3.681s] running build_py
[3.681s] running install
[3.684s] running install_lib
[3.690s] running install_data
[3.692s] running install_egg_info
[3.698s] removing '/home/robosub/nuros_ws/install/pixhawk_interface/lib/python3.8/site-packages/pixhawk_interface-0.0.0-py3.8.egg-info' (and everything under it)
[3.700s] Copying ../../build/pixhawk_interface/pixhawk_interface.egg-info to /home/robosub/nuros_ws/install/pixhawk_interface/lib/python3.8/site-packages/pixhawk_interface-0.0.0-py3.8.egg-info
[3.705s] running install_scripts
[3.768s] Installing interface_node script to /home/robosub/nuros_ws/install/pixhawk_interface/lib/pixhawk_interface
[3.770s] writing list of installed files to '/home/robosub/nuros_ws/build/pixhawk_interface/install.log'
[3.869s] Invoked command in '/home/robosub/nuros_ws/src/pixhawk_interface' returned '0': PYTHONPATH=/home/robosub/nuros_ws/build/pixhawk_interface/prefix_override:/home/robosub/nuros_ws/install/pixhawk_interface/lib/python3.8/site-packages: /usr/bin/python3 setup.py egg_info --egg-base ../../build/pixhawk_interface build --build-base /home/robosub/nuros_ws/build/pixhawk_interface/build install --record /home/robosub/nuros_ws/build/pixhawk_interface/install.log --install-scripts $base/lib/pixhawk_interface --single-version-externally-managed
