[7.211s] Invoking command in '/home/robosub/nuros_ws/src/key_joy': PYTHONPATH=/home/robosub/nuros_ws/build/key_joy/prefix_override:/home/robosub/nuros_ws/install/key_joy/lib/python3.8/site-packages: /usr/bin/python3 setup.py egg_info --egg-base ../../build/key_joy build --build-base /home/robosub/nuros_ws/build/key_joy/build install --record /home/robosub/nuros_ws/build/key_joy/install.log --install-scripts $base/lib/key_joy --single-version-externally-managed
[8.037s] running egg_info
[8.039s] writing ../../build/key_joy/key_joy.egg-info/PKG-INFO
[8.154s] writing dependency_links to ../../build/key_joy/key_joy.egg-info/dependency_links.txt
[8.155s] writing entry points to ../../build/key_joy/key_joy.egg-info/entry_points.txt
[8.155s] writing requirements to ../../build/key_joy/key_joy.egg-info/requires.txt
[8.155s] writing top-level names to ../../build/key_joy/key_joy.egg-info/top_level.txt
[8.428s] reading manifest file '../../build/key_joy/key_joy.egg-info/SOURCES.txt'
[8.429s] writing manifest file '../../build/key_joy/key_joy.egg-info/SOURCES.txt'
[8.433s] running build
[8.433s] running build_py
[8.449s] running install
[8.450s] running install_lib
[8.462s] running install_data
[8.469s] running install_egg_info
[8.476s] removing '/home/robosub/nuros_ws/install/key_joy/lib/python3.8/site-packages/key_joy-0.0.0-py3.8.egg-info' (and everything under it)
[8.479s] Copying ../../build/key_joy/key_joy.egg-info to /home/robosub/nuros_ws/install/key_joy/lib/python3.8/site-packages/key_joy-0.0.0-py3.8.egg-info
[8.484s] running install_scripts
[8.563s] Installing joy_twist_node script to /home/robosub/nuros_ws/install/key_joy/lib/key_joy
[8.661s] Installing key_joy_node script to /home/robosub/nuros_ws/install/key_joy/lib/key_joy
[8.663s] writing list of installed files to '/home/robosub/nuros_ws/build/key_joy/install.log'
[8.875s] Invoked command in '/home/robosub/nuros_ws/src/key_joy' returned '0': PYTHONPATH=/home/robosub/nuros_ws/build/key_joy/prefix_override:/home/robosub/nuros_ws/install/key_joy/lib/python3.8/site-packages: /usr/bin/python3 setup.py egg_info --egg-base ../../build/key_joy build --build-base /home/robosub/nuros_ws/build/key_joy/build install --record /home/robosub/nuros_ws/build/key_joy/install.log --install-scripts $base/lib/key_joy --single-version-externally-managed
