[3.558s] Invoking command in '/home/robosub/nuros_ws/src/main_head': PYTHONPATH=/home/robosub/nuros_ws/build/main_head/prefix_override:/home/robosub/nuros_ws/install/main_head/lib/python3.8/site-packages: /usr/bin/python3 setup.py egg_info --egg-base ../../build/main_head build --build-base /home/robosub/nuros_ws/build/main_head/build install --record /home/robosub/nuros_ws/build/main_head/install.log --install-scripts $base/lib/main_head --single-version-externally-managed
[4.409s] running egg_info
[4.411s] writing ../../build/main_head/main_head.egg-info/PKG-INFO
[4.412s] writing dependency_links to ../../build/main_head/main_head.egg-info/dependency_links.txt
[4.413s] writing entry points to ../../build/main_head/main_head.egg-info/entry_points.txt
[4.434s] writing requirements to ../../build/main_head/main_head.egg-info/requires.txt
[4.436s] writing top-level names to ../../build/main_head/main_head.egg-info/top_level.txt
[4.583s] reading manifest file '../../build/main_head/main_head.egg-info/SOURCES.txt'
[4.587s] writing manifest file '../../build/main_head/main_head.egg-info/SOURCES.txt'
[4.587s] running build
[4.588s] running build_py
[4.595s] running install
[4.596s] running install_lib
[4.603s] running install_data
[4.606s] running install_egg_info
[4.615s] removing '/home/robosub/nuros_ws/install/main_head/lib/python3.8/site-packages/main_head-0.0.0-py3.8.egg-info' (and everything under it)
[4.618s] Copying ../../build/main_head/main_head.egg-info to /home/robosub/nuros_ws/install/main_head/lib/python3.8/site-packages/main_head-0.0.0-py3.8.egg-info
[4.623s] running install_scripts
[4.689s] Installing master_node script to /home/robosub/nuros_ws/install/main_head/lib/main_head
[4.692s] writing list of installed files to '/home/robosub/nuros_ws/build/main_head/install.log'
[4.816s] Invoked command in '/home/robosub/nuros_ws/src/main_head' returned '0': PYTHONPATH=/home/robosub/nuros_ws/build/main_head/prefix_override:/home/robosub/nuros_ws/install/main_head/lib/python3.8/site-packages: /usr/bin/python3 setup.py egg_info --egg-base ../../build/main_head build --build-base /home/robosub/nuros_ws/build/main_head/build install --record /home/robosub/nuros_ws/build/main_head/install.log --install-scripts $base/lib/main_head --single-version-externally-managed
