[4.096s] Invoking command in '/home/robosub/nuros_ws/src/main_head': PYTHONPATH=/home/robosub/nuros_ws/build/main_head/prefix_override:/home/robosub/nuros_ws/install/main_head/lib/python3.8/site-packages: /usr/bin/python3 setup.py egg_info --egg-base ../../build/main_head build --build-base /home/robosub/nuros_ws/build/main_head/build install --record /home/robosub/nuros_ws/build/main_head/install.log --install-scripts $base/lib/main_head --single-version-externally-managed
[5.458s] running egg_info
[5.459s] writing ../../build/main_head/main_head.egg-info/PKG-INFO
[5.601s] writing dependency_links to ../../build/main_head/main_head.egg-info/dependency_links.txt
[5.603s] writing entry points to ../../build/main_head/main_head.egg-info/entry_points.txt
[5.603s] writing requirements to ../../build/main_head/main_head.egg-info/requires.txt
[5.604s] writing top-level names to ../../build/main_head/main_head.egg-info/top_level.txt
[5.928s] reading manifest file '../../build/main_head/main_head.egg-info/SOURCES.txt'
[5.934s] writing manifest file '../../build/main_head/main_head.egg-info/SOURCES.txt'
[5.936s] running build
[5.936s] running build_py
[5.939s] running install
[5.942s] running install_lib
[5.951s] running install_data
[5.954s] running install_egg_info
[5.961s] removing '/home/robosub/nuros_ws/install/main_head/lib/python3.8/site-packages/main_head-0.0.0-py3.8.egg-info' (and everything under it)
[5.962s] Copying ../../build/main_head/main_head.egg-info to /home/robosub/nuros_ws/install/main_head/lib/python3.8/site-packages/main_head-0.0.0-py3.8.egg-info
[5.971s] running install_scripts
[6.045s] Installing master_node script to /home/robosub/nuros_ws/install/main_head/lib/main_head
[6.124s] writing list of installed files to '/home/robosub/nuros_ws/build/main_head/install.log'
[6.229s] Invoked command in '/home/robosub/nuros_ws/src/main_head' returned '0': PYTHONPATH=/home/robosub/nuros_ws/build/main_head/prefix_override:/home/robosub/nuros_ws/install/main_head/lib/python3.8/site-packages: /usr/bin/python3 setup.py egg_info --egg-base ../../build/main_head build --build-base /home/robosub/nuros_ws/build/main_head/build install --record /home/robosub/nuros_ws/build/main_head/install.log --install-scripts $base/lib/main_head --single-version-externally-managed
