[3.219s] Invoking command in '/home/robosub/nuros_ws/src/main_head': PYTHONPATH=/home/robosub/nuros_ws/build/main_head/prefix_override:/home/robosub/nuros_ws/install/main_head/lib/python3.8/site-packages: /usr/bin/python3 setup.py egg_info --egg-base ../../build/main_head build --build-base /home/robosub/nuros_ws/build/main_head/build install --record /home/robosub/nuros_ws/build/main_head/install.log --install-scripts $base/lib/main_head --single-version-externally-managed
[3.966s] running egg_info
[3.967s] writing ../../build/main_head/main_head.egg-info/PKG-INFO
[3.969s] writing dependency_links to ../../build/main_head/main_head.egg-info/dependency_links.txt
[3.970s] writing entry points to ../../build/main_head/main_head.egg-info/entry_points.txt
[3.978s] writing requirements to ../../build/main_head/main_head.egg-info/requires.txt
[3.980s] writing top-level names to ../../build/main_head/main_head.egg-info/top_level.txt
[4.132s] reading manifest file '../../build/main_head/main_head.egg-info/SOURCES.txt'
[4.137s] writing manifest file '../../build/main_head/main_head.egg-info/SOURCES.txt'
[4.139s] running build
[4.142s] running build_py
[4.212s] running install
[4.216s] running install_lib
[4.222s] running install_data
[4.224s] running install_egg_info
[4.231s] removing '/home/robosub/nuros_ws/install/main_head/lib/python3.8/site-packages/main_head-0.0.0-py3.8.egg-info' (and everything under it)
[4.233s] Copying ../../build/main_head/main_head.egg-info to /home/robosub/nuros_ws/install/main_head/lib/python3.8/site-packages/main_head-0.0.0-py3.8.egg-info
[4.238s] running install_scripts
[4.303s] Installing master_node script to /home/robosub/nuros_ws/install/main_head/lib/main_head
[4.310s] writing list of installed files to '/home/robosub/nuros_ws/build/main_head/install.log'
[4.537s] Invoked command in '/home/robosub/nuros_ws/src/main_head' returned '0': PYTHONPATH=/home/robosub/nuros_ws/build/main_head/prefix_override:/home/robosub/nuros_ws/install/main_head/lib/python3.8/site-packages: /usr/bin/python3 setup.py egg_info --egg-base ../../build/main_head build --build-base /home/robosub/nuros_ws/build/main_head/build install --record /home/robosub/nuros_ws/build/main_head/install.log --install-scripts $base/lib/main_head --single-version-externally-managed
