[6.492s] Invoking command in '/home/robosub/nuros_ws/src/yadd': PYTHONPATH=/home/robosub/nuros_ws/build/yadd/prefix_override:/home/robosub/nuros_ws/install/yadd/lib/python3.8/site-packages:${PYTHONPATH} /usr/bin/python3 setup.py egg_info --egg-base ../../build/yadd build --build-base /home/robosub/nuros_ws/build/yadd/build install --record /home/robosub/nuros_ws/build/yadd/install.log --install-scripts $base/lib/yadd --single-version-externally-managed
[7.510s] running egg_info
[7.512s] writing ../../build/yadd/yadd.egg-info/PKG-INFO
[7.568s] writing dependency_links to ../../build/yadd/yadd.egg-info/dependency_links.txt
[7.570s] writing entry points to ../../build/yadd/yadd.egg-info/entry_points.txt
[7.571s] writing requirements to ../../build/yadd/yadd.egg-info/requires.txt
[7.573s] writing top-level names to ../../build/yadd/yadd.egg-info/top_level.txt
[7.827s] reading manifest file '../../build/yadd/yadd.egg-info/SOURCES.txt'
[7.827s] writing manifest file '../../build/yadd/yadd.egg-info/SOURCES.txt'
[7.828s] running build
[7.828s] running build_py
[7.828s] running install
[7.828s] running install_lib
[7.829s] running install_data
[7.835s] running install_egg_info
[7.838s] removing '/home/robosub/nuros_ws/install/yadd/lib/python3.8/site-packages/yadd-0.0.0-py3.8.egg-info' (and everything under it)
[7.840s] Copying ../../build/yadd/yadd.egg-info to /home/robosub/nuros_ws/install/yadd/lib/python3.8/site-packages/yadd-0.0.0-py3.8.egg-info
[7.848s] running install_scripts
[8.041s] Installing dvl_driver script to /home/robosub/nuros_ws/install/yadd/lib/yadd
[8.042s] writing list of installed files to '/home/robosub/nuros_ws/build/yadd/install.log'
[8.098s] Invoked command in '/home/robosub/nuros_ws/src/yadd' returned '0': PYTHONPATH=/home/robosub/nuros_ws/build/yadd/prefix_override:/home/robosub/nuros_ws/install/yadd/lib/python3.8/site-packages:${PYTHONPATH} /usr/bin/python3 setup.py egg_info --egg-base ../../build/yadd build --build-base /home/robosub/nuros_ws/build/yadd/build install --record /home/robosub/nuros_ws/build/yadd/install.log --install-scripts $base/lib/yadd --single-version-externally-managed
