[7.169s] Invoking command in '/home/robosub/nuros_ws/src/launch_all': PYTHONPATH=/home/robosub/nuros_ws/build/launch_all/prefix_override:/home/robosub/nuros_ws/install/launch_all/lib/python3.8/site-packages: /usr/bin/python3 setup.py egg_info --egg-base ../../build/launch_all build --build-base /home/robosub/nuros_ws/build/launch_all/build install --record /home/robosub/nuros_ws/build/launch_all/install.log --install-scripts $base/lib/launch_all --single-version-externally-managed
[8.098s] running egg_info
[8.103s] writing ../../build/launch_all/launch_all.egg-info/PKG-INFO
[8.221s] writing dependency_links to ../../build/launch_all/launch_all.egg-info/dependency_links.txt
[8.224s] writing entry points to ../../build/launch_all/launch_all.egg-info/entry_points.txt
[8.224s] writing requirements to ../../build/launch_all/launch_all.egg-info/requires.txt
[8.225s] writing top-level names to ../../build/launch_all/launch_all.egg-info/top_level.txt
[8.474s] reading manifest file '../../build/launch_all/launch_all.egg-info/SOURCES.txt'
[8.477s] writing manifest file '../../build/launch_all/launch_all.egg-info/SOURCES.txt'
[8.477s] running build
[8.478s] running build_py
[8.498s] running install
[8.502s] running install_lib
[8.505s] running install_data
[8.507s] running install_egg_info
[8.508s] removing '/home/robosub/nuros_ws/install/launch_all/lib/python3.8/site-packages/launch_all-0.0.0-py3.8.egg-info' (and everything under it)
[8.510s] Copying ../../build/launch_all/launch_all.egg-info to /home/robosub/nuros_ws/install/launch_all/lib/python3.8/site-packages/launch_all-0.0.0-py3.8.egg-info
[8.512s] running install_scripts
[8.579s] writing list of installed files to '/home/robosub/nuros_ws/build/launch_all/install.log'
[8.670s] Invoked command in '/home/robosub/nuros_ws/src/launch_all' returned '0': PYTHONPATH=/home/robosub/nuros_ws/build/launch_all/prefix_override:/home/robosub/nuros_ws/install/launch_all/lib/python3.8/site-packages: /usr/bin/python3 setup.py egg_info --egg-base ../../build/launch_all build --build-base /home/robosub/nuros_ws/build/launch_all/build install --record /home/robosub/nuros_ws/build/launch_all/install.log --install-scripts $base/lib/launch_all --single-version-externally-managed
