running egg_info
creating ../../build/launch_all/launch_all.egg-info
writing ../../build/launch_all/launch_all.egg-info/PKG-INFO
writing dependency_links to ../../build/launch_all/launch_all.egg-info/dependency_links.txt
writing entry points to ../../build/launch_all/launch_all.egg-info/entry_points.txt
writing requirements to ../../build/launch_all/launch_all.egg-info/requires.txt
writing top-level names to ../../build/launch_all/launch_all.egg-info/top_level.txt
writing manifest file '../../build/launch_all/launch_all.egg-info/SOURCES.txt'
reading manifest file '../../build/launch_all/launch_all.egg-info/SOURCES.txt'
writing manifest file '../../build/launch_all/launch_all.egg-info/SOURCES.txt'
running build
running build_py
creating /home/robosub/nuros_ws/build/launch_all/build
creating /home/robosub/nuros_ws/build/launch_all/build/lib
creating /home/robosub/nuros_ws/build/launch_all/build/lib/launch_all
copying launch_all/__init__.py -> /home/robosub/nuros_ws/build/launch_all/build/lib/launch_all
running install
running install_lib
creating /home/robosub/nuros_ws/install/launch_all/lib/python3.8/site-packages/launch_all
copying /home/robosub/nuros_ws/build/launch_all/build/lib/launch_all/__init__.py -> /home/robosub/nuros_ws/install/launch_all/lib/python3.8/site-packages/launch_all
byte-compiling /home/robosub/nuros_ws/install/launch_all/lib/python3.8/site-packages/launch_all/__init__.py to __init__.cpython-38.pyc
running install_data
creating /home/robosub/nuros_ws/install/launch_all/share/ament_index
creating /home/robosub/nuros_ws/install/launch_all/share/ament_index/resource_index
creating /home/robosub/nuros_ws/install/launch_all/share/ament_index/resource_index/packages
copying resource/launch_all -> /home/robosub/nuros_ws/install/launch_all/share/ament_index/resource_index/packages
copying package.xml -> /home/robosub/nuros_ws/install/launch_all/share/launch_all
creating /home/robosub/nuros_ws/install/launch_all/share/launch_all/launch
copying launch/launch_all_launch.py -> /home/robosub/nuros_ws/install/launch_all/share/launch_all/launch
running install_egg_info
Copying ../../build/launch_all/launch_all.egg-info to /home/robosub/nuros_ws/install/launch_all/lib/python3.8/site-packages/launch_all-0.0.0-py3.8.egg-info
running install_scripts
writing list of installed files to '/home/robosub/nuros_ws/build/launch_all/install.log'
