[5.591s] Invoking command in '/home/robosub/nuros_ws/src/main_head': PYTHONPATH=/home/robosub/nuros_ws/build/main_head/prefix_override:/home/robosub/nuros_ws/install/main_head/lib/python3.8/site-packages: /usr/bin/python3 setup.py egg_info --egg-base ../../build/main_head build --build-base /home/robosub/nuros_ws/build/main_head/build install --record /home/robosub/nuros_ws/build/main_head/install.log --install-scripts $base/lib/main_head --single-version-externally-managed
[7.691s] running egg_info
[7.692s] writing ../../build/main_head/main_head.egg-info/PKG-INFO
[7.693s] writing dependency_links to ../../build/main_head/main_head.egg-info/dependency_links.txt
[7.695s] writing entry points to ../../build/main_head/main_head.egg-info/entry_points.txt
[7.754s] writing requirements to ../../build/main_head/main_head.egg-info/requires.txt
[7.755s] writing top-level names to ../../build/main_head/main_head.egg-info/top_level.txt
[8.142s] reading manifest file '../../build/main_head/main_head.egg-info/SOURCES.txt'
[8.154s] writing manifest file '../../build/main_head/main_head.egg-info/SOURCES.txt'
[8.155s] running build
[8.156s] running build_py
[8.217s] running install
[8.238s] running install_lib
[8.245s] running install_data
[8.248s] running install_egg_info
[8.294s] removing '/home/robosub/nuros_ws/install/main_head/lib/python3.8/site-packages/main_head-0.0.0-py3.8.egg-info' (and everything under it)
[8.297s] Copying ../../build/main_head/main_head.egg-info to /home/robosub/nuros_ws/install/main_head/lib/python3.8/site-packages/main_head-0.0.0-py3.8.egg-info
[8.302s] running install_scripts
[8.378s] Installing master_node script to /home/robosub/nuros_ws/install/main_head/lib/main_head
[8.381s] writing list of installed files to '/home/robosub/nuros_ws/build/main_head/install.log'
[8.715s] Invoked command in '/home/robosub/nuros_ws/src/main_head' returned '0': PYTHONPATH=/home/robosub/nuros_ws/build/main_head/prefix_override:/home/robosub/nuros_ws/install/main_head/lib/python3.8/site-packages: /usr/bin/python3 setup.py egg_info --egg-base ../../build/main_head build --build-base /home/robosub/nuros_ws/build/main_head/build install --record /home/robosub/nuros_ws/build/main_head/install.log --install-scripts $base/lib/main_head --single-version-externally-managed
