[3.808s] Invoking command in '/home/robosub/nuros_ws/src/main_head': PYTHONPATH=/home/robosub/nuros_ws/build/main_head/prefix_override:/home/robosub/nuros_ws/install/main_head/lib/python3.8/site-packages:${PYTHONPATH} /usr/bin/python3 setup.py egg_info --egg-base ../../build/main_head build --build-base /home/robosub/nuros_ws/build/main_head/build install --record /home/robosub/nuros_ws/build/main_head/install.log --install-scripts $base/lib/main_head --single-version-externally-managed
[4.722s] running egg_info
[4.724s] writing ../../build/main_head/main_head.egg-info/PKG-INFO
[4.726s] writing dependency_links to ../../build/main_head/main_head.egg-info/dependency_links.txt
[4.730s] writing entry points to ../../build/main_head/main_head.egg-info/entry_points.txt
[4.775s] writing requirements to ../../build/main_head/main_head.egg-info/requires.txt
[4.776s] writing top-level names to ../../build/main_head/main_head.egg-info/top_level.txt
[4.911s] reading manifest file '../../build/main_head/main_head.egg-info/SOURCES.txt'
[4.916s] writing manifest file '../../build/main_head/main_head.egg-info/SOURCES.txt'
[4.918s] running build
[4.919s] running build_py
[5.046s] running install
[5.059s] running install_lib
[5.066s] running install_data
[5.067s] running install_egg_info
[5.073s] removing '/home/robosub/nuros_ws/install/main_head/lib/python3.8/site-packages/main_head-0.0.0-py3.8.egg-info' (and everything under it)
[5.076s] Copying ../../build/main_head/main_head.egg-info to /home/robosub/nuros_ws/install/main_head/lib/python3.8/site-packages/main_head-0.0.0-py3.8.egg-info
[5.080s] running install_scripts
[5.146s] Installing master_node script to /home/robosub/nuros_ws/install/main_head/lib/main_head
[5.148s] writing list of installed files to '/home/robosub/nuros_ws/build/main_head/install.log'
[5.314s] Invoked command in '/home/robosub/nuros_ws/src/main_head' returned '0': PYTHONPATH=/home/robosub/nuros_ws/build/main_head/prefix_override:/home/robosub/nuros_ws/install/main_head/lib/python3.8/site-packages:${PYTHONPATH} /usr/bin/python3 setup.py egg_info --egg-base ../../build/main_head build --build-base /home/robosub/nuros_ws/build/main_head/build install --record /home/robosub/nuros_ws/build/main_head/install.log --install-scripts $base/lib/main_head --single-version-externally-managed
