[7.545s] Invoking command in '/home/robosub/nuros_ws/src/image_processing': PYTHONPATH=/home/robosub/nuros_ws/build/image_processing/prefix_override:/home/robosub/nuros_ws/install/image_processing/lib/python3.8/site-packages: /usr/bin/python3 setup.py egg_info --egg-base ../../build/image_processing build --build-base /home/robosub/nuros_ws/build/image_processing/build install --record /home/robosub/nuros_ws/build/image_processing/install.log --install-scripts $base/lib/image_processing --single-version-externally-managed
[8.364s] running egg_info
[8.366s] writing ../../build/image_processing/image_processing.egg-info/PKG-INFO
[8.509s] writing dependency_links to ../../build/image_processing/image_processing.egg-info/dependency_links.txt
[8.510s] writing entry points to ../../build/image_processing/image_processing.egg-info/entry_points.txt
[8.511s] writing requirements to ../../build/image_processing/image_processing.egg-info/requires.txt
[8.512s] writing top-level names to ../../build/image_processing/image_processing.egg-info/top_level.txt
[8.787s] reading manifest file '../../build/image_processing/image_processing.egg-info/SOURCES.txt'
[8.792s] writing manifest file '../../build/image_processing/image_processing.egg-info/SOURCES.txt'
[8.792s] running build
[8.792s] running build_py
[8.813s] running install
[8.821s] running install_lib
[8.828s] running install_data
[8.833s] running install_egg_info
[8.840s] removing '/home/robosub/nuros_ws/install/image_processing/lib/python3.8/site-packages/image_processing-0.0.0-py3.8.egg-info' (and everything under it)
[8.842s] Copying ../../build/image_processing/image_processing.egg-info to /home/robosub/nuros_ws/install/image_processing/lib/python3.8/site-packages/image_processing-0.0.0-py3.8.egg-info
[8.847s] running install_scripts
[8.924s] Installing cv_imshow_node script to /home/robosub/nuros_ws/install/image_processing/lib/image_processing
[9.021s] writing list of installed files to '/home/robosub/nuros_ws/build/image_processing/install.log'
[9.433s] Invoked command in '/home/robosub/nuros_ws/src/image_processing' returned '0': PYTHONPATH=/home/robosub/nuros_ws/build/image_processing/prefix_override:/home/robosub/nuros_ws/install/image_processing/lib/python3.8/site-packages: /usr/bin/python3 setup.py egg_info --egg-base ../../build/image_processing build --build-base /home/robosub/nuros_ws/build/image_processing/build install --record /home/robosub/nuros_ws/build/image_processing/install.log --install-scripts $base/lib/image_processing --single-version-externally-managed
