[3.465s] Invoking command in '/home/robosub/nuros_ws/src/yadd': PYTHONPATH=/home/robosub/nuros_ws/build/yadd/prefix_override:/home/robosub/nuros_ws/install/yadd/lib/python3.8/site-packages:${PYTHONPATH} /usr/bin/python3 setup.py egg_info --egg-base ../../build/yadd build --build-base /home/robosub/nuros_ws/build/yadd/build install --record /home/robosub/nuros_ws/build/yadd/install.log --install-scripts $base/lib/yadd --single-version-externally-managed
[4.242s] running egg_info
[4.244s] writing ../../build/yadd/yadd.egg-info/PKG-INFO
[4.245s] writing dependency_links to ../../build/yadd/yadd.egg-info/dependency_links.txt
[4.246s] writing entry points to ../../build/yadd/yadd.egg-info/entry_points.txt
[4.246s] writing requirements to ../../build/yadd/yadd.egg-info/requires.txt
[4.247s] writing top-level names to ../../build/yadd/yadd.egg-info/top_level.txt
[4.368s] reading manifest file '../../build/yadd/yadd.egg-info/SOURCES.txt'
[4.372s] writing manifest file '../../build/yadd/yadd.egg-info/SOURCES.txt'
[4.373s] running build
[4.373s] running build_py
[4.381s] running install
[4.383s] running install_lib
[4.390s] running install_data
[4.392s] running install_egg_info
[4.398s] removing '/home/robosub/nuros_ws/install/yadd/lib/python3.8/site-packages/yadd-0.0.0-py3.8.egg-info' (and everything under it)
[4.399s] Copying ../../build/yadd/yadd.egg-info to /home/robosub/nuros_ws/install/yadd/lib/python3.8/site-packages/yadd-0.0.0-py3.8.egg-info
[4.404s] running install_scripts
[4.469s] Installing dvl_driver script to /home/robosub/nuros_ws/install/yadd/lib/yadd
[4.471s] writing list of installed files to '/home/robosub/nuros_ws/build/yadd/install.log'
[4.591s] Invoked command in '/home/robosub/nuros_ws/src/yadd' returned '0': PYTHONPATH=/home/robosub/nuros_ws/build/yadd/prefix_override:/home/robosub/nuros_ws/install/yadd/lib/python3.8/site-packages:${PYTHONPATH} /usr/bin/python3 setup.py egg_info --egg-base ../../build/yadd build --build-base /home/robosub/nuros_ws/build/yadd/build install --record /home/robosub/nuros_ws/build/yadd/install.log --install-scripts $base/lib/yadd --single-version-externally-managed
