[4.024s] Invoking command in '/home/robosub/nuros_ws/src/main_head': PYTHONPATH=/home/robosub/nuros_ws/build/main_head/prefix_override:/home/robosub/nuros_ws/install/main_head/lib/python3.8/site-packages: /usr/bin/python3 setup.py egg_info --egg-base ../../build/main_head build --build-base /home/robosub/nuros_ws/build/main_head/build install --record /home/robosub/nuros_ws/build/main_head/install.log --install-scripts $base/lib/main_head --single-version-externally-managed
[4.766s] running egg_info
[4.770s] writing ../../build/main_head/main_head.egg-info/PKG-INFO
[4.912s] writing dependency_links to ../../build/main_head/main_head.egg-info/dependency_links.txt
[4.913s] writing entry points to ../../build/main_head/main_head.egg-info/entry_points.txt
[4.914s] writing requirements to ../../build/main_head/main_head.egg-info/requires.txt
[4.914s] writing top-level names to ../../build/main_head/main_head.egg-info/top_level.txt
[5.193s] reading manifest file '../../build/main_head/main_head.egg-info/SOURCES.txt'
[5.198s] writing manifest file '../../build/main_head/main_head.egg-info/SOURCES.txt'
[5.198s] running build
[5.199s] running build_py
[5.202s] running install
[5.206s] running install_lib
[5.214s] running install_data
[5.218s] running install_egg_info
[5.224s] removing '/home/robosub/nuros_ws/install/main_head/lib/python3.8/site-packages/main_head-0.0.0-py3.8.egg-info' (and everything under it)
[5.226s] Copying ../../build/main_head/main_head.egg-info to /home/robosub/nuros_ws/install/main_head/lib/python3.8/site-packages/main_head-0.0.0-py3.8.egg-info
[5.233s] running install_scripts
[5.300s] Installing master_node script to /home/robosub/nuros_ws/install/main_head/lib/main_head
[5.426s] writing list of installed files to '/home/robosub/nuros_ws/build/main_head/install.log'
[5.527s] Invoked command in '/home/robosub/nuros_ws/src/main_head' returned '0': PYTHONPATH=/home/robosub/nuros_ws/build/main_head/prefix_override:/home/robosub/nuros_ws/install/main_head/lib/python3.8/site-packages: /usr/bin/python3 setup.py egg_info --egg-base ../../build/main_head build --build-base /home/robosub/nuros_ws/build/main_head/build install --record /home/robosub/nuros_ws/build/main_head/install.log --install-scripts $base/lib/main_head --single-version-externally-managed
