[0.000000] (-) TimerEvent: {}
[0.000864] (-) JobUnselected: {'identifier': 'image_processing'}
[0.002495] (-) JobUnselected: {'identifier': 'interfaces'}
[0.003637] (-) JobUnselected: {'identifier': 'key_joy'}
[0.003900] (-) JobUnselected: {'identifier': 'launch_all'}
[0.004010] (-) JobUnselected: {'identifier': 'yadd'}
[0.004121] (main_head) JobQueued: {'identifier': 'main_head', 'dependencies': OrderedDict()}
[0.004262] (pixhawk_interface) JobQueued: {'identifier': 'pixhawk_interface', 'dependencies': OrderedDict()}
[0.004440] (main_head) JobStarted: {'identifier': 'main_head'}
[0.098609] (-) TimerEvent: {}
[0.199155] (-) TimerEvent: {}
[0.299460] (pixhawk_interface) JobStarted: {'identifier': 'pixhawk_interface'}
[0.300297] (-) TimerEvent: {}
[0.401431] (-) TimerEvent: {}
[0.502404] (-) TimerEvent: {}
[0.602837] (-) TimerEvent: {}
[0.706128] (-) TimerEvent: {}
[0.807310] (-) TimerEvent: {}
[0.907764] (-) TimerEvent: {}
[1.008226] (-) TimerEvent: {}
[1.109579] (-) TimerEvent: {}
[1.210106] (-) TimerEvent: {}
[1.310599] (-) TimerEvent: {}
[1.411245] (-) TimerEvent: {}
[1.511755] (-) TimerEvent: {}
[1.612252] (-) TimerEvent: {}
[1.712831] (-) TimerEvent: {}
[1.813992] (-) TimerEvent: {}
[1.914858] (-) TimerEvent: {}
[2.015300] (-) TimerEvent: {}
[2.115757] (-) TimerEvent: {}
[2.216501] (-) TimerEvent: {}
[2.317517] (-) TimerEvent: {}
[2.418755] (-) TimerEvent: {}
[2.526201] (-) TimerEvent: {}
[2.626640] (-) TimerEvent: {}
[2.745628] (-) TimerEvent: {}
[2.846490] (-) TimerEvent: {}
[2.947614] (-) TimerEvent: {}
[3.050058] (-) TimerEvent: {}
[3.150884] (-) TimerEvent: {}
[3.253882] (-) TimerEvent: {}
[3.354342] (-) TimerEvent: {}
[3.454828] (-) TimerEvent: {}
[3.555269] (-) TimerEvent: {}
[3.655722] (-) TimerEvent: {}
[3.756128] (-) TimerEvent: {}
[3.856576] (-) TimerEvent: {}
[3.957046] (-) TimerEvent: {}
[4.057541] (-) TimerEvent: {}
[4.158211] (-) TimerEvent: {}
[4.258692] (-) TimerEvent: {}
[4.360246] (-) TimerEvent: {}
[4.460717] (-) TimerEvent: {}
[4.561268] (-) TimerEvent: {}
[4.661887] (-) TimerEvent: {}
[4.762451] (-) TimerEvent: {}
[4.862959] (-) TimerEvent: {}
[4.963498] (-) TimerEvent: {}
[5.063998] (-) TimerEvent: {}
[5.164530] (-) TimerEvent: {}
[5.265001] (-) TimerEvent: {}
[5.365532] (-) TimerEvent: {}
[5.466098] (-) TimerEvent: {}
[5.566537] (-) TimerEvent: {}
[5.667030] (-) TimerEvent: {}
[5.767748] (-) TimerEvent: {}
[5.868210] (-) TimerEvent: {}
[5.968707] (-) TimerEvent: {}
[6.069382] (-) TimerEvent: {}
[6.170044] (-) TimerEvent: {}
[6.270588] (-) TimerEvent: {}
[6.321659] (pixhawk_interface) Command: {'cmd': ['/usr/bin/python3', 'setup.py', 'egg_info', '--egg-base', '../../build/pixhawk_interface', 'build', '--build-base', '/home/robosub/nuros_ws/build/pixhawk_interface/build', 'install', '--record', '/home/robosub/nuros_ws/build/pixhawk_interface/install.log', '--install-scripts', '$base/lib/pixhawk_interface', '--single-version-externally-managed'], 'cwd': '/home/robosub/nuros_ws/src/pixhawk_interface', 'env': {'USER': 'robosub', 'SHLVL': '1', 'LD_LIBRARY_PATH': '/opt/ros/foxy/opt/yaml_cpp_vendor/lib:/opt/ros/foxy/opt/rviz_ogre_vendor/lib:/opt/ros/foxy/lib/aarch64-linux-gnu:/opt/ros/foxy/lib', 'HOME': '/home/robosub', 'OLDPWD': '/', 'ROS_PYTHON_VERSION': '3', 'ROS_DISTRO': 'foxy', 'LOGNAME': 'robosub', 'JOURNAL_STREAM': '7:45160', '_': '/usr/bin/colcon', 'ROS_VERSION': '2', 'ROS_LOCALHOST_ONLY': '0', 'PATH': '/opt/ros/foxy/bin:/usr/local/sbin:/usr/local/bin:/usr/sbin:/usr/bin:/sbin:/bin:/snap/bin', 'INVOCATION_ID': 'a8e530c2752641edb79f06ca098a8469', 'LANG': 'en_US.UTF-8', 'AMENT_PREFIX_PATH': '/opt/ros/foxy', 'SHELL': '/bin/bash', 'PWD': '/home/robosub/nuros_ws/build/pixhawk_interface', 'PYTHONPATH': '/home/robosub/nuros_ws/build/pixhawk_interface/prefix_override:/home/robosub/nuros_ws/install/pixhawk_interface/lib/python3.8/site-packages:/opt/ros/foxy/lib/python3.8/site-packages', 'COLCON': '1'}, 'shell': False}
[6.342834] (main_head) Command: {'cmd': ['/usr/bin/python3', 'setup.py', 'egg_info', '--egg-base', '../../build/main_head', 'build', '--build-base', '/home/robosub/nuros_ws/build/main_head/build', 'install', '--record', '/home/robosub/nuros_ws/build/main_head/install.log', '--install-scripts', '$base/lib/main_head', '--single-version-externally-managed'], 'cwd': '/home/robosub/nuros_ws/src/main_head', 'env': {'USER': 'robosub', 'SHLVL': '1', 'LD_LIBRARY_PATH': '/opt/ros/foxy/opt/yaml_cpp_vendor/lib:/opt/ros/foxy/opt/rviz_ogre_vendor/lib:/opt/ros/foxy/lib/aarch64-linux-gnu:/opt/ros/foxy/lib', 'HOME': '/home/robosub', 'OLDPWD': '/', 'ROS_PYTHON_VERSION': '3', 'ROS_DISTRO': 'foxy', 'LOGNAME': 'robosub', 'JOURNAL_STREAM': '7:45160', '_': '/usr/bin/colcon', 'ROS_VERSION': '2', 'ROS_LOCALHOST_ONLY': '0', 'PATH': '/opt/ros/foxy/bin:/usr/local/sbin:/usr/local/bin:/usr/sbin:/usr/bin:/sbin:/bin:/snap/bin', 'INVOCATION_ID': 'a8e530c2752641edb79f06ca098a8469', 'LANG': 'en_US.UTF-8', 'AMENT_PREFIX_PATH': '/opt/ros/foxy', 'SHELL': '/bin/bash', 'PWD': '/home/robosub/nuros_ws/build/main_head', 'PYTHONPATH': '/home/robosub/nuros_ws/build/main_head/prefix_override:/home/robosub/nuros_ws/install/main_head/lib/python3.8/site-packages:/opt/ros/foxy/lib/python3.8/site-packages', 'COLCON': '1'}, 'shell': False}
[6.371084] (-) TimerEvent: {}
[6.471925] (-) TimerEvent: {}
[6.572440] (-) TimerEvent: {}
[6.705905] (-) TimerEvent: {}
[6.809981] (-) TimerEvent: {}
[6.910434] (-) TimerEvent: {}
[7.010895] (-) TimerEvent: {}
[7.111330] (-) TimerEvent: {}
[7.211801] (-) TimerEvent: {}
[7.294867] (pixhawk_interface) StdoutLine: {'line': b'running egg_info\n'}
[7.296906] (pixhawk_interface) StdoutLine: {'line': b'writing ../../build/pixhawk_interface/pixhawk_interface.egg-info/PKG-INFO\n'}
[7.299090] (pixhawk_interface) StdoutLine: {'line': b'writing dependency_links to ../../build/pixhawk_interface/pixhawk_interface.egg-info/dependency_links.txt\n'}
[7.300027] (pixhawk_interface) StdoutLine: {'line': b'writing entry points to ../../build/pixhawk_interface/pixhawk_interface.egg-info/entry_points.txt\n'}
[7.301075] (pixhawk_interface) StdoutLine: {'line': b'writing requirements to ../../build/pixhawk_interface/pixhawk_interface.egg-info/requires.txt\n'}
[7.302118] (pixhawk_interface) StdoutLine: {'line': b'writing top-level names to ../../build/pixhawk_interface/pixhawk_interface.egg-info/top_level.txt\n'}
[7.312001] (-) TimerEvent: {}
[7.315861] (main_head) StdoutLine: {'line': b'running egg_info\n'}
[7.318298] (main_head) StdoutLine: {'line': b'writing ../../build/main_head/main_head.egg-info/PKG-INFO\n'}
[7.325858] (main_head) StdoutLine: {'line': b'writing dependency_links to ../../build/main_head/main_head.egg-info/dependency_links.txt\n'}
[7.328483] (main_head) StdoutLine: {'line': b'writing entry points to ../../build/main_head/main_head.egg-info/entry_points.txt\n'}
[7.329059] (main_head) StdoutLine: {'line': b'writing requirements to ../../build/main_head/main_head.egg-info/requires.txt\n'}
[7.329368] (main_head) StdoutLine: {'line': b'writing top-level names to ../../build/main_head/main_head.egg-info/top_level.txt\n'}
[7.412236] (-) TimerEvent: {}
[7.512702] (-) TimerEvent: {}
[7.613075] (-) TimerEvent: {}
[7.623880] (pixhawk_interface) StdoutLine: {'line': b"reading manifest file '../../build/pixhawk_interface/pixhawk_interface.egg-info/SOURCES.txt'\n"}
[7.624506] (main_head) StdoutLine: {'line': b"reading manifest file '../../build/main_head/main_head.egg-info/SOURCES.txt'\n"}
[7.629545] (main_head) StdoutLine: {'line': b"writing manifest file '../../build/main_head/main_head.egg-info/SOURCES.txt'\n"}
[7.630600] (pixhawk_interface) StdoutLine: {'line': b"writing manifest file '../../build/pixhawk_interface/pixhawk_interface.egg-info/SOURCES.txt'\n"}
[7.633616] (pixhawk_interface) StdoutLine: {'line': b'running build\n'}
[7.635515] (pixhawk_interface) StdoutLine: {'line': b'running build_py\n'}
[7.636767] (main_head) StdoutLine: {'line': b'running build\n'}
[7.637299] (main_head) StdoutLine: {'line': b'running build_py\n'}
[7.646632] (main_head) StdoutLine: {'line': b'running install\n'}
[7.647214] (pixhawk_interface) StdoutLine: {'line': b'running install\n'}
[7.648100] (main_head) StdoutLine: {'line': b'running install_lib\n'}
[7.654154] (pixhawk_interface) StdoutLine: {'line': b'running install_lib\n'}
[7.669321] (main_head) StdoutLine: {'line': b'running install_data\n'}
[7.671721] (pixhawk_interface) StdoutLine: {'line': b'running install_data\n'}
[7.673353] (main_head) StdoutLine: {'line': b'running install_egg_info\n'}
[7.677414] (pixhawk_interface) StdoutLine: {'line': b'running install_egg_info\n'}
[7.681664] (main_head) StdoutLine: {'line': b"removing '/home/robosub/nuros_ws/install/main_head/lib/python3.8/site-packages/main_head-0.0.0-py3.8.egg-info' (and everything under it)\n"}
[7.683810] (main_head) StdoutLine: {'line': b'Copying ../../build/main_head/main_head.egg-info to /home/robosub/nuros_ws/install/main_head/lib/python3.8/site-packages/main_head-0.0.0-py3.8.egg-info\n'}
[7.687335] (pixhawk_interface) StdoutLine: {'line': b"removing '/home/robosub/nuros_ws/install/pixhawk_interface/lib/python3.8/site-packages/pixhawk_interface-0.0.0-py3.8.egg-info' (and everything under it)\n"}
[7.689542] (pixhawk_interface) StdoutLine: {'line': b'Copying ../../build/pixhawk_interface/pixhawk_interface.egg-info to /home/robosub/nuros_ws/install/pixhawk_interface/lib/python3.8/site-packages/pixhawk_interface-0.0.0-py3.8.egg-info\n'}
[7.691816] (main_head) StdoutLine: {'line': b'running install_scripts\n'}
[7.696204] (pixhawk_interface) StdoutLine: {'line': b'running install_scripts\n'}
[7.713248] (-) TimerEvent: {}
[7.761875] (main_head) StdoutLine: {'line': b'Installing master_node script to /home/robosub/nuros_ws/install/main_head/lib/main_head\n'}
[7.766978] (pixhawk_interface) StdoutLine: {'line': b'Installing interface_node script to /home/robosub/nuros_ws/install/pixhawk_interface/lib/pixhawk_interface\n'}
[7.813558] (-) TimerEvent: {}
[7.860505] (main_head) StdoutLine: {'line': b"writing list of installed files to '/home/robosub/nuros_ws/build/main_head/install.log'\n"}
[7.863053] (pixhawk_interface) StdoutLine: {'line': b"writing list of installed files to '/home/robosub/nuros_ws/build/pixhawk_interface/install.log'\n"}
[7.913968] (-) TimerEvent: {}
[7.962576] (main_head) CommandEnded: {'returncode': 0}
[8.014163] (-) TimerEvent: {}
[8.114651] (-) TimerEvent: {}
[8.171865] (main_head) JobEnded: {'identifier': 'main_head', 'rc': 0}
[8.181960] (pixhawk_interface) CommandEnded: {'returncode': 0}
[8.216398] (-) TimerEvent: {}
[8.228807] (pixhawk_interface) JobEnded: {'identifier': 'pixhawk_interface', 'rc': 0}
[8.231393] (-) EventReactorShutdown: {}
