[5.000s] Invoking command in '/home/robosub/nuros_ws/src/yadd': PYTHONPATH=/home/robosub/nuros_ws/build/yadd/prefix_override:/home/robosub/nuros_ws/install/yadd/lib/python3.8/site-packages: /usr/bin/python3 setup.py egg_info --egg-base ../../build/yadd build --build-base /home/robosub/nuros_ws/build/yadd/build install --record /home/robosub/nuros_ws/build/yadd/install.log --install-scripts $base/lib/yadd --single-version-externally-managed
[5.825s] running egg_info
[5.826s] writing ../../build/yadd/yadd.egg-info/PKG-INFO
[5.830s] writing dependency_links to ../../build/yadd/yadd.egg-info/dependency_links.txt
[5.832s] writing entry points to ../../build/yadd/yadd.egg-info/entry_points.txt
[5.834s] writing requirements to ../../build/yadd/yadd.egg-info/requires.txt
[5.836s] writing top-level names to ../../build/yadd/yadd.egg-info/top_level.txt
[6.009s] reading manifest file '../../build/yadd/yadd.egg-info/SOURCES.txt'
[6.015s] writing manifest file '../../build/yadd/yadd.egg-info/SOURCES.txt'
[6.016s] running build
[6.016s] running build_py
[6.021s] running install
[6.032s] running install_lib
[6.181s] running install_data
[6.186s] running install_egg_info
[6.201s] removing '/home/robosub/nuros_ws/install/yadd/lib/python3.8/site-packages/yadd-0.0.0-py3.8.egg-info' (and everything under it)
[6.202s] Copying ../../build/yadd/yadd.egg-info to /home/robosub/nuros_ws/install/yadd/lib/python3.8/site-packages/yadd-0.0.0-py3.8.egg-info
[6.207s] running install_scripts
[6.311s] Installing dvl_driver script to /home/robosub/nuros_ws/install/yadd/lib/yadd
[6.455s] writing list of installed files to '/home/robosub/nuros_ws/build/yadd/install.log'
[6.652s] Invoked command in '/home/robosub/nuros_ws/src/yadd' returned '0': PYTHONPATH=/home/robosub/nuros_ws/build/yadd/prefix_override:/home/robosub/nuros_ws/install/yadd/lib/python3.8/site-packages: /usr/bin/python3 setup.py egg_info --egg-base ../../build/yadd build --build-base /home/robosub/nuros_ws/build/yadd/build install --record /home/robosub/nuros_ws/build/yadd/install.log --install-scripts $base/lib/yadd --single-version-externally-managed
