[4.241s] Invoking command in '/home/robosub/nuros_ws/src/image_processing': PYTHONPATH=/home/robosub/nuros_ws/build/image_processing/prefix_override:/home/robosub/nuros_ws/install/image_processing/lib/python3.8/site-packages: /usr/bin/python3 setup.py egg_info --egg-base ../../build/image_processing build --build-base /home/robosub/nuros_ws/build/image_processing/build install --record /home/robosub/nuros_ws/build/image_processing/install.log --install-scripts $base/lib/image_processing --single-version-externally-managed
[5.240s] running egg_info
[5.244s] writing ../../build/image_processing/image_processing.egg-info/PKG-INFO
[5.247s] writing dependency_links to ../../build/image_processing/image_processing.egg-info/dependency_links.txt
[5.274s] writing entry points to ../../build/image_processing/image_processing.egg-info/entry_points.txt
[5.275s] writing requirements to ../../build/image_processing/image_processing.egg-info/requires.txt
[5.275s] writing top-level names to ../../build/image_processing/image_processing.egg-info/top_level.txt
[5.526s] reading manifest file '../../build/image_processing/image_processing.egg-info/SOURCES.txt'
[5.532s] writing manifest file '../../build/image_processing/image_processing.egg-info/SOURCES.txt'
[5.533s] running build
[5.534s] running build_py
[5.537s] running install
[5.541s] running install_lib
[5.549s] running install_data
[5.552s] running install_egg_info
[5.560s] removing '/home/robosub/nuros_ws/install/image_processing/lib/python3.8/site-packages/image_processing-0.0.0-py3.8.egg-info' (and everything under it)
[5.568s] Copying ../../build/image_processing/image_processing.egg-info to /home/robosub/nuros_ws/install/image_processing/lib/python3.8/site-packages/image_processing-0.0.0-py3.8.egg-info
[5.574s] running install_scripts
[5.660s] Installing cv_imshow_node script to /home/robosub/nuros_ws/install/image_processing/lib/image_processing
[5.662s] writing list of installed files to '/home/robosub/nuros_ws/build/image_processing/install.log'
[5.926s] Invoked command in '/home/robosub/nuros_ws/src/image_processing' returned '0': PYTHONPATH=/home/robosub/nuros_ws/build/image_processing/prefix_override:/home/robosub/nuros_ws/install/image_processing/lib/python3.8/site-packages: /usr/bin/python3 setup.py egg_info --egg-base ../../build/image_processing build --build-base /home/robosub/nuros_ws/build/image_processing/build install --record /home/robosub/nuros_ws/build/image_processing/install.log --install-scripts $base/lib/image_processing --single-version-externally-managed
