[8.794s] Invoking command in '/home/robosub/nuros_ws/src/key_joy': PYTHONPATH=/home/robosub/nuros_ws/build/key_joy/prefix_override:/home/robosub/nuros_ws/install/key_joy/lib/python3.8/site-packages: /usr/bin/python3 setup.py egg_info --egg-base ../../build/key_joy build --build-base /home/robosub/nuros_ws/build/key_joy/build install --record /home/robosub/nuros_ws/build/key_joy/install.log --install-scripts $base/lib/key_joy --single-version-externally-managed
[9.950s] running egg_info
[9.954s] writing ../../build/key_joy/key_joy.egg-info/PKG-INFO
[10.003s] writing dependency_links to ../../build/key_joy/key_joy.egg-info/dependency_links.txt
[10.004s] writing entry points to ../../build/key_joy/key_joy.egg-info/entry_points.txt
[10.008s] writing requirements to ../../build/key_joy/key_joy.egg-info/requires.txt
[10.009s] writing top-level names to ../../build/key_joy/key_joy.egg-info/top_level.txt
[10.372s] reading manifest file '../../build/key_joy/key_joy.egg-info/SOURCES.txt'
[10.377s] writing manifest file '../../build/key_joy/key_joy.egg-info/SOURCES.txt'
[10.378s] running build
[10.378s] running build_py
[10.383s] running install
[10.386s] running install_lib
[10.395s] running install_data
[10.399s] running install_egg_info
[10.406s] removing '/home/robosub/nuros_ws/install/key_joy/lib/python3.8/site-packages/key_joy-0.0.0-py3.8.egg-info' (and everything under it)
[10.408s] Copying ../../build/key_joy/key_joy.egg-info to /home/robosub/nuros_ws/install/key_joy/lib/python3.8/site-packages/key_joy-0.0.0-py3.8.egg-info
[10.414s] running install_scripts
[10.485s] Installing joy_twist_node script to /home/robosub/nuros_ws/install/key_joy/lib/key_joy
[10.629s] Installing key_joy_node script to /home/robosub/nuros_ws/install/key_joy/lib/key_joy
[10.637s] writing list of installed files to '/home/robosub/nuros_ws/build/key_joy/install.log'
[11.492s] Invoked command in '/home/robosub/nuros_ws/src/key_joy' returned '0': PYTHONPATH=/home/robosub/nuros_ws/build/key_joy/prefix_override:/home/robosub/nuros_ws/install/key_joy/lib/python3.8/site-packages: /usr/bin/python3 setup.py egg_info --egg-base ../../build/key_joy build --build-base /home/robosub/nuros_ws/build/key_joy/build install --record /home/robosub/nuros_ws/build/key_joy/install.log --install-scripts $base/lib/key_joy --single-version-externally-managed
