[10.832s] Invoking command in '/home/robosub/nuros_ws/src/key_joy': PYTHONPATH=/home/robosub/nuros_ws/build/key_joy/prefix_override:/home/robosub/nuros_ws/install/key_joy/lib/python3.8/site-packages: /usr/bin/python3 setup.py egg_info --egg-base ../../build/key_joy build --build-base /home/robosub/nuros_ws/build/key_joy/build install --record /home/robosub/nuros_ws/build/key_joy/install.log --install-scripts $base/lib/key_joy --single-version-externally-managed
[12.983s] running egg_info
[12.985s] writing ../../build/key_joy/key_joy.egg-info/PKG-INFO
[12.986s] writing dependency_links to ../../build/key_joy/key_joy.egg-info/dependency_links.txt
[12.987s] writing entry points to ../../build/key_joy/key_joy.egg-info/entry_points.txt
[12.988s] writing requirements to ../../build/key_joy/key_joy.egg-info/requires.txt
[13.004s] writing top-level names to ../../build/key_joy/key_joy.egg-info/top_level.txt
[13.634s] reading manifest file '../../build/key_joy/key_joy.egg-info/SOURCES.txt'
[13.637s] writing manifest file '../../build/key_joy/key_joy.egg-info/SOURCES.txt'
[13.640s] running build
[13.652s] running build_py
[13.654s] running install
[13.658s] running install_lib
[13.690s] running install_data
[13.721s] running install_egg_info
[13.780s] removing '/home/robosub/nuros_ws/install/key_joy/lib/python3.8/site-packages/key_joy-0.0.0-py3.8.egg-info' (and everything under it)
[13.782s] Copying ../../build/key_joy/key_joy.egg-info to /home/robosub/nuros_ws/install/key_joy/lib/python3.8/site-packages/key_joy-0.0.0-py3.8.egg-info
[13.786s] running install_scripts
[13.856s] Installing joy_twist_node script to /home/robosub/nuros_ws/install/key_joy/lib/key_joy
[13.857s] Installing key_joy_node script to /home/robosub/nuros_ws/install/key_joy/lib/key_joy
[13.877s] writing list of installed files to '/home/robosub/nuros_ws/build/key_joy/install.log'
[14.553s] Invoked command in '/home/robosub/nuros_ws/src/key_joy' returned '0': PYTHONPATH=/home/robosub/nuros_ws/build/key_joy/prefix_override:/home/robosub/nuros_ws/install/key_joy/lib/python3.8/site-packages: /usr/bin/python3 setup.py egg_info --egg-base ../../build/key_joy build --build-base /home/robosub/nuros_ws/build/key_joy/build install --record /home/robosub/nuros_ws/build/key_joy/install.log --install-scripts $base/lib/key_joy --single-version-externally-managed
