[5.440s] Invoking command in '/home/robosub/nuros_ws/src/yadd': PYTHONPATH=/home/robosub/nuros_ws/build/yadd/prefix_override:/home/robosub/nuros_ws/install/yadd/lib/python3.8/site-packages: /usr/bin/python3 setup.py egg_info --egg-base ../../build/yadd build --build-base /home/robosub/nuros_ws/build/yadd/build install --record /home/robosub/nuros_ws/build/yadd/install.log --install-scripts $base/lib/yadd --single-version-externally-managed
[6.517s] running egg_info
[6.520s] writing ../../build/yadd/yadd.egg-info/PKG-INFO
[6.523s] writing dependency_links to ../../build/yadd/yadd.egg-info/dependency_links.txt
[6.591s] writing entry points to ../../build/yadd/yadd.egg-info/entry_points.txt
[6.593s] writing requirements to ../../build/yadd/yadd.egg-info/requires.txt
[6.594s] writing top-level names to ../../build/yadd/yadd.egg-info/top_level.txt
[6.685s] reading manifest file '../../build/yadd/yadd.egg-info/SOURCES.txt'
[6.691s] writing manifest file '../../build/yadd/yadd.egg-info/SOURCES.txt'
[6.739s] running build
[6.740s] running build_py
[6.743s] running install
[6.753s] running install_lib
[6.773s] running install_data
[6.776s] running install_egg_info
[6.832s] removing '/home/robosub/nuros_ws/install/yadd/lib/python3.8/site-packages/yadd-0.0.0-py3.8.egg-info' (and everything under it)
[6.833s] Copying ../../build/yadd/yadd.egg-info to /home/robosub/nuros_ws/install/yadd/lib/python3.8/site-packages/yadd-0.0.0-py3.8.egg-info
[6.839s] running install_scripts
[6.913s] Installing dvl_driver script to /home/robosub/nuros_ws/install/yadd/lib/yadd
[6.973s] writing list of installed files to '/home/robosub/nuros_ws/build/yadd/install.log'
[7.190s] Invoked command in '/home/robosub/nuros_ws/src/yadd' returned '0': PYTHONPATH=/home/robosub/nuros_ws/build/yadd/prefix_override:/home/robosub/nuros_ws/install/yadd/lib/python3.8/site-packages: /usr/bin/python3 setup.py egg_info --egg-base ../../build/yadd build --build-base /home/robosub/nuros_ws/build/yadd/build install --record /home/robosub/nuros_ws/build/yadd/install.log --install-scripts $base/lib/yadd --single-version-externally-managed
