[1.539s] Invoking command in '/home/robosub/nuros_ws/build/interfaces': /usr/bin/cmake --build /home/robosub/nuros_ws/build/interfaces -- -j4 -l4
[4.013s] [ 10%] Built target interfaces__rosidl_generator_c
[4.014s] [  1%] Built target interfaces__cpp
[4.015s] [ 23%] Built target interfaces__rosidl_typesupport_introspection_c
[4.015s] [ 34%] Built target interfaces__rosidl_typesupport_c
[4.016s] [ 45%] Built target interfaces__rosidl_typesupport_introspection_cpp
[4.016s] [ 56%] Built target interfaces__rosidl_typesupport_fastrtps_cpp
[4.016s] [ 67%] Built target interfaces__rosidl_typesupport_cpp
[4.017s] [ 78%] Built target interfaces__rosidl_typesupport_fastrtps_c
[4.017s] [ 78%] Built target interfaces
[4.017s] [ 80%] Built target interfaces__py
[4.018s] [ 89%] Built target interfaces__python
[4.163s] [ 92%] Built target interfaces__rosidl_typesupport_c__pyext
[4.198s] [ 96%] Built target interfaces__rosidl_typesupport_introspection_c__pyext
[4.242s] [100%] Built target interfaces__rosidl_typesupport_fastrtps_c__pyext
[5.963s] Invoked command in '/home/robosub/nuros_ws/build/interfaces' returned '0': /usr/bin/cmake --build /home/robosub/nuros_ws/build/interfaces -- -j4 -l4
[8.925s] Invoking command in '/home/robosub/nuros_ws/build/interfaces': /usr/bin/cmake --install /home/robosub/nuros_ws/build/interfaces
[9.005s] -- Install configuration: ""
[9.006s] -- Up-to-date: /home/robosub/nuros_ws/install/interfaces/share/ament_index/resource_index/rosidl_interfaces/interfaces
[9.007s] -- Up-to-date: /home/robosub/nuros_ws/install/interfaces/include/interfaces
[9.007s] -- Up-to-date: /home/robosub/nuros_ws/install/interfaces/include/interfaces/msg
[9.007s] -- Up-to-date: /home/robosub/nuros_ws/install/interfaces/include/interfaces/msg/detail
[9.008s] -- Up-to-date: /home/robosub/nuros_ws/install/interfaces/include/interfaces/msg/detail/attitude__type_support.h
[9.008s] -- Up-to-date: /home/robosub/nuros_ws/install/interfaces/include/interfaces/msg/detail/attitude__functions.c
[9.008s] -- Up-to-date: /home/robosub/nuros_ws/install/interfaces/include/interfaces/msg/detail/attitude__functions.h
[9.009s] -- Up-to-date: /home/robosub/nuros_ws/install/interfaces/include/interfaces/msg/detail/attitude__struct.h
[9.009s] -- Up-to-date: /home/robosub/nuros_ws/install/interfaces/include/interfaces/msg/attitude.h
[9.010s] -- Up-to-date: /home/robosub/nuros_ws/install/interfaces/include/interfaces/msg/rosidl_generator_c__visibility_control.h
[9.010s] -- Up-to-date: /home/robosub/nuros_ws/install/interfaces/include/interfaces/srv
[9.010s] -- Up-to-date: /home/robosub/nuros_ws/install/interfaces/include/interfaces/srv/disarm_pixhawk.h
[9.011s] -- Up-to-date: /home/robosub/nuros_ws/install/interfaces/include/interfaces/srv/detail
[9.011s] -- Up-to-date: /home/robosub/nuros_ws/install/interfaces/include/interfaces/srv/detail/arm_pixhawk__struct.h
[9.011s] -- Up-to-date: /home/robosub/nuros_ws/install/interfaces/include/interfaces/srv/detail/arm_pixhawk__functions.h
[9.012s] -- Up-to-date: /home/robosub/nuros_ws/install/interfaces/include/interfaces/srv/detail/disarm_pixhawk__functions.h
[9.012s] -- Up-to-date: /home/robosub/nuros_ws/install/interfaces/include/interfaces/srv/detail/disarm_pixhawk__functions.c
[9.012s] -- Up-to-date: /home/robosub/nuros_ws/install/interfaces/include/interfaces/srv/detail/start_routine__functions.h
[9.013s] -- Up-to-date: /home/robosub/nuros_ws/install/interfaces/include/interfaces/srv/detail/disarm_pixhawk__type_support.h
[9.013s] -- Up-to-date: /home/robosub/nuros_ws/install/interfaces/include/interfaces/srv/detail/start_routine__struct.h
[9.038s] -- Up-to-date: /home/robosub/nuros_ws/install/interfaces/include/interfaces/srv/detail/disarm_pixhawk__struct.h
[9.046s] -- Up-to-date: /home/robosub/nuros_ws/install/interfaces/include/interfaces/srv/detail/start_routine__type_support.h
[9.050s] -- Up-to-date: /home/robosub/nuros_ws/install/interfaces/include/interfaces/srv/detail/arm_pixhawk__functions.c
[9.050s] -- Up-to-date: /home/robosub/nuros_ws/install/interfaces/include/interfaces/srv/detail/arm_pixhawk__type_support.h
[9.086s] -- Up-to-date: /home/robosub/nuros_ws/install/interfaces/include/interfaces/srv/detail/start_routine__functions.c
[9.086s] -- Up-to-date: /home/robosub/nuros_ws/install/interfaces/include/interfaces/srv/arm_pixhawk.h
[9.087s] -- Up-to-date: /home/robosub/nuros_ws/install/interfaces/include/interfaces/srv/start_routine.h
[9.087s] -- Up-to-date: /home/robosub/nuros_ws/install/interfaces/share/interfaces/environment/library_path.sh
[9.087s] -- Up-to-date: /home/robosub/nuros_ws/install/interfaces/share/interfaces/environment/library_path.dsv
[9.088s] -- Up-to-date: /home/robosub/nuros_ws/install/interfaces/lib/libinterfaces__rosidl_generator_c.so
[9.088s] -- Up-to-date: /home/robosub/nuros_ws/install/interfaces/include/interfaces
[9.088s] -- Up-to-date: /home/robosub/nuros_ws/install/interfaces/include/interfaces/msg
[9.089s] -- Up-to-date: /home/robosub/nuros_ws/install/interfaces/include/interfaces/msg/detail
[9.089s] -- Up-to-date: /home/robosub/nuros_ws/install/interfaces/include/interfaces/msg/detail/attitude__rosidl_typesupport_fastrtps_c.h
[9.110s] -- Up-to-date: /home/robosub/nuros_ws/install/interfaces/include/interfaces/msg/rosidl_typesupport_fastrtps_c__visibility_control.h
[9.111s] -- Up-to-date: /home/robosub/nuros_ws/install/interfaces/include/interfaces/srv
[9.111s] -- Up-to-date: /home/robosub/nuros_ws/install/interfaces/include/interfaces/srv/detail
[9.111s] -- Up-to-date: /home/robosub/nuros_ws/install/interfaces/include/interfaces/srv/detail/disarm_pixhawk__rosidl_typesupport_fastrtps_c.h
[9.112s] -- Up-to-date: /home/robosub/nuros_ws/install/interfaces/include/interfaces/srv/detail/arm_pixhawk__rosidl_typesupport_fastrtps_c.h
[9.112s] -- Up-to-date: /home/robosub/nuros_ws/install/interfaces/include/interfaces/srv/detail/start_routine__rosidl_typesupport_fastrtps_c.h
[9.112s] -- Up-to-date: /home/robosub/nuros_ws/install/interfaces/lib/libinterfaces__rosidl_typesupport_fastrtps_c.so
[9.113s] -- Up-to-date: /home/robosub/nuros_ws/install/interfaces/include/interfaces
[9.113s] -- Up-to-date: /home/robosub/nuros_ws/install/interfaces/include/interfaces/msg
[9.145s] -- Up-to-date: /home/robosub/nuros_ws/install/interfaces/include/interfaces/msg/detail
[9.146s] -- Up-to-date: /home/robosub/nuros_ws/install/interfaces/include/interfaces/msg/detail/attitude__rosidl_typesupport_fastrtps_cpp.hpp
[9.146s] -- Up-to-date: /home/robosub/nuros_ws/install/interfaces/include/interfaces/msg/detail/dds_fastrtps
[9.147s] -- Up-to-date: /home/robosub/nuros_ws/install/interfaces/include/interfaces/msg/rosidl_typesupport_fastrtps_cpp__visibility_control.h
[9.147s] -- Up-to-date: /home/robosub/nuros_ws/install/interfaces/include/interfaces/srv
[9.147s] -- Up-to-date: /home/robosub/nuros_ws/install/interfaces/include/interfaces/srv/detail
[9.148s] -- Up-to-date: /home/robosub/nuros_ws/install/interfaces/include/interfaces/srv/detail/disarm_pixhawk__rosidl_typesupport_fastrtps_cpp.hpp
[9.148s] -- Up-to-date: /home/robosub/nuros_ws/install/interfaces/include/interfaces/srv/detail/dds_fastrtps
[9.148s] -- Up-to-date: /home/robosub/nuros_ws/install/interfaces/include/interfaces/srv/detail/start_routine__rosidl_typesupport_fastrtps_cpp.hpp
[9.149s] -- Up-to-date: /home/robosub/nuros_ws/install/interfaces/include/interfaces/srv/detail/arm_pixhawk__rosidl_typesupport_fastrtps_cpp.hpp
[9.169s] -- Up-to-date: /home/robosub/nuros_ws/install/interfaces/lib/libinterfaces__rosidl_typesupport_fastrtps_cpp.so
[9.170s] -- Up-to-date: /home/robosub/nuros_ws/install/interfaces/include/interfaces
[9.170s] -- Up-to-date: /home/robosub/nuros_ws/install/interfaces/include/interfaces/msg
[9.171s] -- Up-to-date: /home/robosub/nuros_ws/install/interfaces/include/interfaces/msg/rosidl_typesupport_introspection_c__visibility_control.h
[9.171s] -- Up-to-date: /home/robosub/nuros_ws/install/interfaces/include/interfaces/msg/detail
[9.171s] -- Up-to-date: /home/robosub/nuros_ws/install/interfaces/include/interfaces/msg/detail/attitude__rosidl_typesupport_introspection_c.h
[9.171s] -- Up-to-date: /home/robosub/nuros_ws/install/interfaces/include/interfaces/msg/detail/attitude__type_support.c
[9.172s] -- Up-to-date: /home/robosub/nuros_ws/install/interfaces/include/interfaces/srv
[9.172s] -- Up-to-date: /home/robosub/nuros_ws/install/interfaces/include/interfaces/srv/detail
[9.172s] -- Up-to-date: /home/robosub/nuros_ws/install/interfaces/include/interfaces/srv/detail/start_routine__type_support.c
[9.173s] -- Up-to-date: /home/robosub/nuros_ws/install/interfaces/include/interfaces/srv/detail/arm_pixhawk__rosidl_typesupport_introspection_c.h
[9.197s] -- Up-to-date: /home/robosub/nuros_ws/install/interfaces/include/interfaces/srv/detail/arm_pixhawk__type_support.c
[9.198s] -- Up-to-date: /home/robosub/nuros_ws/install/interfaces/include/interfaces/srv/detail/disarm_pixhawk__rosidl_typesupport_introspection_c.h
[9.198s] -- Up-to-date: /home/robosub/nuros_ws/install/interfaces/include/interfaces/srv/detail/disarm_pixhawk__type_support.c
[9.199s] -- Up-to-date: /home/robosub/nuros_ws/install/interfaces/include/interfaces/srv/detail/start_routine__rosidl_typesupport_introspection_c.h
[9.199s] -- Up-to-date: /home/robosub/nuros_ws/install/interfaces/lib/libinterfaces__rosidl_typesupport_introspection_c.so
[9.199s] -- Up-to-date: /home/robosub/nuros_ws/install/interfaces/lib/libinterfaces__rosidl_typesupport_c.so
[9.200s] -- Up-to-date: /home/robosub/nuros_ws/install/interfaces/include/interfaces
[9.200s] -- Up-to-date: /home/robosub/nuros_ws/install/interfaces/include/interfaces/msg
[9.200s] -- Up-to-date: /home/robosub/nuros_ws/install/interfaces/include/interfaces/msg/attitude.hpp
[9.201s] -- Up-to-date: /home/robosub/nuros_ws/install/interfaces/include/interfaces/msg/detail
[9.201s] -- Up-to-date: /home/robosub/nuros_ws/install/interfaces/include/interfaces/msg/detail/attitude__struct.hpp
[9.201s] -- Up-to-date: /home/robosub/nuros_ws/install/interfaces/include/interfaces/msg/detail/attitude__traits.hpp
[9.202s] -- Up-to-date: /home/robosub/nuros_ws/install/interfaces/include/interfaces/msg/detail/attitude__builder.hpp
[9.202s] -- Up-to-date: /home/robosub/nuros_ws/install/interfaces/include/interfaces/srv
[9.203s] -- Up-to-date: /home/robosub/nuros_ws/install/interfaces/include/interfaces/srv/arm_pixhawk.hpp
[9.203s] -- Up-to-date: /home/robosub/nuros_ws/install/interfaces/include/interfaces/srv/detail
[9.204s] -- Up-to-date: /home/robosub/nuros_ws/install/interfaces/include/interfaces/srv/detail/disarm_pixhawk__struct.hpp
[9.204s] -- Up-to-date: /home/robosub/nuros_ws/install/interfaces/include/interfaces/srv/detail/arm_pixhawk__builder.hpp
[9.204s] -- Up-to-date: /home/robosub/nuros_ws/install/interfaces/include/interfaces/srv/detail/start_routine__traits.hpp
[9.204s] -- Up-to-date: /home/robosub/nuros_ws/install/interfaces/include/interfaces/srv/detail/arm_pixhawk__traits.hpp
[9.205s] -- Up-to-date: /home/robosub/nuros_ws/install/interfaces/include/interfaces/srv/detail/arm_pixhawk__struct.hpp
[9.218s] -- Up-to-date: /home/robosub/nuros_ws/install/interfaces/include/interfaces/srv/detail/start_routine__struct.hpp
[9.219s] -- Up-to-date: /home/robosub/nuros_ws/install/interfaces/include/interfaces/srv/detail/disarm_pixhawk__builder.hpp
[9.219s] -- Up-to-date: /home/robosub/nuros_ws/install/interfaces/include/interfaces/srv/detail/disarm_pixhawk__traits.hpp
[9.220s] -- Up-to-date: /home/robosub/nuros_ws/install/interfaces/include/interfaces/srv/detail/start_routine__builder.hpp
[9.220s] -- Up-to-date: /home/robosub/nuros_ws/install/interfaces/include/interfaces/srv/start_routine.hpp
[9.220s] -- Up-to-date: /home/robosub/nuros_ws/install/interfaces/include/interfaces/srv/disarm_pixhawk.hpp
[9.221s] -- Up-to-date: /home/robosub/nuros_ws/install/interfaces/include/interfaces
[9.221s] -- Up-to-date: /home/robosub/nuros_ws/install/interfaces/include/interfaces/msg
[9.221s] -- Up-to-date: /home/robosub/nuros_ws/install/interfaces/include/interfaces/msg/detail
[9.222s] -- Up-to-date: /home/robosub/nuros_ws/install/interfaces/include/interfaces/msg/detail/attitude__rosidl_typesupport_introspection_cpp.hpp
[9.222s] -- Up-to-date: /home/robosub/nuros_ws/install/interfaces/include/interfaces/msg/detail/attitude__type_support.cpp
[9.222s] -- Up-to-date: /home/robosub/nuros_ws/install/interfaces/include/interfaces/srv
[9.223s] -- Up-to-date: /home/robosub/nuros_ws/install/interfaces/include/interfaces/srv/detail
[9.224s] -- Up-to-date: /home/robosub/nuros_ws/install/interfaces/include/interfaces/srv/detail/disarm_pixhawk__type_support.cpp
[9.224s] -- Up-to-date: /home/robosub/nuros_ws/install/interfaces/include/interfaces/srv/detail/start_routine__rosidl_typesupport_introspection_cpp.hpp
[9.225s] -- Up-to-date: /home/robosub/nuros_ws/install/interfaces/include/interfaces/srv/detail/start_routine__type_support.cpp
[9.225s] -- Up-to-date: /home/robosub/nuros_ws/install/interfaces/include/interfaces/srv/detail/arm_pixhawk__type_support.cpp
[9.226s] -- Up-to-date: /home/robosub/nuros_ws/install/interfaces/include/interfaces/srv/detail/disarm_pixhawk__rosidl_typesupport_introspection_cpp.hpp
[9.226s] -- Up-to-date: /home/robosub/nuros_ws/install/interfaces/include/interfaces/srv/detail/arm_pixhawk__rosidl_typesupport_introspection_cpp.hpp
[9.226s] -- Up-to-date: /home/robosub/nuros_ws/install/interfaces/lib/libinterfaces__rosidl_typesupport_introspection_cpp.so
[9.227s] -- Up-to-date: /home/robosub/nuros_ws/install/interfaces/lib/libinterfaces__rosidl_typesupport_cpp.so
[9.227s] -- Up-to-date: /home/robosub/nuros_ws/install/interfaces/share/interfaces/environment/pythonpath.sh
[9.227s] -- Up-to-date: /home/robosub/nuros_ws/install/interfaces/share/interfaces/environment/pythonpath.dsv
[9.228s] -- Up-to-date: /home/robosub/nuros_ws/install/interfaces/lib/python3.8/site-packages/interfaces/__init__.py
[9.228s] -- Up-to-date: /home/robosub/nuros_ws/install/interfaces/lib/python3.8/site-packages/interfaces/srv
[9.228s] -- Up-to-date: /home/robosub/nuros_ws/install/interfaces/lib/python3.8/site-packages/interfaces/srv/_arm_pixhawk.py
[9.229s] -- Up-to-date: /home/robosub/nuros_ws/install/interfaces/lib/python3.8/site-packages/interfaces/srv/_arm_pixhawk_s.c
[9.229s] -- Up-to-date: /home/robosub/nuros_ws/install/interfaces/lib/python3.8/site-packages/interfaces/srv/_start_routine_s.c
[9.230s] -- Up-to-date: /home/robosub/nuros_ws/install/interfaces/lib/python3.8/site-packages/interfaces/srv/_start_routine.py
[9.235s] -- Up-to-date: /home/robosub/nuros_ws/install/interfaces/lib/python3.8/site-packages/interfaces/srv/_disarm_pixhawk.py
[9.236s] -- Up-to-date: /home/robosub/nuros_ws/install/interfaces/lib/python3.8/site-packages/interfaces/srv/_disarm_pixhawk_s.c
[9.236s] -- Up-to-date: /home/robosub/nuros_ws/install/interfaces/lib/python3.8/site-packages/interfaces/srv/__init__.py
[9.236s] -- Up-to-date: /home/robosub/nuros_ws/install/interfaces/lib/python3.8/site-packages/interfaces/msg
[9.237s] -- Up-to-date: /home/robosub/nuros_ws/install/interfaces/lib/python3.8/site-packages/interfaces/msg/_attitude_s.c
[9.237s] -- Up-to-date: /home/robosub/nuros_ws/install/interfaces/lib/python3.8/site-packages/interfaces/msg/_attitude.py
[9.237s] -- Up-to-date: /home/robosub/nuros_ws/install/interfaces/lib/python3.8/site-packages/interfaces/msg/__init__.py
[9.239s] -- Up-to-date: /home/robosub/nuros_ws/install/interfaces/lib/python3.8/site-packages/interfaces/interfaces_s__rosidl_typesupport_fastrtps_c.cpython-38-aarch64-linux-gnu.so
[9.241s] -- Up-to-date: /home/robosub/nuros_ws/install/interfaces/lib/python3.8/site-packages/interfaces/interfaces_s__rosidl_typesupport_introspection_c.cpython-38-aarch64-linux-gnu.so
[9.241s] -- Up-to-date: /home/robosub/nuros_ws/install/interfaces/lib/python3.8/site-packages/interfaces/interfaces_s__rosidl_typesupport_c.cpython-38-aarch64-linux-gnu.so
[9.243s] -- Up-to-date: /home/robosub/nuros_ws/install/interfaces/lib/libinterfaces__python.so
[9.245s] -- Up-to-date: /home/robosub/nuros_ws/install/interfaces/share/interfaces/srv/ArmPixhawk.idl
[9.245s] -- Up-to-date: /home/robosub/nuros_ws/install/interfaces/share/interfaces/srv/DisarmPixhawk.idl
[9.246s] -- Up-to-date: /home/robosub/nuros_ws/install/interfaces/share/interfaces/srv/StartRoutine.idl
[9.255s] -- Up-to-date: /home/robosub/nuros_ws/install/interfaces/share/interfaces/msg/Attitude.idl
[9.255s] -- Up-to-date: /home/robosub/nuros_ws/install/interfaces/share/interfaces/srv/ArmPixhawk.srv
[9.256s] -- Up-to-date: /home/robosub/nuros_ws/install/interfaces/share/interfaces/srv/ArmPixhawk_Request.msg
[9.257s] -- Up-to-date: /home/robosub/nuros_ws/install/interfaces/share/interfaces/srv/ArmPixhawk_Response.msg
[9.257s] -- Up-to-date: /home/robosub/nuros_ws/install/interfaces/share/interfaces/srv/DisarmPixhawk.srv
[9.258s] -- Up-to-date: /home/robosub/nuros_ws/install/interfaces/share/interfaces/srv/DisarmPixhawk_Request.msg
[9.267s] -- Up-to-date: /home/robosub/nuros_ws/install/interfaces/share/interfaces/srv/DisarmPixhawk_Response.msg
[9.268s] -- Up-to-date: /home/robosub/nuros_ws/install/interfaces/share/interfaces/srv/StartRoutine.srv
[9.268s] -- Up-to-date: /home/robosub/nuros_ws/install/interfaces/share/interfaces/srv/StartRoutine_Request.msg
[9.269s] -- Up-to-date: /home/robosub/nuros_ws/install/interfaces/share/interfaces/srv/StartRoutine_Response.msg
[9.269s] -- Up-to-date: /home/robosub/nuros_ws/install/interfaces/share/interfaces/msg/Attitude.msg
[9.269s] -- Up-to-date: /home/robosub/nuros_ws/install/interfaces/share/ament_index/resource_index/package_run_dependencies/interfaces
[9.270s] -- Up-to-date: /home/robosub/nuros_ws/install/interfaces/share/ament_index/resource_index/parent_prefix_path/interfaces
[9.270s] -- Up-to-date: /home/robosub/nuros_ws/install/interfaces/share/interfaces/environment/ament_prefix_path.sh
[9.278s] -- Up-to-date: /home/robosub/nuros_ws/install/interfaces/share/interfaces/environment/ament_prefix_path.dsv
[9.278s] -- Up-to-date: /home/robosub/nuros_ws/install/interfaces/share/interfaces/environment/path.sh
[9.279s] -- Up-to-date: /home/robosub/nuros_ws/install/interfaces/share/interfaces/environment/path.dsv
[9.285s] -- Up-to-date: /home/robosub/nuros_ws/install/interfaces/share/interfaces/local_setup.bash
[9.291s] -- Up-to-date: /home/robosub/nuros_ws/install/interfaces/share/interfaces/local_setup.sh
[9.291s] -- Up-to-date: /home/robosub/nuros_ws/install/interfaces/share/interfaces/local_setup.zsh
[9.291s] -- Up-to-date: /home/robosub/nuros_ws/install/interfaces/share/interfaces/local_setup.dsv
[9.292s] -- Installing: /home/robosub/nuros_ws/install/interfaces/share/interfaces/package.dsv
[9.292s] -- Up-to-date: /home/robosub/nuros_ws/install/interfaces/share/ament_index/resource_index/packages/interfaces
[9.292s] -- Up-to-date: /home/robosub/nuros_ws/install/interfaces/share/interfaces/cmake/interfaces__rosidl_generator_cExport.cmake
[9.293s] -- Up-to-date: /home/robosub/nuros_ws/install/interfaces/share/interfaces/cmake/interfaces__rosidl_generator_cExport-noconfig.cmake
[9.293s] -- Up-to-date: /home/robosub/nuros_ws/install/interfaces/share/interfaces/cmake/interfaces__rosidl_typesupport_introspection_cExport.cmake
[9.293s] -- Up-to-date: /home/robosub/nuros_ws/install/interfaces/share/interfaces/cmake/interfaces__rosidl_typesupport_introspection_cExport-noconfig.cmake
[9.294s] -- Up-to-date: /home/robosub/nuros_ws/install/interfaces/share/interfaces/cmake/interfaces__rosidl_typesupport_cExport.cmake
[9.294s] -- Up-to-date: /home/robosub/nuros_ws/install/interfaces/share/interfaces/cmake/interfaces__rosidl_typesupport_cExport-noconfig.cmake
[9.294s] -- Up-to-date: /home/robosub/nuros_ws/install/interfaces/share/interfaces/cmake/interfaces__rosidl_generator_cppExport.cmake
[9.295s] -- Up-to-date: /home/robosub/nuros_ws/install/interfaces/share/interfaces/cmake/interfaces__rosidl_typesupport_introspection_cppExport.cmake
[9.295s] -- Up-to-date: /home/robosub/nuros_ws/install/interfaces/share/interfaces/cmake/interfaces__rosidl_typesupport_introspection_cppExport-noconfig.cmake
[9.295s] -- Up-to-date: /home/robosub/nuros_ws/install/interfaces/share/interfaces/cmake/interfaces__rosidl_typesupport_cppExport.cmake
[9.296s] -- Up-to-date: /home/robosub/nuros_ws/install/interfaces/share/interfaces/cmake/interfaces__rosidl_typesupport_cppExport-noconfig.cmake
[9.326s] -- Up-to-date: /home/robosub/nuros_ws/install/interfaces/share/interfaces/cmake/rosidl_cmake-extras.cmake
[9.327s] -- Up-to-date: /home/robosub/nuros_ws/install/interfaces/share/interfaces/cmake/ament_cmake_export_dependencies-extras.cmake
[9.327s] -- Up-to-date: /home/robosub/nuros_ws/install/interfaces/share/interfaces/cmake/ament_cmake_export_libraries-extras.cmake
[9.327s] -- Up-to-date: /home/robosub/nuros_ws/install/interfaces/share/interfaces/cmake/ament_cmake_export_targets-extras.cmake
[9.327s] -- Up-to-date: /home/robosub/nuros_ws/install/interfaces/share/interfaces/cmake/ament_cmake_export_include_directories-extras.cmake
[9.328s] -- Up-to-date: /home/robosub/nuros_ws/install/interfaces/share/interfaces/cmake/rosidl_cmake_export_typesupport_libraries-extras.cmake
[9.328s] -- Up-to-date: /home/robosub/nuros_ws/install/interfaces/share/interfaces/cmake/rosidl_cmake_export_typesupport_targets-extras.cmake
[9.328s] -- Up-to-date: /home/robosub/nuros_ws/install/interfaces/share/interfaces/cmake/interfacesConfig.cmake
[9.329s] -- Up-to-date: /home/robosub/nuros_ws/install/interfaces/share/interfaces/cmake/interfacesConfig-version.cmake
[9.329s] -- Up-to-date: /home/robosub/nuros_ws/install/interfaces/share/interfaces/package.xml
[9.364s] Invoked command in '/home/robosub/nuros_ws/build/interfaces' returned '0': /usr/bin/cmake --install /home/robosub/nuros_ws/build/interfaces
