[0.000000] (-) TimerEvent: {}
[0.000259] (-) JobUnselected: {'identifier': 'image_processing'}
[0.000368] (-) JobUnselected: {'identifier': 'interfaces'}
[0.000452] (-) JobUnselected: {'identifier': 'key_joy'}
[0.000538] (-) JobUnselected: {'identifier': 'launch_all'}
[0.000619] (-) JobUnselected: {'identifier': 'yadd'}
[0.000709] (main_head) JobQueued: {'identifier': 'main_head', 'dependencies': OrderedDict()}
[0.000920] (pixhawk_interface) JobQueued: {'identifier': 'pixhawk_interface', 'dependencies': OrderedDict()}
[0.006832] (main_head) JobStarted: {'identifier': 'main_head'}
[0.100769] (-) TimerEvent: {}
[0.193921] (pixhawk_interface) JobStarted: {'identifier': 'pixhawk_interface'}
[0.203333] (-) TimerEvent: {}
[0.305620] (-) TimerEvent: {}
[0.408969] (-) TimerEvent: {}
[0.509416] (-) TimerEvent: {}
[0.610257] (-) TimerEvent: {}
[0.710696] (-) TimerEvent: {}
[0.811319] (-) TimerEvent: {}
[0.912308] (-) TimerEvent: {}
[1.012985] (-) TimerEvent: {}
[1.113490] (-) TimerEvent: {}
[1.214074] (-) TimerEvent: {}
[1.314815] (-) TimerEvent: {}
[1.417104] (-) TimerEvent: {}
[1.517630] (-) TimerEvent: {}
[1.622396] (-) TimerEvent: {}
[1.723447] (-) TimerEvent: {}
[1.824604] (-) TimerEvent: {}
[1.927862] (-) TimerEvent: {}
[2.029353] (-) TimerEvent: {}
[2.129828] (-) TimerEvent: {}
[2.233035] (-) TimerEvent: {}
[2.333512] (-) TimerEvent: {}
[2.434016] (-) TimerEvent: {}
[2.535040] (-) TimerEvent: {}
[2.635453] (-) TimerEvent: {}
[2.736731] (-) TimerEvent: {}
[2.839873] (-) TimerEvent: {}
[2.943271] (-) TimerEvent: {}
[3.045011] (-) TimerEvent: {}
[3.145462] (-) TimerEvent: {}
[3.245907] (-) TimerEvent: {}
[3.349001] (-) TimerEvent: {}
[3.449535] (-) TimerEvent: {}
[3.549983] (-) TimerEvent: {}
[3.650430] (-) TimerEvent: {}
[3.750937] (-) TimerEvent: {}
[3.851444] (-) TimerEvent: {}
[3.952021] (-) TimerEvent: {}
[4.052468] (-) TimerEvent: {}
[4.153021] (-) TimerEvent: {}
[4.253460] (-) TimerEvent: {}
[4.353962] (-) TimerEvent: {}
[4.454573] (-) TimerEvent: {}
[4.555094] (-) TimerEvent: {}
[4.655617] (-) TimerEvent: {}
[4.756213] (-) TimerEvent: {}
[4.856757] (-) TimerEvent: {}
[4.957329] (-) TimerEvent: {}
[5.057924] (-) TimerEvent: {}
[5.158370] (-) TimerEvent: {}
[5.258850] (-) TimerEvent: {}
[5.359314] (-) TimerEvent: {}
[5.459829] (-) TimerEvent: {}
[5.560286] (-) TimerEvent: {}
[5.660890] (-) TimerEvent: {}
[5.761375] (-) TimerEvent: {}
[5.861893] (-) TimerEvent: {}
[5.962454] (-) TimerEvent: {}
[6.062963] (-) TimerEvent: {}
[6.126191] (pixhawk_interface) Command: {'cmd': ['/usr/bin/python3', 'setup.py', 'egg_info', '--egg-base', '../../build/pixhawk_interface', 'build', '--build-base', '/home/robosub/nuros_ws/build/pixhawk_interface/build', 'install', '--record', '/home/robosub/nuros_ws/build/pixhawk_interface/install.log', '--install-scripts', '$base/lib/pixhawk_interface', '--single-version-externally-managed'], 'cwd': '/home/robosub/nuros_ws/src/pixhawk_interface', 'env': {'USER': 'robosub', 'SHLVL': '1', 'LD_LIBRARY_PATH': '/opt/ros/foxy/opt/yaml_cpp_vendor/lib:/opt/ros/foxy/opt/rviz_ogre_vendor/lib:/opt/ros/foxy/lib/aarch64-linux-gnu:/opt/ros/foxy/lib', 'HOME': '/home/robosub', 'OLDPWD': '/', 'ROS_PYTHON_VERSION': '3', 'ROS_DISTRO': 'foxy', 'LOGNAME': 'robosub', 'JOURNAL_STREAM': '7:44357', '_': '/usr/bin/colcon', 'ROS_VERSION': '2', 'ROS_LOCALHOST_ONLY': '0', 'PATH': '/opt/ros/foxy/bin:/usr/local/sbin:/usr/local/bin:/usr/sbin:/usr/bin:/sbin:/bin:/snap/bin', 'INVOCATION_ID': 'e1ad9c2bb0324665a3efdb1a05f4b79a', 'LANG': 'en_US.UTF-8', 'AMENT_PREFIX_PATH': '/opt/ros/foxy', 'SHELL': '/bin/bash', 'PWD': '/home/robosub/nuros_ws/build/pixhawk_interface', 'PYTHONPATH': '/home/robosub/nuros_ws/build/pixhawk_interface/prefix_override:/home/robosub/nuros_ws/install/pixhawk_interface/lib/python3.8/site-packages:/opt/ros/foxy/lib/python3.8/site-packages', 'COLCON': '1'}, 'shell': False}
[6.147275] (main_head) Command: {'cmd': ['/usr/bin/python3', 'setup.py', 'egg_info', '--egg-base', '../../build/main_head', 'build', '--build-base', '/home/robosub/nuros_ws/build/main_head/build', 'install', '--record', '/home/robosub/nuros_ws/build/main_head/install.log', '--install-scripts', '$base/lib/main_head', '--single-version-externally-managed'], 'cwd': '/home/robosub/nuros_ws/src/main_head', 'env': {'USER': 'robosub', 'SHLVL': '1', 'LD_LIBRARY_PATH': '/opt/ros/foxy/opt/yaml_cpp_vendor/lib:/opt/ros/foxy/opt/rviz_ogre_vendor/lib:/opt/ros/foxy/lib/aarch64-linux-gnu:/opt/ros/foxy/lib', 'HOME': '/home/robosub', 'OLDPWD': '/', 'ROS_PYTHON_VERSION': '3', 'ROS_DISTRO': 'foxy', 'LOGNAME': 'robosub', 'JOURNAL_STREAM': '7:44357', '_': '/usr/bin/colcon', 'ROS_VERSION': '2', 'ROS_LOCALHOST_ONLY': '0', 'PATH': '/opt/ros/foxy/bin:/usr/local/sbin:/usr/local/bin:/usr/sbin:/usr/bin:/sbin:/bin:/snap/bin', 'INVOCATION_ID': 'e1ad9c2bb0324665a3efdb1a05f4b79a', 'LANG': 'en_US.UTF-8', 'AMENT_PREFIX_PATH': '/opt/ros/foxy', 'SHELL': '/bin/bash', 'PWD': '/home/robosub/nuros_ws/build/main_head', 'PYTHONPATH': '/home/robosub/nuros_ws/build/main_head/prefix_override:/home/robosub/nuros_ws/install/main_head/lib/python3.8/site-packages:/opt/ros/foxy/lib/python3.8/site-packages', 'COLCON': '1'}, 'shell': False}
[6.166022] (-) TimerEvent: {}
[6.266483] (-) TimerEvent: {}
[6.366956] (-) TimerEvent: {}
[6.467459] (-) TimerEvent: {}
[6.567984] (-) TimerEvent: {}
[6.668522] (-) TimerEvent: {}
[6.769045] (-) TimerEvent: {}
[6.869486] (-) TimerEvent: {}
[6.969950] (-) TimerEvent: {}
[7.069173] (pixhawk_interface) StdoutLine: {'line': b'running egg_info\n'}
[7.071958] (-) TimerEvent: {}
[7.072091] (pixhawk_interface) StdoutLine: {'line': b'writing ../../build/pixhawk_interface/pixhawk_interface.egg-info/PKG-INFO\n'}
[7.073412] (pixhawk_interface) StdoutLine: {'line': b'writing dependency_links to ../../build/pixhawk_interface/pixhawk_interface.egg-info/dependency_links.txt\n'}
[7.074182] (pixhawk_interface) StdoutLine: {'line': b'writing entry points to ../../build/pixhawk_interface/pixhawk_interface.egg-info/entry_points.txt\n'}
[7.074864] (pixhawk_interface) StdoutLine: {'line': b'writing requirements to ../../build/pixhawk_interface/pixhawk_interface.egg-info/requires.txt\n'}
[7.075560] (pixhawk_interface) StdoutLine: {'line': b'writing top-level names to ../../build/pixhawk_interface/pixhawk_interface.egg-info/top_level.txt\n'}
[7.133628] (main_head) StdoutLine: {'line': b'running egg_info\n'}
[7.136371] (main_head) StdoutLine: {'line': b'writing ../../build/main_head/main_head.egg-info/PKG-INFO\n'}
[7.138723] (main_head) StdoutLine: {'line': b'writing dependency_links to ../../build/main_head/main_head.egg-info/dependency_links.txt\n'}
[7.139670] (main_head) StdoutLine: {'line': b'writing entry points to ../../build/main_head/main_head.egg-info/entry_points.txt\n'}
[7.140854] (main_head) StdoutLine: {'line': b'writing requirements to ../../build/main_head/main_head.egg-info/requires.txt\n'}
[7.141232] (main_head) StdoutLine: {'line': b'writing top-level names to ../../build/main_head/main_head.egg-info/top_level.txt\n'}
[7.172166] (-) TimerEvent: {}
[7.272641] (-) TimerEvent: {}
[7.373185] (-) TimerEvent: {}
[7.377226] (main_head) StdoutLine: {'line': b"reading manifest file '../../build/main_head/main_head.egg-info/SOURCES.txt'\n"}
[7.377814] (pixhawk_interface) StdoutLine: {'line': b"reading manifest file '../../build/pixhawk_interface/pixhawk_interface.egg-info/SOURCES.txt'\n"}
[7.386190] (main_head) StdoutLine: {'line': b"writing manifest file '../../build/main_head/main_head.egg-info/SOURCES.txt'\n"}
[7.387861] (main_head) StdoutLine: {'line': b'running build\n'}
[7.388257] (main_head) StdoutLine: {'line': b'running build_py\n'}
[7.388555] (pixhawk_interface) StdoutLine: {'line': b"writing manifest file '../../build/pixhawk_interface/pixhawk_interface.egg-info/SOURCES.txt'\n"}
[7.388986] (pixhawk_interface) StdoutLine: {'line': b'running build\n'}
[7.389299] (pixhawk_interface) StdoutLine: {'line': b'running build_py\n'}
[7.396945] (main_head) StdoutLine: {'line': b'running install\n'}
[7.399984] (pixhawk_interface) StdoutLine: {'line': b'running install\n'}
[7.401625] (main_head) StdoutLine: {'line': b'running install_lib\n'}
[7.409735] (pixhawk_interface) StdoutLine: {'line': b'running install_lib\n'}
[7.410475] (main_head) StdoutLine: {'line': b'running install_data\n'}
[7.426329] (pixhawk_interface) StdoutLine: {'line': b'running install_data\n'}
[7.426898] (main_head) StdoutLine: {'line': b'running install_egg_info\n'}
[7.428539] (pixhawk_interface) StdoutLine: {'line': b'running install_egg_info\n'}
[7.438184] (main_head) StdoutLine: {'line': b"removing '/home/robosub/nuros_ws/install/main_head/lib/python3.8/site-packages/main_head-0.0.0-py3.8.egg-info' (and everything under it)\n"}
[7.438812] (main_head) StdoutLine: {'line': b'Copying ../../build/main_head/main_head.egg-info to /home/robosub/nuros_ws/install/main_head/lib/python3.8/site-packages/main_head-0.0.0-py3.8.egg-info\n'}
[7.439178] (pixhawk_interface) StdoutLine: {'line': b"removing '/home/robosub/nuros_ws/install/pixhawk_interface/lib/python3.8/site-packages/pixhawk_interface-0.0.0-py3.8.egg-info' (and everything under it)\n"}
[7.439542] (pixhawk_interface) StdoutLine: {'line': b'Copying ../../build/pixhawk_interface/pixhawk_interface.egg-info to /home/robosub/nuros_ws/install/pixhawk_interface/lib/python3.8/site-packages/pixhawk_interface-0.0.0-py3.8.egg-info\n'}
[7.447088] (main_head) StdoutLine: {'line': b'running install_scripts\n'}
[7.447500] (pixhawk_interface) StdoutLine: {'line': b'running install_scripts\n'}
[7.473415] (-) TimerEvent: {}
[7.508030] (main_head) StdoutLine: {'line': b'Installing master_node script to /home/robosub/nuros_ws/install/main_head/lib/main_head\n'}
[7.512172] (pixhawk_interface) StdoutLine: {'line': b'Installing interface_node script to /home/robosub/nuros_ws/install/pixhawk_interface/lib/pixhawk_interface\n'}
[7.573683] (-) TimerEvent: {}
[7.627255] (main_head) StdoutLine: {'line': b"writing list of installed files to '/home/robosub/nuros_ws/build/main_head/install.log'\n"}
[7.631461] (pixhawk_interface) StdoutLine: {'line': b"writing list of installed files to '/home/robosub/nuros_ws/build/pixhawk_interface/install.log'\n"}
[7.673991] (-) TimerEvent: {}
[7.729724] (main_head) CommandEnded: {'returncode': 0}
[7.774092] (-) TimerEvent: {}
[7.874584] (-) TimerEvent: {}
[7.894450] (main_head) JobEnded: {'identifier': 'main_head', 'rc': 0}
[7.905257] (pixhawk_interface) CommandEnded: {'returncode': 0}
[7.956472] (pixhawk_interface) JobEnded: {'identifier': 'pixhawk_interface', 'rc': 0}
[7.959083] (-) EventReactorShutdown: {}
