[5.362s] Invoking command in '/home/robosub/nuros_ws/src/key_joy': PYTHONPATH=/home/robosub/nuros_ws/build/key_joy/prefix_override:/home/robosub/nuros_ws/install/key_joy/lib/python3.8/site-packages: /usr/bin/python3 setup.py egg_info --egg-base ../../build/key_joy build --build-base /home/robosub/nuros_ws/build/key_joy/build install --record /home/robosub/nuros_ws/build/key_joy/install.log --install-scripts $base/lib/key_joy --single-version-externally-managed
[6.250s] running egg_info
[6.253s] writing ../../build/key_joy/key_joy.egg-info/PKG-INFO
[6.255s] writing dependency_links to ../../build/key_joy/key_joy.egg-info/dependency_links.txt
[6.256s] writing entry points to ../../build/key_joy/key_joy.egg-info/entry_points.txt
[6.282s] writing requirements to ../../build/key_joy/key_joy.egg-info/requires.txt
[6.333s] writing top-level names to ../../build/key_joy/key_joy.egg-info/top_level.txt
[6.495s] reading manifest file '../../build/key_joy/key_joy.egg-info/SOURCES.txt'
[6.499s] writing manifest file '../../build/key_joy/key_joy.egg-info/SOURCES.txt'
[6.499s] running build
[6.500s] running build_py
[6.646s] running install
[6.647s] running install_lib
[6.650s] running install_data
[6.652s] running install_egg_info
[6.658s] removing '/home/robosub/nuros_ws/install/key_joy/lib/python3.8/site-packages/key_joy-0.0.0-py3.8.egg-info' (and everything under it)
[6.660s] Copying ../../build/key_joy/key_joy.egg-info to /home/robosub/nuros_ws/install/key_joy/lib/python3.8/site-packages/key_joy-0.0.0-py3.8.egg-info
[6.666s] running install_scripts
[6.749s] Installing joy_twist_node script to /home/robosub/nuros_ws/install/key_joy/lib/key_joy
[6.750s] Installing key_joy_node script to /home/robosub/nuros_ws/install/key_joy/lib/key_joy
[6.751s] writing list of installed files to '/home/robosub/nuros_ws/build/key_joy/install.log'
[7.597s] Invoked command in '/home/robosub/nuros_ws/src/key_joy' returned '0': PYTHONPATH=/home/robosub/nuros_ws/build/key_joy/prefix_override:/home/robosub/nuros_ws/install/key_joy/lib/python3.8/site-packages: /usr/bin/python3 setup.py egg_info --egg-base ../../build/key_joy build --build-base /home/robosub/nuros_ws/build/key_joy/build install --record /home/robosub/nuros_ws/build/key_joy/install.log --install-scripts $base/lib/key_joy --single-version-externally-managed
