[5.015s] Invoking command in '/home/robosub/nuros_ws/src/yadd': PYTHONPATH=/home/robosub/nuros_ws/build/yadd/prefix_override:/home/robosub/nuros_ws/install/yadd/lib/python3.8/site-packages: /usr/bin/python3 setup.py egg_info --egg-base ../../build/yadd build --build-base /home/robosub/nuros_ws/build/yadd/build install --record /home/robosub/nuros_ws/build/yadd/install.log --install-scripts $base/lib/yadd --single-version-externally-managed
[5.992s] running egg_info
[5.993s] writing ../../build/yadd/yadd.egg-info/PKG-INFO
[6.128s] writing dependency_links to ../../build/yadd/yadd.egg-info/dependency_links.txt
[6.129s] writing entry points to ../../build/yadd/yadd.egg-info/entry_points.txt
[6.129s] writing requirements to ../../build/yadd/yadd.egg-info/requires.txt
[6.129s] writing top-level names to ../../build/yadd/yadd.egg-info/top_level.txt
[6.454s] reading manifest file '../../build/yadd/yadd.egg-info/SOURCES.txt'
[6.459s] writing manifest file '../../build/yadd/yadd.egg-info/SOURCES.txt'
[6.460s] running build
[6.460s] running build_py
[6.468s] running install
[6.471s] running install_lib
[6.493s] running install_data
[6.508s] running install_egg_info
[6.515s] removing '/home/robosub/nuros_ws/install/yadd/lib/python3.8/site-packages/yadd-0.0.0-py3.8.egg-info' (and everything under it)
[6.516s] Copying ../../build/yadd/yadd.egg-info to /home/robosub/nuros_ws/install/yadd/lib/python3.8/site-packages/yadd-0.0.0-py3.8.egg-info
[6.664s] running install_scripts
[6.773s] Installing dvl_driver script to /home/robosub/nuros_ws/install/yadd/lib/yadd
[6.843s] writing list of installed files to '/home/robosub/nuros_ws/build/yadd/install.log'
[6.961s] Invoked command in '/home/robosub/nuros_ws/src/yadd' returned '0': PYTHONPATH=/home/robosub/nuros_ws/build/yadd/prefix_override:/home/robosub/nuros_ws/install/yadd/lib/python3.8/site-packages: /usr/bin/python3 setup.py egg_info --egg-base ../../build/yadd build --build-base /home/robosub/nuros_ws/build/yadd/build install --record /home/robosub/nuros_ws/build/yadd/install.log --install-scripts $base/lib/yadd --single-version-externally-managed
