[4.732s] Invoking command in '/home/robosub/nuros_ws/src/launch_all': PYTHONPATH=/home/robosub/nuros_ws/build/launch_all/prefix_override:/home/robosub/nuros_ws/install/launch_all/lib/python3.8/site-packages:${PYTHONPATH} /usr/bin/python3 setup.py egg_info --egg-base ../../build/launch_all build --build-base /home/robosub/nuros_ws/build/launch_all/build install --record /home/robosub/nuros_ws/build/launch_all/install.log --install-scripts $base/lib/launch_all --single-version-externally-managed
[5.682s] running egg_info
[5.682s] writing ../../build/launch_all/launch_all.egg-info/PKG-INFO
[5.683s] writing dependency_links to ../../build/launch_all/launch_all.egg-info/dependency_links.txt
[5.683s] writing entry points to ../../build/launch_all/launch_all.egg-info/entry_points.txt
[5.683s] writing requirements to ../../build/launch_all/launch_all.egg-info/requires.txt
[5.684s] writing top-level names to ../../build/launch_all/launch_all.egg-info/top_level.txt
[5.884s] reading manifest file '../../build/launch_all/launch_all.egg-info/SOURCES.txt'
[5.884s] writing manifest file '../../build/launch_all/launch_all.egg-info/SOURCES.txt'
[5.885s] running build
[5.885s] running build_py
[5.885s] running install
[5.886s] running install_lib
[5.886s] running install_data
[5.886s] running install_egg_info
[5.886s] removing '/home/robosub/nuros_ws/install/launch_all/lib/python3.8/site-packages/launch_all-0.0.0-py3.8.egg-info' (and everything under it)
[5.887s] Copying ../../build/launch_all/launch_all.egg-info to /home/robosub/nuros_ws/install/launch_all/lib/python3.8/site-packages/launch_all-0.0.0-py3.8.egg-info
[5.887s] running install_scripts
[5.969s] writing list of installed files to '/home/robosub/nuros_ws/build/launch_all/install.log'
[6.173s] Invoked command in '/home/robosub/nuros_ws/src/launch_all' returned '0': PYTHONPATH=/home/robosub/nuros_ws/build/launch_all/prefix_override:/home/robosub/nuros_ws/install/launch_all/lib/python3.8/site-packages:${PYTHONPATH} /usr/bin/python3 setup.py egg_info --egg-base ../../build/launch_all build --build-base /home/robosub/nuros_ws/build/launch_all/build install --record /home/robosub/nuros_ws/build/launch_all/install.log --install-scripts $base/lib/launch_all --single-version-externally-managed
