[11.930s] Invoking command in '/home/robosub/nuros_ws/src/launch_all': PYTHONPATH=/home/robosub/nuros_ws/build/launch_all/prefix_override:/home/robosub/nuros_ws/install/launch_all/lib/python3.8/site-packages: /usr/bin/python3 setup.py egg_info --egg-base ../../build/launch_all build --build-base /home/robosub/nuros_ws/build/launch_all/build install --record /home/robosub/nuros_ws/build/launch_all/install.log --install-scripts $base/lib/launch_all --single-version-externally-managed
[15.111s] running egg_info
[15.111s] writing ../../build/launch_all/launch_all.egg-info/PKG-INFO
[15.112s] writing dependency_links to ../../build/launch_all/launch_all.egg-info/dependency_links.txt
[15.112s] writing entry points to ../../build/launch_all/launch_all.egg-info/entry_points.txt
[15.113s] writing requirements to ../../build/launch_all/launch_all.egg-info/requires.txt
[15.113s] writing top-level names to ../../build/launch_all/launch_all.egg-info/top_level.txt
[15.403s] reading manifest file '../../build/launch_all/launch_all.egg-info/SOURCES.txt'
[15.407s] writing manifest file '../../build/launch_all/launch_all.egg-info/SOURCES.txt'
[15.409s] running build
[15.410s] running build_py
[15.483s] running install
[15.502s] running install_lib
[15.512s] running install_data
[15.513s] running install_egg_info
[15.549s] removing '/home/robosub/nuros_ws/install/launch_all/lib/python3.8/site-packages/launch_all-0.0.0-py3.8.egg-info' (and everything under it)
[15.550s] Copying ../../build/launch_all/launch_all.egg-info to /home/robosub/nuros_ws/install/launch_all/lib/python3.8/site-packages/launch_all-0.0.0-py3.8.egg-info
[15.561s] running install_scripts
[15.721s] writing list of installed files to '/home/robosub/nuros_ws/build/launch_all/install.log'
[16.404s] Invoked command in '/home/robosub/nuros_ws/src/launch_all' returned '0': PYTHONPATH=/home/robosub/nuros_ws/build/launch_all/prefix_override:/home/robosub/nuros_ws/install/launch_all/lib/python3.8/site-packages: /usr/bin/python3 setup.py egg_info --egg-base ../../build/launch_all build --build-base /home/robosub/nuros_ws/build/launch_all/build install --record /home/robosub/nuros_ws/build/launch_all/install.log --install-scripts $base/lib/launch_all --single-version-externally-managed
