[4.519s] Invoking command in '/home/robosub/nuros_ws/src/launch_all': PYTHONPATH=/home/robosub/nuros_ws/build/launch_all/prefix_override:/home/robosub/nuros_ws/install/launch_all/lib/python3.8/site-packages: /usr/bin/python3 setup.py egg_info --egg-base ../../build/launch_all build --build-base /home/robosub/nuros_ws/build/launch_all/build install --record /home/robosub/nuros_ws/build/launch_all/install.log --install-scripts $base/lib/launch_all --single-version-externally-managed
[5.510s] running egg_info
[5.512s] writing ../../build/launch_all/launch_all.egg-info/PKG-INFO
[5.513s] writing dependency_links to ../../build/launch_all/launch_all.egg-info/dependency_links.txt
[5.515s] writing entry points to ../../build/launch_all/launch_all.egg-info/entry_points.txt
[5.545s] writing requirements to ../../build/launch_all/launch_all.egg-info/requires.txt
[5.569s] writing top-level names to ../../build/launch_all/launch_all.egg-info/top_level.txt
[5.718s] reading manifest file '../../build/launch_all/launch_all.egg-info/SOURCES.txt'
[5.722s] writing manifest file '../../build/launch_all/launch_all.egg-info/SOURCES.txt'
[5.722s] running build
[5.722s] running build_py
[5.723s] running install
[5.724s] running install_lib
[5.727s] running install_data
[5.729s] running install_egg_info
[5.741s] removing '/home/robosub/nuros_ws/install/launch_all/lib/python3.8/site-packages/launch_all-0.0.0-py3.8.egg-info' (and everything under it)
[5.741s] Copying ../../build/launch_all/launch_all.egg-info to /home/robosub/nuros_ws/install/launch_all/lib/python3.8/site-packages/launch_all-0.0.0-py3.8.egg-info
[5.742s] running install_scripts
[5.809s] writing list of installed files to '/home/robosub/nuros_ws/build/launch_all/install.log'
[7.545s] Invoked command in '/home/robosub/nuros_ws/src/launch_all' returned '0': PYTHONPATH=/home/robosub/nuros_ws/build/launch_all/prefix_override:/home/robosub/nuros_ws/install/launch_all/lib/python3.8/site-packages: /usr/bin/python3 setup.py egg_info --egg-base ../../build/launch_all build --build-base /home/robosub/nuros_ws/build/launch_all/build install --record /home/robosub/nuros_ws/build/launch_all/install.log --install-scripts $base/lib/launch_all --single-version-externally-managed
