[5.486s] Invoking command in '/home/robosub/nuros_ws/src/main_head': PYTHONPATH=/home/robosub/nuros_ws/build/main_head/prefix_override:/home/robosub/nuros_ws/install/main_head/lib/python3.8/site-packages: /usr/bin/python3 setup.py egg_info --egg-base ../../build/main_head build --build-base /home/robosub/nuros_ws/build/main_head/build install --record /home/robosub/nuros_ws/build/main_head/install.log --install-scripts $base/lib/main_head --single-version-externally-managed
[6.244s] running egg_info
[6.248s] writing ../../build/main_head/main_head.egg-info/PKG-INFO
[6.376s] writing dependency_links to ../../build/main_head/main_head.egg-info/dependency_links.txt
[6.376s] writing entry points to ../../build/main_head/main_head.egg-info/entry_points.txt
[6.379s] writing requirements to ../../build/main_head/main_head.egg-info/requires.txt
[6.379s] writing top-level names to ../../build/main_head/main_head.egg-info/top_level.txt
[6.649s] reading manifest file '../../build/main_head/main_head.egg-info/SOURCES.txt'
[6.655s] writing manifest file '../../build/main_head/main_head.egg-info/SOURCES.txt'
[6.656s] running build
[6.657s] running build_py
[6.659s] running install
[6.662s] running install_lib
[6.671s] running install_data
[6.674s] running install_egg_info
[6.681s] removing '/home/robosub/nuros_ws/install/main_head/lib/python3.8/site-packages/main_head-0.0.0-py3.8.egg-info' (and everything under it)
[6.683s] Copying ../../build/main_head/main_head.egg-info to /home/robosub/nuros_ws/install/main_head/lib/python3.8/site-packages/main_head-0.0.0-py3.8.egg-info
[6.690s] running install_scripts
[6.754s] Installing master_node script to /home/robosub/nuros_ws/install/main_head/lib/main_head
[6.893s] writing list of installed files to '/home/robosub/nuros_ws/build/main_head/install.log'
[7.015s] Invoked command in '/home/robosub/nuros_ws/src/main_head' returned '0': PYTHONPATH=/home/robosub/nuros_ws/build/main_head/prefix_override:/home/robosub/nuros_ws/install/main_head/lib/python3.8/site-packages: /usr/bin/python3 setup.py egg_info --egg-base ../../build/main_head build --build-base /home/robosub/nuros_ws/build/main_head/build install --record /home/robosub/nuros_ws/build/main_head/install.log --install-scripts $base/lib/main_head --single-version-externally-managed
