[3.250s] Invoking command in '/home/robosub/nuros_ws/src/yadd': PYTHONPATH=/home/robosub/nuros_ws/build/yadd/prefix_override:/home/robosub/nuros_ws/install/yadd/lib/python3.8/site-packages: /usr/bin/python3 setup.py egg_info --egg-base ../../build/yadd build --build-base /home/robosub/nuros_ws/build/yadd/build install --record /home/robosub/nuros_ws/build/yadd/install.log --install-scripts $base/lib/yadd --single-version-externally-managed
[4.027s] running egg_info
[4.029s] writing ../../build/yadd/yadd.egg-info/PKG-INFO
[4.030s] writing dependency_links to ../../build/yadd/yadd.egg-info/dependency_links.txt
[4.031s] writing entry points to ../../build/yadd/yadd.egg-info/entry_points.txt
[4.031s] writing requirements to ../../build/yadd/yadd.egg-info/requires.txt
[4.032s] writing top-level names to ../../build/yadd/yadd.egg-info/top_level.txt
[4.169s] reading manifest file '../../build/yadd/yadd.egg-info/SOURCES.txt'
[4.172s] writing manifest file '../../build/yadd/yadd.egg-info/SOURCES.txt'
[4.173s] running build
[4.174s] running build_py
[4.184s] running install
[4.188s] running install_lib
[4.196s] running install_data
[4.199s] running install_egg_info
[4.206s] removing '/home/robosub/nuros_ws/install/yadd/lib/python3.8/site-packages/yadd-0.0.0-py3.8.egg-info' (and everything under it)
[4.208s] Copying ../../build/yadd/yadd.egg-info to /home/robosub/nuros_ws/install/yadd/lib/python3.8/site-packages/yadd-0.0.0-py3.8.egg-info
[4.216s] running install_scripts
[4.293s] Installing dvl_driver script to /home/robosub/nuros_ws/install/yadd/lib/yadd
[4.295s] writing list of installed files to '/home/robosub/nuros_ws/build/yadd/install.log'
[4.390s] Invoked command in '/home/robosub/nuros_ws/src/yadd' returned '0': PYTHONPATH=/home/robosub/nuros_ws/build/yadd/prefix_override:/home/robosub/nuros_ws/install/yadd/lib/python3.8/site-packages: /usr/bin/python3 setup.py egg_info --egg-base ../../build/yadd build --build-base /home/robosub/nuros_ws/build/yadd/build install --record /home/robosub/nuros_ws/build/yadd/install.log --install-scripts $base/lib/yadd --single-version-externally-managed
