[6.787s] Invoking command in '/home/robosub/nuros_ws/src/yadd': PYTHONPATH=/home/robosub/nuros_ws/build/yadd/prefix_override:/home/robosub/nuros_ws/install/yadd/lib/python3.8/site-packages: /usr/bin/python3 setup.py egg_info --egg-base ../../build/yadd build --build-base /home/robosub/nuros_ws/build/yadd/build install --record /home/robosub/nuros_ws/build/yadd/install.log --install-scripts $base/lib/yadd --single-version-externally-managed
[7.958s] running egg_info
[7.960s] writing ../../build/yadd/yadd.egg-info/PKG-INFO
[7.961s] writing dependency_links to ../../build/yadd/yadd.egg-info/dependency_links.txt
[7.962s] writing entry points to ../../build/yadd/yadd.egg-info/entry_points.txt
[8.016s] writing requirements to ../../build/yadd/yadd.egg-info/requires.txt
[8.066s] writing top-level names to ../../build/yadd/yadd.egg-info/top_level.txt
[8.220s] reading manifest file '../../build/yadd/yadd.egg-info/SOURCES.txt'
[8.220s] writing manifest file '../../build/yadd/yadd.egg-info/SOURCES.txt'
[8.220s] running build
[8.221s] running build_py
[8.222s] running install
[8.225s] running install_lib
[8.232s] running install_data
[8.235s] running install_egg_info
[8.241s] removing '/home/robosub/nuros_ws/install/yadd/lib/python3.8/site-packages/yadd-0.0.0-py3.8.egg-info' (and everything under it)
[8.242s] Copying ../../build/yadd/yadd.egg-info to /home/robosub/nuros_ws/install/yadd/lib/python3.8/site-packages/yadd-0.0.0-py3.8.egg-info
[8.247s] running install_scripts
[8.320s] Installing dvl_driver script to /home/robosub/nuros_ws/install/yadd/lib/yadd
[8.323s] writing list of installed files to '/home/robosub/nuros_ws/build/yadd/install.log'
[8.430s] Invoked command in '/home/robosub/nuros_ws/src/yadd' returned '0': PYTHONPATH=/home/robosub/nuros_ws/build/yadd/prefix_override:/home/robosub/nuros_ws/install/yadd/lib/python3.8/site-packages: /usr/bin/python3 setup.py egg_info --egg-base ../../build/yadd build --build-base /home/robosub/nuros_ws/build/yadd/build install --record /home/robosub/nuros_ws/build/yadd/install.log --install-scripts $base/lib/yadd --single-version-externally-managed
