[6.917s] Invoking command in '/home/robosub/nuros_ws/src/main_head': PYTHONPATH=/home/robosub/nuros_ws/build/main_head/prefix_override:/home/robosub/nuros_ws/install/main_head/lib/python3.8/site-packages: /usr/bin/python3 setup.py egg_info --egg-base ../../build/main_head build --build-base /home/robosub/nuros_ws/build/main_head/build install --record /home/robosub/nuros_ws/build/main_head/install.log --install-scripts $base/lib/main_head --single-version-externally-managed
[8.976s] running egg_info
[8.977s] writing ../../build/main_head/main_head.egg-info/PKG-INFO
[8.978s] writing dependency_links to ../../build/main_head/main_head.egg-info/dependency_links.txt
[8.979s] writing entry points to ../../build/main_head/main_head.egg-info/entry_points.txt
[8.996s] writing requirements to ../../build/main_head/main_head.egg-info/requires.txt
[9.052s] writing top-level names to ../../build/main_head/main_head.egg-info/top_level.txt
[9.328s] reading manifest file '../../build/main_head/main_head.egg-info/SOURCES.txt'
[9.330s] writing manifest file '../../build/main_head/main_head.egg-info/SOURCES.txt'
[9.372s] running build
[9.373s] running build_py
[9.373s] running install
[9.401s] running install_lib
[9.432s] running install_data
[9.454s] running install_egg_info
[9.493s] removing '/home/robosub/nuros_ws/install/main_head/lib/python3.8/site-packages/main_head-0.0.0-py3.8.egg-info' (and everything under it)
[9.494s] Copying ../../build/main_head/main_head.egg-info to /home/robosub/nuros_ws/install/main_head/lib/python3.8/site-packages/main_head-0.0.0-py3.8.egg-info
[9.515s] running install_scripts
[9.745s] Installing master_node script to /home/robosub/nuros_ws/install/main_head/lib/main_head
[9.765s] writing list of installed files to '/home/robosub/nuros_ws/build/main_head/install.log'
[10.053s] Invoked command in '/home/robosub/nuros_ws/src/main_head' returned '0': PYTHONPATH=/home/robosub/nuros_ws/build/main_head/prefix_override:/home/robosub/nuros_ws/install/main_head/lib/python3.8/site-packages: /usr/bin/python3 setup.py egg_info --egg-base ../../build/main_head build --build-base /home/robosub/nuros_ws/build/main_head/build install --record /home/robosub/nuros_ws/build/main_head/install.log --install-scripts $base/lib/main_head --single-version-externally-managed
