[1.825s] Invoking command in '/home/robosub/nuros_ws/build/interfaces': /usr/bin/cmake --build /home/robosub/nuros_ws/build/interfaces -- -j4 -l4
[4.073s] [  1%] Built target interfaces__cpp
[4.073s] [ 12%] Built target interfaces__rosidl_generator_c
[4.074s] [ 30%] Built target interfaces__rosidl_typesupport_introspection_cpp
[4.075s] [ 34%] Built target interfaces__rosidl_typesupport_c
[4.076s] [ 45%] Built target interfaces__rosidl_typesupport_cpp
[4.079s] [ 56%] Built target interfaces__rosidl_typesupport_fastrtps_cpp
[4.082s] [ 67%] Built target interfaces__rosidl_typesupport_introspection_c
[4.084s] [ 78%] Built target interfaces__rosidl_typesupport_fastrtps_c
[4.268s] [ 78%] Built target interfaces
[4.698s] [ 80%] Built target interfaces__py
[5.271s] [ 89%] Built target interfaces__python
[5.554s] [ 96%] Built target interfaces__rosidl_typesupport_c__pyext
[5.558s] [ 96%] Built target interfaces__rosidl_typesupport_introspection_c__pyext
[5.571s] [100%] Built target interfaces__rosidl_typesupport_fastrtps_c__pyext
[5.616s] Invoked command in '/home/robosub/nuros_ws/build/interfaces' returned '0': /usr/bin/cmake --build /home/robosub/nuros_ws/build/interfaces -- -j4 -l4
[6.000s] Invoking command in '/home/robosub/nuros_ws/build/interfaces': /usr/bin/cmake --install /home/robosub/nuros_ws/build/interfaces
[6.185s] -- Install configuration: ""
[6.190s] -- Up-to-date: /home/robosub/nuros_ws/install/interfaces/share/ament_index/resource_index/rosidl_interfaces/interfaces
[6.191s] -- Up-to-date: /home/robosub/nuros_ws/install/interfaces/include/interfaces
[6.193s] -- Up-to-date: /home/robosub/nuros_ws/install/interfaces/include/interfaces/msg
[6.195s] -- Up-to-date: /home/robosub/nuros_ws/install/interfaces/include/interfaces/msg/detail
[6.197s] -- Up-to-date: /home/robosub/nuros_ws/install/interfaces/include/interfaces/msg/detail/attitude__type_support.h
[6.199s] -- Up-to-date: /home/robosub/nuros_ws/install/interfaces/include/interfaces/msg/detail/attitude__functions.c
[6.199s] -- Up-to-date: /home/robosub/nuros_ws/install/interfaces/include/interfaces/msg/detail/attitude__functions.h
[6.199s] -- Up-to-date: /home/robosub/nuros_ws/install/interfaces/include/interfaces/msg/detail/attitude__struct.h
[6.200s] -- Up-to-date: /home/robosub/nuros_ws/install/interfaces/include/interfaces/msg/attitude.h
[6.200s] -- Up-to-date: /home/robosub/nuros_ws/install/interfaces/include/interfaces/msg/rosidl_generator_c__visibility_control.h
[6.201s] -- Up-to-date: /home/robosub/nuros_ws/install/interfaces/include/interfaces/srv
[6.202s] -- Up-to-date: /home/robosub/nuros_ws/install/interfaces/include/interfaces/srv/disarm_pixhawk.h
[6.203s] -- Up-to-date: /home/robosub/nuros_ws/install/interfaces/include/interfaces/srv/detail
[6.203s] -- Up-to-date: /home/robosub/nuros_ws/install/interfaces/include/interfaces/srv/detail/arm_pixhawk__struct.h
[6.203s] -- Up-to-date: /home/robosub/nuros_ws/install/interfaces/include/interfaces/srv/detail/arm_pixhawk__functions.h
[6.204s] -- Up-to-date: /home/robosub/nuros_ws/install/interfaces/include/interfaces/srv/detail/disarm_pixhawk__functions.h
[6.205s] -- Up-to-date: /home/robosub/nuros_ws/install/interfaces/include/interfaces/srv/detail/disarm_pixhawk__functions.c
[6.205s] -- Up-to-date: /home/robosub/nuros_ws/install/interfaces/include/interfaces/srv/detail/start_routine__functions.h
[6.206s] -- Up-to-date: /home/robosub/nuros_ws/install/interfaces/include/interfaces/srv/detail/disarm_pixhawk__type_support.h
[6.206s] -- Up-to-date: /home/robosub/nuros_ws/install/interfaces/include/interfaces/srv/detail/start_routine__struct.h
[6.207s] -- Up-to-date: /home/robosub/nuros_ws/install/interfaces/include/interfaces/srv/detail/disarm_pixhawk__struct.h
[6.207s] -- Up-to-date: /home/robosub/nuros_ws/install/interfaces/include/interfaces/srv/detail/start_routine__type_support.h
[6.207s] -- Up-to-date: /home/robosub/nuros_ws/install/interfaces/include/interfaces/srv/detail/arm_pixhawk__functions.c
[6.208s] -- Up-to-date: /home/robosub/nuros_ws/install/interfaces/include/interfaces/srv/detail/arm_pixhawk__type_support.h
[6.208s] -- Up-to-date: /home/robosub/nuros_ws/install/interfaces/include/interfaces/srv/detail/start_routine__functions.c
[6.208s] -- Up-to-date: /home/robosub/nuros_ws/install/interfaces/include/interfaces/srv/arm_pixhawk.h
[6.209s] -- Up-to-date: /home/robosub/nuros_ws/install/interfaces/include/interfaces/srv/start_routine.h
[6.212s] -- Up-to-date: /home/robosub/nuros_ws/install/interfaces/share/interfaces/environment/library_path.sh
[6.212s] -- Up-to-date: /home/robosub/nuros_ws/install/interfaces/share/interfaces/environment/library_path.dsv
[6.217s] -- Up-to-date: /home/robosub/nuros_ws/install/interfaces/lib/libinterfaces__rosidl_generator_c.so
[6.221s] -- Up-to-date: /home/robosub/nuros_ws/install/interfaces/include/interfaces
[6.222s] -- Up-to-date: /home/robosub/nuros_ws/install/interfaces/include/interfaces/msg
[6.223s] -- Up-to-date: /home/robosub/nuros_ws/install/interfaces/include/interfaces/msg/detail
[6.223s] -- Up-to-date: /home/robosub/nuros_ws/install/interfaces/include/interfaces/msg/detail/attitude__rosidl_typesupport_fastrtps_c.h
[6.224s] -- Up-to-date: /home/robosub/nuros_ws/install/interfaces/include/interfaces/msg/rosidl_typesupport_fastrtps_c__visibility_control.h
[6.224s] -- Up-to-date: /home/robosub/nuros_ws/install/interfaces/include/interfaces/srv
[6.224s] -- Up-to-date: /home/robosub/nuros_ws/install/interfaces/include/interfaces/srv/detail
[6.225s] -- Up-to-date: /home/robosub/nuros_ws/install/interfaces/include/interfaces/srv/detail/disarm_pixhawk__rosidl_typesupport_fastrtps_c.h
[6.225s] -- Up-to-date: /home/robosub/nuros_ws/install/interfaces/include/interfaces/srv/detail/arm_pixhawk__rosidl_typesupport_fastrtps_c.h
[6.225s] -- Up-to-date: /home/robosub/nuros_ws/install/interfaces/include/interfaces/srv/detail/start_routine__rosidl_typesupport_fastrtps_c.h
[6.227s] -- Up-to-date: /home/robosub/nuros_ws/install/interfaces/lib/libinterfaces__rosidl_typesupport_fastrtps_c.so
[6.229s] -- Up-to-date: /home/robosub/nuros_ws/install/interfaces/include/interfaces
[6.229s] -- Up-to-date: /home/robosub/nuros_ws/install/interfaces/include/interfaces/msg
[6.233s] -- Up-to-date: /home/robosub/nuros_ws/install/interfaces/include/interfaces/msg/detail
[6.233s] -- Up-to-date: /home/robosub/nuros_ws/install/interfaces/include/interfaces/msg/detail/attitude__rosidl_typesupport_fastrtps_cpp.hpp
[6.233s] -- Up-to-date: /home/robosub/nuros_ws/install/interfaces/include/interfaces/msg/detail/dds_fastrtps
[6.234s] -- Up-to-date: /home/robosub/nuros_ws/install/interfaces/include/interfaces/msg/rosidl_typesupport_fastrtps_cpp__visibility_control.h
[6.234s] -- Up-to-date: /home/robosub/nuros_ws/install/interfaces/include/interfaces/srv
[6.234s] -- Up-to-date: /home/robosub/nuros_ws/install/interfaces/include/interfaces/srv/detail
[6.235s] -- Up-to-date: /home/robosub/nuros_ws/install/interfaces/include/interfaces/srv/detail/disarm_pixhawk__rosidl_typesupport_fastrtps_cpp.hpp
[6.235s] -- Up-to-date: /home/robosub/nuros_ws/install/interfaces/include/interfaces/srv/detail/dds_fastrtps
[6.235s] -- Up-to-date: /home/robosub/nuros_ws/install/interfaces/include/interfaces/srv/detail/start_routine__rosidl_typesupport_fastrtps_cpp.hpp
[6.236s] -- Up-to-date: /home/robosub/nuros_ws/install/interfaces/include/interfaces/srv/detail/arm_pixhawk__rosidl_typesupport_fastrtps_cpp.hpp
[6.242s] -- Up-to-date: /home/robosub/nuros_ws/install/interfaces/lib/libinterfaces__rosidl_typesupport_fastrtps_cpp.so
[6.243s] -- Up-to-date: /home/robosub/nuros_ws/install/interfaces/include/interfaces
[6.243s] -- Up-to-date: /home/robosub/nuros_ws/install/interfaces/include/interfaces/msg
[6.243s] -- Up-to-date: /home/robosub/nuros_ws/install/interfaces/include/interfaces/msg/rosidl_typesupport_introspection_c__visibility_control.h
[6.245s] -- Up-to-date: /home/robosub/nuros_ws/install/interfaces/include/interfaces/msg/detail
[6.246s] -- Up-to-date: /home/robosub/nuros_ws/install/interfaces/include/interfaces/msg/detail/attitude__rosidl_typesupport_introspection_c.h
[6.248s] -- Up-to-date: /home/robosub/nuros_ws/install/interfaces/include/interfaces/msg/detail/attitude__type_support.c
[6.248s] -- Up-to-date: /home/robosub/nuros_ws/install/interfaces/include/interfaces/srv
[6.249s] -- Up-to-date: /home/robosub/nuros_ws/install/interfaces/include/interfaces/srv/detail
[6.249s] -- Up-to-date: /home/robosub/nuros_ws/install/interfaces/include/interfaces/srv/detail/start_routine__type_support.c
[6.252s] -- Up-to-date: /home/robosub/nuros_ws/install/interfaces/include/interfaces/srv/detail/arm_pixhawk__rosidl_typesupport_introspection_c.h
[6.253s] -- Up-to-date: /home/robosub/nuros_ws/install/interfaces/include/interfaces/srv/detail/arm_pixhawk__type_support.c
[6.253s] -- Up-to-date: /home/robosub/nuros_ws/install/interfaces/include/interfaces/srv/detail/disarm_pixhawk__rosidl_typesupport_introspection_c.h
[6.254s] -- Up-to-date: /home/robosub/nuros_ws/install/interfaces/include/interfaces/srv/detail/disarm_pixhawk__type_support.c
[6.254s] -- Up-to-date: /home/robosub/nuros_ws/install/interfaces/include/interfaces/srv/detail/start_routine__rosidl_typesupport_introspection_c.h
[6.254s] -- Up-to-date: /home/robosub/nuros_ws/install/interfaces/lib/libinterfaces__rosidl_typesupport_introspection_c.so
[6.257s] -- Up-to-date: /home/robosub/nuros_ws/install/interfaces/lib/libinterfaces__rosidl_typesupport_c.so
[6.259s] -- Up-to-date: /home/robosub/nuros_ws/install/interfaces/include/interfaces
[6.260s] -- Up-to-date: /home/robosub/nuros_ws/install/interfaces/include/interfaces/msg
[6.260s] -- Up-to-date: /home/robosub/nuros_ws/install/interfaces/include/interfaces/msg/attitude.hpp
[6.260s] -- Up-to-date: /home/robosub/nuros_ws/install/interfaces/include/interfaces/msg/detail
[6.261s] -- Up-to-date: /home/robosub/nuros_ws/install/interfaces/include/interfaces/msg/detail/attitude__struct.hpp
[6.263s] -- Up-to-date: /home/robosub/nuros_ws/install/interfaces/include/interfaces/msg/detail/attitude__traits.hpp
[6.263s] -- Up-to-date: /home/robosub/nuros_ws/install/interfaces/include/interfaces/msg/detail/attitude__builder.hpp
[6.264s] -- Up-to-date: /home/robosub/nuros_ws/install/interfaces/include/interfaces/srv
[6.266s] -- Up-to-date: /home/robosub/nuros_ws/install/interfaces/include/interfaces/srv/arm_pixhawk.hpp
[6.266s] -- Up-to-date: /home/robosub/nuros_ws/install/interfaces/include/interfaces/srv/detail
[6.267s] -- Up-to-date: /home/robosub/nuros_ws/install/interfaces/include/interfaces/srv/detail/disarm_pixhawk__struct.hpp
[6.267s] -- Up-to-date: /home/robosub/nuros_ws/install/interfaces/include/interfaces/srv/detail/arm_pixhawk__builder.hpp
[6.267s] -- Up-to-date: /home/robosub/nuros_ws/install/interfaces/include/interfaces/srv/detail/start_routine__traits.hpp
[6.268s] -- Up-to-date: /home/robosub/nuros_ws/install/interfaces/include/interfaces/srv/detail/arm_pixhawk__traits.hpp
[6.268s] -- Up-to-date: /home/robosub/nuros_ws/install/interfaces/include/interfaces/srv/detail/arm_pixhawk__struct.hpp
[6.268s] -- Up-to-date: /home/robosub/nuros_ws/install/interfaces/include/interfaces/srv/detail/start_routine__struct.hpp
[6.269s] -- Up-to-date: /home/robosub/nuros_ws/install/interfaces/include/interfaces/srv/detail/disarm_pixhawk__builder.hpp
[6.269s] -- Up-to-date: /home/robosub/nuros_ws/install/interfaces/include/interfaces/srv/detail/disarm_pixhawk__traits.hpp
[6.274s] -- Up-to-date: /home/robosub/nuros_ws/install/interfaces/include/interfaces/srv/detail/start_routine__builder.hpp
[6.275s] -- Up-to-date: /home/robosub/nuros_ws/install/interfaces/include/interfaces/srv/start_routine.hpp
[6.275s] -- Up-to-date: /home/robosub/nuros_ws/install/interfaces/include/interfaces/srv/disarm_pixhawk.hpp
[6.295s] -- Up-to-date: /home/robosub/nuros_ws/install/interfaces/include/interfaces
[6.331s] -- Up-to-date: /home/robosub/nuros_ws/install/interfaces/include/interfaces/msg
[6.332s] -- Up-to-date: /home/robosub/nuros_ws/install/interfaces/include/interfaces/msg/detail
[6.332s] -- Up-to-date: /home/robosub/nuros_ws/install/interfaces/include/interfaces/msg/detail/attitude__rosidl_typesupport_introspection_cpp.hpp
[6.333s] -- Up-to-date: /home/robosub/nuros_ws/install/interfaces/include/interfaces/msg/detail/attitude__type_support.cpp
[6.333s] -- Up-to-date: /home/robosub/nuros_ws/install/interfaces/include/interfaces/srv
[6.333s] -- Up-to-date: /home/robosub/nuros_ws/install/interfaces/include/interfaces/srv/detail
[6.334s] -- Up-to-date: /home/robosub/nuros_ws/install/interfaces/include/interfaces/srv/detail/disarm_pixhawk__type_support.cpp
[6.334s] -- Up-to-date: /home/robosub/nuros_ws/install/interfaces/include/interfaces/srv/detail/start_routine__rosidl_typesupport_introspection_cpp.hpp
[6.334s] -- Up-to-date: /home/robosub/nuros_ws/install/interfaces/include/interfaces/srv/detail/start_routine__type_support.cpp
[6.335s] -- Up-to-date: /home/robosub/nuros_ws/install/interfaces/include/interfaces/srv/detail/arm_pixhawk__type_support.cpp
[6.335s] -- Up-to-date: /home/robosub/nuros_ws/install/interfaces/include/interfaces/srv/detail/disarm_pixhawk__rosidl_typesupport_introspection_cpp.hpp
[6.335s] -- Up-to-date: /home/robosub/nuros_ws/install/interfaces/include/interfaces/srv/detail/arm_pixhawk__rosidl_typesupport_introspection_cpp.hpp
[6.418s] -- Up-to-date: /home/robosub/nuros_ws/install/interfaces/lib/libinterfaces__rosidl_typesupport_introspection_cpp.so
[6.418s] -- Up-to-date: /home/robosub/nuros_ws/install/interfaces/lib/libinterfaces__rosidl_typesupport_cpp.so
[6.421s] -- Up-to-date: /home/robosub/nuros_ws/install/interfaces/share/interfaces/environment/pythonpath.sh
[6.421s] -- Up-to-date: /home/robosub/nuros_ws/install/interfaces/share/interfaces/environment/pythonpath.dsv
[6.424s] -- Up-to-date: /home/robosub/nuros_ws/install/interfaces/lib/python3.8/site-packages/interfaces/__init__.py
[6.684s] -- Up-to-date: /home/robosub/nuros_ws/install/interfaces/lib/python3.8/site-packages/interfaces/srv
[6.686s] -- Up-to-date: /home/robosub/nuros_ws/install/interfaces/lib/python3.8/site-packages/interfaces/srv/_arm_pixhawk.py
[6.687s] -- Up-to-date: /home/robosub/nuros_ws/install/interfaces/lib/python3.8/site-packages/interfaces/srv/_arm_pixhawk_s.c
[6.688s] -- Up-to-date: /home/robosub/nuros_ws/install/interfaces/lib/python3.8/site-packages/interfaces/srv/_start_routine_s.c
[6.688s] -- Up-to-date: /home/robosub/nuros_ws/install/interfaces/lib/python3.8/site-packages/interfaces/srv/_start_routine.py
[6.689s] -- Up-to-date: /home/robosub/nuros_ws/install/interfaces/lib/python3.8/site-packages/interfaces/srv/_disarm_pixhawk.py
[6.689s] -- Up-to-date: /home/robosub/nuros_ws/install/interfaces/lib/python3.8/site-packages/interfaces/srv/_disarm_pixhawk_s.c
[6.689s] -- Up-to-date: /home/robosub/nuros_ws/install/interfaces/lib/python3.8/site-packages/interfaces/srv/__init__.py
[6.693s] -- Up-to-date: /home/robosub/nuros_ws/install/interfaces/lib/python3.8/site-packages/interfaces/msg
[6.693s] -- Up-to-date: /home/robosub/nuros_ws/install/interfaces/lib/python3.8/site-packages/interfaces/msg/_attitude_s.c
[6.693s] -- Up-to-date: /home/robosub/nuros_ws/install/interfaces/lib/python3.8/site-packages/interfaces/msg/_attitude.py
[6.695s] -- Up-to-date: /home/robosub/nuros_ws/install/interfaces/lib/python3.8/site-packages/interfaces/msg/__init__.py
[6.696s] -- Up-to-date: /home/robosub/nuros_ws/install/interfaces/lib/python3.8/site-packages/interfaces/interfaces_s__rosidl_typesupport_fastrtps_c.cpython-38-aarch64-linux-gnu.so
[6.701s] -- Up-to-date: /home/robosub/nuros_ws/install/interfaces/lib/python3.8/site-packages/interfaces/interfaces_s__rosidl_typesupport_introspection_c.cpython-38-aarch64-linux-gnu.so
[6.707s] -- Up-to-date: /home/robosub/nuros_ws/install/interfaces/lib/python3.8/site-packages/interfaces/interfaces_s__rosidl_typesupport_c.cpython-38-aarch64-linux-gnu.so
[6.714s] -- Up-to-date: /home/robosub/nuros_ws/install/interfaces/lib/libinterfaces__python.so
[6.718s] -- Up-to-date: /home/robosub/nuros_ws/install/interfaces/share/interfaces/srv/ArmPixhawk.idl
[6.719s] -- Up-to-date: /home/robosub/nuros_ws/install/interfaces/share/interfaces/srv/DisarmPixhawk.idl
[6.720s] -- Up-to-date: /home/robosub/nuros_ws/install/interfaces/share/interfaces/srv/StartRoutine.idl
[6.722s] -- Up-to-date: /home/robosub/nuros_ws/install/interfaces/share/interfaces/msg/Attitude.idl
[6.724s] -- Up-to-date: /home/robosub/nuros_ws/install/interfaces/share/interfaces/srv/ArmPixhawk.srv
[6.725s] -- Up-to-date: /home/robosub/nuros_ws/install/interfaces/share/interfaces/srv/ArmPixhawk_Request.msg
[6.726s] -- Up-to-date: /home/robosub/nuros_ws/install/interfaces/share/interfaces/srv/ArmPixhawk_Response.msg
[6.727s] -- Up-to-date: /home/robosub/nuros_ws/install/interfaces/share/interfaces/srv/DisarmPixhawk.srv
[6.727s] -- Up-to-date: /home/robosub/nuros_ws/install/interfaces/share/interfaces/srv/DisarmPixhawk_Request.msg
[6.728s] -- Up-to-date: /home/robosub/nuros_ws/install/interfaces/share/interfaces/srv/DisarmPixhawk_Response.msg
[6.728s] -- Up-to-date: /home/robosub/nuros_ws/install/interfaces/share/interfaces/srv/StartRoutine.srv
[6.729s] -- Up-to-date: /home/robosub/nuros_ws/install/interfaces/share/interfaces/srv/StartRoutine_Request.msg
[6.730s] -- Up-to-date: /home/robosub/nuros_ws/install/interfaces/share/interfaces/srv/StartRoutine_Response.msg
[6.730s] -- Up-to-date: /home/robosub/nuros_ws/install/interfaces/share/interfaces/msg/Attitude.msg
[6.732s] -- Up-to-date: /home/robosub/nuros_ws/install/interfaces/share/ament_index/resource_index/package_run_dependencies/interfaces
[6.733s] -- Up-to-date: /home/robosub/nuros_ws/install/interfaces/share/ament_index/resource_index/parent_prefix_path/interfaces
[6.734s] -- Up-to-date: /home/robosub/nuros_ws/install/interfaces/share/interfaces/environment/ament_prefix_path.sh
[6.735s] -- Up-to-date: /home/robosub/nuros_ws/install/interfaces/share/interfaces/environment/ament_prefix_path.dsv
[6.736s] -- Up-to-date: /home/robosub/nuros_ws/install/interfaces/share/interfaces/environment/path.sh
[6.737s] -- Up-to-date: /home/robosub/nuros_ws/install/interfaces/share/interfaces/environment/path.dsv
[6.738s] -- Up-to-date: /home/robosub/nuros_ws/install/interfaces/share/interfaces/local_setup.bash
[6.738s] -- Up-to-date: /home/robosub/nuros_ws/install/interfaces/share/interfaces/local_setup.sh
[6.739s] -- Up-to-date: /home/robosub/nuros_ws/install/interfaces/share/interfaces/local_setup.zsh
[6.739s] -- Up-to-date: /home/robosub/nuros_ws/install/interfaces/share/interfaces/local_setup.dsv
[6.741s] -- Installing: /home/robosub/nuros_ws/install/interfaces/share/interfaces/package.dsv
[6.744s] -- Up-to-date: /home/robosub/nuros_ws/install/interfaces/share/ament_index/resource_index/packages/interfaces
[6.751s] -- Up-to-date: /home/robosub/nuros_ws/install/interfaces/share/interfaces/cmake/interfaces__rosidl_generator_cExport.cmake
[6.751s] -- Up-to-date: /home/robosub/nuros_ws/install/interfaces/share/interfaces/cmake/interfaces__rosidl_generator_cExport-noconfig.cmake
[6.754s] -- Up-to-date: /home/robosub/nuros_ws/install/interfaces/share/interfaces/cmake/interfaces__rosidl_typesupport_introspection_cExport.cmake
[6.755s] -- Up-to-date: /home/robosub/nuros_ws/install/interfaces/share/interfaces/cmake/interfaces__rosidl_typesupport_introspection_cExport-noconfig.cmake
[6.758s] -- Up-to-date: /home/robosub/nuros_ws/install/interfaces/share/interfaces/cmake/interfaces__rosidl_typesupport_cExport.cmake
[6.759s] -- Up-to-date: /home/robosub/nuros_ws/install/interfaces/share/interfaces/cmake/interfaces__rosidl_typesupport_cExport-noconfig.cmake
[6.761s] -- Up-to-date: /home/robosub/nuros_ws/install/interfaces/share/interfaces/cmake/interfaces__rosidl_generator_cppExport.cmake
[6.765s] -- Up-to-date: /home/robosub/nuros_ws/install/interfaces/share/interfaces/cmake/interfaces__rosidl_typesupport_introspection_cppExport.cmake
[6.765s] -- Up-to-date: /home/robosub/nuros_ws/install/interfaces/share/interfaces/cmake/interfaces__rosidl_typesupport_introspection_cppExport-noconfig.cmake
[6.769s] -- Up-to-date: /home/robosub/nuros_ws/install/interfaces/share/interfaces/cmake/interfaces__rosidl_typesupport_cppExport.cmake
[6.769s] -- Up-to-date: /home/robosub/nuros_ws/install/interfaces/share/interfaces/cmake/interfaces__rosidl_typesupport_cppExport-noconfig.cmake
[6.770s] -- Up-to-date: /home/robosub/nuros_ws/install/interfaces/share/interfaces/cmake/rosidl_cmake-extras.cmake
[6.771s] -- Up-to-date: /home/robosub/nuros_ws/install/interfaces/share/interfaces/cmake/ament_cmake_export_dependencies-extras.cmake
[6.771s] -- Up-to-date: /home/robosub/nuros_ws/install/interfaces/share/interfaces/cmake/ament_cmake_export_libraries-extras.cmake
[6.772s] -- Up-to-date: /home/robosub/nuros_ws/install/interfaces/share/interfaces/cmake/ament_cmake_export_targets-extras.cmake
[6.772s] -- Up-to-date: /home/robosub/nuros_ws/install/interfaces/share/interfaces/cmake/ament_cmake_export_include_directories-extras.cmake
[6.773s] -- Up-to-date: /home/robosub/nuros_ws/install/interfaces/share/interfaces/cmake/rosidl_cmake_export_typesupport_libraries-extras.cmake
[6.773s] -- Up-to-date: /home/robosub/nuros_ws/install/interfaces/share/interfaces/cmake/rosidl_cmake_export_typesupport_targets-extras.cmake
[6.774s] -- Up-to-date: /home/robosub/nuros_ws/install/interfaces/share/interfaces/cmake/interfacesConfig.cmake
[6.774s] -- Up-to-date: /home/robosub/nuros_ws/install/interfaces/share/interfaces/cmake/interfacesConfig-version.cmake
[6.774s] -- Up-to-date: /home/robosub/nuros_ws/install/interfaces/share/interfaces/package.xml
[6.789s] Invoked command in '/home/robosub/nuros_ws/build/interfaces' returned '0': /usr/bin/cmake --install /home/robosub/nuros_ws/build/interfaces
