[5.198s] Invoking command in '/home/robosub/nuros_ws/src/launch_all': PYTHONPATH=/home/robosub/nuros_ws/build/launch_all/prefix_override:/home/robosub/nuros_ws/install/launch_all/lib/python3.8/site-packages: /usr/bin/python3 setup.py egg_info --egg-base ../../build/launch_all build --build-base /home/robosub/nuros_ws/build/launch_all/build install --record /home/robosub/nuros_ws/build/launch_all/install.log --install-scripts $base/lib/launch_all --single-version-externally-managed
[6.133s] running egg_info
[6.134s] writing ../../build/launch_all/launch_all.egg-info/PKG-INFO
[6.135s] writing dependency_links to ../../build/launch_all/launch_all.egg-info/dependency_links.txt
[6.136s] writing entry points to ../../build/launch_all/launch_all.egg-info/entry_points.txt
[6.147s] writing requirements to ../../build/launch_all/launch_all.egg-info/requires.txt
[6.154s] writing top-level names to ../../build/launch_all/launch_all.egg-info/top_level.txt
[6.355s] reading manifest file '../../build/launch_all/launch_all.egg-info/SOURCES.txt'
[6.360s] writing manifest file '../../build/launch_all/launch_all.egg-info/SOURCES.txt'
[6.362s] running build
[6.389s] running build_py
[6.392s] running install
[6.396s] running install_lib
[6.403s] running install_data
[6.406s] running install_egg_info
[6.412s] removing '/home/robosub/nuros_ws/install/launch_all/lib/python3.8/site-packages/launch_all-0.0.0-py3.8.egg-info' (and everything under it)
[6.415s] Copying ../../build/launch_all/launch_all.egg-info to /home/robosub/nuros_ws/install/launch_all/lib/python3.8/site-packages/launch_all-0.0.0-py3.8.egg-info
[6.421s] running install_scripts
[6.489s] writing list of installed files to '/home/robosub/nuros_ws/build/launch_all/install.log'
[7.086s] Invoked command in '/home/robosub/nuros_ws/src/launch_all' returned '0': PYTHONPATH=/home/robosub/nuros_ws/build/launch_all/prefix_override:/home/robosub/nuros_ws/install/launch_all/lib/python3.8/site-packages: /usr/bin/python3 setup.py egg_info --egg-base ../../build/launch_all build --build-base /home/robosub/nuros_ws/build/launch_all/build install --record /home/robosub/nuros_ws/build/launch_all/install.log --install-scripts $base/lib/launch_all --single-version-externally-managed
