[4.271s] Invoking command in '/home/robosub/nuros_ws/src/image_processing': PYTHONPATH=/home/robosub/nuros_ws/build/image_processing/prefix_override:/home/robosub/nuros_ws/install/image_processing/lib/python3.8/site-packages: /usr/bin/python3 setup.py egg_info --egg-base ../../build/image_processing build --build-base /home/robosub/nuros_ws/build/image_processing/build install --record /home/robosub/nuros_ws/build/image_processing/install.log --install-scripts $base/lib/image_processing --single-version-externally-managed
[5.063s] running egg_info
[5.065s] writing ../../build/image_processing/image_processing.egg-info/PKG-INFO
[5.066s] writing dependency_links to ../../build/image_processing/image_processing.egg-info/dependency_links.txt
[5.068s] writing entry points to ../../build/image_processing/image_processing.egg-info/entry_points.txt
[5.069s] writing requirements to ../../build/image_processing/image_processing.egg-info/requires.txt
[5.071s] writing top-level names to ../../build/image_processing/image_processing.egg-info/top_level.txt
[5.215s] reading manifest file '../../build/image_processing/image_processing.egg-info/SOURCES.txt'
[5.220s] writing manifest file '../../build/image_processing/image_processing.egg-info/SOURCES.txt'
[5.221s] running build
[5.222s] running build_py
[5.229s] running install
[5.236s] running install_lib
[5.243s] running install_data
[5.317s] running install_egg_info
[5.318s] removing '/home/robosub/nuros_ws/install/image_processing/lib/python3.8/site-packages/image_processing-0.0.0-py3.8.egg-info' (and everything under it)
[5.319s] Copying ../../build/image_processing/image_processing.egg-info to /home/robosub/nuros_ws/install/image_processing/lib/python3.8/site-packages/image_processing-0.0.0-py3.8.egg-info
[5.320s] running install_scripts
[5.335s] Installing cv_imshow_node script to /home/robosub/nuros_ws/install/image_processing/lib/image_processing
[5.336s] writing list of installed files to '/home/robosub/nuros_ws/build/image_processing/install.log'
[5.474s] Invoked command in '/home/robosub/nuros_ws/src/image_processing' returned '0': PYTHONPATH=/home/robosub/nuros_ws/build/image_processing/prefix_override:/home/robosub/nuros_ws/install/image_processing/lib/python3.8/site-packages: /usr/bin/python3 setup.py egg_info --egg-base ../../build/image_processing build --build-base /home/robosub/nuros_ws/build/image_processing/build install --record /home/robosub/nuros_ws/build/image_processing/install.log --install-scripts $base/lib/image_processing --single-version-externally-managed
