[2.929s] Invoking command in '/home/robosub/nuros_ws/src/main_head': PYTHONPATH=/home/robosub/nuros_ws/build/main_head/prefix_override:/home/robosub/nuros_ws/install/main_head/lib/python3.8/site-packages: /usr/bin/python3 setup.py egg_info --egg-base ../../build/main_head build --build-base /home/robosub/nuros_ws/build/main_head/build install --record /home/robosub/nuros_ws/build/main_head/install.log --install-scripts $base/lib/main_head --single-version-externally-managed
[3.701s] running egg_info
[3.704s] writing ../../build/main_head/main_head.egg-info/PKG-INFO
[3.707s] writing dependency_links to ../../build/main_head/main_head.egg-info/dependency_links.txt
[3.776s] writing entry points to ../../build/main_head/main_head.egg-info/entry_points.txt
[3.789s] writing requirements to ../../build/main_head/main_head.egg-info/requires.txt
[3.790s] writing top-level names to ../../build/main_head/main_head.egg-info/top_level.txt
[3.961s] reading manifest file '../../build/main_head/main_head.egg-info/SOURCES.txt'
[3.964s] writing manifest file '../../build/main_head/main_head.egg-info/SOURCES.txt'
[3.965s] running build
[3.965s] running build_py
[3.966s] running install
[3.979s] running install_lib
[3.991s] running install_data
[3.993s] running install_egg_info
[3.998s] removing '/home/robosub/nuros_ws/install/main_head/lib/python3.8/site-packages/main_head-0.0.0-py3.8.egg-info' (and everything under it)
[3.999s] Copying ../../build/main_head/main_head.egg-info to /home/robosub/nuros_ws/install/main_head/lib/python3.8/site-packages/main_head-0.0.0-py3.8.egg-info
[4.004s] running install_scripts
[4.066s] Installing master_node script to /home/robosub/nuros_ws/install/main_head/lib/main_head
[4.068s] writing list of installed files to '/home/robosub/nuros_ws/build/main_head/install.log'
[4.179s] Invoked command in '/home/robosub/nuros_ws/src/main_head' returned '0': PYTHONPATH=/home/robosub/nuros_ws/build/main_head/prefix_override:/home/robosub/nuros_ws/install/main_head/lib/python3.8/site-packages: /usr/bin/python3 setup.py egg_info --egg-base ../../build/main_head build --build-base /home/robosub/nuros_ws/build/main_head/build install --record /home/robosub/nuros_ws/build/main_head/install.log --install-scripts $base/lib/main_head --single-version-externally-managed
