[2.445s] Invoking command in '/home/robosub/nuros_ws/src/yadd': PYTHONPATH=/home/robosub/nuros_ws/build/yadd/prefix_override:/home/robosub/nuros_ws/install/yadd/lib/python3.8/site-packages: /usr/bin/python3 setup.py egg_info --egg-base ../../build/yadd build --build-base /home/robosub/nuros_ws/build/yadd/build install --record /home/robosub/nuros_ws/build/yadd/install.log --install-scripts $base/lib/yadd --single-version-externally-managed
[3.203s] running egg_info
[3.205s] writing ../../build/yadd/yadd.egg-info/PKG-INFO
[3.206s] writing dependency_links to ../../build/yadd/yadd.egg-info/dependency_links.txt
[3.207s] writing entry points to ../../build/yadd/yadd.egg-info/entry_points.txt
[3.208s] writing requirements to ../../build/yadd/yadd.egg-info/requires.txt
[3.210s] writing top-level names to ../../build/yadd/yadd.egg-info/top_level.txt
[3.351s] reading manifest file '../../build/yadd/yadd.egg-info/SOURCES.txt'
[3.354s] writing manifest file '../../build/yadd/yadd.egg-info/SOURCES.txt'
[3.354s] running build
[3.355s] running build_py
[3.357s] running install
[3.360s] running install_lib
[3.368s] running install_data
[3.369s] running install_egg_info
[3.375s] removing '/home/robosub/nuros_ws/install/yadd/lib/python3.8/site-packages/yadd-0.0.0-py3.8.egg-info' (and everything under it)
[3.376s] Copying ../../build/yadd/yadd.egg-info to /home/robosub/nuros_ws/install/yadd/lib/python3.8/site-packages/yadd-0.0.0-py3.8.egg-info
[3.381s] running install_scripts
[3.439s] Installing dvl_driver script to /home/robosub/nuros_ws/install/yadd/lib/yadd
[3.448s] writing list of installed files to '/home/robosub/nuros_ws/build/yadd/install.log'
[3.551s] Invoked command in '/home/robosub/nuros_ws/src/yadd' returned '0': PYTHONPATH=/home/robosub/nuros_ws/build/yadd/prefix_override:/home/robosub/nuros_ws/install/yadd/lib/python3.8/site-packages: /usr/bin/python3 setup.py egg_info --egg-base ../../build/yadd build --build-base /home/robosub/nuros_ws/build/yadd/build install --record /home/robosub/nuros_ws/build/yadd/install.log --install-scripts $base/lib/yadd --single-version-externally-managed
