[5.844s] Invoking command in '/home/robosub/nuros_ws/src/main_head': PYTHONPATH=/home/robosub/nuros_ws/build/main_head/prefix_override:/home/robosub/nuros_ws/install/main_head/lib/python3.8/site-packages: /usr/bin/python3 setup.py egg_info --egg-base ../../build/main_head build --build-base /home/robosub/nuros_ws/build/main_head/build install --record /home/robosub/nuros_ws/build/main_head/install.log --install-scripts $base/lib/main_head --single-version-externally-managed
[7.470s] running egg_info
[7.483s] writing ../../build/main_head/main_head.egg-info/PKG-INFO
[7.485s] writing dependency_links to ../../build/main_head/main_head.egg-info/dependency_links.txt
[7.488s] writing entry points to ../../build/main_head/main_head.egg-info/entry_points.txt
[7.491s] writing requirements to ../../build/main_head/main_head.egg-info/requires.txt
[7.492s] writing top-level names to ../../build/main_head/main_head.egg-info/top_level.txt
[8.026s] reading manifest file '../../build/main_head/main_head.egg-info/SOURCES.txt'
[8.030s] writing manifest file '../../build/main_head/main_head.egg-info/SOURCES.txt'
[8.031s] running build
[8.032s] running build_py
[8.043s] running install
[8.048s] running install_lib
[8.052s] running install_data
[8.054s] running install_egg_info
[8.060s] removing '/home/robosub/nuros_ws/install/main_head/lib/python3.8/site-packages/main_head-0.0.0-py3.8.egg-info' (and everything under it)
[8.061s] Copying ../../build/main_head/main_head.egg-info to /home/robosub/nuros_ws/install/main_head/lib/python3.8/site-packages/main_head-0.0.0-py3.8.egg-info
[8.067s] running install_scripts
[8.324s] Installing master_node script to /home/robosub/nuros_ws/install/main_head/lib/main_head
[8.398s] writing list of installed files to '/home/robosub/nuros_ws/build/main_head/install.log'
[8.764s] Invoked command in '/home/robosub/nuros_ws/src/main_head' returned '0': PYTHONPATH=/home/robosub/nuros_ws/build/main_head/prefix_override:/home/robosub/nuros_ws/install/main_head/lib/python3.8/site-packages: /usr/bin/python3 setup.py egg_info --egg-base ../../build/main_head build --build-base /home/robosub/nuros_ws/build/main_head/build install --record /home/robosub/nuros_ws/build/main_head/install.log --install-scripts $base/lib/main_head --single-version-externally-managed
