[6.819s] Invoking command in '/home/robosub/nuros_ws/src/launch_all': PYTHONPATH=/home/robosub/nuros_ws/build/launch_all/prefix_override:/home/robosub/nuros_ws/install/launch_all/lib/python3.8/site-packages: /usr/bin/python3 setup.py egg_info --egg-base ../../build/launch_all build --build-base /home/robosub/nuros_ws/build/launch_all/build install --record /home/robosub/nuros_ws/build/launch_all/install.log --install-scripts $base/lib/launch_all --single-version-externally-managed
[7.668s] running egg_info
[7.670s] writing ../../build/launch_all/launch_all.egg-info/PKG-INFO
[7.787s] writing dependency_links to ../../build/launch_all/launch_all.egg-info/dependency_links.txt
[7.788s] writing entry points to ../../build/launch_all/launch_all.egg-info/entry_points.txt
[7.794s] writing requirements to ../../build/launch_all/launch_all.egg-info/requires.txt
[7.794s] writing top-level names to ../../build/launch_all/launch_all.egg-info/top_level.txt
[8.038s] reading manifest file '../../build/launch_all/launch_all.egg-info/SOURCES.txt'
[8.054s] writing manifest file '../../build/launch_all/launch_all.egg-info/SOURCES.txt'
[8.054s] running build
[8.055s] running build_py
[8.067s] running install
[8.067s] running install_lib
[8.075s] running install_data
[8.086s] running install_egg_info
[8.096s] removing '/home/robosub/nuros_ws/install/launch_all/lib/python3.8/site-packages/launch_all-0.0.0-py3.8.egg-info' (and everything under it)
[8.098s] Copying ../../build/launch_all/launch_all.egg-info to /home/robosub/nuros_ws/install/launch_all/lib/python3.8/site-packages/launch_all-0.0.0-py3.8.egg-info
[8.107s] running install_scripts
[8.177s] writing list of installed files to '/home/robosub/nuros_ws/build/launch_all/install.log'
[8.265s] Invoked command in '/home/robosub/nuros_ws/src/launch_all' returned '0': PYTHONPATH=/home/robosub/nuros_ws/build/launch_all/prefix_override:/home/robosub/nuros_ws/install/launch_all/lib/python3.8/site-packages: /usr/bin/python3 setup.py egg_info --egg-base ../../build/launch_all build --build-base /home/robosub/nuros_ws/build/launch_all/build install --record /home/robosub/nuros_ws/build/launch_all/install.log --install-scripts $base/lib/launch_all --single-version-externally-managed
