[1.042s] DEBUG:colcon:Command line arguments: ['/usr/bin/colcon', 'build']
[1.042s] DEBUG:colcon:Parsed command line arguments: Namespace(allow_overriding=[], ament_cmake_args=None, base_paths=['.'], build_base='build', catkin_cmake_args=None, catkin_skip_building_tests=False, cmake_args=None, cmake_clean_cache=False, cmake_clean_first=False, cmake_force_configure=False, cmake_target=None, cmake_target_skip_unavailable=False, continue_on_error=False, event_handlers=None, executor='parallel', ignore_user_meta=False, install_base='install', log_base=None, log_level=None, main=<bound method BuildVerb.main of <colcon_core.verb.build.BuildVerb object at 0xffff9ea68d00>>, merge_install=False, metas=['./colcon.meta'], packages_above=None, packages_above_and_dependencies=None, packages_above_depth=None, packages_end=None, packages_ignore=None, packages_ignore_regex=None, packages_select=None, packages_select_build_failed=False, packages_select_by_dep=None, packages_select_regex=None, packages_select_test_failures=False, packages_skip=None, packages_skip_build_finished=False, packages_skip_by_dep=None, packages_skip_regex=None, packages_skip_test_passed=False, packages_skip_up_to=None, packages_start=None, packages_up_to=None, packages_up_to_regex=None, parallel_workers=4, paths=None, symlink_install=False, test_result_base=None, verb_extension=<colcon_core.verb.build.BuildVerb object at 0xffff9ea68d00>, verb_name='build', verb_parser=<colcon_defaults.argument_parser.defaults.DefaultArgumentsDecorator object at 0xffff9ea742b0>)
[1.133s] Level 1:colcon.colcon_core.package_discovery:discover_packages(colcon_meta) check parameters
[1.133s] Level 1:colcon.colcon_core.package_discovery:discover_packages(recursive) check parameters
[1.133s] Level 1:colcon.colcon_core.package_discovery:discover_packages(ignore) check parameters
[1.133s] Level 1:colcon.colcon_core.package_discovery:discover_packages(path) check parameters
[1.134s] Level 1:colcon.colcon_core.package_discovery:discover_packages(colcon_meta) discover
[1.134s] Level 1:colcon.colcon_core.package_discovery:discover_packages(recursive) discover
[1.134s] INFO:colcon.colcon_core.package_discovery:Crawling recursively for packages in '/home/robosub/nuros_ws'
[1.135s] Level 1:colcon.colcon_core.package_identification:_identify(.) by extensions ['ignore', 'ignore_ament_install']
[1.135s] Level 1:colcon.colcon_core.package_identification:_identify(.) by extension 'ignore'
[1.135s] Level 1:colcon.colcon_core.package_identification:_identify(.) by extension 'ignore_ament_install'
[1.135s] Level 1:colcon.colcon_core.package_identification:_identify(.) by extensions ['colcon_pkg']
[1.136s] Level 1:colcon.colcon_core.package_identification:_identify(.) by extension 'colcon_pkg'
[1.136s] Level 1:colcon.colcon_core.package_identification:_identify(.) by extensions ['colcon_meta']
[1.136s] Level 1:colcon.colcon_core.package_identification:_identify(.) by extension 'colcon_meta'
[1.136s] Level 1:colcon.colcon_core.package_identification:_identify(.) by extensions ['ros']
[1.136s] Level 1:colcon.colcon_core.package_identification:_identify(.) by extension 'ros'
[1.212s] Level 1:colcon.colcon_core.package_identification:_identify(.) by extensions ['cmake', 'python']
[1.213s] Level 1:colcon.colcon_core.package_identification:_identify(.) by extension 'cmake'
[1.213s] Level 1:colcon.colcon_core.package_identification:_identify(.) by extension 'python'
[1.213s] Level 1:colcon.colcon_core.package_identification:_identify(.) by extensions ['python_setup_py']
[1.213s] Level 1:colcon.colcon_core.package_identification:_identify(.) by extension 'python_setup_py'
[1.214s] Level 1:colcon.colcon_core.package_identification:_identify(build) by extensions ['ignore', 'ignore_ament_install']
[1.214s] Level 1:colcon.colcon_core.package_identification:_identify(build) by extension 'ignore'
[1.215s] Level 1:colcon.colcon_core.package_identification:_identify(build) ignored
[1.215s] Level 1:colcon.colcon_core.package_identification:_identify(install) by extensions ['ignore', 'ignore_ament_install']
[1.216s] Level 1:colcon.colcon_core.package_identification:_identify(install) by extension 'ignore'
[1.216s] Level 1:colcon.colcon_core.package_identification:_identify(install) ignored
[1.217s] Level 1:colcon.colcon_core.package_identification:_identify(log) by extensions ['ignore', 'ignore_ament_install']
[1.217s] Level 1:colcon.colcon_core.package_identification:_identify(log) by extension 'ignore'
[1.217s] Level 1:colcon.colcon_core.package_identification:_identify(log) ignored
[1.217s] Level 1:colcon.colcon_core.package_identification:_identify(src) by extensions ['ignore', 'ignore_ament_install']
[1.218s] Level 1:colcon.colcon_core.package_identification:_identify(src) by extension 'ignore'
[1.218s] Level 1:colcon.colcon_core.package_identification:_identify(src) by extension 'ignore_ament_install'
[1.218s] Level 1:colcon.colcon_core.package_identification:_identify(src) by extensions ['colcon_pkg']
[1.218s] Level 1:colcon.colcon_core.package_identification:_identify(src) by extension 'colcon_pkg'
[1.218s] Level 1:colcon.colcon_core.package_identification:_identify(src) by extensions ['colcon_meta']
[1.219s] Level 1:colcon.colcon_core.package_identification:_identify(src) by extension 'colcon_meta'
[1.219s] Level 1:colcon.colcon_core.package_identification:_identify(src) by extensions ['ros']
[1.219s] Level 1:colcon.colcon_core.package_identification:_identify(src) by extension 'ros'
[1.219s] Level 1:colcon.colcon_core.package_identification:_identify(src) by extensions ['cmake', 'python']
[1.219s] Level 1:colcon.colcon_core.package_identification:_identify(src) by extension 'cmake'
[1.220s] Level 1:colcon.colcon_core.package_identification:_identify(src) by extension 'python'
[1.220s] Level 1:colcon.colcon_core.package_identification:_identify(src) by extensions ['python_setup_py']
[1.220s] Level 1:colcon.colcon_core.package_identification:_identify(src) by extension 'python_setup_py'
[1.220s] Level 1:colcon.colcon_core.package_identification:_identify(src/build) by extensions ['ignore', 'ignore_ament_install']
[1.221s] Level 1:colcon.colcon_core.package_identification:_identify(src/build) by extension 'ignore'
[1.221s] Level 1:colcon.colcon_core.package_identification:_identify(src/build) ignored
[1.221s] Level 1:colcon.colcon_core.package_identification:_identify(src/image_processing) by extensions ['ignore', 'ignore_ament_install']
[1.221s] Level 1:colcon.colcon_core.package_identification:_identify(src/image_processing) by extension 'ignore'
[1.221s] Level 1:colcon.colcon_core.package_identification:_identify(src/image_processing) by extension 'ignore_ament_install'
[1.222s] Level 1:colcon.colcon_core.package_identification:_identify(src/image_processing) by extensions ['colcon_pkg']
[1.222s] Level 1:colcon.colcon_core.package_identification:_identify(src/image_processing) by extension 'colcon_pkg'
[1.222s] Level 1:colcon.colcon_core.package_identification:_identify(src/image_processing) by extensions ['colcon_meta']
[1.222s] Level 1:colcon.colcon_core.package_identification:_identify(src/image_processing) by extension 'colcon_meta'
[1.222s] Level 1:colcon.colcon_core.package_identification:_identify(src/image_processing) by extensions ['ros']
[1.222s] Level 1:colcon.colcon_core.package_identification:_identify(src/image_processing) by extension 'ros'
[1.232s] DEBUG:colcon.colcon_core.package_identification:Package 'src/image_processing' with type 'ros.ament_python' and name 'image_processing'
[1.233s] Level 1:colcon.colcon_core.package_identification:_identify(src/install) by extensions ['ignore', 'ignore_ament_install']
[1.233s] Level 1:colcon.colcon_core.package_identification:_identify(src/install) by extension 'ignore'
[1.233s] Level 1:colcon.colcon_core.package_identification:_identify(src/install) ignored
[1.234s] Level 1:colcon.colcon_core.package_identification:_identify(src/interfaces) by extensions ['ignore', 'ignore_ament_install']
[1.234s] Level 1:colcon.colcon_core.package_identification:_identify(src/interfaces) by extension 'ignore'
[1.234s] Level 1:colcon.colcon_core.package_identification:_identify(src/interfaces) by extension 'ignore_ament_install'
[1.235s] Level 1:colcon.colcon_core.package_identification:_identify(src/interfaces) by extensions ['colcon_pkg']
[1.235s] Level 1:colcon.colcon_core.package_identification:_identify(src/interfaces) by extension 'colcon_pkg'
[1.235s] Level 1:colcon.colcon_core.package_identification:_identify(src/interfaces) by extensions ['colcon_meta']
[1.235s] Level 1:colcon.colcon_core.package_identification:_identify(src/interfaces) by extension 'colcon_meta'
[1.235s] Level 1:colcon.colcon_core.package_identification:_identify(src/interfaces) by extensions ['ros']
[1.236s] Level 1:colcon.colcon_core.package_identification:_identify(src/interfaces) by extension 'ros'
[1.238s] DEBUG:colcon.colcon_core.package_identification:Package 'src/interfaces' with type 'ros.ament_cmake' and name 'interfaces'
[1.238s] Level 1:colcon.colcon_core.package_identification:_identify(src/key_joy) by extensions ['ignore', 'ignore_ament_install']
[1.239s] Level 1:colcon.colcon_core.package_identification:_identify(src/key_joy) by extension 'ignore'
[1.239s] Level 1:colcon.colcon_core.package_identification:_identify(src/key_joy) by extension 'ignore_ament_install'
[1.239s] Level 1:colcon.colcon_core.package_identification:_identify(src/key_joy) by extensions ['colcon_pkg']
[1.239s] Level 1:colcon.colcon_core.package_identification:_identify(src/key_joy) by extension 'colcon_pkg'
[1.239s] Level 1:colcon.colcon_core.package_identification:_identify(src/key_joy) by extensions ['colcon_meta']
[1.240s] Level 1:colcon.colcon_core.package_identification:_identify(src/key_joy) by extension 'colcon_meta'
[1.240s] Level 1:colcon.colcon_core.package_identification:_identify(src/key_joy) by extensions ['ros']
[1.240s] Level 1:colcon.colcon_core.package_identification:_identify(src/key_joy) by extension 'ros'
[1.241s] DEBUG:colcon.colcon_core.package_identification:Package 'src/key_joy' with type 'ros.ament_python' and name 'key_joy'
[1.242s] Level 1:colcon.colcon_core.package_identification:_identify(src/launch_all) by extensions ['ignore', 'ignore_ament_install']
[1.242s] Level 1:colcon.colcon_core.package_identification:_identify(src/launch_all) by extension 'ignore'
[1.242s] Level 1:colcon.colcon_core.package_identification:_identify(src/launch_all) by extension 'ignore_ament_install'
[1.243s] Level 1:colcon.colcon_core.package_identification:_identify(src/launch_all) by extensions ['colcon_pkg']
[1.243s] Level 1:colcon.colcon_core.package_identification:_identify(src/launch_all) by extension 'colcon_pkg'
[1.243s] Level 1:colcon.colcon_core.package_identification:_identify(src/launch_all) by extensions ['colcon_meta']
[1.243s] Level 1:colcon.colcon_core.package_identification:_identify(src/launch_all) by extension 'colcon_meta'
[1.243s] Level 1:colcon.colcon_core.package_identification:_identify(src/launch_all) by extensions ['ros']
[1.244s] Level 1:colcon.colcon_core.package_identification:_identify(src/launch_all) by extension 'ros'
[1.245s] DEBUG:colcon.colcon_core.package_identification:Package 'src/launch_all' with type 'ros.ament_python' and name 'launch_all'
[1.246s] Level 1:colcon.colcon_core.package_identification:_identify(src/log) by extensions ['ignore', 'ignore_ament_install']
[1.246s] Level 1:colcon.colcon_core.package_identification:_identify(src/log) by extension 'ignore'
[1.246s] Level 1:colcon.colcon_core.package_identification:_identify(src/log) ignored
[1.246s] Level 1:colcon.colcon_core.package_identification:_identify(src/main_head) by extensions ['ignore', 'ignore_ament_install']
[1.247s] Level 1:colcon.colcon_core.package_identification:_identify(src/main_head) by extension 'ignore'
[1.247s] Level 1:colcon.colcon_core.package_identification:_identify(src/main_head) by extension 'ignore_ament_install'
[1.247s] Level 1:colcon.colcon_core.package_identification:_identify(src/main_head) by extensions ['colcon_pkg']
[1.247s] Level 1:colcon.colcon_core.package_identification:_identify(src/main_head) by extension 'colcon_pkg'
[1.247s] Level 1:colcon.colcon_core.package_identification:_identify(src/main_head) by extensions ['colcon_meta']
[1.248s] Level 1:colcon.colcon_core.package_identification:_identify(src/main_head) by extension 'colcon_meta'
[1.248s] Level 1:colcon.colcon_core.package_identification:_identify(src/main_head) by extensions ['ros']
[1.248s] Level 1:colcon.colcon_core.package_identification:_identify(src/main_head) by extension 'ros'
[1.250s] DEBUG:colcon.colcon_core.package_identification:Package 'src/main_head' with type 'ros.ament_python' and name 'main_head'
[1.250s] Level 1:colcon.colcon_core.package_identification:_identify(src/pixhawk_interface) by extensions ['ignore', 'ignore_ament_install']
[1.251s] Level 1:colcon.colcon_core.package_identification:_identify(src/pixhawk_interface) by extension 'ignore'
[1.251s] Level 1:colcon.colcon_core.package_identification:_identify(src/pixhawk_interface) by extension 'ignore_ament_install'
[1.251s] Level 1:colcon.colcon_core.package_identification:_identify(src/pixhawk_interface) by extensions ['colcon_pkg']
[1.251s] Level 1:colcon.colcon_core.package_identification:_identify(src/pixhawk_interface) by extension 'colcon_pkg'
[1.252s] Level 1:colcon.colcon_core.package_identification:_identify(src/pixhawk_interface) by extensions ['colcon_meta']
[1.252s] Level 1:colcon.colcon_core.package_identification:_identify(src/pixhawk_interface) by extension 'colcon_meta'
[1.252s] Level 1:colcon.colcon_core.package_identification:_identify(src/pixhawk_interface) by extensions ['ros']
[1.252s] Level 1:colcon.colcon_core.package_identification:_identify(src/pixhawk_interface) by extension 'ros'
[1.254s] DEBUG:colcon.colcon_core.package_identification:Package 'src/pixhawk_interface' with type 'ros.ament_python' and name 'pixhawk_interface'
[1.255s] Level 1:colcon.colcon_core.package_identification:_identify(src/yadd) by extensions ['ignore', 'ignore_ament_install']
[1.255s] Level 1:colcon.colcon_core.package_identification:_identify(src/yadd) by extension 'ignore'
[1.256s] Level 1:colcon.colcon_core.package_identification:_identify(src/yadd) by extension 'ignore_ament_install'
[1.256s] Level 1:colcon.colcon_core.package_identification:_identify(src/yadd) by extensions ['colcon_pkg']
[1.256s] Level 1:colcon.colcon_core.package_identification:_identify(src/yadd) by extension 'colcon_pkg'
[1.256s] Level 1:colcon.colcon_core.package_identification:_identify(src/yadd) by extensions ['colcon_meta']
[1.256s] Level 1:colcon.colcon_core.package_identification:_identify(src/yadd) by extension 'colcon_meta'
[1.257s] Level 1:colcon.colcon_core.package_identification:_identify(src/yadd) by extensions ['ros']
[1.257s] Level 1:colcon.colcon_core.package_identification:_identify(src/yadd) by extension 'ros'
[1.259s] DEBUG:colcon.colcon_core.package_identification:Package 'src/yadd' with type 'ros.ament_python' and name 'yadd'
[1.260s] Level 1:colcon.colcon_core.package_discovery:discover_packages(recursive) using defaults
[1.260s] Level 1:colcon.colcon_core.package_discovery:discover_packages(ignore) discover
[1.260s] Level 1:colcon.colcon_core.package_discovery:discover_packages(ignore) using defaults
[1.260s] Level 1:colcon.colcon_core.package_discovery:discover_packages(path) discover
[1.260s] Level 1:colcon.colcon_core.package_discovery:discover_packages(path) using defaults
[1.332s] Level 1:colcon.colcon_core.package_discovery:discover_packages(prefix_path) check parameters
[1.333s] Level 1:colcon.colcon_core.package_discovery:discover_packages(prefix_path) discover
[1.337s] Level 1:colcon.colcon_core.package_discovery:discover_packages(prefix_path) using defaults
[1.344s] Level 5:colcon.colcon_core.verb:set package 'image_processing' build argument 'cmake_args' from command line to 'None'
[1.344s] Level 5:colcon.colcon_core.verb:set package 'image_processing' build argument 'cmake_target' from command line to 'None'
[1.344s] Level 5:colcon.colcon_core.verb:set package 'image_processing' build argument 'cmake_target_skip_unavailable' from command line to 'False'
[1.344s] Level 5:colcon.colcon_core.verb:set package 'image_processing' build argument 'cmake_clean_cache' from command line to 'False'
[1.344s] Level 5:colcon.colcon_core.verb:set package 'image_processing' build argument 'cmake_clean_first' from command line to 'False'
[1.345s] Level 5:colcon.colcon_core.verb:set package 'image_processing' build argument 'cmake_force_configure' from command line to 'False'
[1.345s] Level 5:colcon.colcon_core.verb:set package 'image_processing' build argument 'ament_cmake_args' from command line to 'None'
[1.345s] Level 5:colcon.colcon_core.verb:set package 'image_processing' build argument 'catkin_cmake_args' from command line to 'None'
[1.345s] Level 5:colcon.colcon_core.verb:set package 'image_processing' build argument 'catkin_skip_building_tests' from command line to 'False'
[1.345s] DEBUG:colcon.colcon_core.verb:Building package 'image_processing' with the following arguments: {'ament_cmake_args': None, 'build_base': '/home/robosub/nuros_ws/build/image_processing', 'catkin_cmake_args': None, 'catkin_skip_building_tests': False, 'cmake_args': None, 'cmake_clean_cache': False, 'cmake_clean_first': False, 'cmake_force_configure': False, 'cmake_target': None, 'cmake_target_skip_unavailable': False, 'install_base': '/home/robosub/nuros_ws/install/image_processing', 'merge_install': False, 'path': '/home/robosub/nuros_ws/src/image_processing', 'symlink_install': False, 'test_result_base': None}
[1.348s] Level 5:colcon.colcon_core.verb:set package 'interfaces' build argument 'cmake_args' from command line to 'None'
[1.348s] Level 5:colcon.colcon_core.verb:set package 'interfaces' build argument 'cmake_target' from command line to 'None'
[1.349s] Level 5:colcon.colcon_core.verb:set package 'interfaces' build argument 'cmake_target_skip_unavailable' from command line to 'False'
[1.349s] Level 5:colcon.colcon_core.verb:set package 'interfaces' build argument 'cmake_clean_cache' from command line to 'False'
[1.349s] Level 5:colcon.colcon_core.verb:set package 'interfaces' build argument 'cmake_clean_first' from command line to 'False'
[1.349s] Level 5:colcon.colcon_core.verb:set package 'interfaces' build argument 'cmake_force_configure' from command line to 'False'
[1.349s] Level 5:colcon.colcon_core.verb:set package 'interfaces' build argument 'ament_cmake_args' from command line to 'None'
[1.349s] Level 5:colcon.colcon_core.verb:set package 'interfaces' build argument 'catkin_cmake_args' from command line to 'None'
[1.349s] Level 5:colcon.colcon_core.verb:set package 'interfaces' build argument 'catkin_skip_building_tests' from command line to 'False'
[1.349s] DEBUG:colcon.colcon_core.verb:Building package 'interfaces' with the following arguments: {'ament_cmake_args': None, 'build_base': '/home/robosub/nuros_ws/build/interfaces', 'catkin_cmake_args': None, 'catkin_skip_building_tests': False, 'cmake_args': None, 'cmake_clean_cache': False, 'cmake_clean_first': False, 'cmake_force_configure': False, 'cmake_target': None, 'cmake_target_skip_unavailable': False, 'install_base': '/home/robosub/nuros_ws/install/interfaces', 'merge_install': False, 'path': '/home/robosub/nuros_ws/src/interfaces', 'symlink_install': False, 'test_result_base': None}
[1.353s] Level 5:colcon.colcon_core.verb:set package 'key_joy' build argument 'cmake_args' from command line to 'None'
[1.353s] Level 5:colcon.colcon_core.verb:set package 'key_joy' build argument 'cmake_target' from command line to 'None'
[1.353s] Level 5:colcon.colcon_core.verb:set package 'key_joy' build argument 'cmake_target_skip_unavailable' from command line to 'False'
[1.353s] Level 5:colcon.colcon_core.verb:set package 'key_joy' build argument 'cmake_clean_cache' from command line to 'False'
[1.353s] Level 5:colcon.colcon_core.verb:set package 'key_joy' build argument 'cmake_clean_first' from command line to 'False'
[1.353s] Level 5:colcon.colcon_core.verb:set package 'key_joy' build argument 'cmake_force_configure' from command line to 'False'
[1.353s] Level 5:colcon.colcon_core.verb:set package 'key_joy' build argument 'ament_cmake_args' from command line to 'None'
[1.353s] Level 5:colcon.colcon_core.verb:set package 'key_joy' build argument 'catkin_cmake_args' from command line to 'None'
[1.353s] Level 5:colcon.colcon_core.verb:set package 'key_joy' build argument 'catkin_skip_building_tests' from command line to 'False'
[1.354s] DEBUG:colcon.colcon_core.verb:Building package 'key_joy' with the following arguments: {'ament_cmake_args': None, 'build_base': '/home/robosub/nuros_ws/build/key_joy', 'catkin_cmake_args': None, 'catkin_skip_building_tests': False, 'cmake_args': None, 'cmake_clean_cache': False, 'cmake_clean_first': False, 'cmake_force_configure': False, 'cmake_target': None, 'cmake_target_skip_unavailable': False, 'install_base': '/home/robosub/nuros_ws/install/key_joy', 'merge_install': False, 'path': '/home/robosub/nuros_ws/src/key_joy', 'symlink_install': False, 'test_result_base': None}
[1.357s] Level 5:colcon.colcon_core.verb:set package 'launch_all' build argument 'cmake_args' from command line to 'None'
[1.357s] Level 5:colcon.colcon_core.verb:set package 'launch_all' build argument 'cmake_target' from command line to 'None'
[1.357s] Level 5:colcon.colcon_core.verb:set package 'launch_all' build argument 'cmake_target_skip_unavailable' from command line to 'False'
[1.357s] Level 5:colcon.colcon_core.verb:set package 'launch_all' build argument 'cmake_clean_cache' from command line to 'False'
[1.357s] Level 5:colcon.colcon_core.verb:set package 'launch_all' build argument 'cmake_clean_first' from command line to 'False'
[1.357s] Level 5:colcon.colcon_core.verb:set package 'launch_all' build argument 'cmake_force_configure' from command line to 'False'
[1.358s] Level 5:colcon.colcon_core.verb:set package 'launch_all' build argument 'ament_cmake_args' from command line to 'None'
[1.358s] Level 5:colcon.colcon_core.verb:set package 'launch_all' build argument 'catkin_cmake_args' from command line to 'None'
[1.358s] Level 5:colcon.colcon_core.verb:set package 'launch_all' build argument 'catkin_skip_building_tests' from command line to 'False'
[1.358s] DEBUG:colcon.colcon_core.verb:Building package 'launch_all' with the following arguments: {'ament_cmake_args': None, 'build_base': '/home/robosub/nuros_ws/build/launch_all', 'catkin_cmake_args': None, 'catkin_skip_building_tests': False, 'cmake_args': None, 'cmake_clean_cache': False, 'cmake_clean_first': False, 'cmake_force_configure': False, 'cmake_target': None, 'cmake_target_skip_unavailable': False, 'install_base': '/home/robosub/nuros_ws/install/launch_all', 'merge_install': False, 'path': '/home/robosub/nuros_ws/src/launch_all', 'symlink_install': False, 'test_result_base': None}
[1.361s] Level 5:colcon.colcon_core.verb:set package 'main_head' build argument 'cmake_args' from command line to 'None'
[1.361s] Level 5:colcon.colcon_core.verb:set package 'main_head' build argument 'cmake_target' from command line to 'None'
[1.361s] Level 5:colcon.colcon_core.verb:set package 'main_head' build argument 'cmake_target_skip_unavailable' from command line to 'False'
[1.361s] Level 5:colcon.colcon_core.verb:set package 'main_head' build argument 'cmake_clean_cache' from command line to 'False'
[1.361s] Level 5:colcon.colcon_core.verb:set package 'main_head' build argument 'cmake_clean_first' from command line to 'False'
[1.362s] Level 5:colcon.colcon_core.verb:set package 'main_head' build argument 'cmake_force_configure' from command line to 'False'
[1.362s] Level 5:colcon.colcon_core.verb:set package 'main_head' build argument 'ament_cmake_args' from command line to 'None'
[1.362s] Level 5:colcon.colcon_core.verb:set package 'main_head' build argument 'catkin_cmake_args' from command line to 'None'
[1.362s] Level 5:colcon.colcon_core.verb:set package 'main_head' build argument 'catkin_skip_building_tests' from command line to 'False'
[1.362s] DEBUG:colcon.colcon_core.verb:Building package 'main_head' with the following arguments: {'ament_cmake_args': None, 'build_base': '/home/robosub/nuros_ws/build/main_head', 'catkin_cmake_args': None, 'catkin_skip_building_tests': False, 'cmake_args': None, 'cmake_clean_cache': False, 'cmake_clean_first': False, 'cmake_force_configure': False, 'cmake_target': None, 'cmake_target_skip_unavailable': False, 'install_base': '/home/robosub/nuros_ws/install/main_head', 'merge_install': False, 'path': '/home/robosub/nuros_ws/src/main_head', 'symlink_install': False, 'test_result_base': None}
[1.366s] Level 5:colcon.colcon_core.verb:set package 'pixhawk_interface' build argument 'cmake_args' from command line to 'None'
[1.366s] Level 5:colcon.colcon_core.verb:set package 'pixhawk_interface' build argument 'cmake_target' from command line to 'None'
[1.366s] Level 5:colcon.colcon_core.verb:set package 'pixhawk_interface' build argument 'cmake_target_skip_unavailable' from command line to 'False'
[1.366s] Level 5:colcon.colcon_core.verb:set package 'pixhawk_interface' build argument 'cmake_clean_cache' from command line to 'False'
[1.366s] Level 5:colcon.colcon_core.verb:set package 'pixhawk_interface' build argument 'cmake_clean_first' from command line to 'False'
[1.366s] Level 5:colcon.colcon_core.verb:set package 'pixhawk_interface' build argument 'cmake_force_configure' from command line to 'False'
[1.367s] Level 5:colcon.colcon_core.verb:set package 'pixhawk_interface' build argument 'ament_cmake_args' from command line to 'None'
[1.367s] Level 5:colcon.colcon_core.verb:set package 'pixhawk_interface' build argument 'catkin_cmake_args' from command line to 'None'
[1.367s] Level 5:colcon.colcon_core.verb:set package 'pixhawk_interface' build argument 'catkin_skip_building_tests' from command line to 'False'
[1.367s] DEBUG:colcon.colcon_core.verb:Building package 'pixhawk_interface' with the following arguments: {'ament_cmake_args': None, 'build_base': '/home/robosub/nuros_ws/build/pixhawk_interface', 'catkin_cmake_args': None, 'catkin_skip_building_tests': False, 'cmake_args': None, 'cmake_clean_cache': False, 'cmake_clean_first': False, 'cmake_force_configure': False, 'cmake_target': None, 'cmake_target_skip_unavailable': False, 'install_base': '/home/robosub/nuros_ws/install/pixhawk_interface', 'merge_install': False, 'path': '/home/robosub/nuros_ws/src/pixhawk_interface', 'symlink_install': False, 'test_result_base': None}
[1.370s] Level 5:colcon.colcon_core.verb:set package 'yadd' build argument 'cmake_args' from command line to 'None'
[1.370s] Level 5:colcon.colcon_core.verb:set package 'yadd' build argument 'cmake_target' from command line to 'None'
[1.371s] Level 5:colcon.colcon_core.verb:set package 'yadd' build argument 'cmake_target_skip_unavailable' from command line to 'False'
[1.371s] Level 5:colcon.colcon_core.verb:set package 'yadd' build argument 'cmake_clean_cache' from command line to 'False'
[1.371s] Level 5:colcon.colcon_core.verb:set package 'yadd' build argument 'cmake_clean_first' from command line to 'False'
[1.371s] Level 5:colcon.colcon_core.verb:set package 'yadd' build argument 'cmake_force_configure' from command line to 'False'
[1.371s] Level 5:colcon.colcon_core.verb:set package 'yadd' build argument 'ament_cmake_args' from command line to 'None'
[1.371s] Level 5:colcon.colcon_core.verb:set package 'yadd' build argument 'catkin_cmake_args' from command line to 'None'
[1.371s] Level 5:colcon.colcon_core.verb:set package 'yadd' build argument 'catkin_skip_building_tests' from command line to 'False'
[1.372s] DEBUG:colcon.colcon_core.verb:Building package 'yadd' with the following arguments: {'ament_cmake_args': None, 'build_base': '/home/robosub/nuros_ws/build/yadd', 'catkin_cmake_args': None, 'catkin_skip_building_tests': False, 'cmake_args': None, 'cmake_clean_cache': False, 'cmake_clean_first': False, 'cmake_force_configure': False, 'cmake_target': None, 'cmake_target_skip_unavailable': False, 'install_base': '/home/robosub/nuros_ws/install/yadd', 'merge_install': False, 'path': '/home/robosub/nuros_ws/src/yadd', 'symlink_install': False, 'test_result_base': None}
[1.374s] INFO:colcon.colcon_core.executor:Executing jobs using 'parallel' executor
[1.387s] DEBUG:colcon.colcon_parallel_executor.executor.parallel:run_until_complete
[1.389s] INFO:colcon.colcon_ros.task.ament_python.build:Building ROS package in '/home/robosub/nuros_ws/src/image_processing' with build type 'ament_python'
[1.389s] Level 1:colcon.colcon_core.shell:create_environment_hook('image_processing', 'ament_prefix_path')
[1.405s] INFO:colcon.colcon_core.plugin_system:Skipping extension 'colcon_core.shell.bat': Not used on non-Windows systems
[1.406s] INFO:colcon.colcon_core.shell:Creating environment hook '/home/robosub/nuros_ws/install/image_processing/share/image_processing/hook/ament_prefix_path.ps1'
[1.409s] INFO:colcon.colcon_core.shell:Creating environment descriptor '/home/robosub/nuros_ws/install/image_processing/share/image_processing/hook/ament_prefix_path.dsv'
[1.415s] INFO:colcon.colcon_core.shell:Creating environment hook '/home/robosub/nuros_ws/install/image_processing/share/image_processing/hook/ament_prefix_path.sh'
[1.422s] INFO:colcon.colcon_core.shell:Skip shell extension 'powershell' for command environment: Not usable outside of PowerShell
[1.423s] DEBUG:colcon.colcon_core.shell:Skip shell extension 'dsv' for command environment
[1.439s] INFO:colcon.colcon_ros.task.ament_cmake.build:Building ROS package in '/home/robosub/nuros_ws/src/interfaces' with build type 'ament_cmake'
[1.441s] INFO:colcon.colcon_cmake.task.cmake.build:Building CMake package in '/home/robosub/nuros_ws/src/interfaces'
[1.450s] INFO:colcon.colcon_core.shell:Skip shell extension 'powershell' for command environment: Not usable outside of PowerShell
[1.453s] DEBUG:colcon.colcon_core.shell:Skip shell extension 'dsv' for command environment
[1.468s] INFO:colcon.colcon_ros.task.ament_python.build:Building ROS package in '/home/robosub/nuros_ws/src/key_joy' with build type 'ament_python'
[1.471s] Level 1:colcon.colcon_core.shell:create_environment_hook('key_joy', 'ament_prefix_path')
[1.480s] INFO:colcon.colcon_core.shell:Creating environment hook '/home/robosub/nuros_ws/install/key_joy/share/key_joy/hook/ament_prefix_path.ps1'
[1.484s] INFO:colcon.colcon_core.shell:Creating environment descriptor '/home/robosub/nuros_ws/install/key_joy/share/key_joy/hook/ament_prefix_path.dsv'
[1.487s] INFO:colcon.colcon_core.shell:Creating environment hook '/home/robosub/nuros_ws/install/key_joy/share/key_joy/hook/ament_prefix_path.sh'
[1.493s] INFO:colcon.colcon_core.shell:Skip shell extension 'powershell' for command environment: Not usable outside of PowerShell
[1.494s] DEBUG:colcon.colcon_core.shell:Skip shell extension 'dsv' for command environment
[1.506s] INFO:colcon.colcon_ros.task.ament_python.build:Building ROS package in '/home/robosub/nuros_ws/src/launch_all' with build type 'ament_python'
[1.509s] Level 1:colcon.colcon_core.shell:create_environment_hook('launch_all', 'ament_prefix_path')
[1.525s] INFO:colcon.colcon_core.shell:Creating environment hook '/home/robosub/nuros_ws/install/launch_all/share/launch_all/hook/ament_prefix_path.ps1'
[1.528s] INFO:colcon.colcon_core.shell:Creating environment descriptor '/home/robosub/nuros_ws/install/launch_all/share/launch_all/hook/ament_prefix_path.dsv'
[1.529s] INFO:colcon.colcon_core.shell:Creating environment hook '/home/robosub/nuros_ws/install/launch_all/share/launch_all/hook/ament_prefix_path.sh'
[1.535s] INFO:colcon.colcon_core.shell:Skip shell extension 'powershell' for command environment: Not usable outside of PowerShell
[1.536s] DEBUG:colcon.colcon_core.shell:Skip shell extension 'dsv' for command environment
[2.321s] INFO:colcon.colcon_core.task.python.build:Building Python package in '/home/robosub/nuros_ws/src/image_processing'
[2.330s] INFO:colcon.colcon_core.shell:Skip shell extension 'powershell' for command environment: Not usable outside of PowerShell
[2.330s] DEBUG:colcon.colcon_core.shell:Skip shell extension 'dsv' for command environment
[2.367s] DEBUG:colcon.colcon_core.event_handler.log_command:Invoking command in '/home/robosub/nuros_ws/build/interfaces': /usr/bin/cmake --build /home/robosub/nuros_ws/build/interfaces -- -j4 -l4
[3.259s] INFO:colcon.colcon_core.task.python.build:Building Python package in '/home/robosub/nuros_ws/src/key_joy'
[3.269s] INFO:colcon.colcon_core.shell:Skip shell extension 'powershell' for command environment: Not usable outside of PowerShell
[3.271s] DEBUG:colcon.colcon_core.shell:Skip shell extension 'dsv' for command environment
[4.171s] INFO:colcon.colcon_core.task.python.build:Building Python package in '/home/robosub/nuros_ws/src/launch_all'
[4.180s] INFO:colcon.colcon_core.shell:Skip shell extension 'powershell' for command environment: Not usable outside of PowerShell
[4.180s] DEBUG:colcon.colcon_core.shell:Skip shell extension 'dsv' for command environment
[4.221s] DEBUG:colcon.colcon_core.event_handler.log_command:Invoked command in '/home/robosub/nuros_ws/build/interfaces' returned '0': /usr/bin/cmake --build /home/robosub/nuros_ws/build/interfaces -- -j4 -l4
[6.139s] DEBUG:colcon.colcon_core.event_handler.log_command:Invoking command in '/home/robosub/nuros_ws/build/interfaces': /usr/bin/cmake --install /home/robosub/nuros_ws/build/interfaces
[6.613s] DEBUG:colcon.colcon_core.event_handler.log_command:Invoking command in '/home/robosub/nuros_ws/src/image_processing': PYTHONPATH=/home/robosub/nuros_ws/build/image_processing/prefix_override:/home/robosub/nuros_ws/install/image_processing/lib/python3.8/site-packages: /usr/bin/python3 setup.py egg_info --egg-base ../../build/image_processing build --build-base /home/robosub/nuros_ws/build/image_processing/build install --record /home/robosub/nuros_ws/build/image_processing/install.log --install-scripts $base/lib/image_processing --single-version-externally-managed
[6.744s] DEBUG:colcon.colcon_core.event_handler.log_command:Invoking command in '/home/robosub/nuros_ws/src/launch_all': PYTHONPATH=/home/robosub/nuros_ws/build/launch_all/prefix_override:/home/robosub/nuros_ws/install/launch_all/lib/python3.8/site-packages: /usr/bin/python3 setup.py egg_info --egg-base ../../build/launch_all build --build-base /home/robosub/nuros_ws/build/launch_all/build install --record /home/robosub/nuros_ws/build/launch_all/install.log --install-scripts $base/lib/launch_all --single-version-externally-managed
[6.801s] Level 1:colcon.colcon_core.environment:create_environment_scripts_only(interfaces)
[6.815s] DEBUG:colcon.colcon_core.event_handler.log_command:Invoked command in '/home/robosub/nuros_ws/build/interfaces' returned '0': /usr/bin/cmake --install /home/robosub/nuros_ws/build/interfaces
[6.855s] Level 1:colcon.colcon_core.environment:checking '/home/robosub/nuros_ws/install/interfaces' for CMake module files
[6.858s] Level 1:colcon.colcon_core.environment:checking '/home/robosub/nuros_ws/install/interfaces' for CMake config files
[6.873s] Level 1:colcon.colcon_core.shell:create_environment_hook('interfaces', 'cmake_prefix_path')
[6.878s] INFO:colcon.colcon_core.shell:Creating environment hook '/home/robosub/nuros_ws/install/interfaces/share/interfaces/hook/cmake_prefix_path.ps1'
[6.881s] INFO:colcon.colcon_core.shell:Creating environment descriptor '/home/robosub/nuros_ws/install/interfaces/share/interfaces/hook/cmake_prefix_path.dsv'
[6.885s] INFO:colcon.colcon_core.shell:Creating environment hook '/home/robosub/nuros_ws/install/interfaces/share/interfaces/hook/cmake_prefix_path.sh'
[6.889s] Level 1:colcon.colcon_core.environment:checking '/home/robosub/nuros_ws/install/interfaces/lib'
[6.890s] Level 1:colcon.colcon_core.shell:create_environment_hook('interfaces', 'ld_library_path_lib')
[6.895s] INFO:colcon.colcon_core.shell:Creating environment hook '/home/robosub/nuros_ws/install/interfaces/share/interfaces/hook/ld_library_path_lib.ps1'
[6.897s] INFO:colcon.colcon_core.shell:Creating environment descriptor '/home/robosub/nuros_ws/install/interfaces/share/interfaces/hook/ld_library_path_lib.dsv'
[6.898s] INFO:colcon.colcon_core.shell:Creating environment hook '/home/robosub/nuros_ws/install/interfaces/share/interfaces/hook/ld_library_path_lib.sh'
[6.900s] Level 1:colcon.colcon_core.environment:checking '/home/robosub/nuros_ws/install/interfaces/bin'
[6.900s] Level 1:colcon.colcon_core.environment:checking '/home/robosub/nuros_ws/install/interfaces/lib/pkgconfig/interfaces.pc'
[6.901s] Level 1:colcon.colcon_core.environment:checking '/home/robosub/nuros_ws/install/interfaces/lib/python3.8/site-packages'
[6.902s] Level 1:colcon.colcon_core.shell:create_environment_hook('interfaces', 'pythonpath')
[6.907s] INFO:colcon.colcon_core.shell:Creating environment hook '/home/robosub/nuros_ws/install/interfaces/share/interfaces/hook/pythonpath.ps1'
[6.909s] INFO:colcon.colcon_core.shell:Creating environment descriptor '/home/robosub/nuros_ws/install/interfaces/share/interfaces/hook/pythonpath.dsv'
[6.910s] INFO:colcon.colcon_core.shell:Creating environment hook '/home/robosub/nuros_ws/install/interfaces/share/interfaces/hook/pythonpath.sh'
[6.912s] Level 1:colcon.colcon_core.environment:checking '/home/robosub/nuros_ws/install/interfaces/bin'
[6.918s] INFO:colcon.colcon_core.shell:Creating package script '/home/robosub/nuros_ws/install/interfaces/share/interfaces/package.ps1'
[6.922s] INFO:colcon.colcon_core.shell:Creating package descriptor '/home/robosub/nuros_ws/install/interfaces/share/interfaces/package.dsv'
[6.925s] INFO:colcon.colcon_core.shell:Creating package script '/home/robosub/nuros_ws/install/interfaces/share/interfaces/package.sh'
[6.928s] INFO:colcon.colcon_core.shell:Creating package script '/home/robosub/nuros_ws/install/interfaces/share/interfaces/package.bash'
[6.931s] INFO:colcon.colcon_core.shell:Creating package script '/home/robosub/nuros_ws/install/interfaces/share/interfaces/package.zsh'
[6.933s] Level 1:colcon.colcon_core.environment:create_file_with_runtime_dependencies(/home/robosub/nuros_ws/install/interfaces/share/colcon-core/packages/interfaces)
[7.005s] DEBUG:colcon.colcon_core.event_handler.log_command:Invoking command in '/home/robosub/nuros_ws/src/key_joy': PYTHONPATH=/home/robosub/nuros_ws/build/key_joy/prefix_override:/home/robosub/nuros_ws/install/key_joy/lib/python3.8/site-packages: /usr/bin/python3 setup.py egg_info --egg-base ../../build/key_joy build --build-base /home/robosub/nuros_ws/build/key_joy/build install --record /home/robosub/nuros_ws/build/key_joy/install.log --install-scripts $base/lib/key_joy --single-version-externally-managed
[8.589s] DEBUG:colcon.colcon_core.event_handler.log_command:Invoked command in '/home/robosub/nuros_ws/src/image_processing' returned '0': PYTHONPATH=/home/robosub/nuros_ws/build/image_processing/prefix_override:/home/robosub/nuros_ws/install/image_processing/lib/python3.8/site-packages: /usr/bin/python3 setup.py egg_info --egg-base ../../build/image_processing build --build-base /home/robosub/nuros_ws/build/image_processing/build install --record /home/robosub/nuros_ws/build/image_processing/install.log --install-scripts $base/lib/image_processing --single-version-externally-managed
[8.597s] Level 1:colcon.colcon_core.environment:checking '/home/robosub/nuros_ws/install/image_processing' for CMake module files
[8.607s] Level 1:colcon.colcon_core.environment:checking '/home/robosub/nuros_ws/install/image_processing' for CMake config files
[8.610s] Level 1:colcon.colcon_core.environment:checking '/home/robosub/nuros_ws/install/image_processing/lib'
[8.611s] Level 1:colcon.colcon_core.environment:checking '/home/robosub/nuros_ws/install/image_processing/bin'
[8.611s] Level 1:colcon.colcon_core.environment:checking '/home/robosub/nuros_ws/install/image_processing/lib/pkgconfig/image_processing.pc'
[8.612s] Level 1:colcon.colcon_core.environment:checking '/home/robosub/nuros_ws/install/image_processing/lib/python3.8/site-packages'
[8.612s] Level 1:colcon.colcon_core.shell:create_environment_hook('image_processing', 'pythonpath')
[8.620s] INFO:colcon.colcon_core.shell:Creating environment hook '/home/robosub/nuros_ws/install/image_processing/share/image_processing/hook/pythonpath.ps1'
[8.623s] INFO:colcon.colcon_core.shell:Creating environment descriptor '/home/robosub/nuros_ws/install/image_processing/share/image_processing/hook/pythonpath.dsv'
[8.624s] INFO:colcon.colcon_core.shell:Creating environment hook '/home/robosub/nuros_ws/install/image_processing/share/image_processing/hook/pythonpath.sh'
[8.627s] Level 1:colcon.colcon_core.environment:checking '/home/robosub/nuros_ws/install/image_processing/bin'
[8.627s] Level 1:colcon.colcon_core.environment:create_environment_scripts_only(image_processing)
[8.636s] INFO:colcon.colcon_core.shell:Creating package script '/home/robosub/nuros_ws/install/image_processing/share/image_processing/package.ps1'
[8.638s] INFO:colcon.colcon_core.shell:Creating package descriptor '/home/robosub/nuros_ws/install/image_processing/share/image_processing/package.dsv'
[8.640s] INFO:colcon.colcon_core.shell:Creating package script '/home/robosub/nuros_ws/install/image_processing/share/image_processing/package.sh'
[8.643s] INFO:colcon.colcon_core.shell:Creating package script '/home/robosub/nuros_ws/install/image_processing/share/image_processing/package.bash'
[8.644s] INFO:colcon.colcon_core.shell:Creating package script '/home/robosub/nuros_ws/install/image_processing/share/image_processing/package.zsh'
[8.645s] Level 1:colcon.colcon_core.environment:create_file_with_runtime_dependencies(/home/robosub/nuros_ws/install/image_processing/share/colcon-core/packages/image_processing)
[8.651s] INFO:colcon.colcon_ros.task.ament_python.build:Building ROS package in '/home/robosub/nuros_ws/src/main_head' with build type 'ament_python'
[8.652s] Level 1:colcon.colcon_core.shell:create_environment_hook('main_head', 'ament_prefix_path')
[8.657s] INFO:colcon.colcon_core.shell:Creating environment hook '/home/robosub/nuros_ws/install/main_head/share/main_head/hook/ament_prefix_path.ps1'
[8.659s] INFO:colcon.colcon_core.shell:Creating environment descriptor '/home/robosub/nuros_ws/install/main_head/share/main_head/hook/ament_prefix_path.dsv'
[8.661s] INFO:colcon.colcon_core.shell:Creating environment hook '/home/robosub/nuros_ws/install/main_head/share/main_head/hook/ament_prefix_path.sh'
[8.667s] INFO:colcon.colcon_core.shell:Skip shell extension 'powershell' for command environment: Not usable outside of PowerShell
[8.668s] DEBUG:colcon.colcon_core.shell:Skip shell extension 'dsv' for command environment
[9.873s] INFO:colcon.colcon_core.task.python.build:Building Python package in '/home/robosub/nuros_ws/src/main_head'
[9.883s] INFO:colcon.colcon_core.shell:Skip shell extension 'powershell' for command environment: Not usable outside of PowerShell
[9.884s] DEBUG:colcon.colcon_core.shell:Skip shell extension 'dsv' for command environment
[9.929s] DEBUG:colcon.colcon_core.event_handler.log_command:Invoked command in '/home/robosub/nuros_ws/src/launch_all' returned '0': PYTHONPATH=/home/robosub/nuros_ws/build/launch_all/prefix_override:/home/robosub/nuros_ws/install/launch_all/lib/python3.8/site-packages: /usr/bin/python3 setup.py egg_info --egg-base ../../build/launch_all build --build-base /home/robosub/nuros_ws/build/launch_all/build install --record /home/robosub/nuros_ws/build/launch_all/install.log --install-scripts $base/lib/launch_all --single-version-externally-managed
[9.938s] Level 1:colcon.colcon_core.environment:checking '/home/robosub/nuros_ws/install/launch_all' for CMake module files
[9.949s] Level 1:colcon.colcon_core.environment:checking '/home/robosub/nuros_ws/install/launch_all' for CMake config files
[9.959s] Level 1:colcon.colcon_core.environment:checking '/home/robosub/nuros_ws/install/launch_all/lib'
[9.964s] Level 1:colcon.colcon_core.environment:checking '/home/robosub/nuros_ws/install/launch_all/bin'
[9.964s] Level 1:colcon.colcon_core.environment:checking '/home/robosub/nuros_ws/install/launch_all/lib/pkgconfig/launch_all.pc'
[9.965s] Level 1:colcon.colcon_core.environment:checking '/home/robosub/nuros_ws/install/launch_all/lib/python3.8/site-packages'
[9.966s] Level 1:colcon.colcon_core.shell:create_environment_hook('launch_all', 'pythonpath')
[9.980s] INFO:colcon.colcon_core.shell:Creating environment hook '/home/robosub/nuros_ws/install/launch_all/share/launch_all/hook/pythonpath.ps1'
[9.992s] INFO:colcon.colcon_core.shell:Creating environment descriptor '/home/robosub/nuros_ws/install/launch_all/share/launch_all/hook/pythonpath.dsv'
[10.078s] INFO:colcon.colcon_core.shell:Creating environment hook '/home/robosub/nuros_ws/install/launch_all/share/launch_all/hook/pythonpath.sh'
[10.081s] Level 1:colcon.colcon_core.environment:checking '/home/robosub/nuros_ws/install/launch_all/bin'
[10.081s] Level 1:colcon.colcon_core.environment:create_environment_scripts_only(launch_all)
[10.087s] INFO:colcon.colcon_core.shell:Creating package script '/home/robosub/nuros_ws/install/launch_all/share/launch_all/package.ps1'
[10.104s] INFO:colcon.colcon_core.shell:Creating package descriptor '/home/robosub/nuros_ws/install/launch_all/share/launch_all/package.dsv'
[10.106s] INFO:colcon.colcon_core.shell:Creating package script '/home/robosub/nuros_ws/install/launch_all/share/launch_all/package.sh'
[10.117s] INFO:colcon.colcon_core.shell:Creating package script '/home/robosub/nuros_ws/install/launch_all/share/launch_all/package.bash'
[10.118s] INFO:colcon.colcon_core.shell:Creating package script '/home/robosub/nuros_ws/install/launch_all/share/launch_all/package.zsh'
[10.120s] Level 1:colcon.colcon_core.environment:create_file_with_runtime_dependencies(/home/robosub/nuros_ws/install/launch_all/share/colcon-core/packages/launch_all)
[10.129s] DEBUG:colcon.colcon_core.event_handler.log_command:Invoked command in '/home/robosub/nuros_ws/src/key_joy' returned '0': PYTHONPATH=/home/robosub/nuros_ws/build/key_joy/prefix_override:/home/robosub/nuros_ws/install/key_joy/lib/python3.8/site-packages: /usr/bin/python3 setup.py egg_info --egg-base ../../build/key_joy build --build-base /home/robosub/nuros_ws/build/key_joy/build install --record /home/robosub/nuros_ws/build/key_joy/install.log --install-scripts $base/lib/key_joy --single-version-externally-managed
[10.133s] Level 1:colcon.colcon_core.environment:checking '/home/robosub/nuros_ws/install/key_joy' for CMake module files
[10.135s] Level 1:colcon.colcon_core.environment:checking '/home/robosub/nuros_ws/install/key_joy' for CMake config files
[10.137s] Level 1:colcon.colcon_core.environment:checking '/home/robosub/nuros_ws/install/key_joy/lib'
[10.138s] Level 1:colcon.colcon_core.environment:checking '/home/robosub/nuros_ws/install/key_joy/bin'
[10.138s] Level 1:colcon.colcon_core.environment:checking '/home/robosub/nuros_ws/install/key_joy/lib/pkgconfig/key_joy.pc'
[10.139s] Level 1:colcon.colcon_core.environment:checking '/home/robosub/nuros_ws/install/key_joy/lib/python3.8/site-packages'
[10.139s] Level 1:colcon.colcon_core.shell:create_environment_hook('key_joy', 'pythonpath')
[10.147s] INFO:colcon.colcon_core.shell:Creating environment hook '/home/robosub/nuros_ws/install/key_joy/share/key_joy/hook/pythonpath.ps1'
[10.150s] INFO:colcon.colcon_core.shell:Creating environment descriptor '/home/robosub/nuros_ws/install/key_joy/share/key_joy/hook/pythonpath.dsv'
[10.152s] INFO:colcon.colcon_core.shell:Creating environment hook '/home/robosub/nuros_ws/install/key_joy/share/key_joy/hook/pythonpath.sh'
[10.154s] Level 1:colcon.colcon_core.environment:checking '/home/robosub/nuros_ws/install/key_joy/bin'
[10.155s] Level 1:colcon.colcon_core.environment:create_environment_scripts_only(key_joy)
[10.163s] INFO:colcon.colcon_core.shell:Creating package script '/home/robosub/nuros_ws/install/key_joy/share/key_joy/package.ps1'
[10.165s] INFO:colcon.colcon_core.shell:Creating package descriptor '/home/robosub/nuros_ws/install/key_joy/share/key_joy/package.dsv'
[10.171s] INFO:colcon.colcon_core.shell:Creating package script '/home/robosub/nuros_ws/install/key_joy/share/key_joy/package.sh'
[10.174s] INFO:colcon.colcon_core.shell:Creating package script '/home/robosub/nuros_ws/install/key_joy/share/key_joy/package.bash'
[10.176s] INFO:colcon.colcon_core.shell:Creating package script '/home/robosub/nuros_ws/install/key_joy/share/key_joy/package.zsh'
[10.179s] Level 1:colcon.colcon_core.environment:create_file_with_runtime_dependencies(/home/robosub/nuros_ws/install/key_joy/share/colcon-core/packages/key_joy)
[10.191s] Level 1:colcon.colcon_core.environment:create_environment_scripts_only(interfaces)
[10.198s] Level 1:colcon.colcon_core.environment:checking '/home/robosub/nuros_ws/install/interfaces' for CMake module files
[10.203s] Level 1:colcon.colcon_core.environment:checking '/home/robosub/nuros_ws/install/interfaces' for CMake config files
[10.205s] Level 1:colcon.colcon_core.shell:create_environment_hook('interfaces', 'cmake_prefix_path')
[10.229s] INFO:colcon.colcon_core.shell:Creating environment hook '/home/robosub/nuros_ws/install/interfaces/share/interfaces/hook/cmake_prefix_path.ps1'
[10.231s] INFO:colcon.colcon_core.shell:Creating environment descriptor '/home/robosub/nuros_ws/install/interfaces/share/interfaces/hook/cmake_prefix_path.dsv'
[10.240s] INFO:colcon.colcon_core.shell:Creating environment hook '/home/robosub/nuros_ws/install/interfaces/share/interfaces/hook/cmake_prefix_path.sh'
[10.247s] Level 1:colcon.colcon_core.environment:checking '/home/robosub/nuros_ws/install/interfaces/lib'
[10.248s] Level 1:colcon.colcon_core.shell:create_environment_hook('interfaces', 'ld_library_path_lib')
[10.263s] INFO:colcon.colcon_core.shell:Creating environment hook '/home/robosub/nuros_ws/install/interfaces/share/interfaces/hook/ld_library_path_lib.ps1'
[10.265s] INFO:colcon.colcon_core.shell:Creating environment descriptor '/home/robosub/nuros_ws/install/interfaces/share/interfaces/hook/ld_library_path_lib.dsv'
[10.267s] INFO:colcon.colcon_core.shell:Creating environment hook '/home/robosub/nuros_ws/install/interfaces/share/interfaces/hook/ld_library_path_lib.sh'
[10.268s] Level 1:colcon.colcon_core.environment:checking '/home/robosub/nuros_ws/install/interfaces/bin'
[10.269s] Level 1:colcon.colcon_core.environment:checking '/home/robosub/nuros_ws/install/interfaces/lib/pkgconfig/interfaces.pc'
[10.269s] Level 1:colcon.colcon_core.environment:checking '/home/robosub/nuros_ws/install/interfaces/lib/python3.8/site-packages'
[10.270s] Level 1:colcon.colcon_core.shell:create_environment_hook('interfaces', 'pythonpath')
[10.305s] INFO:colcon.colcon_core.shell:Creating environment hook '/home/robosub/nuros_ws/install/interfaces/share/interfaces/hook/pythonpath.ps1'
[10.307s] INFO:colcon.colcon_core.shell:Creating environment descriptor '/home/robosub/nuros_ws/install/interfaces/share/interfaces/hook/pythonpath.dsv'
[10.309s] INFO:colcon.colcon_core.shell:Creating environment hook '/home/robosub/nuros_ws/install/interfaces/share/interfaces/hook/pythonpath.sh'
[10.320s] Level 1:colcon.colcon_core.environment:checking '/home/robosub/nuros_ws/install/interfaces/bin'
[10.326s] INFO:colcon.colcon_core.shell:Creating package script '/home/robosub/nuros_ws/install/interfaces/share/interfaces/package.ps1'
[10.329s] INFO:colcon.colcon_core.shell:Creating package descriptor '/home/robosub/nuros_ws/install/interfaces/share/interfaces/package.dsv'
[10.346s] INFO:colcon.colcon_core.shell:Creating package script '/home/robosub/nuros_ws/install/interfaces/share/interfaces/package.sh'
[10.348s] INFO:colcon.colcon_core.shell:Creating package script '/home/robosub/nuros_ws/install/interfaces/share/interfaces/package.bash'
[10.350s] INFO:colcon.colcon_core.shell:Creating package script '/home/robosub/nuros_ws/install/interfaces/share/interfaces/package.zsh'
[10.352s] Level 1:colcon.colcon_core.environment:create_file_with_runtime_dependencies(/home/robosub/nuros_ws/install/interfaces/share/colcon-core/packages/interfaces)
[10.367s] INFO:colcon.colcon_ros.task.ament_python.build:Building ROS package in '/home/robosub/nuros_ws/src/pixhawk_interface' with build type 'ament_python'
[10.369s] Level 1:colcon.colcon_core.shell:create_environment_hook('pixhawk_interface', 'ament_prefix_path')
[10.380s] INFO:colcon.colcon_core.shell:Creating environment hook '/home/robosub/nuros_ws/install/pixhawk_interface/share/pixhawk_interface/hook/ament_prefix_path.ps1'
[10.387s] INFO:colcon.colcon_core.shell:Creating environment descriptor '/home/robosub/nuros_ws/install/pixhawk_interface/share/pixhawk_interface/hook/ament_prefix_path.dsv'
[10.389s] INFO:colcon.colcon_core.shell:Creating environment hook '/home/robosub/nuros_ws/install/pixhawk_interface/share/pixhawk_interface/hook/ament_prefix_path.sh'
[10.398s] INFO:colcon.colcon_core.shell:Skip shell extension 'powershell' for command environment: Not usable outside of PowerShell
[10.398s] DEBUG:colcon.colcon_core.shell:Skip shell extension 'dsv' for command environment
[10.425s] INFO:colcon.colcon_ros.task.ament_python.build:Building ROS package in '/home/robosub/nuros_ws/src/yadd' with build type 'ament_python'
[10.428s] Level 1:colcon.colcon_core.shell:create_environment_hook('yadd', 'ament_prefix_path')
[10.448s] INFO:colcon.colcon_core.shell:Creating environment hook '/home/robosub/nuros_ws/install/yadd/share/yadd/hook/ament_prefix_path.ps1'
[10.480s] INFO:colcon.colcon_core.shell:Creating environment descriptor '/home/robosub/nuros_ws/install/yadd/share/yadd/hook/ament_prefix_path.dsv'
[10.488s] INFO:colcon.colcon_core.shell:Creating environment hook '/home/robosub/nuros_ws/install/yadd/share/yadd/hook/ament_prefix_path.sh'
[10.519s] INFO:colcon.colcon_core.shell:Skip shell extension 'powershell' for command environment: Not usable outside of PowerShell
[10.519s] DEBUG:colcon.colcon_core.shell:Skip shell extension 'dsv' for command environment
[11.726s] INFO:colcon.colcon_core.task.python.build:Building Python package in '/home/robosub/nuros_ws/src/pixhawk_interface'
[11.736s] INFO:colcon.colcon_core.shell:Skip shell extension 'powershell' for command environment: Not usable outside of PowerShell
[11.736s] DEBUG:colcon.colcon_core.shell:Skip shell extension 'dsv' for command environment
[13.429s] INFO:colcon.colcon_core.task.python.build:Building Python package in '/home/robosub/nuros_ws/src/yadd'
[13.437s] INFO:colcon.colcon_core.shell:Skip shell extension 'powershell' for command environment: Not usable outside of PowerShell
[13.438s] DEBUG:colcon.colcon_core.shell:Skip shell extension 'dsv' for command environment
[13.479s] DEBUG:colcon.colcon_core.event_handler.log_command:Invoking command in '/home/robosub/nuros_ws/src/main_head': PYTHONPATH=/home/robosub/nuros_ws/build/main_head/prefix_override:/home/robosub/nuros_ws/install/main_head/lib/python3.8/site-packages: /usr/bin/python3 setup.py egg_info --egg-base ../../build/main_head build --build-base /home/robosub/nuros_ws/build/main_head/build install --record /home/robosub/nuros_ws/build/main_head/install.log --install-scripts $base/lib/main_head --single-version-externally-managed
[15.811s] DEBUG:colcon.colcon_core.event_handler.log_command:Invoked command in '/home/robosub/nuros_ws/src/main_head' returned '0': PYTHONPATH=/home/robosub/nuros_ws/build/main_head/prefix_override:/home/robosub/nuros_ws/install/main_head/lib/python3.8/site-packages: /usr/bin/python3 setup.py egg_info --egg-base ../../build/main_head build --build-base /home/robosub/nuros_ws/build/main_head/build install --record /home/robosub/nuros_ws/build/main_head/install.log --install-scripts $base/lib/main_head --single-version-externally-managed
[15.820s] Level 1:colcon.colcon_core.environment:checking '/home/robosub/nuros_ws/install/main_head' for CMake module files
[15.822s] Level 1:colcon.colcon_core.environment:checking '/home/robosub/nuros_ws/install/main_head' for CMake config files
[15.827s] Level 1:colcon.colcon_core.environment:checking '/home/robosub/nuros_ws/install/main_head/lib'
[15.828s] Level 1:colcon.colcon_core.environment:checking '/home/robosub/nuros_ws/install/main_head/bin'
[15.828s] Level 1:colcon.colcon_core.environment:checking '/home/robosub/nuros_ws/install/main_head/lib/pkgconfig/main_head.pc'
[15.829s] Level 1:colcon.colcon_core.environment:checking '/home/robosub/nuros_ws/install/main_head/lib/python3.8/site-packages'
[15.830s] Level 1:colcon.colcon_core.shell:create_environment_hook('main_head', 'pythonpath')
[15.835s] INFO:colcon.colcon_core.shell:Creating environment hook '/home/robosub/nuros_ws/install/main_head/share/main_head/hook/pythonpath.ps1'
[15.840s] INFO:colcon.colcon_core.shell:Creating environment descriptor '/home/robosub/nuros_ws/install/main_head/share/main_head/hook/pythonpath.dsv'
[15.907s] INFO:colcon.colcon_core.shell:Creating environment hook '/home/robosub/nuros_ws/install/main_head/share/main_head/hook/pythonpath.sh'
[15.917s] Level 1:colcon.colcon_core.environment:checking '/home/robosub/nuros_ws/install/main_head/bin'
[15.918s] Level 1:colcon.colcon_core.environment:create_environment_scripts_only(main_head)
[15.946s] INFO:colcon.colcon_core.shell:Creating package script '/home/robosub/nuros_ws/install/main_head/share/main_head/package.ps1'
[15.952s] INFO:colcon.colcon_core.shell:Creating package descriptor '/home/robosub/nuros_ws/install/main_head/share/main_head/package.dsv'
[15.960s] INFO:colcon.colcon_core.shell:Creating package script '/home/robosub/nuros_ws/install/main_head/share/main_head/package.sh'
[15.962s] INFO:colcon.colcon_core.shell:Creating package script '/home/robosub/nuros_ws/install/main_head/share/main_head/package.bash'
[15.972s] INFO:colcon.colcon_core.shell:Creating package script '/home/robosub/nuros_ws/install/main_head/share/main_head/package.zsh'
[15.974s] Level 1:colcon.colcon_core.environment:create_file_with_runtime_dependencies(/home/robosub/nuros_ws/install/main_head/share/colcon-core/packages/main_head)
[16.043s] DEBUG:colcon.colcon_core.event_handler.log_command:Invoking command in '/home/robosub/nuros_ws/src/yadd': PYTHONPATH=/home/robosub/nuros_ws/build/yadd/prefix_override:/home/robosub/nuros_ws/install/yadd/lib/python3.8/site-packages: /usr/bin/python3 setup.py egg_info --egg-base ../../build/yadd build --build-base /home/robosub/nuros_ws/build/yadd/build install --record /home/robosub/nuros_ws/build/yadd/install.log --install-scripts $base/lib/yadd --single-version-externally-managed
[16.893s] DEBUG:colcon.colcon_core.event_handler.log_command:Invoking command in '/home/robosub/nuros_ws/src/pixhawk_interface': PYTHONPATH=/home/robosub/nuros_ws/build/pixhawk_interface/prefix_override:/home/robosub/nuros_ws/install/pixhawk_interface/lib/python3.8/site-packages: /usr/bin/python3 setup.py egg_info --egg-base ../../build/pixhawk_interface build --build-base /home/robosub/nuros_ws/build/pixhawk_interface/build install --record /home/robosub/nuros_ws/build/pixhawk_interface/install.log --install-scripts $base/lib/pixhawk_interface --single-version-externally-managed
[18.041s] DEBUG:colcon.colcon_core.event_handler.log_command:Invoked command in '/home/robosub/nuros_ws/src/yadd' returned '0': PYTHONPATH=/home/robosub/nuros_ws/build/yadd/prefix_override:/home/robosub/nuros_ws/install/yadd/lib/python3.8/site-packages: /usr/bin/python3 setup.py egg_info --egg-base ../../build/yadd build --build-base /home/robosub/nuros_ws/build/yadd/build install --record /home/robosub/nuros_ws/build/yadd/install.log --install-scripts $base/lib/yadd --single-version-externally-managed
[18.045s] Level 1:colcon.colcon_core.environment:checking '/home/robosub/nuros_ws/install/yadd' for CMake module files
[18.047s] Level 1:colcon.colcon_core.environment:checking '/home/robosub/nuros_ws/install/yadd' for CMake config files
[18.050s] Level 1:colcon.colcon_core.environment:checking '/home/robosub/nuros_ws/install/yadd/lib'
[18.051s] Level 1:colcon.colcon_core.environment:checking '/home/robosub/nuros_ws/install/yadd/bin'
[18.051s] Level 1:colcon.colcon_core.environment:checking '/home/robosub/nuros_ws/install/yadd/lib/pkgconfig/yadd.pc'
[18.053s] Level 1:colcon.colcon_core.environment:checking '/home/robosub/nuros_ws/install/yadd/lib/python3.8/site-packages'
[18.053s] Level 1:colcon.colcon_core.shell:create_environment_hook('yadd', 'pythonpath')
[18.059s] INFO:colcon.colcon_core.shell:Creating environment hook '/home/robosub/nuros_ws/install/yadd/share/yadd/hook/pythonpath.ps1'
[18.062s] INFO:colcon.colcon_core.shell:Creating environment descriptor '/home/robosub/nuros_ws/install/yadd/share/yadd/hook/pythonpath.dsv'
[18.115s] INFO:colcon.colcon_core.shell:Creating environment hook '/home/robosub/nuros_ws/install/yadd/share/yadd/hook/pythonpath.sh'
[18.118s] Level 1:colcon.colcon_core.environment:checking '/home/robosub/nuros_ws/install/yadd/bin'
[18.118s] Level 1:colcon.colcon_core.environment:create_environment_scripts_only(yadd)
[18.123s] INFO:colcon.colcon_core.shell:Creating package script '/home/robosub/nuros_ws/install/yadd/share/yadd/package.ps1'
[18.126s] INFO:colcon.colcon_core.shell:Creating package descriptor '/home/robosub/nuros_ws/install/yadd/share/yadd/package.dsv'
[18.146s] INFO:colcon.colcon_core.shell:Creating package script '/home/robosub/nuros_ws/install/yadd/share/yadd/package.sh'
[18.149s] INFO:colcon.colcon_core.shell:Creating package script '/home/robosub/nuros_ws/install/yadd/share/yadd/package.bash'
[18.160s] INFO:colcon.colcon_core.shell:Creating package script '/home/robosub/nuros_ws/install/yadd/share/yadd/package.zsh'
[18.162s] Level 1:colcon.colcon_core.environment:create_file_with_runtime_dependencies(/home/robosub/nuros_ws/install/yadd/share/colcon-core/packages/yadd)
[18.413s] Level 1:colcon.colcon_core.environment:checking '/home/robosub/nuros_ws/install/pixhawk_interface' for CMake module files
[18.416s] Level 1:colcon.colcon_core.environment:checking '/home/robosub/nuros_ws/install/pixhawk_interface' for CMake config files
[18.418s] DEBUG:colcon.colcon_core.event_handler.log_command:Invoked command in '/home/robosub/nuros_ws/src/pixhawk_interface' returned '0': PYTHONPATH=/home/robosub/nuros_ws/build/pixhawk_interface/prefix_override:/home/robosub/nuros_ws/install/pixhawk_interface/lib/python3.8/site-packages: /usr/bin/python3 setup.py egg_info --egg-base ../../build/pixhawk_interface build --build-base /home/robosub/nuros_ws/build/pixhawk_interface/build install --record /home/robosub/nuros_ws/build/pixhawk_interface/install.log --install-scripts $base/lib/pixhawk_interface --single-version-externally-managed
[18.420s] Level 1:colcon.colcon_core.environment:checking '/home/robosub/nuros_ws/install/pixhawk_interface/lib'
[18.420s] Level 1:colcon.colcon_core.environment:checking '/home/robosub/nuros_ws/install/pixhawk_interface/bin'
[18.421s] Level 1:colcon.colcon_core.environment:checking '/home/robosub/nuros_ws/install/pixhawk_interface/lib/pkgconfig/pixhawk_interface.pc'
[18.421s] Level 1:colcon.colcon_core.environment:checking '/home/robosub/nuros_ws/install/pixhawk_interface/lib/python3.8/site-packages'
[18.422s] Level 1:colcon.colcon_core.shell:create_environment_hook('pixhawk_interface', 'pythonpath')
[18.426s] INFO:colcon.colcon_core.shell:Creating environment hook '/home/robosub/nuros_ws/install/pixhawk_interface/share/pixhawk_interface/hook/pythonpath.ps1'
[18.428s] INFO:colcon.colcon_core.shell:Creating environment descriptor '/home/robosub/nuros_ws/install/pixhawk_interface/share/pixhawk_interface/hook/pythonpath.dsv'
[18.439s] INFO:colcon.colcon_core.shell:Creating environment hook '/home/robosub/nuros_ws/install/pixhawk_interface/share/pixhawk_interface/hook/pythonpath.sh'
[18.442s] Level 1:colcon.colcon_core.environment:checking '/home/robosub/nuros_ws/install/pixhawk_interface/bin'
[18.442s] Level 1:colcon.colcon_core.environment:create_environment_scripts_only(pixhawk_interface)
[18.448s] INFO:colcon.colcon_core.shell:Creating package script '/home/robosub/nuros_ws/install/pixhawk_interface/share/pixhawk_interface/package.ps1'
[18.451s] INFO:colcon.colcon_core.shell:Creating package descriptor '/home/robosub/nuros_ws/install/pixhawk_interface/share/pixhawk_interface/package.dsv'
[18.453s] INFO:colcon.colcon_core.shell:Creating package script '/home/robosub/nuros_ws/install/pixhawk_interface/share/pixhawk_interface/package.sh'
[18.454s] INFO:colcon.colcon_core.shell:Creating package script '/home/robosub/nuros_ws/install/pixhawk_interface/share/pixhawk_interface/package.bash'
[18.456s] INFO:colcon.colcon_core.shell:Creating package script '/home/robosub/nuros_ws/install/pixhawk_interface/share/pixhawk_interface/package.zsh'
[18.457s] Level 1:colcon.colcon_core.environment:create_file_with_runtime_dependencies(/home/robosub/nuros_ws/install/pixhawk_interface/share/colcon-core/packages/pixhawk_interface)
[18.460s] DEBUG:colcon.colcon_parallel_executor.executor.parallel:closing loop
[18.460s] DEBUG:colcon.colcon_parallel_executor.executor.parallel:loop closed
[18.460s] DEBUG:colcon.colcon_parallel_executor.executor.parallel:run_until_complete finished with '0'
[18.461s] DEBUG:colcon.colcon_core.event_reactor:joining thread
[18.501s] INFO:colcon.colcon_core.plugin_system:Skipping extension 'colcon_notification.desktop_notification.terminal_notifier': Not used on non-Darwin systems
[18.501s] INFO:colcon.colcon_core.plugin_system:Skipping extension 'colcon_notification.desktop_notification.win32': Not used on non-Windows systems
[18.502s] INFO:colcon.colcon_notification.desktop_notification:Sending desktop notification using 'notify2'
[18.575s] DEBUG:colcon.colcon_notification.desktop_notification.notify2:Failed to initialize notify2: org.freedesktop.DBus.Error.Spawn.ChildExited: Process org.freedesktop.Notifications exited with status 1
[18.575s] DEBUG:colcon.colcon_core.event_reactor:joined thread
[18.583s] INFO:colcon.colcon_core.shell:Creating prefix script '/home/robosub/nuros_ws/install/local_setup.ps1'
[18.587s] INFO:colcon.colcon_core.shell:Creating prefix util module '/home/robosub/nuros_ws/install/_local_setup_util_ps1.py'
[18.596s] INFO:colcon.colcon_core.shell:Creating prefix chain script '/home/robosub/nuros_ws/install/setup.ps1'
[18.603s] INFO:colcon.colcon_core.shell:Creating prefix script '/home/robosub/nuros_ws/install/local_setup.sh'
[18.606s] INFO:colcon.colcon_core.shell:Creating prefix util module '/home/robosub/nuros_ws/install/_local_setup_util_sh.py'
[18.608s] INFO:colcon.colcon_core.shell:Creating prefix chain script '/home/robosub/nuros_ws/install/setup.sh'
[18.620s] INFO:colcon.colcon_core.shell:Creating prefix script '/home/robosub/nuros_ws/install/local_setup.bash'
[18.622s] INFO:colcon.colcon_core.shell:Creating prefix chain script '/home/robosub/nuros_ws/install/setup.bash'
[18.626s] INFO:colcon.colcon_core.shell:Creating prefix script '/home/robosub/nuros_ws/install/local_setup.zsh'
[18.629s] INFO:colcon.colcon_core.shell:Creating prefix chain script '/home/robosub/nuros_ws/install/setup.zsh'
