[11.265s] Invoking command in '/home/robosub/nuros_ws/src/image_processing': PYTHONPATH=/home/robosub/nuros_ws/build/image_processing/prefix_override:/home/robosub/nuros_ws/install/image_processing/lib/python3.8/site-packages: /usr/bin/python3 setup.py egg_info --egg-base ../../build/image_processing build --build-base /home/robosub/nuros_ws/build/image_processing/build install --record /home/robosub/nuros_ws/build/image_processing/install.log --install-scripts $base/lib/image_processing --single-version-externally-managed
[14.579s] running egg_info
[14.621s] writing ../../build/image_processing/image_processing.egg-info/PKG-INFO
[14.623s] writing dependency_links to ../../build/image_processing/image_processing.egg-info/dependency_links.txt
[14.623s] writing entry points to ../../build/image_processing/image_processing.egg-info/entry_points.txt
[14.624s] writing requirements to ../../build/image_processing/image_processing.egg-info/requires.txt
[14.625s] writing top-level names to ../../build/image_processing/image_processing.egg-info/top_level.txt
[14.824s] reading manifest file '../../build/image_processing/image_processing.egg-info/SOURCES.txt'
[14.824s] writing manifest file '../../build/image_processing/image_processing.egg-info/SOURCES.txt'
[14.825s] running build
[14.825s] running build_py
[14.826s] running install
[14.826s] running install_lib
[14.826s] running install_data
[14.826s] running install_egg_info
[14.827s] removing '/home/robosub/nuros_ws/install/image_processing/lib/python3.8/site-packages/image_processing-0.0.0-py3.8.egg-info' (and everything under it)
[14.827s] Copying ../../build/image_processing/image_processing.egg-info to /home/robosub/nuros_ws/install/image_processing/lib/python3.8/site-packages/image_processing-0.0.0-py3.8.egg-info
[14.827s] running install_scripts
[14.966s] Installing cv_imshow_node script to /home/robosub/nuros_ws/install/image_processing/lib/image_processing
[14.966s] writing list of installed files to '/home/robosub/nuros_ws/build/image_processing/install.log'
[15.654s] Invoked command in '/home/robosub/nuros_ws/src/image_processing' returned '0': PYTHONPATH=/home/robosub/nuros_ws/build/image_processing/prefix_override:/home/robosub/nuros_ws/install/image_processing/lib/python3.8/site-packages: /usr/bin/python3 setup.py egg_info --egg-base ../../build/image_processing build --build-base /home/robosub/nuros_ws/build/image_processing/build install --record /home/robosub/nuros_ws/build/image_processing/install.log --install-scripts $base/lib/image_processing --single-version-externally-managed
