[7.350s] Invoking command in '/home/robosub/nuros_ws/src/key_joy': PYTHONPATH=/home/robosub/nuros_ws/build/key_joy/prefix_override:/home/robosub/nuros_ws/install/key_joy/lib/python3.8/site-packages: /usr/bin/python3 setup.py egg_info --egg-base ../../build/key_joy build --build-base /home/robosub/nuros_ws/build/key_joy/build install --record /home/robosub/nuros_ws/build/key_joy/install.log --install-scripts $base/lib/key_joy --single-version-externally-managed
[8.205s] running egg_info
[8.208s] writing ../../build/key_joy/key_joy.egg-info/PKG-INFO
[8.349s] writing dependency_links to ../../build/key_joy/key_joy.egg-info/dependency_links.txt
[8.349s] writing entry points to ../../build/key_joy/key_joy.egg-info/entry_points.txt
[8.352s] writing requirements to ../../build/key_joy/key_joy.egg-info/requires.txt
[8.353s] writing top-level names to ../../build/key_joy/key_joy.egg-info/top_level.txt
[8.596s] reading manifest file '../../build/key_joy/key_joy.egg-info/SOURCES.txt'
[8.611s] writing manifest file '../../build/key_joy/key_joy.egg-info/SOURCES.txt'
[8.611s] running build
[8.612s] running build_py
[8.618s] running install
[8.630s] running install_lib
[8.635s] running install_data
[8.651s] running install_egg_info
[8.651s] removing '/home/robosub/nuros_ws/install/key_joy/lib/python3.8/site-packages/key_joy-0.0.0-py3.8.egg-info' (and everything under it)
[8.651s] Copying ../../build/key_joy/key_joy.egg-info to /home/robosub/nuros_ws/install/key_joy/lib/python3.8/site-packages/key_joy-0.0.0-py3.8.egg-info
[8.656s] running install_scripts
[8.729s] Installing joy_twist_node script to /home/robosub/nuros_ws/install/key_joy/lib/key_joy
[8.848s] Installing key_joy_node script to /home/robosub/nuros_ws/install/key_joy/lib/key_joy
[8.849s] writing list of installed files to '/home/robosub/nuros_ws/build/key_joy/install.log'
[9.059s] Invoked command in '/home/robosub/nuros_ws/src/key_joy' returned '0': PYTHONPATH=/home/robosub/nuros_ws/build/key_joy/prefix_override:/home/robosub/nuros_ws/install/key_joy/lib/python3.8/site-packages: /usr/bin/python3 setup.py egg_info --egg-base ../../build/key_joy build --build-base /home/robosub/nuros_ws/build/key_joy/build install --record /home/robosub/nuros_ws/build/key_joy/install.log --install-scripts $base/lib/key_joy --single-version-externally-managed
