[5.480s] Invoking command in '/home/robosub/nuros_ws/src/image_processing': PYTHONPATH=/home/robosub/nuros_ws/build/image_processing/prefix_override:/home/robosub/nuros_ws/install/image_processing/lib/python3.8/site-packages: /usr/bin/python3 setup.py egg_info --egg-base ../../build/image_processing build --build-base /home/robosub/nuros_ws/build/image_processing/build install --record /home/robosub/nuros_ws/build/image_processing/install.log --install-scripts $base/lib/image_processing --single-version-externally-managed
[6.426s] running egg_info
[6.428s] writing ../../build/image_processing/image_processing.egg-info/PKG-INFO
[6.429s] writing dependency_links to ../../build/image_processing/image_processing.egg-info/dependency_links.txt
[6.430s] writing entry points to ../../build/image_processing/image_processing.egg-info/entry_points.txt
[6.431s] writing requirements to ../../build/image_processing/image_processing.egg-info/requires.txt
[6.432s] writing top-level names to ../../build/image_processing/image_processing.egg-info/top_level.txt
[6.747s] reading manifest file '../../build/image_processing/image_processing.egg-info/SOURCES.txt'
[6.755s] writing manifest file '../../build/image_processing/image_processing.egg-info/SOURCES.txt'
[6.761s] running build
[6.761s] running build_py
[6.764s] running install
[6.767s] running install_lib
[6.774s] running install_data
[6.776s] running install_egg_info
[6.783s] removing '/home/robosub/nuros_ws/install/image_processing/lib/python3.8/site-packages/image_processing-0.0.0-py3.8.egg-info' (and everything under it)
[6.785s] Copying ../../build/image_processing/image_processing.egg-info to /home/robosub/nuros_ws/install/image_processing/lib/python3.8/site-packages/image_processing-0.0.0-py3.8.egg-info
[6.795s] running install_scripts
[6.955s] Installing cv_imshow_node script to /home/robosub/nuros_ws/install/image_processing/lib/image_processing
[6.956s] writing list of installed files to '/home/robosub/nuros_ws/build/image_processing/install.log'
[6.995s] Invoked command in '/home/robosub/nuros_ws/src/image_processing' returned '0': PYTHONPATH=/home/robosub/nuros_ws/build/image_processing/prefix_override:/home/robosub/nuros_ws/install/image_processing/lib/python3.8/site-packages: /usr/bin/python3 setup.py egg_info --egg-base ../../build/image_processing build --build-base /home/robosub/nuros_ws/build/image_processing/build install --record /home/robosub/nuros_ws/build/image_processing/install.log --install-scripts $base/lib/image_processing --single-version-externally-managed
