[3.378s] Invoking command in '/home/robosub/nuros_ws/src/yadd': PYTHONPATH=/home/robosub/nuros_ws/build/yadd/prefix_override:/home/robosub/nuros_ws/install/yadd/lib/python3.8/site-packages: /usr/bin/python3 setup.py egg_info --egg-base ../../build/yadd build --build-base /home/robosub/nuros_ws/build/yadd/build install --record /home/robosub/nuros_ws/build/yadd/install.log --install-scripts $base/lib/yadd --single-version-externally-managed
[4.105s] running egg_info
[4.107s] writing ../../build/yadd/yadd.egg-info/PKG-INFO
[4.109s] writing dependency_links to ../../build/yadd/yadd.egg-info/dependency_links.txt
[4.110s] writing entry points to ../../build/yadd/yadd.egg-info/entry_points.txt
[4.112s] writing requirements to ../../build/yadd/yadd.egg-info/requires.txt
[4.113s] writing top-level names to ../../build/yadd/yadd.egg-info/top_level.txt
[4.271s] reading manifest file '../../build/yadd/yadd.egg-info/SOURCES.txt'
[4.275s] writing manifest file '../../build/yadd/yadd.egg-info/SOURCES.txt'
[4.275s] running build
[4.276s] running build_py
[4.283s] running install
[4.288s] running install_lib
[4.297s] running install_data
[4.301s] running install_egg_info
[4.304s] removing '/home/robosub/nuros_ws/install/yadd/lib/python3.8/site-packages/yadd-0.0.0-py3.8.egg-info' (and everything under it)
[4.306s] Copying ../../build/yadd/yadd.egg-info to /home/robosub/nuros_ws/install/yadd/lib/python3.8/site-packages/yadd-0.0.0-py3.8.egg-info
[4.311s] running install_scripts
[4.382s] Installing dvl_driver script to /home/robosub/nuros_ws/install/yadd/lib/yadd
[4.384s] writing list of installed files to '/home/robosub/nuros_ws/build/yadd/install.log'
[4.492s] Invoked command in '/home/robosub/nuros_ws/src/yadd' returned '0': PYTHONPATH=/home/robosub/nuros_ws/build/yadd/prefix_override:/home/robosub/nuros_ws/install/yadd/lib/python3.8/site-packages: /usr/bin/python3 setup.py egg_info --egg-base ../../build/yadd build --build-base /home/robosub/nuros_ws/build/yadd/build install --record /home/robosub/nuros_ws/build/yadd/install.log --install-scripts $base/lib/yadd --single-version-externally-managed
