[9.969s] Invoking command in '/home/robosub/nuros_ws/src/key_joy': PYTHONPATH=/home/robosub/nuros_ws/build/key_joy/prefix_override:/home/robosub/nuros_ws/install/key_joy/lib/python3.8/site-packages: /usr/bin/python3 setup.py egg_info --egg-base ../../build/key_joy build --build-base /home/robosub/nuros_ws/build/key_joy/build install --record /home/robosub/nuros_ws/build/key_joy/install.log --install-scripts $base/lib/key_joy --single-version-externally-managed
[14.269s] running egg_info
[14.269s] writing ../../build/key_joy/key_joy.egg-info/PKG-INFO
[14.270s] writing dependency_links to ../../build/key_joy/key_joy.egg-info/dependency_links.txt
[14.283s] writing entry points to ../../build/key_joy/key_joy.egg-info/entry_points.txt
[14.284s] writing requirements to ../../build/key_joy/key_joy.egg-info/requires.txt
[14.285s] writing top-level names to ../../build/key_joy/key_joy.egg-info/top_level.txt
[15.014s] reading manifest file '../../build/key_joy/key_joy.egg-info/SOURCES.txt'
[15.015s] writing manifest file '../../build/key_joy/key_joy.egg-info/SOURCES.txt'
[15.016s] running build
[15.016s] running build_py
[15.016s] running install
[15.017s] running install_lib
[15.017s] running install_data
[15.018s] running install_egg_info
[15.020s] removing '/home/robosub/nuros_ws/install/key_joy/lib/python3.8/site-packages/key_joy-0.0.0-py3.8.egg-info' (and everything under it)
[15.021s] Copying ../../build/key_joy/key_joy.egg-info to /home/robosub/nuros_ws/install/key_joy/lib/python3.8/site-packages/key_joy-0.0.0-py3.8.egg-info
[15.050s] running install_scripts
[15.364s] Installing joy_twist_node script to /home/robosub/nuros_ws/install/key_joy/lib/key_joy
[15.364s] Installing key_joy_node script to /home/robosub/nuros_ws/install/key_joy/lib/key_joy
[15.365s] writing list of installed files to '/home/robosub/nuros_ws/build/key_joy/install.log'
[17.546s] Invoked command in '/home/robosub/nuros_ws/src/key_joy' returned '0': PYTHONPATH=/home/robosub/nuros_ws/build/key_joy/prefix_override:/home/robosub/nuros_ws/install/key_joy/lib/python3.8/site-packages: /usr/bin/python3 setup.py egg_info --egg-base ../../build/key_joy build --build-base /home/robosub/nuros_ws/build/key_joy/build install --record /home/robosub/nuros_ws/build/key_joy/install.log --install-scripts $base/lib/key_joy --single-version-externally-managed
