[12.794s] Invoking command in '/home/robosub/nuros_ws/src/key_joy': PYTHONPATH=/home/robosub/nuros_ws/build/key_joy/prefix_override:/home/robosub/nuros_ws/install/key_joy/lib/python3.8/site-packages: /usr/bin/python3 setup.py egg_info --egg-base ../../build/key_joy build --build-base /home/robosub/nuros_ws/build/key_joy/build install --record /home/robosub/nuros_ws/build/key_joy/install.log --install-scripts $base/lib/key_joy --single-version-externally-managed
[16.104s] running egg_info
[16.106s] writing ../../build/key_joy/key_joy.egg-info/PKG-INFO
[16.107s] writing dependency_links to ../../build/key_joy/key_joy.egg-info/dependency_links.txt
[16.107s] writing entry points to ../../build/key_joy/key_joy.egg-info/entry_points.txt
[16.108s] writing requirements to ../../build/key_joy/key_joy.egg-info/requires.txt
[16.108s] writing top-level names to ../../build/key_joy/key_joy.egg-info/top_level.txt
[16.718s] reading manifest file '../../build/key_joy/key_joy.egg-info/SOURCES.txt'
[16.722s] writing manifest file '../../build/key_joy/key_joy.egg-info/SOURCES.txt'
[16.808s] running build
[16.809s] running build_py
[16.810s] running install
[16.814s] running install_lib
[16.830s] running install_data
[16.832s] running install_egg_info
[16.839s] removing '/home/robosub/nuros_ws/install/key_joy/lib/python3.8/site-packages/key_joy-0.0.0-py3.8.egg-info' (and everything under it)
[16.840s] Copying ../../build/key_joy/key_joy.egg-info to /home/robosub/nuros_ws/install/key_joy/lib/python3.8/site-packages/key_joy-0.0.0-py3.8.egg-info
[16.846s] running install_scripts
[16.915s] Installing joy_twist_node script to /home/robosub/nuros_ws/install/key_joy/lib/key_joy
[16.916s] Installing key_joy_node script to /home/robosub/nuros_ws/install/key_joy/lib/key_joy
[17.005s] writing list of installed files to '/home/robosub/nuros_ws/build/key_joy/install.log'
[18.729s] Invoked command in '/home/robosub/nuros_ws/src/key_joy' returned '0': PYTHONPATH=/home/robosub/nuros_ws/build/key_joy/prefix_override:/home/robosub/nuros_ws/install/key_joy/lib/python3.8/site-packages: /usr/bin/python3 setup.py egg_info --egg-base ../../build/key_joy build --build-base /home/robosub/nuros_ws/build/key_joy/build install --record /home/robosub/nuros_ws/build/key_joy/install.log --install-scripts $base/lib/key_joy --single-version-externally-managed
