[1.836s] Invoking command in '/home/robosub/nuros_ws/build/interfaces': /usr/bin/cmake --build /home/robosub/nuros_ws/build/interfaces -- -j4 -l4
[4.194s] [  1%] Built target interfaces__cpp
[4.195s] [ 12%] Built target interfaces__rosidl_generator_c
[4.195s] [ 23%] Built target interfaces__rosidl_typesupport_introspection_cpp
[4.197s] [ 34%] Built target interfaces__rosidl_typesupport_cpp
[4.198s] [ 45%] Built target interfaces__rosidl_typesupport_fastrtps_cpp
[4.198s] [ 56%] Built target interfaces__rosidl_typesupport_c
[4.199s] [ 67%] Built target interfaces__rosidl_typesupport_introspection_c
[4.199s] [ 78%] Built target interfaces__rosidl_typesupport_fastrtps_c
[4.555s] [ 78%] Built target interfaces
[5.176s] [ 80%] Built target interfaces__py
[5.876s] [ 89%] Built target interfaces__python
[6.397s] [ 92%] Built target interfaces__rosidl_typesupport_introspection_c__pyext
[6.477s] [100%] Built target interfaces__rosidl_typesupport_fastrtps_c__pyext
[6.578s] [100%] Built target interfaces__rosidl_typesupport_c__pyext
[6.689s] Invoked command in '/home/robosub/nuros_ws/build/interfaces' returned '0': /usr/bin/cmake --build /home/robosub/nuros_ws/build/interfaces -- -j4 -l4
[7.630s] Invoking command in '/home/robosub/nuros_ws/build/interfaces': /usr/bin/cmake --install /home/robosub/nuros_ws/build/interfaces
[7.710s] -- Install configuration: ""
[7.713s] -- Up-to-date: /home/robosub/nuros_ws/install/interfaces/share/ament_index/resource_index/rosidl_interfaces/interfaces
[7.717s] -- Up-to-date: /home/robosub/nuros_ws/install/interfaces/include/interfaces
[7.718s] -- Up-to-date: /home/robosub/nuros_ws/install/interfaces/include/interfaces/msg
[7.721s] -- Up-to-date: /home/robosub/nuros_ws/install/interfaces/include/interfaces/msg/detail
[7.723s] -- Up-to-date: /home/robosub/nuros_ws/install/interfaces/include/interfaces/msg/detail/attitude__type_support.h
[7.724s] -- Up-to-date: /home/robosub/nuros_ws/install/interfaces/include/interfaces/msg/detail/attitude__functions.c
[7.724s] -- Up-to-date: /home/robosub/nuros_ws/install/interfaces/include/interfaces/msg/detail/attitude__functions.h
[7.725s] -- Up-to-date: /home/robosub/nuros_ws/install/interfaces/include/interfaces/msg/detail/attitude__struct.h
[7.725s] -- Up-to-date: /home/robosub/nuros_ws/install/interfaces/include/interfaces/msg/attitude.h
[7.725s] -- Up-to-date: /home/robosub/nuros_ws/install/interfaces/include/interfaces/msg/rosidl_generator_c__visibility_control.h
[7.726s] -- Up-to-date: /home/robosub/nuros_ws/install/interfaces/include/interfaces/srv
[7.727s] -- Up-to-date: /home/robosub/nuros_ws/install/interfaces/include/interfaces/srv/disarm_pixhawk.h
[7.731s] -- Up-to-date: /home/robosub/nuros_ws/install/interfaces/include/interfaces/srv/detail
[7.731s] -- Up-to-date: /home/robosub/nuros_ws/install/interfaces/include/interfaces/srv/detail/arm_pixhawk__struct.h
[7.732s] -- Up-to-date: /home/robosub/nuros_ws/install/interfaces/include/interfaces/srv/detail/arm_pixhawk__functions.h
[7.733s] -- Up-to-date: /home/robosub/nuros_ws/install/interfaces/include/interfaces/srv/detail/disarm_pixhawk__functions.h
[7.733s] -- Up-to-date: /home/robosub/nuros_ws/install/interfaces/include/interfaces/srv/detail/disarm_pixhawk__functions.c
[7.735s] -- Up-to-date: /home/robosub/nuros_ws/install/interfaces/include/interfaces/srv/detail/start_routine__functions.h
[7.736s] -- Up-to-date: /home/robosub/nuros_ws/install/interfaces/include/interfaces/srv/detail/disarm_pixhawk__type_support.h
[7.741s] -- Up-to-date: /home/robosub/nuros_ws/install/interfaces/include/interfaces/srv/detail/start_routine__struct.h
[7.741s] -- Up-to-date: /home/robosub/nuros_ws/install/interfaces/include/interfaces/srv/detail/disarm_pixhawk__struct.h
[7.741s] -- Up-to-date: /home/robosub/nuros_ws/install/interfaces/include/interfaces/srv/detail/start_routine__type_support.h
[7.742s] -- Up-to-date: /home/robosub/nuros_ws/install/interfaces/include/interfaces/srv/detail/arm_pixhawk__functions.c
[7.742s] -- Up-to-date: /home/robosub/nuros_ws/install/interfaces/include/interfaces/srv/detail/arm_pixhawk__type_support.h
[7.750s] -- Up-to-date: /home/robosub/nuros_ws/install/interfaces/include/interfaces/srv/detail/start_routine__functions.c
[7.751s] -- Up-to-date: /home/robosub/nuros_ws/install/interfaces/include/interfaces/srv/arm_pixhawk.h
[7.751s] -- Up-to-date: /home/robosub/nuros_ws/install/interfaces/include/interfaces/srv/start_routine.h
[7.752s] -- Up-to-date: /home/robosub/nuros_ws/install/interfaces/share/interfaces/environment/library_path.sh
[7.752s] -- Up-to-date: /home/robosub/nuros_ws/install/interfaces/share/interfaces/environment/library_path.dsv
[7.753s] -- Up-to-date: /home/robosub/nuros_ws/install/interfaces/lib/libinterfaces__rosidl_generator_c.so
[7.753s] -- Up-to-date: /home/robosub/nuros_ws/install/interfaces/include/interfaces
[7.753s] -- Up-to-date: /home/robosub/nuros_ws/install/interfaces/include/interfaces/msg
[7.754s] -- Up-to-date: /home/robosub/nuros_ws/install/interfaces/include/interfaces/msg/detail
[7.754s] -- Up-to-date: /home/robosub/nuros_ws/install/interfaces/include/interfaces/msg/detail/attitude__rosidl_typesupport_fastrtps_c.h
[7.755s] -- Up-to-date: /home/robosub/nuros_ws/install/interfaces/include/interfaces/msg/rosidl_typesupport_fastrtps_c__visibility_control.h
[7.755s] -- Up-to-date: /home/robosub/nuros_ws/install/interfaces/include/interfaces/srv
[7.755s] -- Up-to-date: /home/robosub/nuros_ws/install/interfaces/include/interfaces/srv/detail
[7.756s] -- Up-to-date: /home/robosub/nuros_ws/install/interfaces/include/interfaces/srv/detail/disarm_pixhawk__rosidl_typesupport_fastrtps_c.h
[7.762s] -- Up-to-date: /home/robosub/nuros_ws/install/interfaces/include/interfaces/srv/detail/arm_pixhawk__rosidl_typesupport_fastrtps_c.h
[7.763s] -- Up-to-date: /home/robosub/nuros_ws/install/interfaces/include/interfaces/srv/detail/start_routine__rosidl_typesupport_fastrtps_c.h
[7.763s] -- Up-to-date: /home/robosub/nuros_ws/install/interfaces/lib/libinterfaces__rosidl_typesupport_fastrtps_c.so
[7.763s] -- Up-to-date: /home/robosub/nuros_ws/install/interfaces/include/interfaces
[7.766s] -- Up-to-date: /home/robosub/nuros_ws/install/interfaces/include/interfaces/msg
[7.766s] -- Up-to-date: /home/robosub/nuros_ws/install/interfaces/include/interfaces/msg/detail
[7.766s] -- Up-to-date: /home/robosub/nuros_ws/install/interfaces/include/interfaces/msg/detail/attitude__rosidl_typesupport_fastrtps_cpp.hpp
[7.767s] -- Up-to-date: /home/robosub/nuros_ws/install/interfaces/include/interfaces/msg/detail/dds_fastrtps
[7.768s] -- Up-to-date: /home/robosub/nuros_ws/install/interfaces/include/interfaces/msg/rosidl_typesupport_fastrtps_cpp__visibility_control.h
[7.768s] -- Up-to-date: /home/robosub/nuros_ws/install/interfaces/include/interfaces/srv
[7.768s] -- Up-to-date: /home/robosub/nuros_ws/install/interfaces/include/interfaces/srv/detail
[7.769s] -- Up-to-date: /home/robosub/nuros_ws/install/interfaces/include/interfaces/srv/detail/disarm_pixhawk__rosidl_typesupport_fastrtps_cpp.hpp
[7.769s] -- Up-to-date: /home/robosub/nuros_ws/install/interfaces/include/interfaces/srv/detail/dds_fastrtps
[7.770s] -- Up-to-date: /home/robosub/nuros_ws/install/interfaces/include/interfaces/srv/detail/start_routine__rosidl_typesupport_fastrtps_cpp.hpp
[7.770s] -- Up-to-date: /home/robosub/nuros_ws/install/interfaces/include/interfaces/srv/detail/arm_pixhawk__rosidl_typesupport_fastrtps_cpp.hpp
[7.774s] -- Up-to-date: /home/robosub/nuros_ws/install/interfaces/lib/libinterfaces__rosidl_typesupport_fastrtps_cpp.so
[7.776s] -- Up-to-date: /home/robosub/nuros_ws/install/interfaces/include/interfaces
[7.780s] -- Up-to-date: /home/robosub/nuros_ws/install/interfaces/include/interfaces/msg
[7.781s] -- Up-to-date: /home/robosub/nuros_ws/install/interfaces/include/interfaces/msg/rosidl_typesupport_introspection_c__visibility_control.h
[7.782s] -- Up-to-date: /home/robosub/nuros_ws/install/interfaces/include/interfaces/msg/detail
[7.782s] -- Up-to-date: /home/robosub/nuros_ws/install/interfaces/include/interfaces/msg/detail/attitude__rosidl_typesupport_introspection_c.h
[7.783s] -- Up-to-date: /home/robosub/nuros_ws/install/interfaces/include/interfaces/msg/detail/attitude__type_support.c
[7.783s] -- Up-to-date: /home/robosub/nuros_ws/install/interfaces/include/interfaces/srv
[7.784s] -- Up-to-date: /home/robosub/nuros_ws/install/interfaces/include/interfaces/srv/detail
[7.784s] -- Up-to-date: /home/robosub/nuros_ws/install/interfaces/include/interfaces/srv/detail/start_routine__type_support.c
[7.784s] -- Up-to-date: /home/robosub/nuros_ws/install/interfaces/include/interfaces/srv/detail/arm_pixhawk__rosidl_typesupport_introspection_c.h
[7.785s] -- Up-to-date: /home/robosub/nuros_ws/install/interfaces/include/interfaces/srv/detail/arm_pixhawk__type_support.c
[7.785s] -- Up-to-date: /home/robosub/nuros_ws/install/interfaces/include/interfaces/srv/detail/disarm_pixhawk__rosidl_typesupport_introspection_c.h
[7.785s] -- Up-to-date: /home/robosub/nuros_ws/install/interfaces/include/interfaces/srv/detail/disarm_pixhawk__type_support.c
[7.786s] -- Up-to-date: /home/robosub/nuros_ws/install/interfaces/include/interfaces/srv/detail/start_routine__rosidl_typesupport_introspection_c.h
[7.788s] -- Up-to-date: /home/robosub/nuros_ws/install/interfaces/lib/libinterfaces__rosidl_typesupport_introspection_c.so
[7.794s] -- Up-to-date: /home/robosub/nuros_ws/install/interfaces/lib/libinterfaces__rosidl_typesupport_c.so
[7.796s] -- Up-to-date: /home/robosub/nuros_ws/install/interfaces/include/interfaces
[7.798s] -- Up-to-date: /home/robosub/nuros_ws/install/interfaces/include/interfaces/msg
[7.799s] -- Up-to-date: /home/robosub/nuros_ws/install/interfaces/include/interfaces/msg/attitude.hpp
[7.800s] -- Up-to-date: /home/robosub/nuros_ws/install/interfaces/include/interfaces/msg/detail
[7.800s] -- Up-to-date: /home/robosub/nuros_ws/install/interfaces/include/interfaces/msg/detail/attitude__struct.hpp
[7.801s] -- Up-to-date: /home/robosub/nuros_ws/install/interfaces/include/interfaces/msg/detail/attitude__traits.hpp
[7.801s] -- Up-to-date: /home/robosub/nuros_ws/install/interfaces/include/interfaces/msg/detail/attitude__builder.hpp
[7.801s] -- Up-to-date: /home/robosub/nuros_ws/install/interfaces/include/interfaces/srv
[7.802s] -- Up-to-date: /home/robosub/nuros_ws/install/interfaces/include/interfaces/srv/arm_pixhawk.hpp
[7.802s] -- Up-to-date: /home/robosub/nuros_ws/install/interfaces/include/interfaces/srv/detail
[7.803s] -- Up-to-date: /home/robosub/nuros_ws/install/interfaces/include/interfaces/srv/detail/disarm_pixhawk__struct.hpp
[7.803s] -- Up-to-date: /home/robosub/nuros_ws/install/interfaces/include/interfaces/srv/detail/arm_pixhawk__builder.hpp
[7.804s] -- Up-to-date: /home/robosub/nuros_ws/install/interfaces/include/interfaces/srv/detail/start_routine__traits.hpp
[7.804s] -- Up-to-date: /home/robosub/nuros_ws/install/interfaces/include/interfaces/srv/detail/arm_pixhawk__traits.hpp
[7.805s] -- Up-to-date: /home/robosub/nuros_ws/install/interfaces/include/interfaces/srv/detail/arm_pixhawk__struct.hpp
[7.805s] -- Up-to-date: /home/robosub/nuros_ws/install/interfaces/include/interfaces/srv/detail/start_routine__struct.hpp
[7.805s] -- Up-to-date: /home/robosub/nuros_ws/install/interfaces/include/interfaces/srv/detail/disarm_pixhawk__builder.hpp
[7.806s] -- Up-to-date: /home/robosub/nuros_ws/install/interfaces/include/interfaces/srv/detail/disarm_pixhawk__traits.hpp
[7.806s] -- Up-to-date: /home/robosub/nuros_ws/install/interfaces/include/interfaces/srv/detail/start_routine__builder.hpp
[7.806s] -- Up-to-date: /home/robosub/nuros_ws/install/interfaces/include/interfaces/srv/start_routine.hpp
[7.807s] -- Up-to-date: /home/robosub/nuros_ws/install/interfaces/include/interfaces/srv/disarm_pixhawk.hpp
[7.807s] -- Up-to-date: /home/robosub/nuros_ws/install/interfaces/include/interfaces
[7.807s] -- Up-to-date: /home/robosub/nuros_ws/install/interfaces/include/interfaces/msg
[7.808s] -- Up-to-date: /home/robosub/nuros_ws/install/interfaces/include/interfaces/msg/detail
[7.808s] -- Up-to-date: /home/robosub/nuros_ws/install/interfaces/include/interfaces/msg/detail/attitude__rosidl_typesupport_introspection_cpp.hpp
[7.809s] -- Up-to-date: /home/robosub/nuros_ws/install/interfaces/include/interfaces/msg/detail/attitude__type_support.cpp
[7.809s] -- Up-to-date: /home/robosub/nuros_ws/install/interfaces/include/interfaces/srv
[7.814s] -- Up-to-date: /home/robosub/nuros_ws/install/interfaces/include/interfaces/srv/detail
[7.814s] -- Up-to-date: /home/robosub/nuros_ws/install/interfaces/include/interfaces/srv/detail/disarm_pixhawk__type_support.cpp
[7.817s] -- Up-to-date: /home/robosub/nuros_ws/install/interfaces/include/interfaces/srv/detail/start_routine__rosidl_typesupport_introspection_cpp.hpp
[7.817s] -- Up-to-date: /home/robosub/nuros_ws/install/interfaces/include/interfaces/srv/detail/start_routine__type_support.cpp
[7.817s] -- Up-to-date: /home/robosub/nuros_ws/install/interfaces/include/interfaces/srv/detail/arm_pixhawk__type_support.cpp
[7.818s] -- Up-to-date: /home/robosub/nuros_ws/install/interfaces/include/interfaces/srv/detail/disarm_pixhawk__rosidl_typesupport_introspection_cpp.hpp
[7.818s] -- Up-to-date: /home/robosub/nuros_ws/install/interfaces/include/interfaces/srv/detail/arm_pixhawk__rosidl_typesupport_introspection_cpp.hpp
[7.824s] -- Up-to-date: /home/robosub/nuros_ws/install/interfaces/lib/libinterfaces__rosidl_typesupport_introspection_cpp.so
[7.835s] -- Up-to-date: /home/robosub/nuros_ws/install/interfaces/lib/libinterfaces__rosidl_typesupport_cpp.so
[7.845s] -- Up-to-date: /home/robosub/nuros_ws/install/interfaces/share/interfaces/environment/pythonpath.sh
[7.845s] -- Up-to-date: /home/robosub/nuros_ws/install/interfaces/share/interfaces/environment/pythonpath.dsv
[7.846s] -- Up-to-date: /home/robosub/nuros_ws/install/interfaces/lib/python3.8/site-packages/interfaces/__init__.py
[8.097s] -- Up-to-date: /home/robosub/nuros_ws/install/interfaces/lib/python3.8/site-packages/interfaces/srv
[8.098s] -- Up-to-date: /home/robosub/nuros_ws/install/interfaces/lib/python3.8/site-packages/interfaces/srv/_arm_pixhawk.py
[8.101s] -- Up-to-date: /home/robosub/nuros_ws/install/interfaces/lib/python3.8/site-packages/interfaces/srv/_arm_pixhawk_s.c
[8.103s] -- Up-to-date: /home/robosub/nuros_ws/install/interfaces/lib/python3.8/site-packages/interfaces/srv/_start_routine_s.c
[8.105s] -- Up-to-date: /home/robosub/nuros_ws/install/interfaces/lib/python3.8/site-packages/interfaces/srv/_start_routine.py
[8.105s] -- Up-to-date: /home/robosub/nuros_ws/install/interfaces/lib/python3.8/site-packages/interfaces/srv/_disarm_pixhawk.py
[8.107s] -- Up-to-date: /home/robosub/nuros_ws/install/interfaces/lib/python3.8/site-packages/interfaces/srv/_disarm_pixhawk_s.c
[8.108s] -- Up-to-date: /home/robosub/nuros_ws/install/interfaces/lib/python3.8/site-packages/interfaces/srv/__init__.py
[8.108s] -- Up-to-date: /home/robosub/nuros_ws/install/interfaces/lib/python3.8/site-packages/interfaces/msg
[8.115s] -- Up-to-date: /home/robosub/nuros_ws/install/interfaces/lib/python3.8/site-packages/interfaces/msg/_attitude_s.c
[8.115s] -- Up-to-date: /home/robosub/nuros_ws/install/interfaces/lib/python3.8/site-packages/interfaces/msg/_attitude.py
[8.115s] -- Up-to-date: /home/robosub/nuros_ws/install/interfaces/lib/python3.8/site-packages/interfaces/msg/__init__.py
[8.124s] -- Up-to-date: /home/robosub/nuros_ws/install/interfaces/lib/python3.8/site-packages/interfaces/interfaces_s__rosidl_typesupport_fastrtps_c.cpython-38-aarch64-linux-gnu.so
[8.128s] -- Up-to-date: /home/robosub/nuros_ws/install/interfaces/lib/python3.8/site-packages/interfaces/interfaces_s__rosidl_typesupport_introspection_c.cpython-38-aarch64-linux-gnu.so
[8.135s] -- Up-to-date: /home/robosub/nuros_ws/install/interfaces/lib/python3.8/site-packages/interfaces/interfaces_s__rosidl_typesupport_c.cpython-38-aarch64-linux-gnu.so
[8.146s] -- Up-to-date: /home/robosub/nuros_ws/install/interfaces/lib/libinterfaces__python.so
[8.150s] -- Up-to-date: /home/robosub/nuros_ws/install/interfaces/share/interfaces/srv/ArmPixhawk.idl
[8.155s] -- Up-to-date: /home/robosub/nuros_ws/install/interfaces/share/interfaces/srv/DisarmPixhawk.idl
[8.157s] -- Up-to-date: /home/robosub/nuros_ws/install/interfaces/share/interfaces/srv/StartRoutine.idl
[8.157s] -- Up-to-date: /home/robosub/nuros_ws/install/interfaces/share/interfaces/msg/Attitude.idl
[8.158s] -- Up-to-date: /home/robosub/nuros_ws/install/interfaces/share/interfaces/srv/ArmPixhawk.srv
[8.158s] -- Up-to-date: /home/robosub/nuros_ws/install/interfaces/share/interfaces/srv/ArmPixhawk_Request.msg
[8.159s] -- Up-to-date: /home/robosub/nuros_ws/install/interfaces/share/interfaces/srv/ArmPixhawk_Response.msg
[8.159s] -- Up-to-date: /home/robosub/nuros_ws/install/interfaces/share/interfaces/srv/DisarmPixhawk.srv
[8.161s] -- Up-to-date: /home/robosub/nuros_ws/install/interfaces/share/interfaces/srv/DisarmPixhawk_Request.msg
[8.162s] -- Up-to-date: /home/robosub/nuros_ws/install/interfaces/share/interfaces/srv/DisarmPixhawk_Response.msg
[8.163s] -- Up-to-date: /home/robosub/nuros_ws/install/interfaces/share/interfaces/srv/StartRoutine.srv
[8.164s] -- Up-to-date: /home/robosub/nuros_ws/install/interfaces/share/interfaces/srv/StartRoutine_Request.msg
[8.166s] -- Up-to-date: /home/robosub/nuros_ws/install/interfaces/share/interfaces/srv/StartRoutine_Response.msg
[8.167s] -- Up-to-date: /home/robosub/nuros_ws/install/interfaces/share/interfaces/msg/Attitude.msg
[8.169s] -- Up-to-date: /home/robosub/nuros_ws/install/interfaces/share/ament_index/resource_index/package_run_dependencies/interfaces
[8.177s] -- Up-to-date: /home/robosub/nuros_ws/install/interfaces/share/ament_index/resource_index/parent_prefix_path/interfaces
[8.179s] -- Up-to-date: /home/robosub/nuros_ws/install/interfaces/share/interfaces/environment/ament_prefix_path.sh
[8.179s] -- Up-to-date: /home/robosub/nuros_ws/install/interfaces/share/interfaces/environment/ament_prefix_path.dsv
[8.180s] -- Up-to-date: /home/robosub/nuros_ws/install/interfaces/share/interfaces/environment/path.sh
[8.180s] -- Up-to-date: /home/robosub/nuros_ws/install/interfaces/share/interfaces/environment/path.dsv
[8.181s] -- Up-to-date: /home/robosub/nuros_ws/install/interfaces/share/interfaces/local_setup.bash
[8.181s] -- Up-to-date: /home/robosub/nuros_ws/install/interfaces/share/interfaces/local_setup.sh
[8.182s] -- Up-to-date: /home/robosub/nuros_ws/install/interfaces/share/interfaces/local_setup.zsh
[8.184s] -- Up-to-date: /home/robosub/nuros_ws/install/interfaces/share/interfaces/local_setup.dsv
[8.185s] -- Installing: /home/robosub/nuros_ws/install/interfaces/share/interfaces/package.dsv
[8.328s] -- Up-to-date: /home/robosub/nuros_ws/install/interfaces/share/ament_index/resource_index/packages/interfaces
[8.334s] -- Up-to-date: /home/robosub/nuros_ws/install/interfaces/share/interfaces/cmake/interfaces__rosidl_generator_cExport.cmake
[8.335s] -- Up-to-date: /home/robosub/nuros_ws/install/interfaces/share/interfaces/cmake/interfaces__rosidl_generator_cExport-noconfig.cmake
[8.337s] -- Up-to-date: /home/robosub/nuros_ws/install/interfaces/share/interfaces/cmake/interfaces__rosidl_typesupport_introspection_cExport.cmake
[8.338s] -- Up-to-date: /home/robosub/nuros_ws/install/interfaces/share/interfaces/cmake/interfaces__rosidl_typesupport_introspection_cExport-noconfig.cmake
[8.340s] -- Up-to-date: /home/robosub/nuros_ws/install/interfaces/share/interfaces/cmake/interfaces__rosidl_typesupport_cExport.cmake
[8.340s] -- Up-to-date: /home/robosub/nuros_ws/install/interfaces/share/interfaces/cmake/interfaces__rosidl_typesupport_cExport-noconfig.cmake
[8.342s] -- Up-to-date: /home/robosub/nuros_ws/install/interfaces/share/interfaces/cmake/interfaces__rosidl_generator_cppExport.cmake
[8.345s] -- Up-to-date: /home/robosub/nuros_ws/install/interfaces/share/interfaces/cmake/interfaces__rosidl_typesupport_introspection_cppExport.cmake
[8.345s] -- Up-to-date: /home/robosub/nuros_ws/install/interfaces/share/interfaces/cmake/interfaces__rosidl_typesupport_introspection_cppExport-noconfig.cmake
[8.354s] -- Up-to-date: /home/robosub/nuros_ws/install/interfaces/share/interfaces/cmake/interfaces__rosidl_typesupport_cppExport.cmake
[8.356s] -- Up-to-date: /home/robosub/nuros_ws/install/interfaces/share/interfaces/cmake/interfaces__rosidl_typesupport_cppExport-noconfig.cmake
[8.357s] -- Up-to-date: /home/robosub/nuros_ws/install/interfaces/share/interfaces/cmake/rosidl_cmake-extras.cmake
[8.362s] -- Up-to-date: /home/robosub/nuros_ws/install/interfaces/share/interfaces/cmake/ament_cmake_export_dependencies-extras.cmake
[8.363s] -- Up-to-date: /home/robosub/nuros_ws/install/interfaces/share/interfaces/cmake/ament_cmake_export_libraries-extras.cmake
[8.363s] -- Up-to-date: /home/robosub/nuros_ws/install/interfaces/share/interfaces/cmake/ament_cmake_export_targets-extras.cmake
[8.364s] -- Up-to-date: /home/robosub/nuros_ws/install/interfaces/share/interfaces/cmake/ament_cmake_export_include_directories-extras.cmake
[8.365s] -- Up-to-date: /home/robosub/nuros_ws/install/interfaces/share/interfaces/cmake/rosidl_cmake_export_typesupport_libraries-extras.cmake
[8.369s] -- Up-to-date: /home/robosub/nuros_ws/install/interfaces/share/interfaces/cmake/rosidl_cmake_export_typesupport_targets-extras.cmake
[8.379s] -- Up-to-date: /home/robosub/nuros_ws/install/interfaces/share/interfaces/cmake/interfacesConfig.cmake
[8.379s] -- Up-to-date: /home/robosub/nuros_ws/install/interfaces/share/interfaces/cmake/interfacesConfig-version.cmake
[8.385s] -- Up-to-date: /home/robosub/nuros_ws/install/interfaces/share/interfaces/package.xml
[8.554s] Invoked command in '/home/robosub/nuros_ws/build/interfaces' returned '0': /usr/bin/cmake --install /home/robosub/nuros_ws/build/interfaces
