[3.684s] Invoking command in '/home/robosub/nuros_ws/src/yadd': PYTHONPATH=/home/robosub/nuros_ws/build/yadd/prefix_override:/home/robosub/nuros_ws/install/yadd/lib/python3.8/site-packages: /usr/bin/python3 setup.py egg_info --egg-base ../../build/yadd build --build-base /home/robosub/nuros_ws/build/yadd/build install --record /home/robosub/nuros_ws/build/yadd/install.log --install-scripts $base/lib/yadd --single-version-externally-managed
[4.486s] running egg_info
[4.488s] writing ../../build/yadd/yadd.egg-info/PKG-INFO
[4.489s] writing dependency_links to ../../build/yadd/yadd.egg-info/dependency_links.txt
[4.490s] writing entry points to ../../build/yadd/yadd.egg-info/entry_points.txt
[4.491s] writing requirements to ../../build/yadd/yadd.egg-info/requires.txt
[4.491s] writing top-level names to ../../build/yadd/yadd.egg-info/top_level.txt
[4.654s] reading manifest file '../../build/yadd/yadd.egg-info/SOURCES.txt'
[4.655s] writing manifest file '../../build/yadd/yadd.egg-info/SOURCES.txt'
[4.656s] running build
[4.656s] running build_py
[4.657s] running install
[4.657s] running install_lib
[4.662s] running install_data
[4.664s] running install_egg_info
[4.674s] removing '/home/robosub/nuros_ws/install/yadd/lib/python3.8/site-packages/yadd-0.0.0-py3.8.egg-info' (and everything under it)
[4.675s] Copying ../../build/yadd/yadd.egg-info to /home/robosub/nuros_ws/install/yadd/lib/python3.8/site-packages/yadd-0.0.0-py3.8.egg-info
[4.676s] running install_scripts
[4.736s] Installing dvl_driver script to /home/robosub/nuros_ws/install/yadd/lib/yadd
[4.738s] writing list of installed files to '/home/robosub/nuros_ws/build/yadd/install.log'
[4.827s] Invoked command in '/home/robosub/nuros_ws/src/yadd' returned '0': PYTHONPATH=/home/robosub/nuros_ws/build/yadd/prefix_override:/home/robosub/nuros_ws/install/yadd/lib/python3.8/site-packages: /usr/bin/python3 setup.py egg_info --egg-base ../../build/yadd build --build-base /home/robosub/nuros_ws/build/yadd/build install --record /home/robosub/nuros_ws/build/yadd/install.log --install-scripts $base/lib/yadd --single-version-externally-managed
