[3.468s] Invoking command in '/home/robosub/nuros_ws/src/pixhawk_interface': PYTHONPATH=/home/robosub/nuros_ws/build/pixhawk_interface/prefix_override:/home/robosub/nuros_ws/install/pixhawk_interface/lib/python3.8/site-packages: /usr/bin/python3 setup.py egg_info --egg-base ../../build/pixhawk_interface build --build-base /home/robosub/nuros_ws/build/pixhawk_interface/build install --record /home/robosub/nuros_ws/build/pixhawk_interface/install.log --install-scripts $base/lib/pixhawk_interface --single-version-externally-managed
[4.194s] running egg_info
[4.199s] writing ../../build/pixhawk_interface/pixhawk_interface.egg-info/PKG-INFO
[4.201s] writing dependency_links to ../../build/pixhawk_interface/pixhawk_interface.egg-info/dependency_links.txt
[4.202s] writing entry points to ../../build/pixhawk_interface/pixhawk_interface.egg-info/entry_points.txt
[4.203s] writing requirements to ../../build/pixhawk_interface/pixhawk_interface.egg-info/requires.txt
[4.204s] writing top-level names to ../../build/pixhawk_interface/pixhawk_interface.egg-info/top_level.txt
[4.348s] reading manifest file '../../build/pixhawk_interface/pixhawk_interface.egg-info/SOURCES.txt'
[4.352s] writing manifest file '../../build/pixhawk_interface/pixhawk_interface.egg-info/SOURCES.txt'
[4.353s] running build
[4.353s] running build_py
[4.355s] running install
[4.358s] running install_lib
[4.364s] running install_data
[4.366s] running install_egg_info
[4.436s] removing '/home/robosub/nuros_ws/install/pixhawk_interface/lib/python3.8/site-packages/pixhawk_interface-0.0.0-py3.8.egg-info' (and everything under it)
[4.438s] Copying ../../build/pixhawk_interface/pixhawk_interface.egg-info to /home/robosub/nuros_ws/install/pixhawk_interface/lib/python3.8/site-packages/pixhawk_interface-0.0.0-py3.8.egg-info
[4.443s] running install_scripts
[4.516s] Installing interface_node script to /home/robosub/nuros_ws/install/pixhawk_interface/lib/pixhawk_interface
[4.540s] writing list of installed files to '/home/robosub/nuros_ws/build/pixhawk_interface/install.log'
[4.622s] Invoked command in '/home/robosub/nuros_ws/src/pixhawk_interface' returned '0': PYTHONPATH=/home/robosub/nuros_ws/build/pixhawk_interface/prefix_override:/home/robosub/nuros_ws/install/pixhawk_interface/lib/python3.8/site-packages: /usr/bin/python3 setup.py egg_info --egg-base ../../build/pixhawk_interface build --build-base /home/robosub/nuros_ws/build/pixhawk_interface/build install --record /home/robosub/nuros_ws/build/pixhawk_interface/install.log --install-scripts $base/lib/pixhawk_interface --single-version-externally-managed
