[3.904s] Invoking command in '/home/robosub/nuros_ws/src/main_head': PYTHONPATH=/home/robosub/nuros_ws/build/main_head/prefix_override:/home/robosub/nuros_ws/install/main_head/lib/python3.8/site-packages:${PYTHONPATH} /usr/bin/python3 setup.py egg_info --egg-base ../../build/main_head build --build-base /home/robosub/nuros_ws/build/main_head/build install --record /home/robosub/nuros_ws/build/main_head/install.log --install-scripts $base/lib/main_head --single-version-externally-managed
[4.832s] running egg_info
[4.834s] writing ../../build/main_head/main_head.egg-info/PKG-INFO
[4.836s] writing dependency_links to ../../build/main_head/main_head.egg-info/dependency_links.txt
[4.837s] writing entry points to ../../build/main_head/main_head.egg-info/entry_points.txt
[4.843s] writing requirements to ../../build/main_head/main_head.egg-info/requires.txt
[4.845s] writing top-level names to ../../build/main_head/main_head.egg-info/top_level.txt
[4.983s] reading manifest file '../../build/main_head/main_head.egg-info/SOURCES.txt'
[4.987s] writing manifest file '../../build/main_head/main_head.egg-info/SOURCES.txt'
[4.988s] running build
[4.988s] running build_py
[4.990s] running install
[4.993s] running install_lib
[4.999s] running install_data
[5.001s] running install_egg_info
[5.008s] removing '/home/robosub/nuros_ws/install/main_head/lib/python3.8/site-packages/main_head-0.0.0-py3.8.egg-info' (and everything under it)
[5.010s] Copying ../../build/main_head/main_head.egg-info to /home/robosub/nuros_ws/install/main_head/lib/python3.8/site-packages/main_head-0.0.0-py3.8.egg-info
[5.015s] running install_scripts
[5.080s] Installing master_node script to /home/robosub/nuros_ws/install/main_head/lib/main_head
[5.082s] writing list of installed files to '/home/robosub/nuros_ws/build/main_head/install.log'
[5.195s] Invoked command in '/home/robosub/nuros_ws/src/main_head' returned '0': PYTHONPATH=/home/robosub/nuros_ws/build/main_head/prefix_override:/home/robosub/nuros_ws/install/main_head/lib/python3.8/site-packages:${PYTHONPATH} /usr/bin/python3 setup.py egg_info --egg-base ../../build/main_head build --build-base /home/robosub/nuros_ws/build/main_head/build install --record /home/robosub/nuros_ws/build/main_head/install.log --install-scripts $base/lib/main_head --single-version-externally-managed
