[6.635s] Invoking command in '/home/robosub/nuros_ws/src/main_head': PYTHONPATH=/home/robosub/nuros_ws/build/main_head/prefix_override:/home/robosub/nuros_ws/install/main_head/lib/python3.8/site-packages: /usr/bin/python3 setup.py egg_info --egg-base ../../build/main_head build --build-base /home/robosub/nuros_ws/build/main_head/build install --record /home/robosub/nuros_ws/build/main_head/install.log --install-scripts $base/lib/main_head --single-version-externally-managed
[8.550s] running egg_info
[8.553s] writing ../../build/main_head/main_head.egg-info/PKG-INFO
[8.556s] writing dependency_links to ../../build/main_head/main_head.egg-info/dependency_links.txt
[8.615s] writing entry points to ../../build/main_head/main_head.egg-info/entry_points.txt
[8.616s] writing requirements to ../../build/main_head/main_head.egg-info/requires.txt
[8.616s] writing top-level names to ../../build/main_head/main_head.egg-info/top_level.txt
[8.793s] reading manifest file '../../build/main_head/main_head.egg-info/SOURCES.txt'
[8.797s] writing manifest file '../../build/main_head/main_head.egg-info/SOURCES.txt'
[8.797s] running build
[8.798s] running build_py
[8.831s] running install
[8.834s] running install_lib
[8.862s] running install_data
[8.879s] running install_egg_info
[8.903s] removing '/home/robosub/nuros_ws/install/main_head/lib/python3.8/site-packages/main_head-0.0.0-py3.8.egg-info' (and everything under it)
[8.906s] Copying ../../build/main_head/main_head.egg-info to /home/robosub/nuros_ws/install/main_head/lib/python3.8/site-packages/main_head-0.0.0-py3.8.egg-info
[8.935s] running install_scripts
[9.208s] Installing master_node script to /home/robosub/nuros_ws/install/main_head/lib/main_head
[9.257s] writing list of installed files to '/home/robosub/nuros_ws/build/main_head/install.log'
[9.744s] Invoked command in '/home/robosub/nuros_ws/src/main_head' returned '0': PYTHONPATH=/home/robosub/nuros_ws/build/main_head/prefix_override:/home/robosub/nuros_ws/install/main_head/lib/python3.8/site-packages: /usr/bin/python3 setup.py egg_info --egg-base ../../build/main_head build --build-base /home/robosub/nuros_ws/build/main_head/build install --record /home/robosub/nuros_ws/build/main_head/install.log --install-scripts $base/lib/main_head --single-version-externally-managed
