[6.466s] Invoking command in '/home/robosub/nuros_ws/src/launch_all': PYTHONPATH=/home/robosub/nuros_ws/build/launch_all/prefix_override:/home/robosub/nuros_ws/install/launch_all/lib/python3.8/site-packages: /usr/bin/python3 setup.py egg_info --egg-base ../../build/launch_all build --build-base /home/robosub/nuros_ws/build/launch_all/build install --record /home/robosub/nuros_ws/build/launch_all/install.log --install-scripts $base/lib/launch_all --single-version-externally-managed
[7.296s] running egg_info
[7.297s] writing ../../build/launch_all/launch_all.egg-info/PKG-INFO
[7.407s] writing dependency_links to ../../build/launch_all/launch_all.egg-info/dependency_links.txt
[7.408s] writing entry points to ../../build/launch_all/launch_all.egg-info/entry_points.txt
[7.409s] writing requirements to ../../build/launch_all/launch_all.egg-info/requires.txt
[7.409s] writing top-level names to ../../build/launch_all/launch_all.egg-info/top_level.txt
[7.712s] reading manifest file '../../build/launch_all/launch_all.egg-info/SOURCES.txt'
[7.717s] writing manifest file '../../build/launch_all/launch_all.egg-info/SOURCES.txt'
[7.718s] running build
[7.721s] running build_py
[7.727s] running install
[7.731s] running install_lib
[7.739s] running install_data
[7.743s] running install_egg_info
[7.752s] removing '/home/robosub/nuros_ws/install/launch_all/lib/python3.8/site-packages/launch_all-0.0.0-py3.8.egg-info' (and everything under it)
[7.752s] Copying ../../build/launch_all/launch_all.egg-info to /home/robosub/nuros_ws/install/launch_all/lib/python3.8/site-packages/launch_all-0.0.0-py3.8.egg-info
[7.759s] running install_scripts
[7.834s] writing list of installed files to '/home/robosub/nuros_ws/build/launch_all/install.log'
[8.005s] Invoked command in '/home/robosub/nuros_ws/src/launch_all' returned '0': PYTHONPATH=/home/robosub/nuros_ws/build/launch_all/prefix_override:/home/robosub/nuros_ws/install/launch_all/lib/python3.8/site-packages: /usr/bin/python3 setup.py egg_info --egg-base ../../build/launch_all build --build-base /home/robosub/nuros_ws/build/launch_all/build install --record /home/robosub/nuros_ws/build/launch_all/install.log --install-scripts $base/lib/launch_all --single-version-externally-managed
