[1.034s] DEBUG:colcon:Command line arguments: ['/usr/bin/colcon', 'build']
[1.034s] DEBUG:colcon:Parsed command line arguments: Namespace(allow_overriding=[], ament_cmake_args=None, base_paths=['.'], build_base='build', catkin_cmake_args=None, catkin_skip_building_tests=False, cmake_args=None, cmake_clean_cache=False, cmake_clean_first=False, cmake_force_configure=False, cmake_target=None, cmake_target_skip_unavailable=False, continue_on_error=False, event_handlers=None, executor='parallel', ignore_user_meta=False, install_base='install', log_base=None, log_level=None, main=<bound method BuildVerb.main of <colcon_core.verb.build.BuildVerb object at 0xffff85ea1df0>>, merge_install=False, metas=['./colcon.meta'], packages_above=None, packages_above_and_dependencies=None, packages_above_depth=None, packages_end=None, packages_ignore=None, packages_ignore_regex=None, packages_select=None, packages_select_build_failed=False, packages_select_by_dep=None, packages_select_regex=None, packages_select_test_failures=False, packages_skip=None, packages_skip_build_finished=False, packages_skip_by_dep=None, packages_skip_regex=None, packages_skip_test_passed=False, packages_skip_up_to=None, packages_start=None, packages_up_to=None, packages_up_to_regex=None, parallel_workers=4, paths=None, symlink_install=False, test_result_base=None, verb_extension=<colcon_core.verb.build.BuildVerb object at 0xffff85ea1df0>, verb_name='build', verb_parser=<colcon_defaults.argument_parser.defaults.DefaultArgumentsDecorator object at 0xffff85ead3a0>)
[1.125s] Level 1:colcon.colcon_core.package_discovery:discover_packages(colcon_meta) check parameters
[1.126s] Level 1:colcon.colcon_core.package_discovery:discover_packages(recursive) check parameters
[1.126s] Level 1:colcon.colcon_core.package_discovery:discover_packages(ignore) check parameters
[1.126s] Level 1:colcon.colcon_core.package_discovery:discover_packages(path) check parameters
[1.126s] Level 1:colcon.colcon_core.package_discovery:discover_packages(colcon_meta) discover
[1.127s] Level 1:colcon.colcon_core.package_discovery:discover_packages(recursive) discover
[1.127s] INFO:colcon.colcon_core.package_discovery:Crawling recursively for packages in '/home/robosub/nuros_ws'
[1.127s] Level 1:colcon.colcon_core.package_identification:_identify(.) by extensions ['ignore', 'ignore_ament_install']
[1.128s] Level 1:colcon.colcon_core.package_identification:_identify(.) by extension 'ignore'
[1.128s] Level 1:colcon.colcon_core.package_identification:_identify(.) by extension 'ignore_ament_install'
[1.128s] Level 1:colcon.colcon_core.package_identification:_identify(.) by extensions ['colcon_pkg']
[1.128s] Level 1:colcon.colcon_core.package_identification:_identify(.) by extension 'colcon_pkg'
[1.128s] Level 1:colcon.colcon_core.package_identification:_identify(.) by extensions ['colcon_meta']
[1.128s] Level 1:colcon.colcon_core.package_identification:_identify(.) by extension 'colcon_meta'
[1.129s] Level 1:colcon.colcon_core.package_identification:_identify(.) by extensions ['ros']
[1.129s] Level 1:colcon.colcon_core.package_identification:_identify(.) by extension 'ros'
[1.199s] Level 1:colcon.colcon_core.package_identification:_identify(.) by extensions ['cmake', 'python']
[1.199s] Level 1:colcon.colcon_core.package_identification:_identify(.) by extension 'cmake'
[1.199s] Level 1:colcon.colcon_core.package_identification:_identify(.) by extension 'python'
[1.200s] Level 1:colcon.colcon_core.package_identification:_identify(.) by extensions ['python_setup_py']
[1.200s] Level 1:colcon.colcon_core.package_identification:_identify(.) by extension 'python_setup_py'
[1.200s] Level 1:colcon.colcon_core.package_identification:_identify(build) by extensions ['ignore', 'ignore_ament_install']
[1.201s] Level 1:colcon.colcon_core.package_identification:_identify(build) by extension 'ignore'
[1.201s] Level 1:colcon.colcon_core.package_identification:_identify(build) ignored
[1.201s] Level 1:colcon.colcon_core.package_identification:_identify(install) by extensions ['ignore', 'ignore_ament_install']
[1.202s] Level 1:colcon.colcon_core.package_identification:_identify(install) by extension 'ignore'
[1.202s] Level 1:colcon.colcon_core.package_identification:_identify(install) ignored
[1.203s] Level 1:colcon.colcon_core.package_identification:_identify(log) by extensions ['ignore', 'ignore_ament_install']
[1.203s] Level 1:colcon.colcon_core.package_identification:_identify(log) by extension 'ignore'
[1.203s] Level 1:colcon.colcon_core.package_identification:_identify(log) ignored
[1.203s] Level 1:colcon.colcon_core.package_identification:_identify(src) by extensions ['ignore', 'ignore_ament_install']
[1.204s] Level 1:colcon.colcon_core.package_identification:_identify(src) by extension 'ignore'
[1.204s] Level 1:colcon.colcon_core.package_identification:_identify(src) by extension 'ignore_ament_install'
[1.204s] Level 1:colcon.colcon_core.package_identification:_identify(src) by extensions ['colcon_pkg']
[1.204s] Level 1:colcon.colcon_core.package_identification:_identify(src) by extension 'colcon_pkg'
[1.204s] Level 1:colcon.colcon_core.package_identification:_identify(src) by extensions ['colcon_meta']
[1.205s] Level 1:colcon.colcon_core.package_identification:_identify(src) by extension 'colcon_meta'
[1.205s] Level 1:colcon.colcon_core.package_identification:_identify(src) by extensions ['ros']
[1.205s] Level 1:colcon.colcon_core.package_identification:_identify(src) by extension 'ros'
[1.205s] Level 1:colcon.colcon_core.package_identification:_identify(src) by extensions ['cmake', 'python']
[1.205s] Level 1:colcon.colcon_core.package_identification:_identify(src) by extension 'cmake'
[1.205s] Level 1:colcon.colcon_core.package_identification:_identify(src) by extension 'python'
[1.206s] Level 1:colcon.colcon_core.package_identification:_identify(src) by extensions ['python_setup_py']
[1.206s] Level 1:colcon.colcon_core.package_identification:_identify(src) by extension 'python_setup_py'
[1.206s] Level 1:colcon.colcon_core.package_identification:_identify(src/build) by extensions ['ignore', 'ignore_ament_install']
[1.206s] Level 1:colcon.colcon_core.package_identification:_identify(src/build) by extension 'ignore'
[1.207s] Level 1:colcon.colcon_core.package_identification:_identify(src/build) ignored
[1.207s] Level 1:colcon.colcon_core.package_identification:_identify(src/image_processing) by extensions ['ignore', 'ignore_ament_install']
[1.207s] Level 1:colcon.colcon_core.package_identification:_identify(src/image_processing) by extension 'ignore'
[1.207s] Level 1:colcon.colcon_core.package_identification:_identify(src/image_processing) by extension 'ignore_ament_install'
[1.208s] Level 1:colcon.colcon_core.package_identification:_identify(src/image_processing) by extensions ['colcon_pkg']
[1.208s] Level 1:colcon.colcon_core.package_identification:_identify(src/image_processing) by extension 'colcon_pkg'
[1.208s] Level 1:colcon.colcon_core.package_identification:_identify(src/image_processing) by extensions ['colcon_meta']
[1.208s] Level 1:colcon.colcon_core.package_identification:_identify(src/image_processing) by extension 'colcon_meta'
[1.208s] Level 1:colcon.colcon_core.package_identification:_identify(src/image_processing) by extensions ['ros']
[1.208s] Level 1:colcon.colcon_core.package_identification:_identify(src/image_processing) by extension 'ros'
[1.217s] DEBUG:colcon.colcon_core.package_identification:Package 'src/image_processing' with type 'ros.ament_python' and name 'image_processing'
[1.217s] Level 1:colcon.colcon_core.package_identification:_identify(src/install) by extensions ['ignore', 'ignore_ament_install']
[1.218s] Level 1:colcon.colcon_core.package_identification:_identify(src/install) by extension 'ignore'
[1.218s] Level 1:colcon.colcon_core.package_identification:_identify(src/install) ignored
[1.218s] Level 1:colcon.colcon_core.package_identification:_identify(src/interfaces) by extensions ['ignore', 'ignore_ament_install']
[1.218s] Level 1:colcon.colcon_core.package_identification:_identify(src/interfaces) by extension 'ignore'
[1.219s] Level 1:colcon.colcon_core.package_identification:_identify(src/interfaces) by extension 'ignore_ament_install'
[1.219s] Level 1:colcon.colcon_core.package_identification:_identify(src/interfaces) by extensions ['colcon_pkg']
[1.219s] Level 1:colcon.colcon_core.package_identification:_identify(src/interfaces) by extension 'colcon_pkg'
[1.219s] Level 1:colcon.colcon_core.package_identification:_identify(src/interfaces) by extensions ['colcon_meta']
[1.219s] Level 1:colcon.colcon_core.package_identification:_identify(src/interfaces) by extension 'colcon_meta'
[1.220s] Level 1:colcon.colcon_core.package_identification:_identify(src/interfaces) by extensions ['ros']
[1.220s] Level 1:colcon.colcon_core.package_identification:_identify(src/interfaces) by extension 'ros'
[1.222s] DEBUG:colcon.colcon_core.package_identification:Package 'src/interfaces' with type 'ros.ament_cmake' and name 'interfaces'
[1.222s] Level 1:colcon.colcon_core.package_identification:_identify(src/key_joy) by extensions ['ignore', 'ignore_ament_install']
[1.222s] Level 1:colcon.colcon_core.package_identification:_identify(src/key_joy) by extension 'ignore'
[1.223s] Level 1:colcon.colcon_core.package_identification:_identify(src/key_joy) by extension 'ignore_ament_install'
[1.223s] Level 1:colcon.colcon_core.package_identification:_identify(src/key_joy) by extensions ['colcon_pkg']
[1.223s] Level 1:colcon.colcon_core.package_identification:_identify(src/key_joy) by extension 'colcon_pkg'
[1.223s] Level 1:colcon.colcon_core.package_identification:_identify(src/key_joy) by extensions ['colcon_meta']
[1.223s] Level 1:colcon.colcon_core.package_identification:_identify(src/key_joy) by extension 'colcon_meta'
[1.224s] Level 1:colcon.colcon_core.package_identification:_identify(src/key_joy) by extensions ['ros']
[1.224s] Level 1:colcon.colcon_core.package_identification:_identify(src/key_joy) by extension 'ros'
[1.225s] DEBUG:colcon.colcon_core.package_identification:Package 'src/key_joy' with type 'ros.ament_python' and name 'key_joy'
[1.225s] Level 1:colcon.colcon_core.package_identification:_identify(src/launch_all) by extensions ['ignore', 'ignore_ament_install']
[1.226s] Level 1:colcon.colcon_core.package_identification:_identify(src/launch_all) by extension 'ignore'
[1.226s] Level 1:colcon.colcon_core.package_identification:_identify(src/launch_all) by extension 'ignore_ament_install'
[1.226s] Level 1:colcon.colcon_core.package_identification:_identify(src/launch_all) by extensions ['colcon_pkg']
[1.226s] Level 1:colcon.colcon_core.package_identification:_identify(src/launch_all) by extension 'colcon_pkg'
[1.227s] Level 1:colcon.colcon_core.package_identification:_identify(src/launch_all) by extensions ['colcon_meta']
[1.227s] Level 1:colcon.colcon_core.package_identification:_identify(src/launch_all) by extension 'colcon_meta'
[1.227s] Level 1:colcon.colcon_core.package_identification:_identify(src/launch_all) by extensions ['ros']
[1.227s] Level 1:colcon.colcon_core.package_identification:_identify(src/launch_all) by extension 'ros'
[1.229s] DEBUG:colcon.colcon_core.package_identification:Package 'src/launch_all' with type 'ros.ament_python' and name 'launch_all'
[1.229s] Level 1:colcon.colcon_core.package_identification:_identify(src/log) by extensions ['ignore', 'ignore_ament_install']
[1.229s] Level 1:colcon.colcon_core.package_identification:_identify(src/log) by extension 'ignore'
[1.230s] Level 1:colcon.colcon_core.package_identification:_identify(src/log) ignored
[1.230s] Level 1:colcon.colcon_core.package_identification:_identify(src/main_head) by extensions ['ignore', 'ignore_ament_install']
[1.230s] Level 1:colcon.colcon_core.package_identification:_identify(src/main_head) by extension 'ignore'
[1.230s] Level 1:colcon.colcon_core.package_identification:_identify(src/main_head) by extension 'ignore_ament_install'
[1.231s] Level 1:colcon.colcon_core.package_identification:_identify(src/main_head) by extensions ['colcon_pkg']
[1.231s] Level 1:colcon.colcon_core.package_identification:_identify(src/main_head) by extension 'colcon_pkg'
[1.231s] Level 1:colcon.colcon_core.package_identification:_identify(src/main_head) by extensions ['colcon_meta']
[1.231s] Level 1:colcon.colcon_core.package_identification:_identify(src/main_head) by extension 'colcon_meta'
[1.231s] Level 1:colcon.colcon_core.package_identification:_identify(src/main_head) by extensions ['ros']
[1.231s] Level 1:colcon.colcon_core.package_identification:_identify(src/main_head) by extension 'ros'
[1.233s] DEBUG:colcon.colcon_core.package_identification:Package 'src/main_head' with type 'ros.ament_python' and name 'main_head'
[1.233s] Level 1:colcon.colcon_core.package_identification:_identify(src/pixhawk_interface) by extensions ['ignore', 'ignore_ament_install']
[1.234s] Level 1:colcon.colcon_core.package_identification:_identify(src/pixhawk_interface) by extension 'ignore'
[1.234s] Level 1:colcon.colcon_core.package_identification:_identify(src/pixhawk_interface) by extension 'ignore_ament_install'
[1.234s] Level 1:colcon.colcon_core.package_identification:_identify(src/pixhawk_interface) by extensions ['colcon_pkg']
[1.234s] Level 1:colcon.colcon_core.package_identification:_identify(src/pixhawk_interface) by extension 'colcon_pkg'
[1.234s] Level 1:colcon.colcon_core.package_identification:_identify(src/pixhawk_interface) by extensions ['colcon_meta']
[1.234s] Level 1:colcon.colcon_core.package_identification:_identify(src/pixhawk_interface) by extension 'colcon_meta'
[1.235s] Level 1:colcon.colcon_core.package_identification:_identify(src/pixhawk_interface) by extensions ['ros']
[1.235s] Level 1:colcon.colcon_core.package_identification:_identify(src/pixhawk_interface) by extension 'ros'
[1.236s] DEBUG:colcon.colcon_core.package_identification:Package 'src/pixhawk_interface' with type 'ros.ament_python' and name 'pixhawk_interface'
[1.237s] Level 1:colcon.colcon_core.package_identification:_identify(src/yadd) by extensions ['ignore', 'ignore_ament_install']
[1.237s] Level 1:colcon.colcon_core.package_identification:_identify(src/yadd) by extension 'ignore'
[1.237s] Level 1:colcon.colcon_core.package_identification:_identify(src/yadd) by extension 'ignore_ament_install'
[1.237s] Level 1:colcon.colcon_core.package_identification:_identify(src/yadd) by extensions ['colcon_pkg']
[1.238s] Level 1:colcon.colcon_core.package_identification:_identify(src/yadd) by extension 'colcon_pkg'
[1.238s] Level 1:colcon.colcon_core.package_identification:_identify(src/yadd) by extensions ['colcon_meta']
[1.238s] Level 1:colcon.colcon_core.package_identification:_identify(src/yadd) by extension 'colcon_meta'
[1.238s] Level 1:colcon.colcon_core.package_identification:_identify(src/yadd) by extensions ['ros']
[1.238s] Level 1:colcon.colcon_core.package_identification:_identify(src/yadd) by extension 'ros'
[1.240s] DEBUG:colcon.colcon_core.package_identification:Package 'src/yadd' with type 'ros.ament_python' and name 'yadd'
[1.240s] Level 1:colcon.colcon_core.package_discovery:discover_packages(recursive) using defaults
[1.240s] Level 1:colcon.colcon_core.package_discovery:discover_packages(ignore) discover
[1.241s] Level 1:colcon.colcon_core.package_discovery:discover_packages(ignore) using defaults
[1.241s] Level 1:colcon.colcon_core.package_discovery:discover_packages(path) discover
[1.241s] Level 1:colcon.colcon_core.package_discovery:discover_packages(path) using defaults
[1.308s] Level 1:colcon.colcon_core.package_discovery:discover_packages(prefix_path) check parameters
[1.309s] Level 1:colcon.colcon_core.package_discovery:discover_packages(prefix_path) discover
[1.313s] Level 1:colcon.colcon_core.package_discovery:discover_packages(prefix_path) using defaults
[1.319s] Level 5:colcon.colcon_core.verb:set package 'image_processing' build argument 'cmake_args' from command line to 'None'
[1.319s] Level 5:colcon.colcon_core.verb:set package 'image_processing' build argument 'cmake_target' from command line to 'None'
[1.320s] Level 5:colcon.colcon_core.verb:set package 'image_processing' build argument 'cmake_target_skip_unavailable' from command line to 'False'
[1.320s] Level 5:colcon.colcon_core.verb:set package 'image_processing' build argument 'cmake_clean_cache' from command line to 'False'
[1.320s] Level 5:colcon.colcon_core.verb:set package 'image_processing' build argument 'cmake_clean_first' from command line to 'False'
[1.320s] Level 5:colcon.colcon_core.verb:set package 'image_processing' build argument 'cmake_force_configure' from command line to 'False'
[1.320s] Level 5:colcon.colcon_core.verb:set package 'image_processing' build argument 'ament_cmake_args' from command line to 'None'
[1.320s] Level 5:colcon.colcon_core.verb:set package 'image_processing' build argument 'catkin_cmake_args' from command line to 'None'
[1.320s] Level 5:colcon.colcon_core.verb:set package 'image_processing' build argument 'catkin_skip_building_tests' from command line to 'False'
[1.320s] DEBUG:colcon.colcon_core.verb:Building package 'image_processing' with the following arguments: {'ament_cmake_args': None, 'build_base': '/home/robosub/nuros_ws/build/image_processing', 'catkin_cmake_args': None, 'catkin_skip_building_tests': False, 'cmake_args': None, 'cmake_clean_cache': False, 'cmake_clean_first': False, 'cmake_force_configure': False, 'cmake_target': None, 'cmake_target_skip_unavailable': False, 'install_base': '/home/robosub/nuros_ws/install/image_processing', 'merge_install': False, 'path': '/home/robosub/nuros_ws/src/image_processing', 'symlink_install': False, 'test_result_base': None}
[1.324s] Level 5:colcon.colcon_core.verb:set package 'interfaces' build argument 'cmake_args' from command line to 'None'
[1.324s] Level 5:colcon.colcon_core.verb:set package 'interfaces' build argument 'cmake_target' from command line to 'None'
[1.324s] Level 5:colcon.colcon_core.verb:set package 'interfaces' build argument 'cmake_target_skip_unavailable' from command line to 'False'
[1.324s] Level 5:colcon.colcon_core.verb:set package 'interfaces' build argument 'cmake_clean_cache' from command line to 'False'
[1.324s] Level 5:colcon.colcon_core.verb:set package 'interfaces' build argument 'cmake_clean_first' from command line to 'False'
[1.324s] Level 5:colcon.colcon_core.verb:set package 'interfaces' build argument 'cmake_force_configure' from command line to 'False'
[1.324s] Level 5:colcon.colcon_core.verb:set package 'interfaces' build argument 'ament_cmake_args' from command line to 'None'
[1.325s] Level 5:colcon.colcon_core.verb:set package 'interfaces' build argument 'catkin_cmake_args' from command line to 'None'
[1.325s] Level 5:colcon.colcon_core.verb:set package 'interfaces' build argument 'catkin_skip_building_tests' from command line to 'False'
[1.325s] DEBUG:colcon.colcon_core.verb:Building package 'interfaces' with the following arguments: {'ament_cmake_args': None, 'build_base': '/home/robosub/nuros_ws/build/interfaces', 'catkin_cmake_args': None, 'catkin_skip_building_tests': False, 'cmake_args': None, 'cmake_clean_cache': False, 'cmake_clean_first': False, 'cmake_force_configure': False, 'cmake_target': None, 'cmake_target_skip_unavailable': False, 'install_base': '/home/robosub/nuros_ws/install/interfaces', 'merge_install': False, 'path': '/home/robosub/nuros_ws/src/interfaces', 'symlink_install': False, 'test_result_base': None}
[1.328s] Level 5:colcon.colcon_core.verb:set package 'key_joy' build argument 'cmake_args' from command line to 'None'
[1.328s] Level 5:colcon.colcon_core.verb:set package 'key_joy' build argument 'cmake_target' from command line to 'None'
[1.328s] Level 5:colcon.colcon_core.verb:set package 'key_joy' build argument 'cmake_target_skip_unavailable' from command line to 'False'
[1.328s] Level 5:colcon.colcon_core.verb:set package 'key_joy' build argument 'cmake_clean_cache' from command line to 'False'
[1.328s] Level 5:colcon.colcon_core.verb:set package 'key_joy' build argument 'cmake_clean_first' from command line to 'False'
[1.329s] Level 5:colcon.colcon_core.verb:set package 'key_joy' build argument 'cmake_force_configure' from command line to 'False'
[1.329s] Level 5:colcon.colcon_core.verb:set package 'key_joy' build argument 'ament_cmake_args' from command line to 'None'
[1.329s] Level 5:colcon.colcon_core.verb:set package 'key_joy' build argument 'catkin_cmake_args' from command line to 'None'
[1.329s] Level 5:colcon.colcon_core.verb:set package 'key_joy' build argument 'catkin_skip_building_tests' from command line to 'False'
[1.329s] DEBUG:colcon.colcon_core.verb:Building package 'key_joy' with the following arguments: {'ament_cmake_args': None, 'build_base': '/home/robosub/nuros_ws/build/key_joy', 'catkin_cmake_args': None, 'catkin_skip_building_tests': False, 'cmake_args': None, 'cmake_clean_cache': False, 'cmake_clean_first': False, 'cmake_force_configure': False, 'cmake_target': None, 'cmake_target_skip_unavailable': False, 'install_base': '/home/robosub/nuros_ws/install/key_joy', 'merge_install': False, 'path': '/home/robosub/nuros_ws/src/key_joy', 'symlink_install': False, 'test_result_base': None}
[1.332s] Level 5:colcon.colcon_core.verb:set package 'launch_all' build argument 'cmake_args' from command line to 'None'
[1.332s] Level 5:colcon.colcon_core.verb:set package 'launch_all' build argument 'cmake_target' from command line to 'None'
[1.333s] Level 5:colcon.colcon_core.verb:set package 'launch_all' build argument 'cmake_target_skip_unavailable' from command line to 'False'
[1.333s] Level 5:colcon.colcon_core.verb:set package 'launch_all' build argument 'cmake_clean_cache' from command line to 'False'
[1.333s] Level 5:colcon.colcon_core.verb:set package 'launch_all' build argument 'cmake_clean_first' from command line to 'False'
[1.333s] Level 5:colcon.colcon_core.verb:set package 'launch_all' build argument 'cmake_force_configure' from command line to 'False'
[1.333s] Level 5:colcon.colcon_core.verb:set package 'launch_all' build argument 'ament_cmake_args' from command line to 'None'
[1.333s] Level 5:colcon.colcon_core.verb:set package 'launch_all' build argument 'catkin_cmake_args' from command line to 'None'
[1.333s] Level 5:colcon.colcon_core.verb:set package 'launch_all' build argument 'catkin_skip_building_tests' from command line to 'False'
[1.333s] DEBUG:colcon.colcon_core.verb:Building package 'launch_all' with the following arguments: {'ament_cmake_args': None, 'build_base': '/home/robosub/nuros_ws/build/launch_all', 'catkin_cmake_args': None, 'catkin_skip_building_tests': False, 'cmake_args': None, 'cmake_clean_cache': False, 'cmake_clean_first': False, 'cmake_force_configure': False, 'cmake_target': None, 'cmake_target_skip_unavailable': False, 'install_base': '/home/robosub/nuros_ws/install/launch_all', 'merge_install': False, 'path': '/home/robosub/nuros_ws/src/launch_all', 'symlink_install': False, 'test_result_base': None}
[1.337s] Level 5:colcon.colcon_core.verb:set package 'main_head' build argument 'cmake_args' from command line to 'None'
[1.337s] Level 5:colcon.colcon_core.verb:set package 'main_head' build argument 'cmake_target' from command line to 'None'
[1.337s] Level 5:colcon.colcon_core.verb:set package 'main_head' build argument 'cmake_target_skip_unavailable' from command line to 'False'
[1.337s] Level 5:colcon.colcon_core.verb:set package 'main_head' build argument 'cmake_clean_cache' from command line to 'False'
[1.337s] Level 5:colcon.colcon_core.verb:set package 'main_head' build argument 'cmake_clean_first' from command line to 'False'
[1.337s] Level 5:colcon.colcon_core.verb:set package 'main_head' build argument 'cmake_force_configure' from command line to 'False'
[1.337s] Level 5:colcon.colcon_core.verb:set package 'main_head' build argument 'ament_cmake_args' from command line to 'None'
[1.337s] Level 5:colcon.colcon_core.verb:set package 'main_head' build argument 'catkin_cmake_args' from command line to 'None'
[1.337s] Level 5:colcon.colcon_core.verb:set package 'main_head' build argument 'catkin_skip_building_tests' from command line to 'False'
[1.338s] DEBUG:colcon.colcon_core.verb:Building package 'main_head' with the following arguments: {'ament_cmake_args': None, 'build_base': '/home/robosub/nuros_ws/build/main_head', 'catkin_cmake_args': None, 'catkin_skip_building_tests': False, 'cmake_args': None, 'cmake_clean_cache': False, 'cmake_clean_first': False, 'cmake_force_configure': False, 'cmake_target': None, 'cmake_target_skip_unavailable': False, 'install_base': '/home/robosub/nuros_ws/install/main_head', 'merge_install': False, 'path': '/home/robosub/nuros_ws/src/main_head', 'symlink_install': False, 'test_result_base': None}
[1.341s] Level 5:colcon.colcon_core.verb:set package 'pixhawk_interface' build argument 'cmake_args' from command line to 'None'
[1.341s] Level 5:colcon.colcon_core.verb:set package 'pixhawk_interface' build argument 'cmake_target' from command line to 'None'
[1.341s] Level 5:colcon.colcon_core.verb:set package 'pixhawk_interface' build argument 'cmake_target_skip_unavailable' from command line to 'False'
[1.341s] Level 5:colcon.colcon_core.verb:set package 'pixhawk_interface' build argument 'cmake_clean_cache' from command line to 'False'
[1.341s] Level 5:colcon.colcon_core.verb:set package 'pixhawk_interface' build argument 'cmake_clean_first' from command line to 'False'
[1.342s] Level 5:colcon.colcon_core.verb:set package 'pixhawk_interface' build argument 'cmake_force_configure' from command line to 'False'
[1.342s] Level 5:colcon.colcon_core.verb:set package 'pixhawk_interface' build argument 'ament_cmake_args' from command line to 'None'
[1.342s] Level 5:colcon.colcon_core.verb:set package 'pixhawk_interface' build argument 'catkin_cmake_args' from command line to 'None'
[1.342s] Level 5:colcon.colcon_core.verb:set package 'pixhawk_interface' build argument 'catkin_skip_building_tests' from command line to 'False'
[1.342s] DEBUG:colcon.colcon_core.verb:Building package 'pixhawk_interface' with the following arguments: {'ament_cmake_args': None, 'build_base': '/home/robosub/nuros_ws/build/pixhawk_interface', 'catkin_cmake_args': None, 'catkin_skip_building_tests': False, 'cmake_args': None, 'cmake_clean_cache': False, 'cmake_clean_first': False, 'cmake_force_configure': False, 'cmake_target': None, 'cmake_target_skip_unavailable': False, 'install_base': '/home/robosub/nuros_ws/install/pixhawk_interface', 'merge_install': False, 'path': '/home/robosub/nuros_ws/src/pixhawk_interface', 'symlink_install': False, 'test_result_base': None}
[1.345s] Level 5:colcon.colcon_core.verb:set package 'yadd' build argument 'cmake_args' from command line to 'None'
[1.345s] Level 5:colcon.colcon_core.verb:set package 'yadd' build argument 'cmake_target' from command line to 'None'
[1.345s] Level 5:colcon.colcon_core.verb:set package 'yadd' build argument 'cmake_target_skip_unavailable' from command line to 'False'
[1.345s] Level 5:colcon.colcon_core.verb:set package 'yadd' build argument 'cmake_clean_cache' from command line to 'False'
[1.346s] Level 5:colcon.colcon_core.verb:set package 'yadd' build argument 'cmake_clean_first' from command line to 'False'
[1.346s] Level 5:colcon.colcon_core.verb:set package 'yadd' build argument 'cmake_force_configure' from command line to 'False'
[1.346s] Level 5:colcon.colcon_core.verb:set package 'yadd' build argument 'ament_cmake_args' from command line to 'None'
[1.346s] Level 5:colcon.colcon_core.verb:set package 'yadd' build argument 'catkin_cmake_args' from command line to 'None'
[1.346s] Level 5:colcon.colcon_core.verb:set package 'yadd' build argument 'catkin_skip_building_tests' from command line to 'False'
[1.346s] DEBUG:colcon.colcon_core.verb:Building package 'yadd' with the following arguments: {'ament_cmake_args': None, 'build_base': '/home/robosub/nuros_ws/build/yadd', 'catkin_cmake_args': None, 'catkin_skip_building_tests': False, 'cmake_args': None, 'cmake_clean_cache': False, 'cmake_clean_first': False, 'cmake_force_configure': False, 'cmake_target': None, 'cmake_target_skip_unavailable': False, 'install_base': '/home/robosub/nuros_ws/install/yadd', 'merge_install': False, 'path': '/home/robosub/nuros_ws/src/yadd', 'symlink_install': False, 'test_result_base': None}
[1.348s] INFO:colcon.colcon_core.executor:Executing jobs using 'parallel' executor
[1.360s] DEBUG:colcon.colcon_parallel_executor.executor.parallel:run_until_complete
[1.361s] INFO:colcon.colcon_ros.task.ament_python.build:Building ROS package in '/home/robosub/nuros_ws/src/image_processing' with build type 'ament_python'
[1.362s] Level 1:colcon.colcon_core.shell:create_environment_hook('image_processing', 'ament_prefix_path')
[1.378s] INFO:colcon.colcon_core.plugin_system:Skipping extension 'colcon_core.shell.bat': Not used on non-Windows systems
[1.504s] INFO:colcon.colcon_core.shell:Creating environment hook '/home/robosub/nuros_ws/install/image_processing/share/image_processing/hook/ament_prefix_path.ps1'
[1.508s] INFO:colcon.colcon_core.shell:Creating environment descriptor '/home/robosub/nuros_ws/install/image_processing/share/image_processing/hook/ament_prefix_path.dsv'
[1.510s] INFO:colcon.colcon_core.shell:Creating environment hook '/home/robosub/nuros_ws/install/image_processing/share/image_processing/hook/ament_prefix_path.sh'
[1.517s] INFO:colcon.colcon_core.shell:Skip shell extension 'powershell' for command environment: Not usable outside of PowerShell
[1.517s] DEBUG:colcon.colcon_core.shell:Skip shell extension 'dsv' for command environment
[1.529s] INFO:colcon.colcon_ros.task.ament_cmake.build:Building ROS package in '/home/robosub/nuros_ws/src/interfaces' with build type 'ament_cmake'
[1.531s] INFO:colcon.colcon_cmake.task.cmake.build:Building CMake package in '/home/robosub/nuros_ws/src/interfaces'
[1.540s] INFO:colcon.colcon_core.shell:Skip shell extension 'powershell' for command environment: Not usable outside of PowerShell
[1.540s] DEBUG:colcon.colcon_core.shell:Skip shell extension 'dsv' for command environment
[1.558s] INFO:colcon.colcon_ros.task.ament_python.build:Building ROS package in '/home/robosub/nuros_ws/src/key_joy' with build type 'ament_python'
[1.561s] Level 1:colcon.colcon_core.shell:create_environment_hook('key_joy', 'ament_prefix_path')
[1.571s] INFO:colcon.colcon_core.shell:Creating environment hook '/home/robosub/nuros_ws/install/key_joy/share/key_joy/hook/ament_prefix_path.ps1'
[1.575s] INFO:colcon.colcon_core.shell:Creating environment descriptor '/home/robosub/nuros_ws/install/key_joy/share/key_joy/hook/ament_prefix_path.dsv'
[1.576s] INFO:colcon.colcon_core.shell:Creating environment hook '/home/robosub/nuros_ws/install/key_joy/share/key_joy/hook/ament_prefix_path.sh'
[1.582s] INFO:colcon.colcon_core.shell:Skip shell extension 'powershell' for command environment: Not usable outside of PowerShell
[1.582s] DEBUG:colcon.colcon_core.shell:Skip shell extension 'dsv' for command environment
[1.594s] INFO:colcon.colcon_ros.task.ament_python.build:Building ROS package in '/home/robosub/nuros_ws/src/launch_all' with build type 'ament_python'
[1.597s] Level 1:colcon.colcon_core.shell:create_environment_hook('launch_all', 'ament_prefix_path')
[1.605s] INFO:colcon.colcon_core.shell:Creating environment hook '/home/robosub/nuros_ws/install/launch_all/share/launch_all/hook/ament_prefix_path.ps1'
[1.609s] INFO:colcon.colcon_core.shell:Creating environment descriptor '/home/robosub/nuros_ws/install/launch_all/share/launch_all/hook/ament_prefix_path.dsv'
[1.610s] INFO:colcon.colcon_core.shell:Creating environment hook '/home/robosub/nuros_ws/install/launch_all/share/launch_all/hook/ament_prefix_path.sh'
[1.616s] INFO:colcon.colcon_core.shell:Skip shell extension 'powershell' for command environment: Not usable outside of PowerShell
[1.617s] DEBUG:colcon.colcon_core.shell:Skip shell extension 'dsv' for command environment
[2.371s] INFO:colcon.colcon_core.task.python.build:Building Python package in '/home/robosub/nuros_ws/src/image_processing'
[2.379s] INFO:colcon.colcon_core.shell:Skip shell extension 'powershell' for command environment: Not usable outside of PowerShell
[2.380s] DEBUG:colcon.colcon_core.shell:Skip shell extension 'dsv' for command environment
[2.416s] DEBUG:colcon.colcon_core.event_handler.log_command:Invoking command in '/home/robosub/nuros_ws/build/interfaces': /usr/bin/cmake --build /home/robosub/nuros_ws/build/interfaces -- -j4 -l4
[3.312s] INFO:colcon.colcon_core.task.python.build:Building Python package in '/home/robosub/nuros_ws/src/key_joy'
[3.321s] INFO:colcon.colcon_core.shell:Skip shell extension 'powershell' for command environment: Not usable outside of PowerShell
[3.321s] DEBUG:colcon.colcon_core.shell:Skip shell extension 'dsv' for command environment
[4.061s] INFO:colcon.colcon_core.task.python.build:Building Python package in '/home/robosub/nuros_ws/src/launch_all'
[4.082s] INFO:colcon.colcon_core.shell:Skip shell extension 'powershell' for command environment: Not usable outside of PowerShell
[4.082s] DEBUG:colcon.colcon_core.shell:Skip shell extension 'dsv' for command environment
[4.128s] DEBUG:colcon.colcon_core.event_handler.log_command:Invoked command in '/home/robosub/nuros_ws/build/interfaces' returned '0': /usr/bin/cmake --build /home/robosub/nuros_ws/build/interfaces -- -j4 -l4
[4.642s] DEBUG:colcon.colcon_core.event_handler.log_command:Invoking command in '/home/robosub/nuros_ws/build/interfaces': /usr/bin/cmake --install /home/robosub/nuros_ws/build/interfaces
[5.069s] Level 1:colcon.colcon_core.environment:create_environment_scripts_only(interfaces)
[5.075s] DEBUG:colcon.colcon_core.event_handler.log_command:Invoked command in '/home/robosub/nuros_ws/build/interfaces' returned '0': /usr/bin/cmake --install /home/robosub/nuros_ws/build/interfaces
[5.126s] Level 1:colcon.colcon_core.environment:checking '/home/robosub/nuros_ws/install/interfaces' for CMake module files
[5.129s] Level 1:colcon.colcon_core.environment:checking '/home/robosub/nuros_ws/install/interfaces' for CMake config files
[5.131s] Level 1:colcon.colcon_core.shell:create_environment_hook('interfaces', 'cmake_prefix_path')
[5.136s] INFO:colcon.colcon_core.shell:Creating environment hook '/home/robosub/nuros_ws/install/interfaces/share/interfaces/hook/cmake_prefix_path.ps1'
[5.139s] INFO:colcon.colcon_core.shell:Creating environment descriptor '/home/robosub/nuros_ws/install/interfaces/share/interfaces/hook/cmake_prefix_path.dsv'
[5.141s] INFO:colcon.colcon_core.shell:Creating environment hook '/home/robosub/nuros_ws/install/interfaces/share/interfaces/hook/cmake_prefix_path.sh'
[5.145s] Level 1:colcon.colcon_core.environment:checking '/home/robosub/nuros_ws/install/interfaces/lib'
[5.145s] Level 1:colcon.colcon_core.shell:create_environment_hook('interfaces', 'ld_library_path_lib')
[5.150s] INFO:colcon.colcon_core.shell:Creating environment hook '/home/robosub/nuros_ws/install/interfaces/share/interfaces/hook/ld_library_path_lib.ps1'
[5.151s] INFO:colcon.colcon_core.shell:Creating environment descriptor '/home/robosub/nuros_ws/install/interfaces/share/interfaces/hook/ld_library_path_lib.dsv'
[5.153s] INFO:colcon.colcon_core.shell:Creating environment hook '/home/robosub/nuros_ws/install/interfaces/share/interfaces/hook/ld_library_path_lib.sh'
[5.154s] Level 1:colcon.colcon_core.environment:checking '/home/robosub/nuros_ws/install/interfaces/bin'
[5.154s] Level 1:colcon.colcon_core.environment:checking '/home/robosub/nuros_ws/install/interfaces/lib/pkgconfig/interfaces.pc'
[5.155s] Level 1:colcon.colcon_core.environment:checking '/home/robosub/nuros_ws/install/interfaces/lib/python3.8/site-packages'
[5.156s] Level 1:colcon.colcon_core.shell:create_environment_hook('interfaces', 'pythonpath')
[5.161s] INFO:colcon.colcon_core.shell:Creating environment hook '/home/robosub/nuros_ws/install/interfaces/share/interfaces/hook/pythonpath.ps1'
[5.167s] INFO:colcon.colcon_core.shell:Creating environment descriptor '/home/robosub/nuros_ws/install/interfaces/share/interfaces/hook/pythonpath.dsv'
[5.169s] INFO:colcon.colcon_core.shell:Creating environment hook '/home/robosub/nuros_ws/install/interfaces/share/interfaces/hook/pythonpath.sh'
[5.171s] Level 1:colcon.colcon_core.environment:checking '/home/robosub/nuros_ws/install/interfaces/bin'
[5.180s] INFO:colcon.colcon_core.shell:Creating package script '/home/robosub/nuros_ws/install/interfaces/share/interfaces/package.ps1'
[5.186s] INFO:colcon.colcon_core.shell:Creating package descriptor '/home/robosub/nuros_ws/install/interfaces/share/interfaces/package.dsv'
[5.189s] INFO:colcon.colcon_core.shell:Creating package script '/home/robosub/nuros_ws/install/interfaces/share/interfaces/package.sh'
[5.193s] INFO:colcon.colcon_core.shell:Creating package script '/home/robosub/nuros_ws/install/interfaces/share/interfaces/package.bash'
[5.196s] INFO:colcon.colcon_core.shell:Creating package script '/home/robosub/nuros_ws/install/interfaces/share/interfaces/package.zsh'
[5.199s] Level 1:colcon.colcon_core.environment:create_file_with_runtime_dependencies(/home/robosub/nuros_ws/install/interfaces/share/colcon-core/packages/interfaces)
[5.649s] Level 1:colcon.colcon_core.environment:create_environment_scripts_only(interfaces)
[5.658s] Level 1:colcon.colcon_core.environment:checking '/home/robosub/nuros_ws/install/interfaces' for CMake module files
[5.662s] Level 1:colcon.colcon_core.environment:checking '/home/robosub/nuros_ws/install/interfaces' for CMake config files
[5.666s] Level 1:colcon.colcon_core.shell:create_environment_hook('interfaces', 'cmake_prefix_path')
[5.673s] INFO:colcon.colcon_core.shell:Creating environment hook '/home/robosub/nuros_ws/install/interfaces/share/interfaces/hook/cmake_prefix_path.ps1'
[5.677s] INFO:colcon.colcon_core.shell:Creating environment descriptor '/home/robosub/nuros_ws/install/interfaces/share/interfaces/hook/cmake_prefix_path.dsv'
[5.723s] INFO:colcon.colcon_core.shell:Creating environment hook '/home/robosub/nuros_ws/install/interfaces/share/interfaces/hook/cmake_prefix_path.sh'
[5.727s] Level 1:colcon.colcon_core.environment:checking '/home/robosub/nuros_ws/install/interfaces/lib'
[5.727s] Level 1:colcon.colcon_core.shell:create_environment_hook('interfaces', 'ld_library_path_lib')
[5.733s] INFO:colcon.colcon_core.shell:Creating environment hook '/home/robosub/nuros_ws/install/interfaces/share/interfaces/hook/ld_library_path_lib.ps1'
[5.735s] INFO:colcon.colcon_core.shell:Creating environment descriptor '/home/robosub/nuros_ws/install/interfaces/share/interfaces/hook/ld_library_path_lib.dsv'
[5.737s] INFO:colcon.colcon_core.shell:Creating environment hook '/home/robosub/nuros_ws/install/interfaces/share/interfaces/hook/ld_library_path_lib.sh'
[5.739s] Level 1:colcon.colcon_core.environment:checking '/home/robosub/nuros_ws/install/interfaces/bin'
[5.739s] Level 1:colcon.colcon_core.environment:checking '/home/robosub/nuros_ws/install/interfaces/lib/pkgconfig/interfaces.pc'
[5.740s] Level 1:colcon.colcon_core.environment:checking '/home/robosub/nuros_ws/install/interfaces/lib/python3.8/site-packages'
[5.741s] Level 1:colcon.colcon_core.shell:create_environment_hook('interfaces', 'pythonpath')
[5.746s] INFO:colcon.colcon_core.shell:Creating environment hook '/home/robosub/nuros_ws/install/interfaces/share/interfaces/hook/pythonpath.ps1'
[5.748s] INFO:colcon.colcon_core.shell:Creating environment descriptor '/home/robosub/nuros_ws/install/interfaces/share/interfaces/hook/pythonpath.dsv'
[5.750s] INFO:colcon.colcon_core.shell:Creating environment hook '/home/robosub/nuros_ws/install/interfaces/share/interfaces/hook/pythonpath.sh'
[5.752s] Level 1:colcon.colcon_core.environment:checking '/home/robosub/nuros_ws/install/interfaces/bin'
[5.759s] INFO:colcon.colcon_core.shell:Creating package script '/home/robosub/nuros_ws/install/interfaces/share/interfaces/package.ps1'
[5.762s] INFO:colcon.colcon_core.shell:Creating package descriptor '/home/robosub/nuros_ws/install/interfaces/share/interfaces/package.dsv'
[5.764s] INFO:colcon.colcon_core.shell:Creating package script '/home/robosub/nuros_ws/install/interfaces/share/interfaces/package.sh'
[5.769s] INFO:colcon.colcon_core.shell:Creating package script '/home/robosub/nuros_ws/install/interfaces/share/interfaces/package.bash'
[5.771s] INFO:colcon.colcon_core.shell:Creating package script '/home/robosub/nuros_ws/install/interfaces/share/interfaces/package.zsh'
[5.773s] Level 1:colcon.colcon_core.environment:create_file_with_runtime_dependencies(/home/robosub/nuros_ws/install/interfaces/share/colcon-core/packages/interfaces)
[5.820s] INFO:colcon.colcon_ros.task.ament_python.build:Building ROS package in '/home/robosub/nuros_ws/src/main_head' with build type 'ament_python'
[5.821s] Level 1:colcon.colcon_core.shell:create_environment_hook('main_head', 'ament_prefix_path')
[5.828s] INFO:colcon.colcon_core.shell:Creating environment hook '/home/robosub/nuros_ws/install/main_head/share/main_head/hook/ament_prefix_path.ps1'
[5.831s] INFO:colcon.colcon_core.shell:Creating environment descriptor '/home/robosub/nuros_ws/install/main_head/share/main_head/hook/ament_prefix_path.dsv'
[5.832s] INFO:colcon.colcon_core.shell:Creating environment hook '/home/robosub/nuros_ws/install/main_head/share/main_head/hook/ament_prefix_path.sh'
[5.840s] INFO:colcon.colcon_core.shell:Skip shell extension 'powershell' for command environment: Not usable outside of PowerShell
[5.840s] DEBUG:colcon.colcon_core.shell:Skip shell extension 'dsv' for command environment
[5.878s] DEBUG:colcon.colcon_core.event_handler.log_command:Invoking command in '/home/robosub/nuros_ws/src/image_processing': PYTHONPATH=/home/robosub/nuros_ws/build/image_processing/prefix_override:/home/robosub/nuros_ws/install/image_processing/lib/python3.8/site-packages: /usr/bin/python3 setup.py egg_info --egg-base ../../build/image_processing build --build-base /home/robosub/nuros_ws/build/image_processing/build install --record /home/robosub/nuros_ws/build/image_processing/install.log --install-scripts $base/lib/image_processing --single-version-externally-managed
[6.837s] INFO:colcon.colcon_core.task.python.build:Building Python package in '/home/robosub/nuros_ws/src/main_head'
[6.845s] INFO:colcon.colcon_core.shell:Skip shell extension 'powershell' for command environment: Not usable outside of PowerShell
[6.845s] DEBUG:colcon.colcon_core.shell:Skip shell extension 'dsv' for command environment
[6.899s] DEBUG:colcon.colcon_core.event_handler.log_command:Invoking command in '/home/robosub/nuros_ws/src/launch_all': PYTHONPATH=/home/robosub/nuros_ws/build/launch_all/prefix_override:/home/robosub/nuros_ws/install/launch_all/lib/python3.8/site-packages: /usr/bin/python3 setup.py egg_info --egg-base ../../build/launch_all build --build-base /home/robosub/nuros_ws/build/launch_all/build install --record /home/robosub/nuros_ws/build/launch_all/install.log --install-scripts $base/lib/launch_all --single-version-externally-managed
[6.912s] DEBUG:colcon.colcon_core.event_handler.log_command:Invoking command in '/home/robosub/nuros_ws/src/key_joy': PYTHONPATH=/home/robosub/nuros_ws/build/key_joy/prefix_override:/home/robosub/nuros_ws/install/key_joy/lib/python3.8/site-packages: /usr/bin/python3 setup.py egg_info --egg-base ../../build/key_joy build --build-base /home/robosub/nuros_ws/build/key_joy/build install --record /home/robosub/nuros_ws/build/key_joy/install.log --install-scripts $base/lib/key_joy --single-version-externally-managed
[7.022s] DEBUG:colcon.colcon_core.event_handler.log_command:Invoked command in '/home/robosub/nuros_ws/src/image_processing' returned '0': PYTHONPATH=/home/robosub/nuros_ws/build/image_processing/prefix_override:/home/robosub/nuros_ws/install/image_processing/lib/python3.8/site-packages: /usr/bin/python3 setup.py egg_info --egg-base ../../build/image_processing build --build-base /home/robosub/nuros_ws/build/image_processing/build install --record /home/robosub/nuros_ws/build/image_processing/install.log --install-scripts $base/lib/image_processing --single-version-externally-managed
[7.036s] Level 1:colcon.colcon_core.environment:checking '/home/robosub/nuros_ws/install/image_processing' for CMake module files
[7.038s] Level 1:colcon.colcon_core.environment:checking '/home/robosub/nuros_ws/install/image_processing' for CMake config files
[7.042s] Level 1:colcon.colcon_core.environment:checking '/home/robosub/nuros_ws/install/image_processing/lib'
[7.042s] Level 1:colcon.colcon_core.environment:checking '/home/robosub/nuros_ws/install/image_processing/bin'
[7.043s] Level 1:colcon.colcon_core.environment:checking '/home/robosub/nuros_ws/install/image_processing/lib/pkgconfig/image_processing.pc'
[7.044s] Level 1:colcon.colcon_core.environment:checking '/home/robosub/nuros_ws/install/image_processing/lib/python3.8/site-packages'
[7.044s] Level 1:colcon.colcon_core.shell:create_environment_hook('image_processing', 'pythonpath')
[7.055s] INFO:colcon.colcon_core.shell:Creating environment hook '/home/robosub/nuros_ws/install/image_processing/share/image_processing/hook/pythonpath.ps1'
[7.059s] INFO:colcon.colcon_core.shell:Creating environment descriptor '/home/robosub/nuros_ws/install/image_processing/share/image_processing/hook/pythonpath.dsv'
[7.122s] INFO:colcon.colcon_core.shell:Creating environment hook '/home/robosub/nuros_ws/install/image_processing/share/image_processing/hook/pythonpath.sh'
[7.157s] Level 1:colcon.colcon_core.environment:checking '/home/robosub/nuros_ws/install/image_processing/bin'
[7.157s] Level 1:colcon.colcon_core.environment:create_environment_scripts_only(image_processing)
[7.167s] INFO:colcon.colcon_core.shell:Creating package script '/home/robosub/nuros_ws/install/image_processing/share/image_processing/package.ps1'
[7.169s] INFO:colcon.colcon_core.shell:Creating package descriptor '/home/robosub/nuros_ws/install/image_processing/share/image_processing/package.dsv'
[7.171s] INFO:colcon.colcon_core.shell:Creating package script '/home/robosub/nuros_ws/install/image_processing/share/image_processing/package.sh'
[7.173s] INFO:colcon.colcon_core.shell:Creating package script '/home/robosub/nuros_ws/install/image_processing/share/image_processing/package.bash'
[7.174s] INFO:colcon.colcon_core.shell:Creating package script '/home/robosub/nuros_ws/install/image_processing/share/image_processing/package.zsh'
[7.176s] Level 1:colcon.colcon_core.environment:create_file_with_runtime_dependencies(/home/robosub/nuros_ws/install/image_processing/share/colcon-core/packages/image_processing)
[7.179s] INFO:colcon.colcon_ros.task.ament_python.build:Building ROS package in '/home/robosub/nuros_ws/src/pixhawk_interface' with build type 'ament_python'
[7.180s] Level 1:colcon.colcon_core.shell:create_environment_hook('pixhawk_interface', 'ament_prefix_path')
[7.186s] INFO:colcon.colcon_core.shell:Creating environment hook '/home/robosub/nuros_ws/install/pixhawk_interface/share/pixhawk_interface/hook/ament_prefix_path.ps1'
[7.188s] INFO:colcon.colcon_core.shell:Creating environment descriptor '/home/robosub/nuros_ws/install/pixhawk_interface/share/pixhawk_interface/hook/ament_prefix_path.dsv'
[7.189s] INFO:colcon.colcon_core.shell:Creating environment hook '/home/robosub/nuros_ws/install/pixhawk_interface/share/pixhawk_interface/hook/ament_prefix_path.sh'
[7.196s] INFO:colcon.colcon_core.shell:Skip shell extension 'powershell' for command environment: Not usable outside of PowerShell
[7.196s] DEBUG:colcon.colcon_core.shell:Skip shell extension 'dsv' for command environment
[8.323s] INFO:colcon.colcon_core.task.python.build:Building Python package in '/home/robosub/nuros_ws/src/pixhawk_interface'
[8.332s] INFO:colcon.colcon_core.shell:Skip shell extension 'powershell' for command environment: Not usable outside of PowerShell
[8.332s] DEBUG:colcon.colcon_core.shell:Skip shell extension 'dsv' for command environment
[8.389s] DEBUG:colcon.colcon_core.event_handler.log_command:Invoked command in '/home/robosub/nuros_ws/src/launch_all' returned '0': PYTHONPATH=/home/robosub/nuros_ws/build/launch_all/prefix_override:/home/robosub/nuros_ws/install/launch_all/lib/python3.8/site-packages: /usr/bin/python3 setup.py egg_info --egg-base ../../build/launch_all build --build-base /home/robosub/nuros_ws/build/launch_all/build install --record /home/robosub/nuros_ws/build/launch_all/install.log --install-scripts $base/lib/launch_all --single-version-externally-managed
[8.397s] Level 1:colcon.colcon_core.environment:checking '/home/robosub/nuros_ws/install/launch_all' for CMake module files
[8.399s] Level 1:colcon.colcon_core.environment:checking '/home/robosub/nuros_ws/install/launch_all' for CMake config files
[8.402s] Level 1:colcon.colcon_core.environment:checking '/home/robosub/nuros_ws/install/launch_all/lib'
[8.403s] Level 1:colcon.colcon_core.environment:checking '/home/robosub/nuros_ws/install/launch_all/bin'
[8.403s] Level 1:colcon.colcon_core.environment:checking '/home/robosub/nuros_ws/install/launch_all/lib/pkgconfig/launch_all.pc'
[8.404s] Level 1:colcon.colcon_core.environment:checking '/home/robosub/nuros_ws/install/launch_all/lib/python3.8/site-packages'
[8.404s] Level 1:colcon.colcon_core.shell:create_environment_hook('launch_all', 'pythonpath')
[8.409s] INFO:colcon.colcon_core.shell:Creating environment hook '/home/robosub/nuros_ws/install/launch_all/share/launch_all/hook/pythonpath.ps1'
[8.412s] INFO:colcon.colcon_core.shell:Creating environment descriptor '/home/robosub/nuros_ws/install/launch_all/share/launch_all/hook/pythonpath.dsv'
[8.414s] INFO:colcon.colcon_core.shell:Creating environment hook '/home/robosub/nuros_ws/install/launch_all/share/launch_all/hook/pythonpath.sh'
[8.417s] Level 1:colcon.colcon_core.environment:checking '/home/robosub/nuros_ws/install/launch_all/bin'
[8.417s] Level 1:colcon.colcon_core.environment:create_environment_scripts_only(launch_all)
[8.422s] INFO:colcon.colcon_core.shell:Creating package script '/home/robosub/nuros_ws/install/launch_all/share/launch_all/package.ps1'
[8.425s] INFO:colcon.colcon_core.shell:Creating package descriptor '/home/robosub/nuros_ws/install/launch_all/share/launch_all/package.dsv'
[8.426s] INFO:colcon.colcon_core.shell:Creating package script '/home/robosub/nuros_ws/install/launch_all/share/launch_all/package.sh'
[8.428s] INFO:colcon.colcon_core.shell:Creating package script '/home/robosub/nuros_ws/install/launch_all/share/launch_all/package.bash'
[8.430s] INFO:colcon.colcon_core.shell:Creating package script '/home/robosub/nuros_ws/install/launch_all/share/launch_all/package.zsh'
[8.431s] Level 1:colcon.colcon_core.environment:create_file_with_runtime_dependencies(/home/robosub/nuros_ws/install/launch_all/share/colcon-core/packages/launch_all)
[8.441s] DEBUG:colcon.colcon_core.event_handler.log_command:Invoked command in '/home/robosub/nuros_ws/src/key_joy' returned '0': PYTHONPATH=/home/robosub/nuros_ws/build/key_joy/prefix_override:/home/robosub/nuros_ws/install/key_joy/lib/python3.8/site-packages: /usr/bin/python3 setup.py egg_info --egg-base ../../build/key_joy build --build-base /home/robosub/nuros_ws/build/key_joy/build install --record /home/robosub/nuros_ws/build/key_joy/install.log --install-scripts $base/lib/key_joy --single-version-externally-managed
[8.445s] Level 1:colcon.colcon_core.environment:checking '/home/robosub/nuros_ws/install/key_joy' for CMake module files
[8.446s] Level 1:colcon.colcon_core.environment:checking '/home/robosub/nuros_ws/install/key_joy' for CMake config files
[8.449s] Level 1:colcon.colcon_core.environment:checking '/home/robosub/nuros_ws/install/key_joy/lib'
[8.449s] Level 1:colcon.colcon_core.environment:checking '/home/robosub/nuros_ws/install/key_joy/bin'
[8.449s] Level 1:colcon.colcon_core.environment:checking '/home/robosub/nuros_ws/install/key_joy/lib/pkgconfig/key_joy.pc'
[8.450s] Level 1:colcon.colcon_core.environment:checking '/home/robosub/nuros_ws/install/key_joy/lib/python3.8/site-packages'
[8.450s] Level 1:colcon.colcon_core.shell:create_environment_hook('key_joy', 'pythonpath')
[8.456s] INFO:colcon.colcon_core.shell:Creating environment hook '/home/robosub/nuros_ws/install/key_joy/share/key_joy/hook/pythonpath.ps1'
[8.459s] INFO:colcon.colcon_core.shell:Creating environment descriptor '/home/robosub/nuros_ws/install/key_joy/share/key_joy/hook/pythonpath.dsv'
[8.460s] INFO:colcon.colcon_core.shell:Creating environment hook '/home/robosub/nuros_ws/install/key_joy/share/key_joy/hook/pythonpath.sh'
[8.472s] Level 1:colcon.colcon_core.environment:checking '/home/robosub/nuros_ws/install/key_joy/bin'
[8.472s] Level 1:colcon.colcon_core.environment:create_environment_scripts_only(key_joy)
[8.479s] INFO:colcon.colcon_core.shell:Creating package script '/home/robosub/nuros_ws/install/key_joy/share/key_joy/package.ps1'
[8.482s] INFO:colcon.colcon_core.shell:Creating package descriptor '/home/robosub/nuros_ws/install/key_joy/share/key_joy/package.dsv'
[8.485s] INFO:colcon.colcon_core.shell:Creating package script '/home/robosub/nuros_ws/install/key_joy/share/key_joy/package.sh'
[8.487s] INFO:colcon.colcon_core.shell:Creating package script '/home/robosub/nuros_ws/install/key_joy/share/key_joy/package.bash'
[8.489s] INFO:colcon.colcon_core.shell:Creating package script '/home/robosub/nuros_ws/install/key_joy/share/key_joy/package.zsh'
[8.490s] Level 1:colcon.colcon_core.environment:create_file_with_runtime_dependencies(/home/robosub/nuros_ws/install/key_joy/share/colcon-core/packages/key_joy)
[8.496s] INFO:colcon.colcon_ros.task.ament_python.build:Building ROS package in '/home/robosub/nuros_ws/src/yadd' with build type 'ament_python'
[8.498s] Level 1:colcon.colcon_core.shell:create_environment_hook('yadd', 'ament_prefix_path')
[8.503s] INFO:colcon.colcon_core.shell:Creating environment hook '/home/robosub/nuros_ws/install/yadd/share/yadd/hook/ament_prefix_path.ps1'
[8.505s] INFO:colcon.colcon_core.shell:Creating environment descriptor '/home/robosub/nuros_ws/install/yadd/share/yadd/hook/ament_prefix_path.dsv'
[8.507s] INFO:colcon.colcon_core.shell:Creating environment hook '/home/robosub/nuros_ws/install/yadd/share/yadd/hook/ament_prefix_path.sh'
[8.513s] INFO:colcon.colcon_core.shell:Skip shell extension 'powershell' for command environment: Not usable outside of PowerShell
[8.514s] DEBUG:colcon.colcon_core.shell:Skip shell extension 'dsv' for command environment
[9.562s] INFO:colcon.colcon_core.task.python.build:Building Python package in '/home/robosub/nuros_ws/src/yadd'
[9.572s] INFO:colcon.colcon_core.shell:Skip shell extension 'powershell' for command environment: Not usable outside of PowerShell
[9.573s] DEBUG:colcon.colcon_core.shell:Skip shell extension 'dsv' for command environment
[9.623s] DEBUG:colcon.colcon_core.event_handler.log_command:Invoking command in '/home/robosub/nuros_ws/src/main_head': PYTHONPATH=/home/robosub/nuros_ws/build/main_head/prefix_override:/home/robosub/nuros_ws/install/main_head/lib/python3.8/site-packages: /usr/bin/python3 setup.py egg_info --egg-base ../../build/main_head build --build-base /home/robosub/nuros_ws/build/main_head/build install --record /home/robosub/nuros_ws/build/main_head/install.log --install-scripts $base/lib/main_head --single-version-externally-managed
[10.547s] DEBUG:colcon.colcon_core.event_handler.log_command:Invoking command in '/home/robosub/nuros_ws/src/pixhawk_interface': PYTHONPATH=/home/robosub/nuros_ws/build/pixhawk_interface/prefix_override:/home/robosub/nuros_ws/install/pixhawk_interface/lib/python3.8/site-packages: /usr/bin/python3 setup.py egg_info --egg-base ../../build/pixhawk_interface build --build-base /home/robosub/nuros_ws/build/pixhawk_interface/build install --record /home/robosub/nuros_ws/build/pixhawk_interface/install.log --install-scripts $base/lib/pixhawk_interface --single-version-externally-managed
[11.206s] DEBUG:colcon.colcon_core.event_handler.log_command:Invoked command in '/home/robosub/nuros_ws/src/main_head' returned '0': PYTHONPATH=/home/robosub/nuros_ws/build/main_head/prefix_override:/home/robosub/nuros_ws/install/main_head/lib/python3.8/site-packages: /usr/bin/python3 setup.py egg_info --egg-base ../../build/main_head build --build-base /home/robosub/nuros_ws/build/main_head/build install --record /home/robosub/nuros_ws/build/main_head/install.log --install-scripts $base/lib/main_head --single-version-externally-managed
[11.213s] Level 1:colcon.colcon_core.environment:checking '/home/robosub/nuros_ws/install/main_head' for CMake module files
[11.215s] Level 1:colcon.colcon_core.environment:checking '/home/robosub/nuros_ws/install/main_head' for CMake config files
[11.218s] Level 1:colcon.colcon_core.environment:checking '/home/robosub/nuros_ws/install/main_head/lib'
[11.219s] Level 1:colcon.colcon_core.environment:checking '/home/robosub/nuros_ws/install/main_head/bin'
[11.219s] Level 1:colcon.colcon_core.environment:checking '/home/robosub/nuros_ws/install/main_head/lib/pkgconfig/main_head.pc'
[11.220s] Level 1:colcon.colcon_core.environment:checking '/home/robosub/nuros_ws/install/main_head/lib/python3.8/site-packages'
[11.221s] Level 1:colcon.colcon_core.shell:create_environment_hook('main_head', 'pythonpath')
[11.227s] INFO:colcon.colcon_core.shell:Creating environment hook '/home/robosub/nuros_ws/install/main_head/share/main_head/hook/pythonpath.ps1'
[11.230s] INFO:colcon.colcon_core.shell:Creating environment descriptor '/home/robosub/nuros_ws/install/main_head/share/main_head/hook/pythonpath.dsv'
[11.270s] INFO:colcon.colcon_core.shell:Creating environment hook '/home/robosub/nuros_ws/install/main_head/share/main_head/hook/pythonpath.sh'
[11.372s] Level 1:colcon.colcon_core.environment:checking '/home/robosub/nuros_ws/install/main_head/bin'
[11.372s] Level 1:colcon.colcon_core.environment:create_environment_scripts_only(main_head)
[11.378s] INFO:colcon.colcon_core.shell:Creating package script '/home/robosub/nuros_ws/install/main_head/share/main_head/package.ps1'
[11.381s] INFO:colcon.colcon_core.shell:Creating package descriptor '/home/robosub/nuros_ws/install/main_head/share/main_head/package.dsv'
[11.384s] INFO:colcon.colcon_core.shell:Creating package script '/home/robosub/nuros_ws/install/main_head/share/main_head/package.sh'
[11.386s] INFO:colcon.colcon_core.shell:Creating package script '/home/robosub/nuros_ws/install/main_head/share/main_head/package.bash'
[11.388s] INFO:colcon.colcon_core.shell:Creating package script '/home/robosub/nuros_ws/install/main_head/share/main_head/package.zsh'
[11.390s] Level 1:colcon.colcon_core.environment:create_file_with_runtime_dependencies(/home/robosub/nuros_ws/install/main_head/share/colcon-core/packages/main_head)
[11.622s] DEBUG:colcon.colcon_core.event_handler.log_command:Invoking command in '/home/robosub/nuros_ws/src/yadd': PYTHONPATH=/home/robosub/nuros_ws/build/yadd/prefix_override:/home/robosub/nuros_ws/install/yadd/lib/python3.8/site-packages: /usr/bin/python3 setup.py egg_info --egg-base ../../build/yadd build --build-base /home/robosub/nuros_ws/build/yadd/build install --record /home/robosub/nuros_ws/build/yadd/install.log --install-scripts $base/lib/yadd --single-version-externally-managed
[12.149s] DEBUG:colcon.colcon_core.event_handler.log_command:Invoked command in '/home/robosub/nuros_ws/src/pixhawk_interface' returned '0': PYTHONPATH=/home/robosub/nuros_ws/build/pixhawk_interface/prefix_override:/home/robosub/nuros_ws/install/pixhawk_interface/lib/python3.8/site-packages: /usr/bin/python3 setup.py egg_info --egg-base ../../build/pixhawk_interface build --build-base /home/robosub/nuros_ws/build/pixhawk_interface/build install --record /home/robosub/nuros_ws/build/pixhawk_interface/install.log --install-scripts $base/lib/pixhawk_interface --single-version-externally-managed
[12.152s] Level 1:colcon.colcon_core.environment:checking '/home/robosub/nuros_ws/install/pixhawk_interface' for CMake module files
[12.154s] Level 1:colcon.colcon_core.environment:checking '/home/robosub/nuros_ws/install/pixhawk_interface' for CMake config files
[12.158s] Level 1:colcon.colcon_core.environment:checking '/home/robosub/nuros_ws/install/pixhawk_interface/lib'
[12.159s] Level 1:colcon.colcon_core.environment:checking '/home/robosub/nuros_ws/install/pixhawk_interface/bin'
[12.159s] Level 1:colcon.colcon_core.environment:checking '/home/robosub/nuros_ws/install/pixhawk_interface/lib/pkgconfig/pixhawk_interface.pc'
[12.161s] Level 1:colcon.colcon_core.environment:checking '/home/robosub/nuros_ws/install/pixhawk_interface/lib/python3.8/site-packages'
[12.161s] Level 1:colcon.colcon_core.shell:create_environment_hook('pixhawk_interface', 'pythonpath')
[12.170s] INFO:colcon.colcon_core.shell:Creating environment hook '/home/robosub/nuros_ws/install/pixhawk_interface/share/pixhawk_interface/hook/pythonpath.ps1'
[12.173s] INFO:colcon.colcon_core.shell:Creating environment descriptor '/home/robosub/nuros_ws/install/pixhawk_interface/share/pixhawk_interface/hook/pythonpath.dsv'
[12.208s] INFO:colcon.colcon_core.shell:Creating environment hook '/home/robosub/nuros_ws/install/pixhawk_interface/share/pixhawk_interface/hook/pythonpath.sh'
[12.210s] Level 1:colcon.colcon_core.environment:checking '/home/robosub/nuros_ws/install/pixhawk_interface/bin'
[12.210s] Level 1:colcon.colcon_core.environment:create_environment_scripts_only(pixhawk_interface)
[12.229s] INFO:colcon.colcon_core.shell:Creating package script '/home/robosub/nuros_ws/install/pixhawk_interface/share/pixhawk_interface/package.ps1'
[12.232s] INFO:colcon.colcon_core.shell:Creating package descriptor '/home/robosub/nuros_ws/install/pixhawk_interface/share/pixhawk_interface/package.dsv'
[12.234s] INFO:colcon.colcon_core.shell:Creating package script '/home/robosub/nuros_ws/install/pixhawk_interface/share/pixhawk_interface/package.sh'
[12.245s] INFO:colcon.colcon_core.shell:Creating package script '/home/robosub/nuros_ws/install/pixhawk_interface/share/pixhawk_interface/package.bash'
[12.246s] INFO:colcon.colcon_core.shell:Creating package script '/home/robosub/nuros_ws/install/pixhawk_interface/share/pixhawk_interface/package.zsh'
[12.249s] Level 1:colcon.colcon_core.environment:create_file_with_runtime_dependencies(/home/robosub/nuros_ws/install/pixhawk_interface/share/colcon-core/packages/pixhawk_interface)
[13.033s] DEBUG:colcon.colcon_core.event_handler.log_command:Invoked command in '/home/robosub/nuros_ws/src/yadd' returned '0': PYTHONPATH=/home/robosub/nuros_ws/build/yadd/prefix_override:/home/robosub/nuros_ws/install/yadd/lib/python3.8/site-packages: /usr/bin/python3 setup.py egg_info --egg-base ../../build/yadd build --build-base /home/robosub/nuros_ws/build/yadd/build install --record /home/robosub/nuros_ws/build/yadd/install.log --install-scripts $base/lib/yadd --single-version-externally-managed
[13.036s] Level 1:colcon.colcon_core.environment:checking '/home/robosub/nuros_ws/install/yadd' for CMake module files
[13.038s] Level 1:colcon.colcon_core.environment:checking '/home/robosub/nuros_ws/install/yadd' for CMake config files
[13.040s] Level 1:colcon.colcon_core.environment:checking '/home/robosub/nuros_ws/install/yadd/lib'
[13.041s] Level 1:colcon.colcon_core.environment:checking '/home/robosub/nuros_ws/install/yadd/bin'
[13.041s] Level 1:colcon.colcon_core.environment:checking '/home/robosub/nuros_ws/install/yadd/lib/pkgconfig/yadd.pc'
[13.042s] Level 1:colcon.colcon_core.environment:checking '/home/robosub/nuros_ws/install/yadd/lib/python3.8/site-packages'
[13.042s] Level 1:colcon.colcon_core.shell:create_environment_hook('yadd', 'pythonpath')
[13.048s] INFO:colcon.colcon_core.shell:Creating environment hook '/home/robosub/nuros_ws/install/yadd/share/yadd/hook/pythonpath.ps1'
[13.051s] INFO:colcon.colcon_core.shell:Creating environment descriptor '/home/robosub/nuros_ws/install/yadd/share/yadd/hook/pythonpath.dsv'
[13.060s] INFO:colcon.colcon_core.shell:Creating environment hook '/home/robosub/nuros_ws/install/yadd/share/yadd/hook/pythonpath.sh'
[13.064s] Level 1:colcon.colcon_core.environment:checking '/home/robosub/nuros_ws/install/yadd/bin'
[13.065s] Level 1:colcon.colcon_core.environment:create_environment_scripts_only(yadd)
[13.071s] INFO:colcon.colcon_core.shell:Creating package script '/home/robosub/nuros_ws/install/yadd/share/yadd/package.ps1'
[13.073s] INFO:colcon.colcon_core.shell:Creating package descriptor '/home/robosub/nuros_ws/install/yadd/share/yadd/package.dsv'
[13.080s] INFO:colcon.colcon_core.shell:Creating package script '/home/robosub/nuros_ws/install/yadd/share/yadd/package.sh'
[13.082s] INFO:colcon.colcon_core.shell:Creating package script '/home/robosub/nuros_ws/install/yadd/share/yadd/package.bash'
[13.083s] INFO:colcon.colcon_core.shell:Creating package script '/home/robosub/nuros_ws/install/yadd/share/yadd/package.zsh'
[13.085s] Level 1:colcon.colcon_core.environment:create_file_with_runtime_dependencies(/home/robosub/nuros_ws/install/yadd/share/colcon-core/packages/yadd)
[13.086s] DEBUG:colcon.colcon_parallel_executor.executor.parallel:closing loop
[13.087s] DEBUG:colcon.colcon_parallel_executor.executor.parallel:loop closed
[13.088s] DEBUG:colcon.colcon_parallel_executor.executor.parallel:run_until_complete finished with '0'
[13.088s] DEBUG:colcon.colcon_core.event_reactor:joining thread
[13.116s] INFO:colcon.colcon_core.plugin_system:Skipping extension 'colcon_notification.desktop_notification.terminal_notifier': Not used on non-Darwin systems
[13.116s] INFO:colcon.colcon_core.plugin_system:Skipping extension 'colcon_notification.desktop_notification.win32': Not used on non-Windows systems
[13.117s] INFO:colcon.colcon_notification.desktop_notification:Sending desktop notification using 'notify2'
[13.176s] DEBUG:colcon.colcon_notification.desktop_notification.notify2:Failed to initialize notify2: org.freedesktop.DBus.Error.Spawn.ChildExited: Process org.freedesktop.Notifications exited with status 1
[13.177s] DEBUG:colcon.colcon_core.event_reactor:joined thread
[13.182s] INFO:colcon.colcon_core.shell:Creating prefix script '/home/robosub/nuros_ws/install/local_setup.ps1'
[13.185s] INFO:colcon.colcon_core.shell:Creating prefix util module '/home/robosub/nuros_ws/install/_local_setup_util_ps1.py'
[13.190s] INFO:colcon.colcon_core.shell:Creating prefix chain script '/home/robosub/nuros_ws/install/setup.ps1'
[13.194s] INFO:colcon.colcon_core.shell:Creating prefix script '/home/robosub/nuros_ws/install/local_setup.sh'
[13.196s] INFO:colcon.colcon_core.shell:Creating prefix util module '/home/robosub/nuros_ws/install/_local_setup_util_sh.py'
[13.198s] INFO:colcon.colcon_core.shell:Creating prefix chain script '/home/robosub/nuros_ws/install/setup.sh'
[13.203s] INFO:colcon.colcon_core.shell:Creating prefix script '/home/robosub/nuros_ws/install/local_setup.bash'
[13.205s] INFO:colcon.colcon_core.shell:Creating prefix chain script '/home/robosub/nuros_ws/install/setup.bash'
[13.209s] INFO:colcon.colcon_core.shell:Creating prefix script '/home/robosub/nuros_ws/install/local_setup.zsh'
[13.210s] INFO:colcon.colcon_core.shell:Creating prefix chain script '/home/robosub/nuros_ws/install/setup.zsh'
