[0.000000] (-) TimerEvent: {}
[0.000448] (-) JobUnselected: {'identifier': 'image_processing'}
[0.001074] (-) JobUnselected: {'identifier': 'interfaces'}
[0.002055] (-) JobUnselected: {'identifier': 'key_joy'}
[0.002713] (-) JobUnselected: {'identifier': 'launch_all'}
[0.002831] (-) JobUnselected: {'identifier': 'yadd'}
[0.002938] (main_head) JobQueued: {'identifier': 'main_head', 'dependencies': OrderedDict()}
[0.003071] (pixhawk_interface) JobQueued: {'identifier': 'pixhawk_interface', 'dependencies': OrderedDict()}
[0.003188] (main_head) JobStarted: {'identifier': 'main_head'}
[0.098729] (-) TimerEvent: {}
[0.205457] (-) TimerEvent: {}
[0.247938] (pixhawk_interface) JobStarted: {'identifier': 'pixhawk_interface'}
[0.305784] (-) TimerEvent: {}
[0.406925] (-) TimerEvent: {}
[0.508066] (-) TimerEvent: {}
[0.609279] (-) TimerEvent: {}
[0.709755] (-) TimerEvent: {}
[0.810213] (-) TimerEvent: {}
[0.910711] (-) TimerEvent: {}
[1.011428] (-) TimerEvent: {}
[1.112107] (-) TimerEvent: {}
[1.212817] (-) TimerEvent: {}
[1.313356] (-) TimerEvent: {}
[1.413930] (-) TimerEvent: {}
[1.514549] (-) TimerEvent: {}
[1.615725] (-) TimerEvent: {}
[1.716665] (-) TimerEvent: {}
[1.817135] (-) TimerEvent: {}
[1.917648] (-) TimerEvent: {}
[2.020788] (-) TimerEvent: {}
[2.121244] (-) TimerEvent: {}
[2.222563] (-) TimerEvent: {}
[2.324849] (-) TimerEvent: {}
[2.425398] (-) TimerEvent: {}
[2.525879] (-) TimerEvent: {}
[2.626442] (-) TimerEvent: {}
[2.727348] (-) TimerEvent: {}
[2.828504] (-) TimerEvent: {}
[2.929315] (-) TimerEvent: {}
[3.030146] (-) TimerEvent: {}
[3.130905] (-) TimerEvent: {}
[3.231360] (-) TimerEvent: {}
[3.331844] (-) TimerEvent: {}
[3.432352] (-) TimerEvent: {}
[3.532895] (-) TimerEvent: {}
[3.633350] (-) TimerEvent: {}
[3.733828] (-) TimerEvent: {}
[3.834313] (-) TimerEvent: {}
[3.934859] (-) TimerEvent: {}
[4.035385] (-) TimerEvent: {}
[4.135930] (-) TimerEvent: {}
[4.236505] (-) TimerEvent: {}
[4.337069] (-) TimerEvent: {}
[4.437613] (-) TimerEvent: {}
[4.538129] (-) TimerEvent: {}
[4.640452] (-) TimerEvent: {}
[4.740994] (-) TimerEvent: {}
[4.841513] (-) TimerEvent: {}
[4.942071] (-) TimerEvent: {}
[5.042583] (-) TimerEvent: {}
[5.143091] (-) TimerEvent: {}
[5.243579] (-) TimerEvent: {}
[5.344058] (-) TimerEvent: {}
[5.444818] (-) TimerEvent: {}
[5.545298] (-) TimerEvent: {}
[5.645803] (-) TimerEvent: {}
[5.746369] (-) TimerEvent: {}
[5.846930] (-) TimerEvent: {}
[5.947474] (-) TimerEvent: {}
[5.969568] (pixhawk_interface) Command: {'cmd': ['/usr/bin/python3', 'setup.py', 'egg_info', '--egg-base', '../../build/pixhawk_interface', 'build', '--build-base', '/home/robosub/nuros_ws/build/pixhawk_interface/build', 'install', '--record', '/home/robosub/nuros_ws/build/pixhawk_interface/install.log', '--install-scripts', '$base/lib/pixhawk_interface', '--single-version-externally-managed'], 'cwd': '/home/robosub/nuros_ws/src/pixhawk_interface', 'env': {'USER': 'robosub', 'SHLVL': '1', 'LD_LIBRARY_PATH': '/opt/ros/foxy/opt/yaml_cpp_vendor/lib:/opt/ros/foxy/opt/rviz_ogre_vendor/lib:/opt/ros/foxy/lib/aarch64-linux-gnu:/opt/ros/foxy/lib', 'HOME': '/home/robosub', 'OLDPWD': '/', 'ROS_PYTHON_VERSION': '3', 'ROS_DISTRO': 'foxy', 'LOGNAME': 'robosub', 'JOURNAL_STREAM': '7:44249', '_': '/usr/bin/colcon', 'ROS_VERSION': '2', 'ROS_LOCALHOST_ONLY': '0', 'PATH': '/opt/ros/foxy/bin:/usr/local/sbin:/usr/local/bin:/usr/sbin:/usr/bin:/sbin:/bin:/snap/bin', 'INVOCATION_ID': '733376becdfb4d5c98c6246beb37544d', 'LANG': 'en_US.UTF-8', 'AMENT_PREFIX_PATH': '/opt/ros/foxy', 'SHELL': '/bin/bash', 'PWD': '/home/robosub/nuros_ws/build/pixhawk_interface', 'PYTHONPATH': '/home/robosub/nuros_ws/build/pixhawk_interface/prefix_override:/home/robosub/nuros_ws/install/pixhawk_interface/lib/python3.8/site-packages:/opt/ros/foxy/lib/python3.8/site-packages', 'COLCON': '1'}, 'shell': False}
[5.990794] (main_head) Command: {'cmd': ['/usr/bin/python3', 'setup.py', 'egg_info', '--egg-base', '../../build/main_head', 'build', '--build-base', '/home/robosub/nuros_ws/build/main_head/build', 'install', '--record', '/home/robosub/nuros_ws/build/main_head/install.log', '--install-scripts', '$base/lib/main_head', '--single-version-externally-managed'], 'cwd': '/home/robosub/nuros_ws/src/main_head', 'env': {'USER': 'robosub', 'SHLVL': '1', 'LD_LIBRARY_PATH': '/opt/ros/foxy/opt/yaml_cpp_vendor/lib:/opt/ros/foxy/opt/rviz_ogre_vendor/lib:/opt/ros/foxy/lib/aarch64-linux-gnu:/opt/ros/foxy/lib', 'HOME': '/home/robosub', 'OLDPWD': '/', 'ROS_PYTHON_VERSION': '3', 'ROS_DISTRO': 'foxy', 'LOGNAME': 'robosub', 'JOURNAL_STREAM': '7:44249', '_': '/usr/bin/colcon', 'ROS_VERSION': '2', 'ROS_LOCALHOST_ONLY': '0', 'PATH': '/opt/ros/foxy/bin:/usr/local/sbin:/usr/local/bin:/usr/sbin:/usr/bin:/sbin:/bin:/snap/bin', 'INVOCATION_ID': '733376becdfb4d5c98c6246beb37544d', 'LANG': 'en_US.UTF-8', 'AMENT_PREFIX_PATH': '/opt/ros/foxy', 'SHELL': '/bin/bash', 'PWD': '/home/robosub/nuros_ws/build/main_head', 'PYTHONPATH': '/home/robosub/nuros_ws/build/main_head/prefix_override:/home/robosub/nuros_ws/install/main_head/lib/python3.8/site-packages:/opt/ros/foxy/lib/python3.8/site-packages', 'COLCON': '1'}, 'shell': False}
[6.048052] (-) TimerEvent: {}
[6.148963] (-) TimerEvent: {}
[6.249417] (-) TimerEvent: {}
[6.349891] (-) TimerEvent: {}
[6.450375] (-) TimerEvent: {}
[6.550826] (-) TimerEvent: {}
[6.651312] (-) TimerEvent: {}
[6.751770] (-) TimerEvent: {}
[6.852831] (-) TimerEvent: {}
[6.913745] (main_head) StdoutLine: {'line': b'running egg_info\n'}
[6.915647] (main_head) StdoutLine: {'line': b'writing ../../build/main_head/main_head.egg-info/PKG-INFO\n'}
[6.945445] (pixhawk_interface) StdoutLine: {'line': b'running egg_info\n'}
[6.947276] (pixhawk_interface) StdoutLine: {'line': b'writing ../../build/pixhawk_interface/pixhawk_interface.egg-info/PKG-INFO\n'}
[6.953077] (-) TimerEvent: {}
[7.053674] (-) TimerEvent: {}
[7.128325] (main_head) StdoutLine: {'line': b'writing dependency_links to ../../build/main_head/main_head.egg-info/dependency_links.txt\n'}
[7.130387] (main_head) StdoutLine: {'line': b'writing entry points to ../../build/main_head/main_head.egg-info/entry_points.txt\n'}
[7.130825] (main_head) StdoutLine: {'line': b'writing requirements to ../../build/main_head/main_head.egg-info/requires.txt\n'}
[7.131211] (main_head) StdoutLine: {'line': b'writing top-level names to ../../build/main_head/main_head.egg-info/top_level.txt\n'}
[7.131550] (pixhawk_interface) StdoutLine: {'line': b'writing dependency_links to ../../build/pixhawk_interface/pixhawk_interface.egg-info/dependency_links.txt\n'}
[7.132275] (pixhawk_interface) StdoutLine: {'line': b'writing entry points to ../../build/pixhawk_interface/pixhawk_interface.egg-info/entry_points.txt\n'}
[7.132681] (pixhawk_interface) StdoutLine: {'line': b'writing requirements to ../../build/pixhawk_interface/pixhawk_interface.egg-info/requires.txt\n'}
[7.133067] (pixhawk_interface) StdoutLine: {'line': b'writing top-level names to ../../build/pixhawk_interface/pixhawk_interface.egg-info/top_level.txt\n'}
[7.153881] (-) TimerEvent: {}
[7.254375] (-) TimerEvent: {}
[7.318883] (pixhawk_interface) StdoutLine: {'line': b"reading manifest file '../../build/pixhawk_interface/pixhawk_interface.egg-info/SOURCES.txt'\n"}
[7.320850] (main_head) StdoutLine: {'line': b"reading manifest file '../../build/main_head/main_head.egg-info/SOURCES.txt'\n"}
[7.324276] (pixhawk_interface) StdoutLine: {'line': b"writing manifest file '../../build/pixhawk_interface/pixhawk_interface.egg-info/SOURCES.txt'\n"}
[7.326253] (main_head) StdoutLine: {'line': b"writing manifest file '../../build/main_head/main_head.egg-info/SOURCES.txt'\n"}
[7.326668] (pixhawk_interface) StdoutLine: {'line': b'running build\n'}
[7.327026] (pixhawk_interface) StdoutLine: {'line': b'running build_py\n'}
[7.327371] (main_head) StdoutLine: {'line': b'running build\n'}
[7.327697] (main_head) StdoutLine: {'line': b'running build_py\n'}
[7.331130] (main_head) StdoutLine: {'line': b'running install\n'}
[7.332145] (pixhawk_interface) StdoutLine: {'line': b'running install\n'}
[7.335312] (pixhawk_interface) StdoutLine: {'line': b'running install_lib\n'}
[7.335803] (main_head) StdoutLine: {'line': b'running install_lib\n'}
[7.343843] (main_head) StdoutLine: {'line': b'running install_data\n'}
[7.345301] (pixhawk_interface) StdoutLine: {'line': b'running install_data\n'}
[7.348057] (main_head) StdoutLine: {'line': b'running install_egg_info\n'}
[7.349396] (pixhawk_interface) StdoutLine: {'line': b'running install_egg_info\n'}
[7.354536] (-) TimerEvent: {}
[7.356331] (pixhawk_interface) StdoutLine: {'line': b"removing '/home/robosub/nuros_ws/install/pixhawk_interface/lib/python3.8/site-packages/pixhawk_interface-0.0.0-py3.8.egg-info' (and everything under it)\n"}
[7.357012] (main_head) StdoutLine: {'line': b"removing '/home/robosub/nuros_ws/install/main_head/lib/python3.8/site-packages/main_head-0.0.0-py3.8.egg-info' (and everything under it)\n"}
[7.357994] (pixhawk_interface) StdoutLine: {'line': b'Copying ../../build/pixhawk_interface/pixhawk_interface.egg-info to /home/robosub/nuros_ws/install/pixhawk_interface/lib/python3.8/site-packages/pixhawk_interface-0.0.0-py3.8.egg-info\n'}
[7.358451] (main_head) StdoutLine: {'line': b'Copying ../../build/main_head/main_head.egg-info to /home/robosub/nuros_ws/install/main_head/lib/python3.8/site-packages/main_head-0.0.0-py3.8.egg-info\n'}
[7.367330] (main_head) StdoutLine: {'line': b'running install_scripts\n'}
[7.367908] (pixhawk_interface) StdoutLine: {'line': b'running install_scripts\n'}
[7.440990] (main_head) StdoutLine: {'line': b'Installing master_node script to /home/robosub/nuros_ws/install/main_head/lib/main_head\n'}
[7.442038] (pixhawk_interface) StdoutLine: {'line': b'Installing interface_node script to /home/robosub/nuros_ws/install/pixhawk_interface/lib/pixhawk_interface\n'}
[7.460775] (-) TimerEvent: {}
[7.561360] (-) TimerEvent: {}
[7.581174] (main_head) StdoutLine: {'line': b"writing list of installed files to '/home/robosub/nuros_ws/build/main_head/install.log'\n"}
[7.582352] (pixhawk_interface) StdoutLine: {'line': b"writing list of installed files to '/home/robosub/nuros_ws/build/pixhawk_interface/install.log'\n"}
[7.661660] (-) TimerEvent: {}
[7.685993] (main_head) CommandEnded: {'returncode': 0}
[7.761903] (-) TimerEvent: {}
[7.862331] (-) TimerEvent: {}
[7.962839] (-) TimerEvent: {}
[8.049947] (main_head) JobEnded: {'identifier': 'main_head', 'rc': 0}
[8.065273] (-) TimerEvent: {}
[8.065690] (pixhawk_interface) CommandEnded: {'returncode': 0}
[8.165576] (-) TimerEvent: {}
[8.242284] (pixhawk_interface) JobEnded: {'identifier': 'pixhawk_interface', 'rc': 0}
[8.246024] (-) EventReactorShutdown: {}
