[4.485s] Invoking command in '/home/robosub/nuros_ws/src/image_processing': PYTHONPATH=/home/robosub/nuros_ws/build/image_processing/prefix_override:/home/robosub/nuros_ws/install/image_processing/lib/python3.8/site-packages: /usr/bin/python3 setup.py egg_info --egg-base ../../build/image_processing build --build-base /home/robosub/nuros_ws/build/image_processing/build install --record /home/robosub/nuros_ws/build/image_processing/install.log --install-scripts $base/lib/image_processing --single-version-externally-managed
[5.404s] running egg_info
[5.406s] writing ../../build/image_processing/image_processing.egg-info/PKG-INFO
[5.407s] writing dependency_links to ../../build/image_processing/image_processing.egg-info/dependency_links.txt
[5.408s] writing entry points to ../../build/image_processing/image_processing.egg-info/entry_points.txt
[5.409s] writing requirements to ../../build/image_processing/image_processing.egg-info/requires.txt
[5.410s] writing top-level names to ../../build/image_processing/image_processing.egg-info/top_level.txt
[5.577s] reading manifest file '../../build/image_processing/image_processing.egg-info/SOURCES.txt'
[5.581s] writing manifest file '../../build/image_processing/image_processing.egg-info/SOURCES.txt'
[5.582s] running build
[5.583s] running build_py
[5.584s] running install
[5.589s] running install_lib
[5.595s] running install_data
[5.597s] running install_egg_info
[5.603s] removing '/home/robosub/nuros_ws/install/image_processing/lib/python3.8/site-packages/image_processing-0.0.0-py3.8.egg-info' (and everything under it)
[5.605s] Copying ../../build/image_processing/image_processing.egg-info to /home/robosub/nuros_ws/install/image_processing/lib/python3.8/site-packages/image_processing-0.0.0-py3.8.egg-info
[5.610s] running install_scripts
[5.741s] Installing cv_imshow_node script to /home/robosub/nuros_ws/install/image_processing/lib/image_processing
[5.782s] writing list of installed files to '/home/robosub/nuros_ws/build/image_processing/install.log'
[5.916s] Invoked command in '/home/robosub/nuros_ws/src/image_processing' returned '0': PYTHONPATH=/home/robosub/nuros_ws/build/image_processing/prefix_override:/home/robosub/nuros_ws/install/image_processing/lib/python3.8/site-packages: /usr/bin/python3 setup.py egg_info --egg-base ../../build/image_processing build --build-base /home/robosub/nuros_ws/build/image_processing/build install --record /home/robosub/nuros_ws/build/image_processing/install.log --install-scripts $base/lib/image_processing --single-version-externally-managed
