[3.897s] Invoking command in '/home/robosub/nuros_ws/src/main_head': PYTHONPATH=/home/robosub/nuros_ws/build/main_head/prefix_override:/home/robosub/nuros_ws/install/main_head/lib/python3.8/site-packages:${PYTHONPATH} /usr/bin/python3 setup.py egg_info --egg-base ../../build/main_head build --build-base /home/robosub/nuros_ws/build/main_head/build install --record /home/robosub/nuros_ws/build/main_head/install.log --install-scripts $base/lib/main_head --single-version-externally-managed
[5.038s] running egg_info
[5.039s] creating ../../build/main_head/main_head.egg-info
[5.040s] writing ../../build/main_head/main_head.egg-info/PKG-INFO
[5.041s] writing dependency_links to ../../build/main_head/main_head.egg-info/dependency_links.txt
[5.042s] writing entry points to ../../build/main_head/main_head.egg-info/entry_points.txt
[5.042s] writing requirements to ../../build/main_head/main_head.egg-info/requires.txt
[5.043s] writing top-level names to ../../build/main_head/main_head.egg-info/top_level.txt
[5.048s] writing manifest file '../../build/main_head/main_head.egg-info/SOURCES.txt'
[5.193s] reading manifest file '../../build/main_head/main_head.egg-info/SOURCES.txt'
[5.196s] writing manifest file '../../build/main_head/main_head.egg-info/SOURCES.txt'
[5.198s] running build
[5.199s] running build_py
[5.199s] creating /home/robosub/nuros_ws/build/main_head/build
[5.208s] creating /home/robosub/nuros_ws/build/main_head/build/lib
[5.226s] creating /home/robosub/nuros_ws/build/main_head/build/lib/main_head
[5.258s] copying main_head/master_node.py -> /home/robosub/nuros_ws/build/main_head/build/lib/main_head
[5.367s] copying main_head/__init__.py -> /home/robosub/nuros_ws/build/main_head/build/lib/main_head
[5.367s] running install
[5.367s] running install_lib
[5.368s] creating /home/robosub/nuros_ws/install/main_head/lib/python3.8/site-packages/main_head
[5.368s] copying /home/robosub/nuros_ws/build/main_head/build/lib/main_head/master_node.py -> /home/robosub/nuros_ws/install/main_head/lib/python3.8/site-packages/main_head
[5.368s] copying /home/robosub/nuros_ws/build/main_head/build/lib/main_head/__init__.py -> /home/robosub/nuros_ws/install/main_head/lib/python3.8/site-packages/main_head
[5.369s] byte-compiling /home/robosub/nuros_ws/install/main_head/lib/python3.8/site-packages/main_head/master_node.py to master_node.cpython-38.pyc
[5.370s] byte-compiling /home/robosub/nuros_ws/install/main_head/lib/python3.8/site-packages/main_head/__init__.py to __init__.cpython-38.pyc
[5.371s] running install_data
[5.371s] creating /home/robosub/nuros_ws/install/main_head/share/ament_index
[5.371s] creating /home/robosub/nuros_ws/install/main_head/share/ament_index/resource_index
[5.372s] creating /home/robosub/nuros_ws/install/main_head/share/ament_index/resource_index/packages
[5.372s] copying resource/main_head -> /home/robosub/nuros_ws/install/main_head/share/ament_index/resource_index/packages
[5.372s] copying package.xml -> /home/robosub/nuros_ws/install/main_head/share/main_head
[5.372s] running install_egg_info
[5.376s] Copying ../../build/main_head/main_head.egg-info to /home/robosub/nuros_ws/install/main_head/lib/python3.8/site-packages/main_head-0.0.0-py3.8.egg-info
[5.376s] running install_scripts
[5.442s] Installing master_node script to /home/robosub/nuros_ws/install/main_head/lib/main_head
[5.443s] writing list of installed files to '/home/robosub/nuros_ws/build/main_head/install.log'
[5.541s] Invoked command in '/home/robosub/nuros_ws/src/main_head' returned '0': PYTHONPATH=/home/robosub/nuros_ws/build/main_head/prefix_override:/home/robosub/nuros_ws/install/main_head/lib/python3.8/site-packages:${PYTHONPATH} /usr/bin/python3 setup.py egg_info --egg-base ../../build/main_head build --build-base /home/robosub/nuros_ws/build/main_head/build install --record /home/robosub/nuros_ws/build/main_head/install.log --install-scripts $base/lib/main_head --single-version-externally-managed
