[8.421s] Invoking command in '/home/robosub/nuros_ws/src/yadd': PYTHONPATH=/home/robosub/nuros_ws/build/yadd/prefix_override:/home/robosub/nuros_ws/install/yadd/lib/python3.8/site-packages: /usr/bin/python3 setup.py egg_info --egg-base ../../build/yadd build --build-base /home/robosub/nuros_ws/build/yadd/build install --record /home/robosub/nuros_ws/build/yadd/install.log --install-scripts $base/lib/yadd --single-version-externally-managed
[9.616s] running egg_info
[9.617s] writing ../../build/yadd/yadd.egg-info/PKG-INFO
[9.617s] writing dependency_links to ../../build/yadd/yadd.egg-info/dependency_links.txt
[9.617s] writing entry points to ../../build/yadd/yadd.egg-info/entry_points.txt
[9.618s] writing requirements to ../../build/yadd/yadd.egg-info/requires.txt
[9.618s] writing top-level names to ../../build/yadd/yadd.egg-info/top_level.txt
[9.813s] reading manifest file '../../build/yadd/yadd.egg-info/SOURCES.txt'
[9.814s] writing manifest file '../../build/yadd/yadd.egg-info/SOURCES.txt'
[9.814s] running build
[9.814s] running build_py
[9.815s] running install
[9.815s] running install_lib
[9.828s] running install_data
[9.829s] running install_egg_info
[9.830s] removing '/home/robosub/nuros_ws/install/yadd/lib/python3.8/site-packages/yadd-0.0.0-py3.8.egg-info' (and everything under it)
[9.831s] Copying ../../build/yadd/yadd.egg-info to /home/robosub/nuros_ws/install/yadd/lib/python3.8/site-packages/yadd-0.0.0-py3.8.egg-info
[9.854s] running install_scripts
[9.907s] Installing dvl_driver script to /home/robosub/nuros_ws/install/yadd/lib/yadd
[9.910s] writing list of installed files to '/home/robosub/nuros_ws/build/yadd/install.log'
[10.032s] Invoked command in '/home/robosub/nuros_ws/src/yadd' returned '0': PYTHONPATH=/home/robosub/nuros_ws/build/yadd/prefix_override:/home/robosub/nuros_ws/install/yadd/lib/python3.8/site-packages: /usr/bin/python3 setup.py egg_info --egg-base ../../build/yadd build --build-base /home/robosub/nuros_ws/build/yadd/build install --record /home/robosub/nuros_ws/build/yadd/install.log --install-scripts $base/lib/yadd --single-version-externally-managed
