[1.729s] Invoking command in '/home/robosub/nuros_ws/build/interfaces': /usr/bin/cmake --build /home/robosub/nuros_ws/build/interfaces -- -j4 -l4
[4.040s] [ 10%] Built target interfaces__rosidl_generator_c
[4.047s] [  1%] Built target interfaces__cpp
[4.047s] [ 12%] Built target interfaces__rosidl_typesupport_c
[4.048s] [ 34%] Built target interfaces__rosidl_typesupport_introspection_cpp
[4.048s] [ 45%] Built target interfaces__rosidl_typesupport_introspection_c
[4.048s] [ 56%] Built target interfaces__rosidl_typesupport_cpp
[4.049s] [ 67%] Built target interfaces__rosidl_typesupport_fastrtps_cpp
[4.049s] [ 78%] Built target interfaces__rosidl_typesupport_fastrtps_c
[4.049s] [ 78%] Built target interfaces
[4.049s] [ 80%] Built target interfaces__py
[4.050s] [ 89%] Built target interfaces__python
[4.080s] [ 92%] Built target interfaces__rosidl_typesupport_c__pyext
[4.089s] [ 96%] Built target interfaces__rosidl_typesupport_fastrtps_c__pyext
[4.254s] [100%] Built target interfaces__rosidl_typesupport_introspection_c__pyext
[5.718s] Invoked command in '/home/robosub/nuros_ws/build/interfaces' returned '0': /usr/bin/cmake --build /home/robosub/nuros_ws/build/interfaces -- -j4 -l4
[8.432s] Invoking command in '/home/robosub/nuros_ws/build/interfaces': /usr/bin/cmake --install /home/robosub/nuros_ws/build/interfaces
[8.600s] -- Install configuration: ""
[8.602s] -- Up-to-date: /home/robosub/nuros_ws/install/interfaces/share/ament_index/resource_index/rosidl_interfaces/interfaces
[8.602s] -- Up-to-date: /home/robosub/nuros_ws/install/interfaces/include/interfaces
[8.602s] -- Up-to-date: /home/robosub/nuros_ws/install/interfaces/include/interfaces/msg
[8.603s] -- Up-to-date: /home/robosub/nuros_ws/install/interfaces/include/interfaces/msg/detail
[8.603s] -- Up-to-date: /home/robosub/nuros_ws/install/interfaces/include/interfaces/msg/detail/attitude__type_support.h
[8.603s] -- Up-to-date: /home/robosub/nuros_ws/install/interfaces/include/interfaces/msg/detail/attitude__functions.c
[8.604s] -- Up-to-date: /home/robosub/nuros_ws/install/interfaces/include/interfaces/msg/detail/attitude__functions.h
[8.604s] -- Up-to-date: /home/robosub/nuros_ws/install/interfaces/include/interfaces/msg/detail/attitude__struct.h
[8.604s] -- Up-to-date: /home/robosub/nuros_ws/install/interfaces/include/interfaces/msg/attitude.h
[8.605s] -- Up-to-date: /home/robosub/nuros_ws/install/interfaces/include/interfaces/msg/rosidl_generator_c__visibility_control.h
[8.606s] -- Up-to-date: /home/robosub/nuros_ws/install/interfaces/include/interfaces/srv
[8.606s] -- Up-to-date: /home/robosub/nuros_ws/install/interfaces/include/interfaces/srv/disarm_pixhawk.h
[8.606s] -- Up-to-date: /home/robosub/nuros_ws/install/interfaces/include/interfaces/srv/detail
[8.607s] -- Up-to-date: /home/robosub/nuros_ws/install/interfaces/include/interfaces/srv/detail/arm_pixhawk__struct.h
[8.607s] -- Up-to-date: /home/robosub/nuros_ws/install/interfaces/include/interfaces/srv/detail/arm_pixhawk__functions.h
[8.608s] -- Up-to-date: /home/robosub/nuros_ws/install/interfaces/include/interfaces/srv/detail/disarm_pixhawk__functions.h
[8.608s] -- Up-to-date: /home/robosub/nuros_ws/install/interfaces/include/interfaces/srv/detail/disarm_pixhawk__functions.c
[8.608s] -- Up-to-date: /home/robosub/nuros_ws/install/interfaces/include/interfaces/srv/detail/start_routine__functions.h
[8.609s] -- Up-to-date: /home/robosub/nuros_ws/install/interfaces/include/interfaces/srv/detail/disarm_pixhawk__type_support.h
[8.609s] -- Up-to-date: /home/robosub/nuros_ws/install/interfaces/include/interfaces/srv/detail/start_routine__struct.h
[8.609s] -- Up-to-date: /home/robosub/nuros_ws/install/interfaces/include/interfaces/srv/detail/disarm_pixhawk__struct.h
[8.609s] -- Up-to-date: /home/robosub/nuros_ws/install/interfaces/include/interfaces/srv/detail/start_routine__type_support.h
[8.610s] -- Up-to-date: /home/robosub/nuros_ws/install/interfaces/include/interfaces/srv/detail/arm_pixhawk__functions.c
[8.610s] -- Up-to-date: /home/robosub/nuros_ws/install/interfaces/include/interfaces/srv/detail/arm_pixhawk__type_support.h
[8.624s] -- Up-to-date: /home/robosub/nuros_ws/install/interfaces/include/interfaces/srv/detail/start_routine__functions.c
[8.625s] -- Up-to-date: /home/robosub/nuros_ws/install/interfaces/include/interfaces/srv/arm_pixhawk.h
[8.626s] -- Up-to-date: /home/robosub/nuros_ws/install/interfaces/include/interfaces/srv/start_routine.h
[8.627s] -- Up-to-date: /home/robosub/nuros_ws/install/interfaces/share/interfaces/environment/library_path.sh
[8.628s] -- Up-to-date: /home/robosub/nuros_ws/install/interfaces/share/interfaces/environment/library_path.dsv
[8.628s] -- Up-to-date: /home/robosub/nuros_ws/install/interfaces/lib/libinterfaces__rosidl_generator_c.so
[8.635s] -- Up-to-date: /home/robosub/nuros_ws/install/interfaces/include/interfaces
[8.636s] -- Up-to-date: /home/robosub/nuros_ws/install/interfaces/include/interfaces/msg
[8.636s] -- Up-to-date: /home/robosub/nuros_ws/install/interfaces/include/interfaces/msg/detail
[8.636s] -- Up-to-date: /home/robosub/nuros_ws/install/interfaces/include/interfaces/msg/detail/attitude__rosidl_typesupport_fastrtps_c.h
[8.637s] -- Up-to-date: /home/robosub/nuros_ws/install/interfaces/include/interfaces/msg/rosidl_typesupport_fastrtps_c__visibility_control.h
[8.637s] -- Up-to-date: /home/robosub/nuros_ws/install/interfaces/include/interfaces/srv
[8.637s] -- Up-to-date: /home/robosub/nuros_ws/install/interfaces/include/interfaces/srv/detail
[8.638s] -- Up-to-date: /home/robosub/nuros_ws/install/interfaces/include/interfaces/srv/detail/disarm_pixhawk__rosidl_typesupport_fastrtps_c.h
[8.638s] -- Up-to-date: /home/robosub/nuros_ws/install/interfaces/include/interfaces/srv/detail/arm_pixhawk__rosidl_typesupport_fastrtps_c.h
[8.651s] -- Up-to-date: /home/robosub/nuros_ws/install/interfaces/include/interfaces/srv/detail/start_routine__rosidl_typesupport_fastrtps_c.h
[8.651s] -- Up-to-date: /home/robosub/nuros_ws/install/interfaces/lib/libinterfaces__rosidl_typesupport_fastrtps_c.so
[8.664s] -- Up-to-date: /home/robosub/nuros_ws/install/interfaces/include/interfaces
[8.665s] -- Up-to-date: /home/robosub/nuros_ws/install/interfaces/include/interfaces/msg
[8.665s] -- Up-to-date: /home/robosub/nuros_ws/install/interfaces/include/interfaces/msg/detail
[8.665s] -- Up-to-date: /home/robosub/nuros_ws/install/interfaces/include/interfaces/msg/detail/attitude__rosidl_typesupport_fastrtps_cpp.hpp
[8.666s] -- Up-to-date: /home/robosub/nuros_ws/install/interfaces/include/interfaces/msg/detail/dds_fastrtps
[8.666s] -- Up-to-date: /home/robosub/nuros_ws/install/interfaces/include/interfaces/msg/rosidl_typesupport_fastrtps_cpp__visibility_control.h
[8.666s] -- Up-to-date: /home/robosub/nuros_ws/install/interfaces/include/interfaces/srv
[8.666s] -- Up-to-date: /home/robosub/nuros_ws/install/interfaces/include/interfaces/srv/detail
[8.667s] -- Up-to-date: /home/robosub/nuros_ws/install/interfaces/include/interfaces/srv/detail/disarm_pixhawk__rosidl_typesupport_fastrtps_cpp.hpp
[8.667s] -- Up-to-date: /home/robosub/nuros_ws/install/interfaces/include/interfaces/srv/detail/dds_fastrtps
[8.667s] -- Up-to-date: /home/robosub/nuros_ws/install/interfaces/include/interfaces/srv/detail/start_routine__rosidl_typesupport_fastrtps_cpp.hpp
[8.668s] -- Up-to-date: /home/robosub/nuros_ws/install/interfaces/include/interfaces/srv/detail/arm_pixhawk__rosidl_typesupport_fastrtps_cpp.hpp
[8.708s] -- Up-to-date: /home/robosub/nuros_ws/install/interfaces/lib/libinterfaces__rosidl_typesupport_fastrtps_cpp.so
[8.708s] -- Up-to-date: /home/robosub/nuros_ws/install/interfaces/include/interfaces
[8.709s] -- Up-to-date: /home/robosub/nuros_ws/install/interfaces/include/interfaces/msg
[8.709s] -- Up-to-date: /home/robosub/nuros_ws/install/interfaces/include/interfaces/msg/rosidl_typesupport_introspection_c__visibility_control.h
[8.709s] -- Up-to-date: /home/robosub/nuros_ws/install/interfaces/include/interfaces/msg/detail
[8.710s] -- Up-to-date: /home/robosub/nuros_ws/install/interfaces/include/interfaces/msg/detail/attitude__rosidl_typesupport_introspection_c.h
[8.710s] -- Up-to-date: /home/robosub/nuros_ws/install/interfaces/include/interfaces/msg/detail/attitude__type_support.c
[8.711s] -- Up-to-date: /home/robosub/nuros_ws/install/interfaces/include/interfaces/srv
[8.711s] -- Up-to-date: /home/robosub/nuros_ws/install/interfaces/include/interfaces/srv/detail
[8.748s] -- Up-to-date: /home/robosub/nuros_ws/install/interfaces/include/interfaces/srv/detail/start_routine__type_support.c
[8.749s] -- Up-to-date: /home/robosub/nuros_ws/install/interfaces/include/interfaces/srv/detail/arm_pixhawk__rosidl_typesupport_introspection_c.h
[8.749s] -- Up-to-date: /home/robosub/nuros_ws/install/interfaces/include/interfaces/srv/detail/arm_pixhawk__type_support.c
[8.750s] -- Up-to-date: /home/robosub/nuros_ws/install/interfaces/include/interfaces/srv/detail/disarm_pixhawk__rosidl_typesupport_introspection_c.h
[8.751s] -- Up-to-date: /home/robosub/nuros_ws/install/interfaces/include/interfaces/srv/detail/disarm_pixhawk__type_support.c
[8.751s] -- Up-to-date: /home/robosub/nuros_ws/install/interfaces/include/interfaces/srv/detail/start_routine__rosidl_typesupport_introspection_c.h
[8.752s] -- Up-to-date: /home/robosub/nuros_ws/install/interfaces/lib/libinterfaces__rosidl_typesupport_introspection_c.so
[8.752s] -- Up-to-date: /home/robosub/nuros_ws/install/interfaces/lib/libinterfaces__rosidl_typesupport_c.so
[8.752s] -- Up-to-date: /home/robosub/nuros_ws/install/interfaces/include/interfaces
[8.753s] -- Up-to-date: /home/robosub/nuros_ws/install/interfaces/include/interfaces/msg
[8.753s] -- Up-to-date: /home/robosub/nuros_ws/install/interfaces/include/interfaces/msg/attitude.hpp
[8.753s] -- Up-to-date: /home/robosub/nuros_ws/install/interfaces/include/interfaces/msg/detail
[8.753s] -- Up-to-date: /home/robosub/nuros_ws/install/interfaces/include/interfaces/msg/detail/attitude__struct.hpp
[8.754s] -- Up-to-date: /home/robosub/nuros_ws/install/interfaces/include/interfaces/msg/detail/attitude__traits.hpp
[8.754s] -- Up-to-date: /home/robosub/nuros_ws/install/interfaces/include/interfaces/msg/detail/attitude__builder.hpp
[8.754s] -- Up-to-date: /home/robosub/nuros_ws/install/interfaces/include/interfaces/srv
[8.755s] -- Up-to-date: /home/robosub/nuros_ws/install/interfaces/include/interfaces/srv/arm_pixhawk.hpp
[8.755s] -- Up-to-date: /home/robosub/nuros_ws/install/interfaces/include/interfaces/srv/detail
[8.755s] -- Up-to-date: /home/robosub/nuros_ws/install/interfaces/include/interfaces/srv/detail/disarm_pixhawk__struct.hpp
[8.755s] -- Up-to-date: /home/robosub/nuros_ws/install/interfaces/include/interfaces/srv/detail/arm_pixhawk__builder.hpp
[8.756s] -- Up-to-date: /home/robosub/nuros_ws/install/interfaces/include/interfaces/srv/detail/start_routine__traits.hpp
[8.756s] -- Up-to-date: /home/robosub/nuros_ws/install/interfaces/include/interfaces/srv/detail/arm_pixhawk__traits.hpp
[8.756s] -- Up-to-date: /home/robosub/nuros_ws/install/interfaces/include/interfaces/srv/detail/arm_pixhawk__struct.hpp
[8.757s] -- Up-to-date: /home/robosub/nuros_ws/install/interfaces/include/interfaces/srv/detail/start_routine__struct.hpp
[8.757s] -- Up-to-date: /home/robosub/nuros_ws/install/interfaces/include/interfaces/srv/detail/disarm_pixhawk__builder.hpp
[8.757s] -- Up-to-date: /home/robosub/nuros_ws/install/interfaces/include/interfaces/srv/detail/disarm_pixhawk__traits.hpp
[8.757s] -- Up-to-date: /home/robosub/nuros_ws/install/interfaces/include/interfaces/srv/detail/start_routine__builder.hpp
[8.758s] -- Up-to-date: /home/robosub/nuros_ws/install/interfaces/include/interfaces/srv/start_routine.hpp
[8.758s] -- Up-to-date: /home/robosub/nuros_ws/install/interfaces/include/interfaces/srv/disarm_pixhawk.hpp
[8.759s] -- Up-to-date: /home/robosub/nuros_ws/install/interfaces/include/interfaces
[8.760s] -- Up-to-date: /home/robosub/nuros_ws/install/interfaces/include/interfaces/msg
[8.760s] -- Up-to-date: /home/robosub/nuros_ws/install/interfaces/include/interfaces/msg/detail
[8.760s] -- Up-to-date: /home/robosub/nuros_ws/install/interfaces/include/interfaces/msg/detail/attitude__rosidl_typesupport_introspection_cpp.hpp
[8.761s] -- Up-to-date: /home/robosub/nuros_ws/install/interfaces/include/interfaces/msg/detail/attitude__type_support.cpp
[8.761s] -- Up-to-date: /home/robosub/nuros_ws/install/interfaces/include/interfaces/srv
[8.761s] -- Up-to-date: /home/robosub/nuros_ws/install/interfaces/include/interfaces/srv/detail
[8.762s] -- Up-to-date: /home/robosub/nuros_ws/install/interfaces/include/interfaces/srv/detail/disarm_pixhawk__type_support.cpp
[8.762s] -- Up-to-date: /home/robosub/nuros_ws/install/interfaces/include/interfaces/srv/detail/start_routine__rosidl_typesupport_introspection_cpp.hpp
[8.762s] -- Up-to-date: /home/robosub/nuros_ws/install/interfaces/include/interfaces/srv/detail/start_routine__type_support.cpp
[8.762s] -- Up-to-date: /home/robosub/nuros_ws/install/interfaces/include/interfaces/srv/detail/arm_pixhawk__type_support.cpp
[8.763s] -- Up-to-date: /home/robosub/nuros_ws/install/interfaces/include/interfaces/srv/detail/disarm_pixhawk__rosidl_typesupport_introspection_cpp.hpp
[8.763s] -- Up-to-date: /home/robosub/nuros_ws/install/interfaces/include/interfaces/srv/detail/arm_pixhawk__rosidl_typesupport_introspection_cpp.hpp
[8.773s] -- Up-to-date: /home/robosub/nuros_ws/install/interfaces/lib/libinterfaces__rosidl_typesupport_introspection_cpp.so
[8.786s] -- Up-to-date: /home/robosub/nuros_ws/install/interfaces/lib/libinterfaces__rosidl_typesupport_cpp.so
[8.808s] -- Up-to-date: /home/robosub/nuros_ws/install/interfaces/share/interfaces/environment/pythonpath.sh
[8.810s] -- Up-to-date: /home/robosub/nuros_ws/install/interfaces/share/interfaces/environment/pythonpath.dsv
[8.810s] -- Up-to-date: /home/robosub/nuros_ws/install/interfaces/lib/python3.8/site-packages/interfaces/__init__.py
[9.000s] -- Up-to-date: /home/robosub/nuros_ws/install/interfaces/lib/python3.8/site-packages/interfaces/srv
[9.001s] -- Up-to-date: /home/robosub/nuros_ws/install/interfaces/lib/python3.8/site-packages/interfaces/srv/_arm_pixhawk.py
[9.001s] -- Up-to-date: /home/robosub/nuros_ws/install/interfaces/lib/python3.8/site-packages/interfaces/srv/_arm_pixhawk_s.c
[9.002s] -- Up-to-date: /home/robosub/nuros_ws/install/interfaces/lib/python3.8/site-packages/interfaces/srv/_start_routine_s.c
[9.003s] -- Up-to-date: /home/robosub/nuros_ws/install/interfaces/lib/python3.8/site-packages/interfaces/srv/_start_routine.py
[9.004s] -- Up-to-date: /home/robosub/nuros_ws/install/interfaces/lib/python3.8/site-packages/interfaces/srv/_disarm_pixhawk.py
[9.004s] -- Up-to-date: /home/robosub/nuros_ws/install/interfaces/lib/python3.8/site-packages/interfaces/srv/_disarm_pixhawk_s.c
[9.006s] -- Up-to-date: /home/robosub/nuros_ws/install/interfaces/lib/python3.8/site-packages/interfaces/srv/__init__.py
[9.007s] -- Up-to-date: /home/robosub/nuros_ws/install/interfaces/lib/python3.8/site-packages/interfaces/msg
[9.010s] -- Up-to-date: /home/robosub/nuros_ws/install/interfaces/lib/python3.8/site-packages/interfaces/msg/_attitude_s.c
[9.010s] -- Up-to-date: /home/robosub/nuros_ws/install/interfaces/lib/python3.8/site-packages/interfaces/msg/_attitude.py
[9.011s] -- Up-to-date: /home/robosub/nuros_ws/install/interfaces/lib/python3.8/site-packages/interfaces/msg/__init__.py
[9.011s] -- Up-to-date: /home/robosub/nuros_ws/install/interfaces/lib/python3.8/site-packages/interfaces/interfaces_s__rosidl_typesupport_fastrtps_c.cpython-38-aarch64-linux-gnu.so
[9.017s] -- Up-to-date: /home/robosub/nuros_ws/install/interfaces/lib/python3.8/site-packages/interfaces/interfaces_s__rosidl_typesupport_introspection_c.cpython-38-aarch64-linux-gnu.so
[9.021s] -- Up-to-date: /home/robosub/nuros_ws/install/interfaces/lib/python3.8/site-packages/interfaces/interfaces_s__rosidl_typesupport_c.cpython-38-aarch64-linux-gnu.so
[9.024s] -- Up-to-date: /home/robosub/nuros_ws/install/interfaces/lib/libinterfaces__python.so
[9.028s] -- Up-to-date: /home/robosub/nuros_ws/install/interfaces/share/interfaces/srv/ArmPixhawk.idl
[9.029s] -- Up-to-date: /home/robosub/nuros_ws/install/interfaces/share/interfaces/srv/DisarmPixhawk.idl
[9.030s] -- Up-to-date: /home/robosub/nuros_ws/install/interfaces/share/interfaces/srv/StartRoutine.idl
[9.032s] -- Up-to-date: /home/robosub/nuros_ws/install/interfaces/share/interfaces/msg/Attitude.idl
[9.033s] -- Up-to-date: /home/robosub/nuros_ws/install/interfaces/share/interfaces/srv/ArmPixhawk.srv
[9.034s] -- Up-to-date: /home/robosub/nuros_ws/install/interfaces/share/interfaces/srv/ArmPixhawk_Request.msg
[9.035s] -- Up-to-date: /home/robosub/nuros_ws/install/interfaces/share/interfaces/srv/ArmPixhawk_Response.msg
[9.036s] -- Up-to-date: /home/robosub/nuros_ws/install/interfaces/share/interfaces/srv/DisarmPixhawk.srv
[9.040s] -- Up-to-date: /home/robosub/nuros_ws/install/interfaces/share/interfaces/srv/DisarmPixhawk_Request.msg
[9.041s] -- Up-to-date: /home/robosub/nuros_ws/install/interfaces/share/interfaces/srv/DisarmPixhawk_Response.msg
[9.042s] -- Up-to-date: /home/robosub/nuros_ws/install/interfaces/share/interfaces/srv/StartRoutine.srv
[9.043s] -- Up-to-date: /home/robosub/nuros_ws/install/interfaces/share/interfaces/srv/StartRoutine_Request.msg
[9.044s] -- Up-to-date: /home/robosub/nuros_ws/install/interfaces/share/interfaces/srv/StartRoutine_Response.msg
[9.045s] -- Up-to-date: /home/robosub/nuros_ws/install/interfaces/share/interfaces/msg/Attitude.msg
[9.047s] -- Up-to-date: /home/robosub/nuros_ws/install/interfaces/share/ament_index/resource_index/package_run_dependencies/interfaces
[9.048s] -- Up-to-date: /home/robosub/nuros_ws/install/interfaces/share/ament_index/resource_index/parent_prefix_path/interfaces
[9.049s] -- Up-to-date: /home/robosub/nuros_ws/install/interfaces/share/interfaces/environment/ament_prefix_path.sh
[9.050s] -- Up-to-date: /home/robosub/nuros_ws/install/interfaces/share/interfaces/environment/ament_prefix_path.dsv
[9.051s] -- Up-to-date: /home/robosub/nuros_ws/install/interfaces/share/interfaces/environment/path.sh
[9.052s] -- Up-to-date: /home/robosub/nuros_ws/install/interfaces/share/interfaces/environment/path.dsv
[9.053s] -- Up-to-date: /home/robosub/nuros_ws/install/interfaces/share/interfaces/local_setup.bash
[9.054s] -- Up-to-date: /home/robosub/nuros_ws/install/interfaces/share/interfaces/local_setup.sh
[9.055s] -- Up-to-date: /home/robosub/nuros_ws/install/interfaces/share/interfaces/local_setup.zsh
[9.057s] -- Up-to-date: /home/robosub/nuros_ws/install/interfaces/share/interfaces/local_setup.dsv
[9.058s] -- Installing: /home/robosub/nuros_ws/install/interfaces/share/interfaces/package.dsv
[9.060s] -- Up-to-date: /home/robosub/nuros_ws/install/interfaces/share/ament_index/resource_index/packages/interfaces
[9.062s] -- Up-to-date: /home/robosub/nuros_ws/install/interfaces/share/interfaces/cmake/interfaces__rosidl_generator_cExport.cmake
[9.063s] -- Up-to-date: /home/robosub/nuros_ws/install/interfaces/share/interfaces/cmake/interfaces__rosidl_generator_cExport-noconfig.cmake
[9.065s] -- Up-to-date: /home/robosub/nuros_ws/install/interfaces/share/interfaces/cmake/interfaces__rosidl_typesupport_introspection_cExport.cmake
[9.067s] -- Up-to-date: /home/robosub/nuros_ws/install/interfaces/share/interfaces/cmake/interfaces__rosidl_typesupport_introspection_cExport-noconfig.cmake
[9.069s] -- Up-to-date: /home/robosub/nuros_ws/install/interfaces/share/interfaces/cmake/interfaces__rosidl_typesupport_cExport.cmake
[9.070s] -- Up-to-date: /home/robosub/nuros_ws/install/interfaces/share/interfaces/cmake/interfaces__rosidl_typesupport_cExport-noconfig.cmake
[9.073s] -- Up-to-date: /home/robosub/nuros_ws/install/interfaces/share/interfaces/cmake/interfaces__rosidl_generator_cppExport.cmake
[9.074s] -- Up-to-date: /home/robosub/nuros_ws/install/interfaces/share/interfaces/cmake/interfaces__rosidl_typesupport_introspection_cppExport.cmake
[9.076s] -- Up-to-date: /home/robosub/nuros_ws/install/interfaces/share/interfaces/cmake/interfaces__rosidl_typesupport_introspection_cppExport-noconfig.cmake
[9.077s] -- Up-to-date: /home/robosub/nuros_ws/install/interfaces/share/interfaces/cmake/interfaces__rosidl_typesupport_cppExport.cmake
[9.078s] -- Up-to-date: /home/robosub/nuros_ws/install/interfaces/share/interfaces/cmake/interfaces__rosidl_typesupport_cppExport-noconfig.cmake
[9.080s] -- Up-to-date: /home/robosub/nuros_ws/install/interfaces/share/interfaces/cmake/rosidl_cmake-extras.cmake
[9.088s] -- Up-to-date: /home/robosub/nuros_ws/install/interfaces/share/interfaces/cmake/ament_cmake_export_dependencies-extras.cmake
[9.090s] -- Up-to-date: /home/robosub/nuros_ws/install/interfaces/share/interfaces/cmake/ament_cmake_export_libraries-extras.cmake
[9.091s] -- Up-to-date: /home/robosub/nuros_ws/install/interfaces/share/interfaces/cmake/ament_cmake_export_targets-extras.cmake
[9.096s] -- Up-to-date: /home/robosub/nuros_ws/install/interfaces/share/interfaces/cmake/ament_cmake_export_include_directories-extras.cmake
[9.098s] -- Up-to-date: /home/robosub/nuros_ws/install/interfaces/share/interfaces/cmake/rosidl_cmake_export_typesupport_libraries-extras.cmake
[9.100s] -- Up-to-date: /home/robosub/nuros_ws/install/interfaces/share/interfaces/cmake/rosidl_cmake_export_typesupport_targets-extras.cmake
[9.101s] -- Up-to-date: /home/robosub/nuros_ws/install/interfaces/share/interfaces/cmake/interfacesConfig.cmake
[9.102s] -- Up-to-date: /home/robosub/nuros_ws/install/interfaces/share/interfaces/cmake/interfacesConfig-version.cmake
[9.104s] -- Up-to-date: /home/robosub/nuros_ws/install/interfaces/share/interfaces/package.xml
[9.173s] Invoked command in '/home/robosub/nuros_ws/build/interfaces' returned '0': /usr/bin/cmake --install /home/robosub/nuros_ws/build/interfaces
