[3.420s] Invoking command in '/home/robosub/nuros_ws/src/main_head': PYTHONPATH=/home/robosub/nuros_ws/build/main_head/prefix_override:/home/robosub/nuros_ws/install/main_head/lib/python3.8/site-packages: /usr/bin/python3 setup.py egg_info --egg-base ../../build/main_head build --build-base /home/robosub/nuros_ws/build/main_head/build install --record /home/robosub/nuros_ws/build/main_head/install.log --install-scripts $base/lib/main_head --single-version-externally-managed
[4.720s] running egg_info
[4.734s] writing ../../build/main_head/main_head.egg-info/PKG-INFO
[4.737s] writing dependency_links to ../../build/main_head/main_head.egg-info/dependency_links.txt
[4.772s] writing entry points to ../../build/main_head/main_head.egg-info/entry_points.txt
[4.782s] writing requirements to ../../build/main_head/main_head.egg-info/requires.txt
[4.783s] writing top-level names to ../../build/main_head/main_head.egg-info/top_level.txt
[4.995s] reading manifest file '../../build/main_head/main_head.egg-info/SOURCES.txt'
[4.998s] writing manifest file '../../build/main_head/main_head.egg-info/SOURCES.txt'
[4.999s] running build
[4.999s] running build_py
[5.000s] running install
[5.098s] running install_lib
[5.104s] running install_data
[5.106s] running install_egg_info
[5.112s] removing '/home/robosub/nuros_ws/install/main_head/lib/python3.8/site-packages/main_head-0.0.0-py3.8.egg-info' (and everything under it)
[5.128s] Copying ../../build/main_head/main_head.egg-info to /home/robosub/nuros_ws/install/main_head/lib/python3.8/site-packages/main_head-0.0.0-py3.8.egg-info
[5.133s] running install_scripts
[5.216s] Installing master_node script to /home/robosub/nuros_ws/install/main_head/lib/main_head
[5.219s] writing list of installed files to '/home/robosub/nuros_ws/build/main_head/install.log'
[5.375s] Invoked command in '/home/robosub/nuros_ws/src/main_head' returned '0': PYTHONPATH=/home/robosub/nuros_ws/build/main_head/prefix_override:/home/robosub/nuros_ws/install/main_head/lib/python3.8/site-packages: /usr/bin/python3 setup.py egg_info --egg-base ../../build/main_head build --build-base /home/robosub/nuros_ws/build/main_head/build install --record /home/robosub/nuros_ws/build/main_head/install.log --install-scripts $base/lib/main_head --single-version-externally-managed
