[4.274s] Invoking command in '/home/robosub/nuros_ws/src/yadd': PYTHONPATH=/home/robosub/nuros_ws/build/yadd/prefix_override:/home/robosub/nuros_ws/install/yadd/lib/python3.8/site-packages: /usr/bin/python3 setup.py egg_info --egg-base ../../build/yadd build --build-base /home/robosub/nuros_ws/build/yadd/build install --record /home/robosub/nuros_ws/build/yadd/install.log --install-scripts $base/lib/yadd --single-version-externally-managed
[5.097s] running egg_info
[5.121s] writing ../../build/yadd/yadd.egg-info/PKG-INFO
[5.121s] writing dependency_links to ../../build/yadd/yadd.egg-info/dependency_links.txt
[5.121s] writing entry points to ../../build/yadd/yadd.egg-info/entry_points.txt
[5.121s] writing requirements to ../../build/yadd/yadd.egg-info/requires.txt
[5.122s] writing top-level names to ../../build/yadd/yadd.egg-info/top_level.txt
[5.229s] reading manifest file '../../build/yadd/yadd.egg-info/SOURCES.txt'
[5.233s] writing manifest file '../../build/yadd/yadd.egg-info/SOURCES.txt'
[5.234s] running build
[5.234s] running build_py
[5.237s] running install
[5.242s] running install_lib
[5.251s] running install_data
[5.253s] running install_egg_info
[5.261s] removing '/home/robosub/nuros_ws/install/yadd/lib/python3.8/site-packages/yadd-0.0.0-py3.8.egg-info' (and everything under it)
[5.263s] Copying ../../build/yadd/yadd.egg-info to /home/robosub/nuros_ws/install/yadd/lib/python3.8/site-packages/yadd-0.0.0-py3.8.egg-info
[5.268s] running install_scripts
[5.341s] Installing dvl_driver script to /home/robosub/nuros_ws/install/yadd/lib/yadd
[5.343s] writing list of installed files to '/home/robosub/nuros_ws/build/yadd/install.log'
[5.450s] Invoked command in '/home/robosub/nuros_ws/src/yadd' returned '0': PYTHONPATH=/home/robosub/nuros_ws/build/yadd/prefix_override:/home/robosub/nuros_ws/install/yadd/lib/python3.8/site-packages: /usr/bin/python3 setup.py egg_info --egg-base ../../build/yadd build --build-base /home/robosub/nuros_ws/build/yadd/build install --record /home/robosub/nuros_ws/build/yadd/install.log --install-scripts $base/lib/yadd --single-version-externally-managed
