[8.072s] Invoking command in '/home/robosub/nuros_ws/src/image_processing': PYTHONPATH=/home/robosub/nuros_ws/build/image_processing/prefix_override:/home/robosub/nuros_ws/install/image_processing/lib/python3.8/site-packages: /usr/bin/python3 setup.py egg_info --egg-base ../../build/image_processing build --build-base /home/robosub/nuros_ws/build/image_processing/build install --record /home/robosub/nuros_ws/build/image_processing/install.log --install-scripts $base/lib/image_processing --single-version-externally-managed
[9.277s] running egg_info
[9.278s] writing ../../build/image_processing/image_processing.egg-info/PKG-INFO
[9.278s] writing dependency_links to ../../build/image_processing/image_processing.egg-info/dependency_links.txt
[9.278s] writing entry points to ../../build/image_processing/image_processing.egg-info/entry_points.txt
[9.279s] writing requirements to ../../build/image_processing/image_processing.egg-info/requires.txt
[9.279s] writing top-level names to ../../build/image_processing/image_processing.egg-info/top_level.txt
[9.419s] reading manifest file '../../build/image_processing/image_processing.egg-info/SOURCES.txt'
[9.423s] writing manifest file '../../build/image_processing/image_processing.egg-info/SOURCES.txt'
[9.424s] running build
[9.425s] running build_py
[9.484s] running install
[9.514s] running install_lib
[9.522s] running install_data
[9.525s] running install_egg_info
[9.533s] removing '/home/robosub/nuros_ws/install/image_processing/lib/python3.8/site-packages/image_processing-0.0.0-py3.8.egg-info' (and everything under it)
[9.628s] Copying ../../build/image_processing/image_processing.egg-info to /home/robosub/nuros_ws/install/image_processing/lib/python3.8/site-packages/image_processing-0.0.0-py3.8.egg-info
[9.648s] running install_scripts
[9.745s] Installing cv_imshow_node script to /home/robosub/nuros_ws/install/image_processing/lib/image_processing
[9.746s] writing list of installed files to '/home/robosub/nuros_ws/build/image_processing/install.log'
[10.779s] Invoked command in '/home/robosub/nuros_ws/src/image_processing' returned '0': PYTHONPATH=/home/robosub/nuros_ws/build/image_processing/prefix_override:/home/robosub/nuros_ws/install/image_processing/lib/python3.8/site-packages: /usr/bin/python3 setup.py egg_info --egg-base ../../build/image_processing build --build-base /home/robosub/nuros_ws/build/image_processing/build install --record /home/robosub/nuros_ws/build/image_processing/install.log --install-scripts $base/lib/image_processing --single-version-externally-managed
