[9.028s] Invoking command in '/home/robosub/nuros_ws/src/key_joy': PYTHONPATH=/home/robosub/nuros_ws/build/key_joy/prefix_override:/home/robosub/nuros_ws/install/key_joy/lib/python3.8/site-packages: /usr/bin/python3 setup.py egg_info --egg-base ../../build/key_joy build --build-base /home/robosub/nuros_ws/build/key_joy/build install --record /home/robosub/nuros_ws/build/key_joy/install.log --install-scripts $base/lib/key_joy --single-version-externally-managed
[11.444s] running egg_info
[11.470s] writing ../../build/key_joy/key_joy.egg-info/PKG-INFO
[11.485s] writing dependency_links to ../../build/key_joy/key_joy.egg-info/dependency_links.txt
[11.485s] writing entry points to ../../build/key_joy/key_joy.egg-info/entry_points.txt
[11.486s] writing requirements to ../../build/key_joy/key_joy.egg-info/requires.txt
[11.486s] writing top-level names to ../../build/key_joy/key_joy.egg-info/top_level.txt
[11.962s] reading manifest file '../../build/key_joy/key_joy.egg-info/SOURCES.txt'
[11.965s] writing manifest file '../../build/key_joy/key_joy.egg-info/SOURCES.txt'
[11.965s] running build
[11.966s] running build_py
[11.967s] running install
[11.970s] running install_lib
[11.977s] running install_data
[11.979s] running install_egg_info
[11.985s] removing '/home/robosub/nuros_ws/install/key_joy/lib/python3.8/site-packages/key_joy-0.0.0-py3.8.egg-info' (and everything under it)
[11.986s] Copying ../../build/key_joy/key_joy.egg-info to /home/robosub/nuros_ws/install/key_joy/lib/python3.8/site-packages/key_joy-0.0.0-py3.8.egg-info
[11.992s] running install_scripts
[12.292s] Installing joy_twist_node script to /home/robosub/nuros_ws/install/key_joy/lib/key_joy
[12.311s] Installing key_joy_node script to /home/robosub/nuros_ws/install/key_joy/lib/key_joy
[12.340s] writing list of installed files to '/home/robosub/nuros_ws/build/key_joy/install.log'
[12.629s] Invoked command in '/home/robosub/nuros_ws/src/key_joy' returned '0': PYTHONPATH=/home/robosub/nuros_ws/build/key_joy/prefix_override:/home/robosub/nuros_ws/install/key_joy/lib/python3.8/site-packages: /usr/bin/python3 setup.py egg_info --egg-base ../../build/key_joy build --build-base /home/robosub/nuros_ws/build/key_joy/build install --record /home/robosub/nuros_ws/build/key_joy/install.log --install-scripts $base/lib/key_joy --single-version-externally-managed
