[4.398s] Invoking command in '/home/robosub/nuros_ws/src/yadd': PYTHONPATH=/home/robosub/nuros_ws/build/yadd/prefix_override:/home/robosub/nuros_ws/install/yadd/lib/python3.8/site-packages: /usr/bin/python3 setup.py egg_info --egg-base ../../build/yadd build --build-base /home/robosub/nuros_ws/build/yadd/build install --record /home/robosub/nuros_ws/build/yadd/install.log --install-scripts $base/lib/yadd --single-version-externally-managed
[5.126s] running egg_info
[5.128s] writing ../../build/yadd/yadd.egg-info/PKG-INFO
[5.268s] writing dependency_links to ../../build/yadd/yadd.egg-info/dependency_links.txt
[5.269s] writing entry points to ../../build/yadd/yadd.egg-info/entry_points.txt
[5.271s] writing requirements to ../../build/yadd/yadd.egg-info/requires.txt
[5.271s] writing top-level names to ../../build/yadd/yadd.egg-info/top_level.txt
[5.509s] reading manifest file '../../build/yadd/yadd.egg-info/SOURCES.txt'
[5.515s] writing manifest file '../../build/yadd/yadd.egg-info/SOURCES.txt'
[5.515s] running build
[5.516s] running build_py
[5.521s] running install
[5.524s] running install_lib
[5.535s] running install_data
[5.538s] running install_egg_info
[5.544s] removing '/home/robosub/nuros_ws/install/yadd/lib/python3.8/site-packages/yadd-0.0.0-py3.8.egg-info' (and everything under it)
[5.546s] Copying ../../build/yadd/yadd.egg-info to /home/robosub/nuros_ws/install/yadd/lib/python3.8/site-packages/yadd-0.0.0-py3.8.egg-info
[5.699s] running install_scripts
[5.752s] Installing dvl_driver script to /home/robosub/nuros_ws/install/yadd/lib/yadd
[5.842s] writing list of installed files to '/home/robosub/nuros_ws/build/yadd/install.log'
[5.936s] Invoked command in '/home/robosub/nuros_ws/src/yadd' returned '0': PYTHONPATH=/home/robosub/nuros_ws/build/yadd/prefix_override:/home/robosub/nuros_ws/install/yadd/lib/python3.8/site-packages: /usr/bin/python3 setup.py egg_info --egg-base ../../build/yadd build --build-base /home/robosub/nuros_ws/build/yadd/build install --record /home/robosub/nuros_ws/build/yadd/install.log --install-scripts $base/lib/yadd --single-version-externally-managed
