[4.375s] Invoking command in '/home/robosub/nuros_ws/src/pixhawk_interface': PYTHONPATH=/home/robosub/nuros_ws/build/pixhawk_interface/prefix_override:/home/robosub/nuros_ws/install/pixhawk_interface/lib/python3.8/site-packages: /usr/bin/python3 setup.py egg_info --egg-base ../../build/pixhawk_interface build --build-base /home/robosub/nuros_ws/build/pixhawk_interface/build install --record /home/robosub/nuros_ws/build/pixhawk_interface/install.log --install-scripts $base/lib/pixhawk_interface --single-version-externally-managed
[5.132s] running egg_info
[5.133s] writing ../../build/pixhawk_interface/pixhawk_interface.egg-info/PKG-INFO
[5.272s] writing dependency_links to ../../build/pixhawk_interface/pixhawk_interface.egg-info/dependency_links.txt
[5.272s] writing entry points to ../../build/pixhawk_interface/pixhawk_interface.egg-info/entry_points.txt
[5.273s] writing requirements to ../../build/pixhawk_interface/pixhawk_interface.egg-info/requires.txt
[5.274s] writing top-level names to ../../build/pixhawk_interface/pixhawk_interface.egg-info/top_level.txt
[5.537s] reading manifest file '../../build/pixhawk_interface/pixhawk_interface.egg-info/SOURCES.txt'
[5.543s] writing manifest file '../../build/pixhawk_interface/pixhawk_interface.egg-info/SOURCES.txt'
[5.543s] running build
[5.543s] running build_py
[5.547s] running install
[5.550s] running install_lib
[5.558s] running install_data
[5.561s] running install_egg_info
[5.567s] removing '/home/robosub/nuros_ws/install/pixhawk_interface/lib/python3.8/site-packages/pixhawk_interface-0.0.0-py3.8.egg-info' (and everything under it)
[5.569s] Copying ../../build/pixhawk_interface/pixhawk_interface.egg-info to /home/robosub/nuros_ws/install/pixhawk_interface/lib/python3.8/site-packages/pixhawk_interface-0.0.0-py3.8.egg-info
[5.574s] running install_scripts
[5.636s] Installing interface_node script to /home/robosub/nuros_ws/install/pixhawk_interface/lib/pixhawk_interface
[5.775s] writing list of installed files to '/home/robosub/nuros_ws/build/pixhawk_interface/install.log'
[5.874s] Invoked command in '/home/robosub/nuros_ws/src/pixhawk_interface' returned '0': PYTHONPATH=/home/robosub/nuros_ws/build/pixhawk_interface/prefix_override:/home/robosub/nuros_ws/install/pixhawk_interface/lib/python3.8/site-packages: /usr/bin/python3 setup.py egg_info --egg-base ../../build/pixhawk_interface build --build-base /home/robosub/nuros_ws/build/pixhawk_interface/build install --record /home/robosub/nuros_ws/build/pixhawk_interface/install.log --install-scripts $base/lib/pixhawk_interface --single-version-externally-managed
