[7.539s] Invoking command in '/home/robosub/nuros_ws/src/key_joy': PYTHONPATH=/home/robosub/nuros_ws/build/key_joy/prefix_override:/home/robosub/nuros_ws/install/key_joy/lib/python3.8/site-packages: /usr/bin/python3 setup.py egg_info --egg-base ../../build/key_joy build --build-base /home/robosub/nuros_ws/build/key_joy/build install --record /home/robosub/nuros_ws/build/key_joy/install.log --install-scripts $base/lib/key_joy --single-version-externally-managed
[8.365s] running egg_info
[8.366s] writing ../../build/key_joy/key_joy.egg-info/PKG-INFO
[8.513s] writing dependency_links to ../../build/key_joy/key_joy.egg-info/dependency_links.txt
[8.514s] writing entry points to ../../build/key_joy/key_joy.egg-info/entry_points.txt
[8.516s] writing requirements to ../../build/key_joy/key_joy.egg-info/requires.txt
[8.517s] writing top-level names to ../../build/key_joy/key_joy.egg-info/top_level.txt
[8.776s] reading manifest file '../../build/key_joy/key_joy.egg-info/SOURCES.txt'
[8.780s] writing manifest file '../../build/key_joy/key_joy.egg-info/SOURCES.txt'
[8.780s] running build
[8.780s] running build_py
[8.783s] running install
[8.790s] running install_lib
[8.803s] running install_data
[8.808s] running install_egg_info
[8.812s] removing '/home/robosub/nuros_ws/install/key_joy/lib/python3.8/site-packages/key_joy-0.0.0-py3.8.egg-info' (and everything under it)
[8.817s] Copying ../../build/key_joy/key_joy.egg-info to /home/robosub/nuros_ws/install/key_joy/lib/python3.8/site-packages/key_joy-0.0.0-py3.8.egg-info
[8.824s] running install_scripts
[8.886s] Installing joy_twist_node script to /home/robosub/nuros_ws/install/key_joy/lib/key_joy
[8.982s] Installing key_joy_node script to /home/robosub/nuros_ws/install/key_joy/lib/key_joy
[8.983s] writing list of installed files to '/home/robosub/nuros_ws/build/key_joy/install.log'
[9.200s] Invoked command in '/home/robosub/nuros_ws/src/key_joy' returned '0': PYTHONPATH=/home/robosub/nuros_ws/build/key_joy/prefix_override:/home/robosub/nuros_ws/install/key_joy/lib/python3.8/site-packages: /usr/bin/python3 setup.py egg_info --egg-base ../../build/key_joy build --build-base /home/robosub/nuros_ws/build/key_joy/build install --record /home/robosub/nuros_ws/build/key_joy/install.log --install-scripts $base/lib/key_joy --single-version-externally-managed
