[6.934s] Invoking command in '/home/robosub/nuros_ws/src/yadd': PYTHONPATH=/home/robosub/nuros_ws/build/yadd/prefix_override:/home/robosub/nuros_ws/install/yadd/lib/python3.8/site-packages: /usr/bin/python3 setup.py egg_info --egg-base ../../build/yadd build --build-base /home/robosub/nuros_ws/build/yadd/build install --record /home/robosub/nuros_ws/build/yadd/install.log --install-scripts $base/lib/yadd --single-version-externally-managed
[8.928s] running egg_info
[8.930s] writing ../../build/yadd/yadd.egg-info/PKG-INFO
[8.932s] writing dependency_links to ../../build/yadd/yadd.egg-info/dependency_links.txt
[8.933s] writing entry points to ../../build/yadd/yadd.egg-info/entry_points.txt
[8.934s] writing requirements to ../../build/yadd/yadd.egg-info/requires.txt
[8.963s] writing top-level names to ../../build/yadd/yadd.egg-info/top_level.txt
[9.185s] reading manifest file '../../build/yadd/yadd.egg-info/SOURCES.txt'
[9.185s] writing manifest file '../../build/yadd/yadd.egg-info/SOURCES.txt'
[9.186s] running build
[9.186s] running build_py
[9.198s] running install
[9.201s] running install_lib
[9.224s] running install_data
[9.229s] running install_egg_info
[9.240s] removing '/home/robosub/nuros_ws/install/yadd/lib/python3.8/site-packages/yadd-0.0.0-py3.8.egg-info' (and everything under it)
[9.243s] Copying ../../build/yadd/yadd.egg-info to /home/robosub/nuros_ws/install/yadd/lib/python3.8/site-packages/yadd-0.0.0-py3.8.egg-info
[9.270s] running install_scripts
[9.402s] Installing dvl_driver script to /home/robosub/nuros_ws/install/yadd/lib/yadd
[9.453s] writing list of installed files to '/home/robosub/nuros_ws/build/yadd/install.log'
[9.574s] Invoked command in '/home/robosub/nuros_ws/src/yadd' returned '0': PYTHONPATH=/home/robosub/nuros_ws/build/yadd/prefix_override:/home/robosub/nuros_ws/install/yadd/lib/python3.8/site-packages: /usr/bin/python3 setup.py egg_info --egg-base ../../build/yadd build --build-base /home/robosub/nuros_ws/build/yadd/build install --record /home/robosub/nuros_ws/build/yadd/install.log --install-scripts $base/lib/yadd --single-version-externally-managed
