[8.512s] Invoking command in '/home/robosub/nuros_ws/src/launch_all': PYTHONPATH=/home/robosub/nuros_ws/build/launch_all/prefix_override:/home/robosub/nuros_ws/install/launch_all/lib/python3.8/site-packages: /usr/bin/python3 setup.py egg_info --egg-base ../../build/launch_all build --build-base /home/robosub/nuros_ws/build/launch_all/build install --record /home/robosub/nuros_ws/build/launch_all/install.log --install-scripts $base/lib/launch_all --single-version-externally-managed
[9.657s] running egg_info
[9.659s] writing ../../build/launch_all/launch_all.egg-info/PKG-INFO
[9.803s] writing dependency_links to ../../build/launch_all/launch_all.egg-info/dependency_links.txt
[9.806s] writing entry points to ../../build/launch_all/launch_all.egg-info/entry_points.txt
[9.808s] writing requirements to ../../build/launch_all/launch_all.egg-info/requires.txt
[9.808s] writing top-level names to ../../build/launch_all/launch_all.egg-info/top_level.txt
[10.435s] reading manifest file '../../build/launch_all/launch_all.egg-info/SOURCES.txt'
[10.439s] writing manifest file '../../build/launch_all/launch_all.egg-info/SOURCES.txt'
[10.440s] running build
[10.441s] running build_py
[10.444s] running install
[10.447s] running install_lib
[10.455s] running install_data
[10.461s] running install_egg_info
[10.472s] removing '/home/robosub/nuros_ws/install/launch_all/lib/python3.8/site-packages/launch_all-0.0.0-py3.8.egg-info' (and everything under it)
[10.473s] Copying ../../build/launch_all/launch_all.egg-info to /home/robosub/nuros_ws/install/launch_all/lib/python3.8/site-packages/launch_all-0.0.0-py3.8.egg-info
[10.482s] running install_scripts
[10.618s] writing list of installed files to '/home/robosub/nuros_ws/build/launch_all/install.log'
[10.920s] Invoked command in '/home/robosub/nuros_ws/src/launch_all' returned '0': PYTHONPATH=/home/robosub/nuros_ws/build/launch_all/prefix_override:/home/robosub/nuros_ws/install/launch_all/lib/python3.8/site-packages: /usr/bin/python3 setup.py egg_info --egg-base ../../build/launch_all build --build-base /home/robosub/nuros_ws/build/launch_all/build install --record /home/robosub/nuros_ws/build/launch_all/install.log --install-scripts $base/lib/launch_all --single-version-externally-managed
