[5.153s] Invoking command in '/home/robosub/nuros_ws/src/key_joy': PYTHONPATH=/home/robosub/nuros_ws/build/key_joy/prefix_override:/home/robosub/nuros_ws/install/key_joy/lib/python3.8/site-packages:${PYTHONPATH} /usr/bin/python3 setup.py egg_info --egg-base ../../build/key_joy build --build-base /home/robosub/nuros_ws/build/key_joy/build install --record /home/robosub/nuros_ws/build/key_joy/install.log --install-scripts $base/lib/key_joy --single-version-externally-managed
[6.141s] running egg_info
[6.143s] writing ../../build/key_joy/key_joy.egg-info/PKG-INFO
[6.145s] writing dependency_links to ../../build/key_joy/key_joy.egg-info/dependency_links.txt
[6.146s] writing entry points to ../../build/key_joy/key_joy.egg-info/entry_points.txt
[6.146s] writing requirements to ../../build/key_joy/key_joy.egg-info/requires.txt
[6.147s] writing top-level names to ../../build/key_joy/key_joy.egg-info/top_level.txt
[6.299s] reading manifest file '../../build/key_joy/key_joy.egg-info/SOURCES.txt'
[6.305s] writing manifest file '../../build/key_joy/key_joy.egg-info/SOURCES.txt'
[6.306s] running build
[6.306s] running build_py
[6.307s] running install
[6.313s] running install_lib
[6.318s] running install_data
[6.323s] running install_egg_info
[6.335s] removing '/home/robosub/nuros_ws/install/key_joy/lib/python3.8/site-packages/key_joy-0.0.0-py3.8.egg-info' (and everything under it)
[6.336s] Copying ../../build/key_joy/key_joy.egg-info to /home/robosub/nuros_ws/install/key_joy/lib/python3.8/site-packages/key_joy-0.0.0-py3.8.egg-info
[6.339s] running install_scripts
[6.423s] Installing joy_twist_node script to /home/robosub/nuros_ws/install/key_joy/lib/key_joy
[6.425s] Installing key_joy_node script to /home/robosub/nuros_ws/install/key_joy/lib/key_joy
[6.426s] writing list of installed files to '/home/robosub/nuros_ws/build/key_joy/install.log'
[6.624s] Invoked command in '/home/robosub/nuros_ws/src/key_joy' returned '0': PYTHONPATH=/home/robosub/nuros_ws/build/key_joy/prefix_override:/home/robosub/nuros_ws/install/key_joy/lib/python3.8/site-packages:${PYTHONPATH} /usr/bin/python3 setup.py egg_info --egg-base ../../build/key_joy build --build-base /home/robosub/nuros_ws/build/key_joy/build install --record /home/robosub/nuros_ws/build/key_joy/install.log --install-scripts $base/lib/key_joy --single-version-externally-managed
