[7.230s] Invoking command in '/home/robosub/nuros_ws/src/key_joy': PYTHONPATH=/home/robosub/nuros_ws/build/key_joy/prefix_override:/home/robosub/nuros_ws/install/key_joy/lib/python3.8/site-packages: /usr/bin/python3 setup.py egg_info --egg-base ../../build/key_joy build --build-base /home/robosub/nuros_ws/build/key_joy/build install --record /home/robosub/nuros_ws/build/key_joy/install.log --install-scripts $base/lib/key_joy --single-version-externally-managed
[8.044s] running egg_info
[8.045s] writing ../../build/key_joy/key_joy.egg-info/PKG-INFO
[8.185s] writing dependency_links to ../../build/key_joy/key_joy.egg-info/dependency_links.txt
[8.189s] writing entry points to ../../build/key_joy/key_joy.egg-info/entry_points.txt
[8.190s] writing requirements to ../../build/key_joy/key_joy.egg-info/requires.txt
[8.192s] writing top-level names to ../../build/key_joy/key_joy.egg-info/top_level.txt
[8.444s] reading manifest file '../../build/key_joy/key_joy.egg-info/SOURCES.txt'
[8.448s] writing manifest file '../../build/key_joy/key_joy.egg-info/SOURCES.txt'
[8.449s] running build
[8.450s] running build_py
[8.455s] running install
[8.474s] running install_lib
[8.475s] running install_data
[8.476s] running install_egg_info
[8.477s] removing '/home/robosub/nuros_ws/install/key_joy/lib/python3.8/site-packages/key_joy-0.0.0-py3.8.egg-info' (and everything under it)
[8.480s] Copying ../../build/key_joy/key_joy.egg-info to /home/robosub/nuros_ws/install/key_joy/lib/python3.8/site-packages/key_joy-0.0.0-py3.8.egg-info
[8.487s] running install_scripts
[8.685s] Installing joy_twist_node script to /home/robosub/nuros_ws/install/key_joy/lib/key_joy
[8.687s] Installing key_joy_node script to /home/robosub/nuros_ws/install/key_joy/lib/key_joy
[8.689s] writing list of installed files to '/home/robosub/nuros_ws/build/key_joy/install.log'
[9.350s] Invoked command in '/home/robosub/nuros_ws/src/key_joy' returned '0': PYTHONPATH=/home/robosub/nuros_ws/build/key_joy/prefix_override:/home/robosub/nuros_ws/install/key_joy/lib/python3.8/site-packages: /usr/bin/python3 setup.py egg_info --egg-base ../../build/key_joy build --build-base /home/robosub/nuros_ws/build/key_joy/build install --record /home/robosub/nuros_ws/build/key_joy/install.log --install-scripts $base/lib/key_joy --single-version-externally-managed
