[4.251s] Invoking command in '/home/robosub/nuros_ws/src/key_joy': PYTHONPATH=/home/robosub/nuros_ws/build/key_joy/prefix_override:/home/robosub/nuros_ws/install/key_joy/lib/python3.8/site-packages: /usr/bin/python3 setup.py egg_info --egg-base ../../build/key_joy build --build-base /home/robosub/nuros_ws/build/key_joy/build install --record /home/robosub/nuros_ws/build/key_joy/install.log --install-scripts $base/lib/key_joy --single-version-externally-managed
[5.099s] running egg_info
[5.101s] writing ../../build/key_joy/key_joy.egg-info/PKG-INFO
[5.103s] writing dependency_links to ../../build/key_joy/key_joy.egg-info/dependency_links.txt
[5.103s] writing entry points to ../../build/key_joy/key_joy.egg-info/entry_points.txt
[5.104s] writing requirements to ../../build/key_joy/key_joy.egg-info/requires.txt
[5.105s] writing top-level names to ../../build/key_joy/key_joy.egg-info/top_level.txt
[5.246s] reading manifest file '../../build/key_joy/key_joy.egg-info/SOURCES.txt'
[5.249s] writing manifest file '../../build/key_joy/key_joy.egg-info/SOURCES.txt'
[5.250s] running build
[5.250s] running build_py
[5.281s] running install
[5.285s] running install_lib
[5.297s] running install_data
[5.301s] running install_egg_info
[5.311s] removing '/home/robosub/nuros_ws/install/key_joy/lib/python3.8/site-packages/key_joy-0.0.0-py3.8.egg-info' (and everything under it)
[5.314s] Copying ../../build/key_joy/key_joy.egg-info to /home/robosub/nuros_ws/install/key_joy/lib/python3.8/site-packages/key_joy-0.0.0-py3.8.egg-info
[5.321s] running install_scripts
[5.392s] Installing joy_twist_node script to /home/robosub/nuros_ws/install/key_joy/lib/key_joy
[5.393s] Installing key_joy_node script to /home/robosub/nuros_ws/install/key_joy/lib/key_joy
[5.395s] writing list of installed files to '/home/robosub/nuros_ws/build/key_joy/install.log'
[5.645s] Invoked command in '/home/robosub/nuros_ws/src/key_joy' returned '0': PYTHONPATH=/home/robosub/nuros_ws/build/key_joy/prefix_override:/home/robosub/nuros_ws/install/key_joy/lib/python3.8/site-packages: /usr/bin/python3 setup.py egg_info --egg-base ../../build/key_joy build --build-base /home/robosub/nuros_ws/build/key_joy/build install --record /home/robosub/nuros_ws/build/key_joy/install.log --install-scripts $base/lib/key_joy --single-version-externally-managed
