[3.415s] Invoking command in '/home/robosub/nuros_ws/src/yadd': PYTHONPATH=/home/robosub/nuros_ws/build/yadd/prefix_override:/home/robosub/nuros_ws/install/yadd/lib/python3.8/site-packages: /usr/bin/python3 setup.py egg_info --egg-base ../../build/yadd build --build-base /home/robosub/nuros_ws/build/yadd/build install --record /home/robosub/nuros_ws/build/yadd/install.log --install-scripts $base/lib/yadd --single-version-externally-managed
[4.125s] running egg_info
[4.127s] writing ../../build/yadd/yadd.egg-info/PKG-INFO
[4.128s] writing dependency_links to ../../build/yadd/yadd.egg-info/dependency_links.txt
[4.129s] writing entry points to ../../build/yadd/yadd.egg-info/entry_points.txt
[4.133s] writing requirements to ../../build/yadd/yadd.egg-info/requires.txt
[4.134s] writing top-level names to ../../build/yadd/yadd.egg-info/top_level.txt
[4.278s] reading manifest file '../../build/yadd/yadd.egg-info/SOURCES.txt'
[4.281s] writing manifest file '../../build/yadd/yadd.egg-info/SOURCES.txt'
[4.282s] running build
[4.283s] running build_py
[4.286s] running install
[4.288s] running install_lib
[4.297s] running install_data
[4.299s] running install_egg_info
[4.306s] removing '/home/robosub/nuros_ws/install/yadd/lib/python3.8/site-packages/yadd-0.0.0-py3.8.egg-info' (and everything under it)
[4.306s] Copying ../../build/yadd/yadd.egg-info to /home/robosub/nuros_ws/install/yadd/lib/python3.8/site-packages/yadd-0.0.0-py3.8.egg-info
[4.312s] running install_scripts
[4.375s] Installing dvl_driver script to /home/robosub/nuros_ws/install/yadd/lib/yadd
[4.378s] writing list of installed files to '/home/robosub/nuros_ws/build/yadd/install.log'
[4.477s] Invoked command in '/home/robosub/nuros_ws/src/yadd' returned '0': PYTHONPATH=/home/robosub/nuros_ws/build/yadd/prefix_override:/home/robosub/nuros_ws/install/yadd/lib/python3.8/site-packages: /usr/bin/python3 setup.py egg_info --egg-base ../../build/yadd build --build-base /home/robosub/nuros_ws/build/yadd/build install --record /home/robosub/nuros_ws/build/yadd/install.log --install-scripts $base/lib/yadd --single-version-externally-managed
