[4.107s] Invoking command in '/home/robosub/nuros_ws/src/yadd': PYTHONPATH=/home/robosub/nuros_ws/build/yadd/prefix_override:/home/robosub/nuros_ws/install/yadd/lib/python3.8/site-packages: /usr/bin/python3 setup.py egg_info --egg-base ../../build/yadd build --build-base /home/robosub/nuros_ws/build/yadd/build install --record /home/robosub/nuros_ws/build/yadd/install.log --install-scripts $base/lib/yadd --single-version-externally-managed
[4.895s] running egg_info
[4.896s] writing ../../build/yadd/yadd.egg-info/PKG-INFO
[4.987s] writing dependency_links to ../../build/yadd/yadd.egg-info/dependency_links.txt
[4.988s] writing entry points to ../../build/yadd/yadd.egg-info/entry_points.txt
[4.990s] writing requirements to ../../build/yadd/yadd.egg-info/requires.txt
[4.990s] writing top-level names to ../../build/yadd/yadd.egg-info/top_level.txt
[5.236s] reading manifest file '../../build/yadd/yadd.egg-info/SOURCES.txt'
[5.241s] writing manifest file '../../build/yadd/yadd.egg-info/SOURCES.txt'
[5.243s] running build
[5.243s] running build_py
[5.247s] running install
[5.251s] running install_lib
[5.260s] running install_data
[5.263s] running install_egg_info
[5.270s] removing '/home/robosub/nuros_ws/install/yadd/lib/python3.8/site-packages/yadd-0.0.0-py3.8.egg-info' (and everything under it)
[5.271s] Copying ../../build/yadd/yadd.egg-info to /home/robosub/nuros_ws/install/yadd/lib/python3.8/site-packages/yadd-0.0.0-py3.8.egg-info
[5.277s] running install_scripts
[5.346s] Installing dvl_driver script to /home/robosub/nuros_ws/install/yadd/lib/yadd
[5.486s] writing list of installed files to '/home/robosub/nuros_ws/build/yadd/install.log'
[5.586s] Invoked command in '/home/robosub/nuros_ws/src/yadd' returned '0': PYTHONPATH=/home/robosub/nuros_ws/build/yadd/prefix_override:/home/robosub/nuros_ws/install/yadd/lib/python3.8/site-packages: /usr/bin/python3 setup.py egg_info --egg-base ../../build/yadd build --build-base /home/robosub/nuros_ws/build/yadd/build install --record /home/robosub/nuros_ws/build/yadd/install.log --install-scripts $base/lib/yadd --single-version-externally-managed
