[3.288s] Invoking command in '/home/robosub/nuros_ws/src/yadd': PYTHONPATH=/home/robosub/nuros_ws/build/yadd/prefix_override:/home/robosub/nuros_ws/install/yadd/lib/python3.8/site-packages: /usr/bin/python3 setup.py egg_info --egg-base ../../build/yadd build --build-base /home/robosub/nuros_ws/build/yadd/build install --record /home/robosub/nuros_ws/build/yadd/install.log --install-scripts $base/lib/yadd --single-version-externally-managed
[4.038s] running egg_info
[4.040s] writing ../../build/yadd/yadd.egg-info/PKG-INFO
[4.041s] writing dependency_links to ../../build/yadd/yadd.egg-info/dependency_links.txt
[4.042s] writing entry points to ../../build/yadd/yadd.egg-info/entry_points.txt
[4.051s] writing requirements to ../../build/yadd/yadd.egg-info/requires.txt
[4.051s] writing top-level names to ../../build/yadd/yadd.egg-info/top_level.txt
[4.193s] reading manifest file '../../build/yadd/yadd.egg-info/SOURCES.txt'
[4.202s] writing manifest file '../../build/yadd/yadd.egg-info/SOURCES.txt'
[4.203s] running build
[4.204s] running build_py
[4.214s] running install
[4.217s] running install_lib
[4.224s] running install_data
[4.225s] running install_egg_info
[4.231s] removing '/home/robosub/nuros_ws/install/yadd/lib/python3.8/site-packages/yadd-0.0.0-py3.8.egg-info' (and everything under it)
[4.232s] Copying ../../build/yadd/yadd.egg-info to /home/robosub/nuros_ws/install/yadd/lib/python3.8/site-packages/yadd-0.0.0-py3.8.egg-info
[4.237s] running install_scripts
[4.299s] Installing dvl_driver script to /home/robosub/nuros_ws/install/yadd/lib/yadd
[4.300s] writing list of installed files to '/home/robosub/nuros_ws/build/yadd/install.log'
[4.381s] Invoked command in '/home/robosub/nuros_ws/src/yadd' returned '0': PYTHONPATH=/home/robosub/nuros_ws/build/yadd/prefix_override:/home/robosub/nuros_ws/install/yadd/lib/python3.8/site-packages: /usr/bin/python3 setup.py egg_info --egg-base ../../build/yadd build --build-base /home/robosub/nuros_ws/build/yadd/build install --record /home/robosub/nuros_ws/build/yadd/install.log --install-scripts $base/lib/yadd --single-version-externally-managed
