[7.709s] Invoking command in '/home/robosub/nuros_ws/src/image_processing': PYTHONPATH=/home/robosub/nuros_ws/build/image_processing/prefix_override:/home/robosub/nuros_ws/install/image_processing/lib/python3.8/site-packages: /usr/bin/python3 setup.py egg_info --egg-base ../../build/image_processing build --build-base /home/robosub/nuros_ws/build/image_processing/build install --record /home/robosub/nuros_ws/build/image_processing/install.log --install-scripts $base/lib/image_processing --single-version-externally-managed
[8.634s] running egg_info
[8.635s] writing ../../build/image_processing/image_processing.egg-info/PKG-INFO
[8.777s] writing dependency_links to ../../build/image_processing/image_processing.egg-info/dependency_links.txt
[8.778s] writing entry points to ../../build/image_processing/image_processing.egg-info/entry_points.txt
[8.780s] writing requirements to ../../build/image_processing/image_processing.egg-info/requires.txt
[8.781s] writing top-level names to ../../build/image_processing/image_processing.egg-info/top_level.txt
[9.029s] reading manifest file '../../build/image_processing/image_processing.egg-info/SOURCES.txt'
[9.030s] writing manifest file '../../build/image_processing/image_processing.egg-info/SOURCES.txt'
[9.030s] running build
[9.031s] running build_py
[9.055s] running install
[9.057s] running install_lib
[9.060s] running install_data
[9.063s] running install_egg_info
[9.066s] removing '/home/robosub/nuros_ws/install/image_processing/lib/python3.8/site-packages/image_processing-0.0.0-py3.8.egg-info' (and everything under it)
[9.066s] Copying ../../build/image_processing/image_processing.egg-info to /home/robosub/nuros_ws/install/image_processing/lib/python3.8/site-packages/image_processing-0.0.0-py3.8.egg-info
[9.067s] running install_scripts
[9.134s] Installing cv_imshow_node script to /home/robosub/nuros_ws/install/image_processing/lib/image_processing
[9.231s] writing list of installed files to '/home/robosub/nuros_ws/build/image_processing/install.log'
[10.291s] Invoked command in '/home/robosub/nuros_ws/src/image_processing' returned '0': PYTHONPATH=/home/robosub/nuros_ws/build/image_processing/prefix_override:/home/robosub/nuros_ws/install/image_processing/lib/python3.8/site-packages: /usr/bin/python3 setup.py egg_info --egg-base ../../build/image_processing build --build-base /home/robosub/nuros_ws/build/image_processing/build install --record /home/robosub/nuros_ws/build/image_processing/install.log --install-scripts $base/lib/image_processing --single-version-externally-managed
