[4.140s] Invoking command in '/home/robosub/nuros_ws/src/launch_all': PYTHONPATH=/home/robosub/nuros_ws/build/launch_all/prefix_override:/home/robosub/nuros_ws/install/launch_all/lib/python3.8/site-packages: /usr/bin/python3 setup.py egg_info --egg-base ../../build/launch_all build --build-base /home/robosub/nuros_ws/build/launch_all/build install --record /home/robosub/nuros_ws/build/launch_all/install.log --install-scripts $base/lib/launch_all --single-version-externally-managed
[4.880s] running egg_info
[4.882s] writing ../../build/launch_all/launch_all.egg-info/PKG-INFO
[4.883s] writing dependency_links to ../../build/launch_all/launch_all.egg-info/dependency_links.txt
[4.884s] writing entry points to ../../build/launch_all/launch_all.egg-info/entry_points.txt
[4.885s] writing requirements to ../../build/launch_all/launch_all.egg-info/requires.txt
[4.885s] writing top-level names to ../../build/launch_all/launch_all.egg-info/top_level.txt
[5.025s] reading manifest file '../../build/launch_all/launch_all.egg-info/SOURCES.txt'
[5.029s] writing manifest file '../../build/launch_all/launch_all.egg-info/SOURCES.txt'
[5.029s] running build
[5.030s] running build_py
[5.042s] running install
[5.072s] running install_lib
[5.077s] running install_data
[5.077s] running install_egg_info
[5.087s] removing '/home/robosub/nuros_ws/install/launch_all/lib/python3.8/site-packages/launch_all-0.0.0-py3.8.egg-info' (and everything under it)
[5.089s] Copying ../../build/launch_all/launch_all.egg-info to /home/robosub/nuros_ws/install/launch_all/lib/python3.8/site-packages/launch_all-0.0.0-py3.8.egg-info
[5.092s] running install_scripts
[5.180s] writing list of installed files to '/home/robosub/nuros_ws/build/launch_all/install.log'
[5.372s] Invoked command in '/home/robosub/nuros_ws/src/launch_all' returned '0': PYTHONPATH=/home/robosub/nuros_ws/build/launch_all/prefix_override:/home/robosub/nuros_ws/install/launch_all/lib/python3.8/site-packages: /usr/bin/python3 setup.py egg_info --egg-base ../../build/launch_all build --build-base /home/robosub/nuros_ws/build/launch_all/build install --record /home/robosub/nuros_ws/build/launch_all/install.log --install-scripts $base/lib/launch_all --single-version-externally-managed
