[3.169s] Invoking command in '/home/robosub/nuros_ws/src/yadd': PYTHONPATH=/home/robosub/nuros_ws/build/yadd/prefix_override:/home/robosub/nuros_ws/install/yadd/lib/python3.8/site-packages: /usr/bin/python3 setup.py egg_info --egg-base ../../build/yadd build --build-base /home/robosub/nuros_ws/build/yadd/build install --record /home/robosub/nuros_ws/build/yadd/install.log --install-scripts $base/lib/yadd --single-version-externally-managed
[3.895s] running egg_info
[3.896s] writing ../../build/yadd/yadd.egg-info/PKG-INFO
[3.897s] writing dependency_links to ../../build/yadd/yadd.egg-info/dependency_links.txt
[3.898s] writing entry points to ../../build/yadd/yadd.egg-info/entry_points.txt
[3.898s] writing requirements to ../../build/yadd/yadd.egg-info/requires.txt
[3.899s] writing top-level names to ../../build/yadd/yadd.egg-info/top_level.txt
[4.030s] reading manifest file '../../build/yadd/yadd.egg-info/SOURCES.txt'
[4.033s] writing manifest file '../../build/yadd/yadd.egg-info/SOURCES.txt'
[4.039s] running build
[4.039s] running build_py
[4.043s] running install
[4.046s] running install_lib
[4.053s] running install_data
[4.055s] running install_egg_info
[4.060s] removing '/home/robosub/nuros_ws/install/yadd/lib/python3.8/site-packages/yadd-0.0.0-py3.8.egg-info' (and everything under it)
[4.062s] Copying ../../build/yadd/yadd.egg-info to /home/robosub/nuros_ws/install/yadd/lib/python3.8/site-packages/yadd-0.0.0-py3.8.egg-info
[4.066s] running install_scripts
[4.127s] Installing dvl_driver script to /home/robosub/nuros_ws/install/yadd/lib/yadd
[4.130s] writing list of installed files to '/home/robosub/nuros_ws/build/yadd/install.log'
[4.235s] Invoked command in '/home/robosub/nuros_ws/src/yadd' returned '0': PYTHONPATH=/home/robosub/nuros_ws/build/yadd/prefix_override:/home/robosub/nuros_ws/install/yadd/lib/python3.8/site-packages: /usr/bin/python3 setup.py egg_info --egg-base ../../build/yadd build --build-base /home/robosub/nuros_ws/build/yadd/build install --record /home/robosub/nuros_ws/build/yadd/install.log --install-scripts $base/lib/yadd --single-version-externally-managed
