[4.447s] Invoking command in '/home/robosub/nuros_ws/src/yadd': PYTHONPATH=/home/robosub/nuros_ws/build/yadd/prefix_override:/home/robosub/nuros_ws/install/yadd/lib/python3.8/site-packages: /usr/bin/python3 setup.py egg_info --egg-base ../../build/yadd build --build-base /home/robosub/nuros_ws/build/yadd/build install --record /home/robosub/nuros_ws/build/yadd/install.log --install-scripts $base/lib/yadd --single-version-externally-managed
[6.077s] running egg_info
[6.079s] writing ../../build/yadd/yadd.egg-info/PKG-INFO
[6.081s] writing dependency_links to ../../build/yadd/yadd.egg-info/dependency_links.txt
[6.132s] writing entry points to ../../build/yadd/yadd.egg-info/entry_points.txt
[6.136s] writing requirements to ../../build/yadd/yadd.egg-info/requires.txt
[6.136s] writing top-level names to ../../build/yadd/yadd.egg-info/top_level.txt
[6.528s] reading manifest file '../../build/yadd/yadd.egg-info/SOURCES.txt'
[6.528s] writing manifest file '../../build/yadd/yadd.egg-info/SOURCES.txt'
[6.529s] running build
[6.529s] running build_py
[6.540s] running install
[6.545s] running install_lib
[6.571s] running install_data
[6.601s] running install_egg_info
[6.612s] removing '/home/robosub/nuros_ws/install/yadd/lib/python3.8/site-packages/yadd-0.0.0-py3.8.egg-info' (and everything under it)
[6.648s] Copying ../../build/yadd/yadd.egg-info to /home/robosub/nuros_ws/install/yadd/lib/python3.8/site-packages/yadd-0.0.0-py3.8.egg-info
[6.665s] running install_scripts
[6.817s] Installing dvl_driver script to /home/robosub/nuros_ws/install/yadd/lib/yadd
[6.819s] writing list of installed files to '/home/robosub/nuros_ws/build/yadd/install.log'
[7.033s] Invoked command in '/home/robosub/nuros_ws/src/yadd' returned '0': PYTHONPATH=/home/robosub/nuros_ws/build/yadd/prefix_override:/home/robosub/nuros_ws/install/yadd/lib/python3.8/site-packages: /usr/bin/python3 setup.py egg_info --egg-base ../../build/yadd build --build-base /home/robosub/nuros_ws/build/yadd/build install --record /home/robosub/nuros_ws/build/yadd/install.log --install-scripts $base/lib/yadd --single-version-externally-managed
