[1.026s] DEBUG:colcon:Command line arguments: ['/usr/bin/colcon', 'build']
[1.027s] DEBUG:colcon:Parsed command line arguments: Namespace(allow_overriding=[], ament_cmake_args=None, base_paths=['.'], build_base='build', catkin_cmake_args=None, catkin_skip_building_tests=False, cmake_args=None, cmake_clean_cache=False, cmake_clean_first=False, cmake_force_configure=False, cmake_target=None, cmake_target_skip_unavailable=False, continue_on_error=False, event_handlers=None, executor='parallel', ignore_user_meta=False, install_base='install', log_base=None, log_level=None, main=<bound method BuildVerb.main of <colcon_core.verb.build.BuildVerb object at 0xffffb9c87fd0>>, merge_install=False, metas=['./colcon.meta'], packages_above=None, packages_above_and_dependencies=None, packages_above_depth=None, packages_end=None, packages_ignore=None, packages_ignore_regex=None, packages_select=None, packages_select_build_failed=False, packages_select_by_dep=None, packages_select_regex=None, packages_select_test_failures=False, packages_skip=None, packages_skip_build_finished=False, packages_skip_by_dep=None, packages_skip_regex=None, packages_skip_test_passed=False, packages_skip_up_to=None, packages_start=None, packages_up_to=None, packages_up_to_regex=None, parallel_workers=4, paths=None, symlink_install=False, test_result_base=None, verb_extension=<colcon_core.verb.build.BuildVerb object at 0xffffb9c87fd0>, verb_name='build', verb_parser=<colcon_defaults.argument_parser.defaults.DefaultArgumentsDecorator object at 0xffffb9c93520>)
[1.118s] Level 1:colcon.colcon_core.package_discovery:discover_packages(colcon_meta) check parameters
[1.118s] Level 1:colcon.colcon_core.package_discovery:discover_packages(recursive) check parameters
[1.118s] Level 1:colcon.colcon_core.package_discovery:discover_packages(ignore) check parameters
[1.119s] Level 1:colcon.colcon_core.package_discovery:discover_packages(path) check parameters
[1.119s] Level 1:colcon.colcon_core.package_discovery:discover_packages(colcon_meta) discover
[1.119s] Level 1:colcon.colcon_core.package_discovery:discover_packages(recursive) discover
[1.119s] INFO:colcon.colcon_core.package_discovery:Crawling recursively for packages in '/home/robosub/nuros_ws'
[1.120s] Level 1:colcon.colcon_core.package_identification:_identify(.) by extensions ['ignore', 'ignore_ament_install']
[1.120s] Level 1:colcon.colcon_core.package_identification:_identify(.) by extension 'ignore'
[1.120s] Level 1:colcon.colcon_core.package_identification:_identify(.) by extension 'ignore_ament_install'
[1.120s] Level 1:colcon.colcon_core.package_identification:_identify(.) by extensions ['colcon_pkg']
[1.121s] Level 1:colcon.colcon_core.package_identification:_identify(.) by extension 'colcon_pkg'
[1.121s] Level 1:colcon.colcon_core.package_identification:_identify(.) by extensions ['colcon_meta']
[1.121s] Level 1:colcon.colcon_core.package_identification:_identify(.) by extension 'colcon_meta'
[1.121s] Level 1:colcon.colcon_core.package_identification:_identify(.) by extensions ['ros']
[1.121s] Level 1:colcon.colcon_core.package_identification:_identify(.) by extension 'ros'
[1.191s] Level 1:colcon.colcon_core.package_identification:_identify(.) by extensions ['cmake', 'python']
[1.191s] Level 1:colcon.colcon_core.package_identification:_identify(.) by extension 'cmake'
[1.191s] Level 1:colcon.colcon_core.package_identification:_identify(.) by extension 'python'
[1.191s] Level 1:colcon.colcon_core.package_identification:_identify(.) by extensions ['python_setup_py']
[1.192s] Level 1:colcon.colcon_core.package_identification:_identify(.) by extension 'python_setup_py'
[1.192s] Level 1:colcon.colcon_core.package_identification:_identify(build) by extensions ['ignore', 'ignore_ament_install']
[1.192s] Level 1:colcon.colcon_core.package_identification:_identify(build) by extension 'ignore'
[1.193s] Level 1:colcon.colcon_core.package_identification:_identify(build) ignored
[1.193s] Level 1:colcon.colcon_core.package_identification:_identify(install) by extensions ['ignore', 'ignore_ament_install']
[1.193s] Level 1:colcon.colcon_core.package_identification:_identify(install) by extension 'ignore'
[1.194s] Level 1:colcon.colcon_core.package_identification:_identify(install) ignored
[1.194s] Level 1:colcon.colcon_core.package_identification:_identify(log) by extensions ['ignore', 'ignore_ament_install']
[1.195s] Level 1:colcon.colcon_core.package_identification:_identify(log) by extension 'ignore'
[1.195s] Level 1:colcon.colcon_core.package_identification:_identify(log) ignored
[1.195s] Level 1:colcon.colcon_core.package_identification:_identify(src) by extensions ['ignore', 'ignore_ament_install']
[1.195s] Level 1:colcon.colcon_core.package_identification:_identify(src) by extension 'ignore'
[1.196s] Level 1:colcon.colcon_core.package_identification:_identify(src) by extension 'ignore_ament_install'
[1.196s] Level 1:colcon.colcon_core.package_identification:_identify(src) by extensions ['colcon_pkg']
[1.196s] Level 1:colcon.colcon_core.package_identification:_identify(src) by extension 'colcon_pkg'
[1.196s] Level 1:colcon.colcon_core.package_identification:_identify(src) by extensions ['colcon_meta']
[1.196s] Level 1:colcon.colcon_core.package_identification:_identify(src) by extension 'colcon_meta'
[1.196s] Level 1:colcon.colcon_core.package_identification:_identify(src) by extensions ['ros']
[1.197s] Level 1:colcon.colcon_core.package_identification:_identify(src) by extension 'ros'
[1.197s] Level 1:colcon.colcon_core.package_identification:_identify(src) by extensions ['cmake', 'python']
[1.197s] Level 1:colcon.colcon_core.package_identification:_identify(src) by extension 'cmake'
[1.197s] Level 1:colcon.colcon_core.package_identification:_identify(src) by extension 'python'
[1.197s] Level 1:colcon.colcon_core.package_identification:_identify(src) by extensions ['python_setup_py']
[1.197s] Level 1:colcon.colcon_core.package_identification:_identify(src) by extension 'python_setup_py'
[1.198s] Level 1:colcon.colcon_core.package_identification:_identify(src/build) by extensions ['ignore', 'ignore_ament_install']
[1.198s] Level 1:colcon.colcon_core.package_identification:_identify(src/build) by extension 'ignore'
[1.198s] Level 1:colcon.colcon_core.package_identification:_identify(src/build) ignored
[1.199s] Level 1:colcon.colcon_core.package_identification:_identify(src/image_processing) by extensions ['ignore', 'ignore_ament_install']
[1.199s] Level 1:colcon.colcon_core.package_identification:_identify(src/image_processing) by extension 'ignore'
[1.199s] Level 1:colcon.colcon_core.package_identification:_identify(src/image_processing) by extension 'ignore_ament_install'
[1.199s] Level 1:colcon.colcon_core.package_identification:_identify(src/image_processing) by extensions ['colcon_pkg']
[1.199s] Level 1:colcon.colcon_core.package_identification:_identify(src/image_processing) by extension 'colcon_pkg'
[1.200s] Level 1:colcon.colcon_core.package_identification:_identify(src/image_processing) by extensions ['colcon_meta']
[1.200s] Level 1:colcon.colcon_core.package_identification:_identify(src/image_processing) by extension 'colcon_meta'
[1.200s] Level 1:colcon.colcon_core.package_identification:_identify(src/image_processing) by extensions ['ros']
[1.200s] Level 1:colcon.colcon_core.package_identification:_identify(src/image_processing) by extension 'ros'
[1.209s] DEBUG:colcon.colcon_core.package_identification:Package 'src/image_processing' with type 'ros.ament_python' and name 'image_processing'
[1.209s] Level 1:colcon.colcon_core.package_identification:_identify(src/install) by extensions ['ignore', 'ignore_ament_install']
[1.210s] Level 1:colcon.colcon_core.package_identification:_identify(src/install) by extension 'ignore'
[1.210s] Level 1:colcon.colcon_core.package_identification:_identify(src/install) ignored
[1.211s] Level 1:colcon.colcon_core.package_identification:_identify(src/interfaces) by extensions ['ignore', 'ignore_ament_install']
[1.211s] Level 1:colcon.colcon_core.package_identification:_identify(src/interfaces) by extension 'ignore'
[1.211s] Level 1:colcon.colcon_core.package_identification:_identify(src/interfaces) by extension 'ignore_ament_install'
[1.211s] Level 1:colcon.colcon_core.package_identification:_identify(src/interfaces) by extensions ['colcon_pkg']
[1.211s] Level 1:colcon.colcon_core.package_identification:_identify(src/interfaces) by extension 'colcon_pkg'
[1.212s] Level 1:colcon.colcon_core.package_identification:_identify(src/interfaces) by extensions ['colcon_meta']
[1.212s] Level 1:colcon.colcon_core.package_identification:_identify(src/interfaces) by extension 'colcon_meta'
[1.212s] Level 1:colcon.colcon_core.package_identification:_identify(src/interfaces) by extensions ['ros']
[1.212s] Level 1:colcon.colcon_core.package_identification:_identify(src/interfaces) by extension 'ros'
[1.214s] DEBUG:colcon.colcon_core.package_identification:Package 'src/interfaces' with type 'ros.ament_cmake' and name 'interfaces'
[1.215s] Level 1:colcon.colcon_core.package_identification:_identify(src/key_joy) by extensions ['ignore', 'ignore_ament_install']
[1.215s] Level 1:colcon.colcon_core.package_identification:_identify(src/key_joy) by extension 'ignore'
[1.215s] Level 1:colcon.colcon_core.package_identification:_identify(src/key_joy) by extension 'ignore_ament_install'
[1.216s] Level 1:colcon.colcon_core.package_identification:_identify(src/key_joy) by extensions ['colcon_pkg']
[1.216s] Level 1:colcon.colcon_core.package_identification:_identify(src/key_joy) by extension 'colcon_pkg'
[1.216s] Level 1:colcon.colcon_core.package_identification:_identify(src/key_joy) by extensions ['colcon_meta']
[1.216s] Level 1:colcon.colcon_core.package_identification:_identify(src/key_joy) by extension 'colcon_meta'
[1.216s] Level 1:colcon.colcon_core.package_identification:_identify(src/key_joy) by extensions ['ros']
[1.216s] Level 1:colcon.colcon_core.package_identification:_identify(src/key_joy) by extension 'ros'
[1.218s] DEBUG:colcon.colcon_core.package_identification:Package 'src/key_joy' with type 'ros.ament_python' and name 'key_joy'
[1.218s] Level 1:colcon.colcon_core.package_identification:_identify(src/launch_all) by extensions ['ignore', 'ignore_ament_install']
[1.219s] Level 1:colcon.colcon_core.package_identification:_identify(src/launch_all) by extension 'ignore'
[1.219s] Level 1:colcon.colcon_core.package_identification:_identify(src/launch_all) by extension 'ignore_ament_install'
[1.219s] Level 1:colcon.colcon_core.package_identification:_identify(src/launch_all) by extensions ['colcon_pkg']
[1.219s] Level 1:colcon.colcon_core.package_identification:_identify(src/launch_all) by extension 'colcon_pkg'
[1.219s] Level 1:colcon.colcon_core.package_identification:_identify(src/launch_all) by extensions ['colcon_meta']
[1.219s] Level 1:colcon.colcon_core.package_identification:_identify(src/launch_all) by extension 'colcon_meta'
[1.220s] Level 1:colcon.colcon_core.package_identification:_identify(src/launch_all) by extensions ['ros']
[1.220s] Level 1:colcon.colcon_core.package_identification:_identify(src/launch_all) by extension 'ros'
[1.221s] DEBUG:colcon.colcon_core.package_identification:Package 'src/launch_all' with type 'ros.ament_python' and name 'launch_all'
[1.222s] Level 1:colcon.colcon_core.package_identification:_identify(src/log) by extensions ['ignore', 'ignore_ament_install']
[1.222s] Level 1:colcon.colcon_core.package_identification:_identify(src/log) by extension 'ignore'
[1.222s] Level 1:colcon.colcon_core.package_identification:_identify(src/log) ignored
[1.223s] Level 1:colcon.colcon_core.package_identification:_identify(src/main_head) by extensions ['ignore', 'ignore_ament_install']
[1.223s] Level 1:colcon.colcon_core.package_identification:_identify(src/main_head) by extension 'ignore'
[1.223s] Level 1:colcon.colcon_core.package_identification:_identify(src/main_head) by extension 'ignore_ament_install'
[1.223s] Level 1:colcon.colcon_core.package_identification:_identify(src/main_head) by extensions ['colcon_pkg']
[1.223s] Level 1:colcon.colcon_core.package_identification:_identify(src/main_head) by extension 'colcon_pkg'
[1.224s] Level 1:colcon.colcon_core.package_identification:_identify(src/main_head) by extensions ['colcon_meta']
[1.224s] Level 1:colcon.colcon_core.package_identification:_identify(src/main_head) by extension 'colcon_meta'
[1.224s] Level 1:colcon.colcon_core.package_identification:_identify(src/main_head) by extensions ['ros']
[1.224s] Level 1:colcon.colcon_core.package_identification:_identify(src/main_head) by extension 'ros'
[1.226s] DEBUG:colcon.colcon_core.package_identification:Package 'src/main_head' with type 'ros.ament_python' and name 'main_head'
[1.226s] Level 1:colcon.colcon_core.package_identification:_identify(src/pixhawk_interface) by extensions ['ignore', 'ignore_ament_install']
[1.226s] Level 1:colcon.colcon_core.package_identification:_identify(src/pixhawk_interface) by extension 'ignore'
[1.227s] Level 1:colcon.colcon_core.package_identification:_identify(src/pixhawk_interface) by extension 'ignore_ament_install'
[1.227s] Level 1:colcon.colcon_core.package_identification:_identify(src/pixhawk_interface) by extensions ['colcon_pkg']
[1.227s] Level 1:colcon.colcon_core.package_identification:_identify(src/pixhawk_interface) by extension 'colcon_pkg'
[1.227s] Level 1:colcon.colcon_core.package_identification:_identify(src/pixhawk_interface) by extensions ['colcon_meta']
[1.227s] Level 1:colcon.colcon_core.package_identification:_identify(src/pixhawk_interface) by extension 'colcon_meta'
[1.227s] Level 1:colcon.colcon_core.package_identification:_identify(src/pixhawk_interface) by extensions ['ros']
[1.228s] Level 1:colcon.colcon_core.package_identification:_identify(src/pixhawk_interface) by extension 'ros'
[1.229s] DEBUG:colcon.colcon_core.package_identification:Package 'src/pixhawk_interface' with type 'ros.ament_python' and name 'pixhawk_interface'
[1.229s] Level 1:colcon.colcon_core.package_identification:_identify(src/yadd) by extensions ['ignore', 'ignore_ament_install']
[1.230s] Level 1:colcon.colcon_core.package_identification:_identify(src/yadd) by extension 'ignore'
[1.230s] Level 1:colcon.colcon_core.package_identification:_identify(src/yadd) by extension 'ignore_ament_install'
[1.230s] Level 1:colcon.colcon_core.package_identification:_identify(src/yadd) by extensions ['colcon_pkg']
[1.230s] Level 1:colcon.colcon_core.package_identification:_identify(src/yadd) by extension 'colcon_pkg'
[1.230s] Level 1:colcon.colcon_core.package_identification:_identify(src/yadd) by extensions ['colcon_meta']
[1.231s] Level 1:colcon.colcon_core.package_identification:_identify(src/yadd) by extension 'colcon_meta'
[1.231s] Level 1:colcon.colcon_core.package_identification:_identify(src/yadd) by extensions ['ros']
[1.231s] Level 1:colcon.colcon_core.package_identification:_identify(src/yadd) by extension 'ros'
[1.233s] DEBUG:colcon.colcon_core.package_identification:Package 'src/yadd' with type 'ros.ament_python' and name 'yadd'
[1.233s] Level 1:colcon.colcon_core.package_discovery:discover_packages(recursive) using defaults
[1.233s] Level 1:colcon.colcon_core.package_discovery:discover_packages(ignore) discover
[1.233s] Level 1:colcon.colcon_core.package_discovery:discover_packages(ignore) using defaults
[1.233s] Level 1:colcon.colcon_core.package_discovery:discover_packages(path) discover
[1.234s] Level 1:colcon.colcon_core.package_discovery:discover_packages(path) using defaults
[1.302s] Level 1:colcon.colcon_core.package_discovery:discover_packages(prefix_path) check parameters
[1.302s] Level 1:colcon.colcon_core.package_discovery:discover_packages(prefix_path) discover
[1.306s] Level 1:colcon.colcon_core.package_discovery:discover_packages(prefix_path) using defaults
[1.313s] Level 5:colcon.colcon_core.verb:set package 'image_processing' build argument 'cmake_args' from command line to 'None'
[1.313s] Level 5:colcon.colcon_core.verb:set package 'image_processing' build argument 'cmake_target' from command line to 'None'
[1.313s] Level 5:colcon.colcon_core.verb:set package 'image_processing' build argument 'cmake_target_skip_unavailable' from command line to 'False'
[1.313s] Level 5:colcon.colcon_core.verb:set package 'image_processing' build argument 'cmake_clean_cache' from command line to 'False'
[1.313s] Level 5:colcon.colcon_core.verb:set package 'image_processing' build argument 'cmake_clean_first' from command line to 'False'
[1.313s] Level 5:colcon.colcon_core.verb:set package 'image_processing' build argument 'cmake_force_configure' from command line to 'False'
[1.314s] Level 5:colcon.colcon_core.verb:set package 'image_processing' build argument 'ament_cmake_args' from command line to 'None'
[1.314s] Level 5:colcon.colcon_core.verb:set package 'image_processing' build argument 'catkin_cmake_args' from command line to 'None'
[1.314s] Level 5:colcon.colcon_core.verb:set package 'image_processing' build argument 'catkin_skip_building_tests' from command line to 'False'
[1.314s] DEBUG:colcon.colcon_core.verb:Building package 'image_processing' with the following arguments: {'ament_cmake_args': None, 'build_base': '/home/robosub/nuros_ws/build/image_processing', 'catkin_cmake_args': None, 'catkin_skip_building_tests': False, 'cmake_args': None, 'cmake_clean_cache': False, 'cmake_clean_first': False, 'cmake_force_configure': False, 'cmake_target': None, 'cmake_target_skip_unavailable': False, 'install_base': '/home/robosub/nuros_ws/install/image_processing', 'merge_install': False, 'path': '/home/robosub/nuros_ws/src/image_processing', 'symlink_install': False, 'test_result_base': None}
[1.317s] Level 5:colcon.colcon_core.verb:set package 'interfaces' build argument 'cmake_args' from command line to 'None'
[1.317s] Level 5:colcon.colcon_core.verb:set package 'interfaces' build argument 'cmake_target' from command line to 'None'
[1.318s] Level 5:colcon.colcon_core.verb:set package 'interfaces' build argument 'cmake_target_skip_unavailable' from command line to 'False'
[1.318s] Level 5:colcon.colcon_core.verb:set package 'interfaces' build argument 'cmake_clean_cache' from command line to 'False'
[1.318s] Level 5:colcon.colcon_core.verb:set package 'interfaces' build argument 'cmake_clean_first' from command line to 'False'
[1.318s] Level 5:colcon.colcon_core.verb:set package 'interfaces' build argument 'cmake_force_configure' from command line to 'False'
[1.318s] Level 5:colcon.colcon_core.verb:set package 'interfaces' build argument 'ament_cmake_args' from command line to 'None'
[1.318s] Level 5:colcon.colcon_core.verb:set package 'interfaces' build argument 'catkin_cmake_args' from command line to 'None'
[1.318s] Level 5:colcon.colcon_core.verb:set package 'interfaces' build argument 'catkin_skip_building_tests' from command line to 'False'
[1.318s] DEBUG:colcon.colcon_core.verb:Building package 'interfaces' with the following arguments: {'ament_cmake_args': None, 'build_base': '/home/robosub/nuros_ws/build/interfaces', 'catkin_cmake_args': None, 'catkin_skip_building_tests': False, 'cmake_args': None, 'cmake_clean_cache': False, 'cmake_clean_first': False, 'cmake_force_configure': False, 'cmake_target': None, 'cmake_target_skip_unavailable': False, 'install_base': '/home/robosub/nuros_ws/install/interfaces', 'merge_install': False, 'path': '/home/robosub/nuros_ws/src/interfaces', 'symlink_install': False, 'test_result_base': None}
[1.322s] Level 5:colcon.colcon_core.verb:set package 'key_joy' build argument 'cmake_args' from command line to 'None'
[1.322s] Level 5:colcon.colcon_core.verb:set package 'key_joy' build argument 'cmake_target' from command line to 'None'
[1.322s] Level 5:colcon.colcon_core.verb:set package 'key_joy' build argument 'cmake_target_skip_unavailable' from command line to 'False'
[1.322s] Level 5:colcon.colcon_core.verb:set package 'key_joy' build argument 'cmake_clean_cache' from command line to 'False'
[1.322s] Level 5:colcon.colcon_core.verb:set package 'key_joy' build argument 'cmake_clean_first' from command line to 'False'
[1.322s] Level 5:colcon.colcon_core.verb:set package 'key_joy' build argument 'cmake_force_configure' from command line to 'False'
[1.322s] Level 5:colcon.colcon_core.verb:set package 'key_joy' build argument 'ament_cmake_args' from command line to 'None'
[1.322s] Level 5:colcon.colcon_core.verb:set package 'key_joy' build argument 'catkin_cmake_args' from command line to 'None'
[1.322s] Level 5:colcon.colcon_core.verb:set package 'key_joy' build argument 'catkin_skip_building_tests' from command line to 'False'
[1.323s] DEBUG:colcon.colcon_core.verb:Building package 'key_joy' with the following arguments: {'ament_cmake_args': None, 'build_base': '/home/robosub/nuros_ws/build/key_joy', 'catkin_cmake_args': None, 'catkin_skip_building_tests': False, 'cmake_args': None, 'cmake_clean_cache': False, 'cmake_clean_first': False, 'cmake_force_configure': False, 'cmake_target': None, 'cmake_target_skip_unavailable': False, 'install_base': '/home/robosub/nuros_ws/install/key_joy', 'merge_install': False, 'path': '/home/robosub/nuros_ws/src/key_joy', 'symlink_install': False, 'test_result_base': None}
[1.326s] Level 5:colcon.colcon_core.verb:set package 'launch_all' build argument 'cmake_args' from command line to 'None'
[1.326s] Level 5:colcon.colcon_core.verb:set package 'launch_all' build argument 'cmake_target' from command line to 'None'
[1.326s] Level 5:colcon.colcon_core.verb:set package 'launch_all' build argument 'cmake_target_skip_unavailable' from command line to 'False'
[1.326s] Level 5:colcon.colcon_core.verb:set package 'launch_all' build argument 'cmake_clean_cache' from command line to 'False'
[1.326s] Level 5:colcon.colcon_core.verb:set package 'launch_all' build argument 'cmake_clean_first' from command line to 'False'
[1.326s] Level 5:colcon.colcon_core.verb:set package 'launch_all' build argument 'cmake_force_configure' from command line to 'False'
[1.327s] Level 5:colcon.colcon_core.verb:set package 'launch_all' build argument 'ament_cmake_args' from command line to 'None'
[1.327s] Level 5:colcon.colcon_core.verb:set package 'launch_all' build argument 'catkin_cmake_args' from command line to 'None'
[1.327s] Level 5:colcon.colcon_core.verb:set package 'launch_all' build argument 'catkin_skip_building_tests' from command line to 'False'
[1.327s] DEBUG:colcon.colcon_core.verb:Building package 'launch_all' with the following arguments: {'ament_cmake_args': None, 'build_base': '/home/robosub/nuros_ws/build/launch_all', 'catkin_cmake_args': None, 'catkin_skip_building_tests': False, 'cmake_args': None, 'cmake_clean_cache': False, 'cmake_clean_first': False, 'cmake_force_configure': False, 'cmake_target': None, 'cmake_target_skip_unavailable': False, 'install_base': '/home/robosub/nuros_ws/install/launch_all', 'merge_install': False, 'path': '/home/robosub/nuros_ws/src/launch_all', 'symlink_install': False, 'test_result_base': None}
[1.330s] Level 5:colcon.colcon_core.verb:set package 'main_head' build argument 'cmake_args' from command line to 'None'
[1.330s] Level 5:colcon.colcon_core.verb:set package 'main_head' build argument 'cmake_target' from command line to 'None'
[1.330s] Level 5:colcon.colcon_core.verb:set package 'main_head' build argument 'cmake_target_skip_unavailable' from command line to 'False'
[1.330s] Level 5:colcon.colcon_core.verb:set package 'main_head' build argument 'cmake_clean_cache' from command line to 'False'
[1.331s] Level 5:colcon.colcon_core.verb:set package 'main_head' build argument 'cmake_clean_first' from command line to 'False'
[1.331s] Level 5:colcon.colcon_core.verb:set package 'main_head' build argument 'cmake_force_configure' from command line to 'False'
[1.331s] Level 5:colcon.colcon_core.verb:set package 'main_head' build argument 'ament_cmake_args' from command line to 'None'
[1.331s] Level 5:colcon.colcon_core.verb:set package 'main_head' build argument 'catkin_cmake_args' from command line to 'None'
[1.331s] Level 5:colcon.colcon_core.verb:set package 'main_head' build argument 'catkin_skip_building_tests' from command line to 'False'
[1.331s] DEBUG:colcon.colcon_core.verb:Building package 'main_head' with the following arguments: {'ament_cmake_args': None, 'build_base': '/home/robosub/nuros_ws/build/main_head', 'catkin_cmake_args': None, 'catkin_skip_building_tests': False, 'cmake_args': None, 'cmake_clean_cache': False, 'cmake_clean_first': False, 'cmake_force_configure': False, 'cmake_target': None, 'cmake_target_skip_unavailable': False, 'install_base': '/home/robosub/nuros_ws/install/main_head', 'merge_install': False, 'path': '/home/robosub/nuros_ws/src/main_head', 'symlink_install': False, 'test_result_base': None}
[1.334s] Level 5:colcon.colcon_core.verb:set package 'pixhawk_interface' build argument 'cmake_args' from command line to 'None'
[1.335s] Level 5:colcon.colcon_core.verb:set package 'pixhawk_interface' build argument 'cmake_target' from command line to 'None'
[1.335s] Level 5:colcon.colcon_core.verb:set package 'pixhawk_interface' build argument 'cmake_target_skip_unavailable' from command line to 'False'
[1.335s] Level 5:colcon.colcon_core.verb:set package 'pixhawk_interface' build argument 'cmake_clean_cache' from command line to 'False'
[1.335s] Level 5:colcon.colcon_core.verb:set package 'pixhawk_interface' build argument 'cmake_clean_first' from command line to 'False'
[1.335s] Level 5:colcon.colcon_core.verb:set package 'pixhawk_interface' build argument 'cmake_force_configure' from command line to 'False'
[1.335s] Level 5:colcon.colcon_core.verb:set package 'pixhawk_interface' build argument 'ament_cmake_args' from command line to 'None'
[1.335s] Level 5:colcon.colcon_core.verb:set package 'pixhawk_interface' build argument 'catkin_cmake_args' from command line to 'None'
[1.335s] Level 5:colcon.colcon_core.verb:set package 'pixhawk_interface' build argument 'catkin_skip_building_tests' from command line to 'False'
[1.335s] DEBUG:colcon.colcon_core.verb:Building package 'pixhawk_interface' with the following arguments: {'ament_cmake_args': None, 'build_base': '/home/robosub/nuros_ws/build/pixhawk_interface', 'catkin_cmake_args': None, 'catkin_skip_building_tests': False, 'cmake_args': None, 'cmake_clean_cache': False, 'cmake_clean_first': False, 'cmake_force_configure': False, 'cmake_target': None, 'cmake_target_skip_unavailable': False, 'install_base': '/home/robosub/nuros_ws/install/pixhawk_interface', 'merge_install': False, 'path': '/home/robosub/nuros_ws/src/pixhawk_interface', 'symlink_install': False, 'test_result_base': None}
[1.339s] Level 5:colcon.colcon_core.verb:set package 'yadd' build argument 'cmake_args' from command line to 'None'
[1.339s] Level 5:colcon.colcon_core.verb:set package 'yadd' build argument 'cmake_target' from command line to 'None'
[1.339s] Level 5:colcon.colcon_core.verb:set package 'yadd' build argument 'cmake_target_skip_unavailable' from command line to 'False'
[1.339s] Level 5:colcon.colcon_core.verb:set package 'yadd' build argument 'cmake_clean_cache' from command line to 'False'
[1.339s] Level 5:colcon.colcon_core.verb:set package 'yadd' build argument 'cmake_clean_first' from command line to 'False'
[1.339s] Level 5:colcon.colcon_core.verb:set package 'yadd' build argument 'cmake_force_configure' from command line to 'False'
[1.339s] Level 5:colcon.colcon_core.verb:set package 'yadd' build argument 'ament_cmake_args' from command line to 'None'
[1.339s] Level 5:colcon.colcon_core.verb:set package 'yadd' build argument 'catkin_cmake_args' from command line to 'None'
[1.339s] Level 5:colcon.colcon_core.verb:set package 'yadd' build argument 'catkin_skip_building_tests' from command line to 'False'
[1.340s] DEBUG:colcon.colcon_core.verb:Building package 'yadd' with the following arguments: {'ament_cmake_args': None, 'build_base': '/home/robosub/nuros_ws/build/yadd', 'catkin_cmake_args': None, 'catkin_skip_building_tests': False, 'cmake_args': None, 'cmake_clean_cache': False, 'cmake_clean_first': False, 'cmake_force_configure': False, 'cmake_target': None, 'cmake_target_skip_unavailable': False, 'install_base': '/home/robosub/nuros_ws/install/yadd', 'merge_install': False, 'path': '/home/robosub/nuros_ws/src/yadd', 'symlink_install': False, 'test_result_base': None}
[1.342s] INFO:colcon.colcon_core.executor:Executing jobs using 'parallel' executor
[1.353s] DEBUG:colcon.colcon_parallel_executor.executor.parallel:run_until_complete
[1.355s] INFO:colcon.colcon_ros.task.ament_python.build:Building ROS package in '/home/robosub/nuros_ws/src/image_processing' with build type 'ament_python'
[1.355s] Level 1:colcon.colcon_core.shell:create_environment_hook('image_processing', 'ament_prefix_path')
[1.371s] INFO:colcon.colcon_core.plugin_system:Skipping extension 'colcon_core.shell.bat': Not used on non-Windows systems
[1.371s] INFO:colcon.colcon_core.shell:Creating environment hook '/home/robosub/nuros_ws/install/image_processing/share/image_processing/hook/ament_prefix_path.ps1'
[1.374s] INFO:colcon.colcon_core.shell:Creating environment descriptor '/home/robosub/nuros_ws/install/image_processing/share/image_processing/hook/ament_prefix_path.dsv'
[1.379s] INFO:colcon.colcon_core.shell:Creating environment hook '/home/robosub/nuros_ws/install/image_processing/share/image_processing/hook/ament_prefix_path.sh'
[1.386s] INFO:colcon.colcon_core.shell:Skip shell extension 'powershell' for command environment: Not usable outside of PowerShell
[1.386s] DEBUG:colcon.colcon_core.shell:Skip shell extension 'dsv' for command environment
[1.398s] INFO:colcon.colcon_ros.task.ament_cmake.build:Building ROS package in '/home/robosub/nuros_ws/src/interfaces' with build type 'ament_cmake'
[1.400s] INFO:colcon.colcon_cmake.task.cmake.build:Building CMake package in '/home/robosub/nuros_ws/src/interfaces'
[1.411s] INFO:colcon.colcon_core.shell:Skip shell extension 'powershell' for command environment: Not usable outside of PowerShell
[1.411s] DEBUG:colcon.colcon_core.shell:Skip shell extension 'dsv' for command environment
[1.427s] INFO:colcon.colcon_ros.task.ament_python.build:Building ROS package in '/home/robosub/nuros_ws/src/key_joy' with build type 'ament_python'
[1.430s] Level 1:colcon.colcon_core.shell:create_environment_hook('key_joy', 'ament_prefix_path')
[1.438s] INFO:colcon.colcon_core.shell:Creating environment hook '/home/robosub/nuros_ws/install/key_joy/share/key_joy/hook/ament_prefix_path.ps1'
[1.441s] INFO:colcon.colcon_core.shell:Creating environment descriptor '/home/robosub/nuros_ws/install/key_joy/share/key_joy/hook/ament_prefix_path.dsv'
[1.442s] INFO:colcon.colcon_core.shell:Creating environment hook '/home/robosub/nuros_ws/install/key_joy/share/key_joy/hook/ament_prefix_path.sh'
[1.448s] INFO:colcon.colcon_core.shell:Skip shell extension 'powershell' for command environment: Not usable outside of PowerShell
[1.448s] DEBUG:colcon.colcon_core.shell:Skip shell extension 'dsv' for command environment
[1.461s] INFO:colcon.colcon_ros.task.ament_python.build:Building ROS package in '/home/robosub/nuros_ws/src/launch_all' with build type 'ament_python'
[1.463s] Level 1:colcon.colcon_core.shell:create_environment_hook('launch_all', 'ament_prefix_path')
[1.473s] INFO:colcon.colcon_core.shell:Creating environment hook '/home/robosub/nuros_ws/install/launch_all/share/launch_all/hook/ament_prefix_path.ps1'
[1.476s] INFO:colcon.colcon_core.shell:Creating environment descriptor '/home/robosub/nuros_ws/install/launch_all/share/launch_all/hook/ament_prefix_path.dsv'
[1.478s] INFO:colcon.colcon_core.shell:Creating environment hook '/home/robosub/nuros_ws/install/launch_all/share/launch_all/hook/ament_prefix_path.sh'
[1.484s] INFO:colcon.colcon_core.shell:Skip shell extension 'powershell' for command environment: Not usable outside of PowerShell
[1.484s] DEBUG:colcon.colcon_core.shell:Skip shell extension 'dsv' for command environment
[2.237s] INFO:colcon.colcon_core.task.python.build:Building Python package in '/home/robosub/nuros_ws/src/image_processing'
[2.245s] INFO:colcon.colcon_core.shell:Skip shell extension 'powershell' for command environment: Not usable outside of PowerShell
[2.245s] DEBUG:colcon.colcon_core.shell:Skip shell extension 'dsv' for command environment
[2.290s] DEBUG:colcon.colcon_core.event_handler.log_command:Invoking command in '/home/robosub/nuros_ws/build/interfaces': /usr/bin/cmake --build /home/robosub/nuros_ws/build/interfaces -- -j4 -l4
[3.135s] INFO:colcon.colcon_core.task.python.build:Building Python package in '/home/robosub/nuros_ws/src/key_joy'
[3.144s] INFO:colcon.colcon_core.shell:Skip shell extension 'powershell' for command environment: Not usable outside of PowerShell
[3.145s] DEBUG:colcon.colcon_core.shell:Skip shell extension 'dsv' for command environment
[3.891s] INFO:colcon.colcon_core.task.python.build:Building Python package in '/home/robosub/nuros_ws/src/launch_all'
[3.900s] INFO:colcon.colcon_core.shell:Skip shell extension 'powershell' for command environment: Not usable outside of PowerShell
[3.901s] DEBUG:colcon.colcon_core.shell:Skip shell extension 'dsv' for command environment
[3.968s] DEBUG:colcon.colcon_core.event_handler.log_command:Invoked command in '/home/robosub/nuros_ws/build/interfaces' returned '0': /usr/bin/cmake --build /home/robosub/nuros_ws/build/interfaces -- -j4 -l4
[4.579s] DEBUG:colcon.colcon_core.event_handler.log_command:Invoking command in '/home/robosub/nuros_ws/build/interfaces': /usr/bin/cmake --install /home/robosub/nuros_ws/build/interfaces
[4.909s] Level 1:colcon.colcon_core.environment:create_environment_scripts_only(interfaces)
[4.914s] DEBUG:colcon.colcon_core.event_handler.log_command:Invoked command in '/home/robosub/nuros_ws/build/interfaces' returned '0': /usr/bin/cmake --install /home/robosub/nuros_ws/build/interfaces
[4.988s] Level 1:colcon.colcon_core.environment:checking '/home/robosub/nuros_ws/install/interfaces' for CMake module files
[4.993s] Level 1:colcon.colcon_core.environment:checking '/home/robosub/nuros_ws/install/interfaces' for CMake config files
[4.995s] Level 1:colcon.colcon_core.shell:create_environment_hook('interfaces', 'cmake_prefix_path')
[5.002s] INFO:colcon.colcon_core.shell:Creating environment hook '/home/robosub/nuros_ws/install/interfaces/share/interfaces/hook/cmake_prefix_path.ps1'
[5.005s] INFO:colcon.colcon_core.shell:Creating environment descriptor '/home/robosub/nuros_ws/install/interfaces/share/interfaces/hook/cmake_prefix_path.dsv'
[5.070s] INFO:colcon.colcon_core.shell:Creating environment hook '/home/robosub/nuros_ws/install/interfaces/share/interfaces/hook/cmake_prefix_path.sh'
[5.074s] Level 1:colcon.colcon_core.environment:checking '/home/robosub/nuros_ws/install/interfaces/lib'
[5.075s] Level 1:colcon.colcon_core.shell:create_environment_hook('interfaces', 'ld_library_path_lib')
[5.081s] INFO:colcon.colcon_core.shell:Creating environment hook '/home/robosub/nuros_ws/install/interfaces/share/interfaces/hook/ld_library_path_lib.ps1'
[5.097s] INFO:colcon.colcon_core.shell:Creating environment descriptor '/home/robosub/nuros_ws/install/interfaces/share/interfaces/hook/ld_library_path_lib.dsv'
[5.099s] INFO:colcon.colcon_core.shell:Creating environment hook '/home/robosub/nuros_ws/install/interfaces/share/interfaces/hook/ld_library_path_lib.sh'
[5.112s] Level 1:colcon.colcon_core.environment:checking '/home/robosub/nuros_ws/install/interfaces/bin'
[5.113s] Level 1:colcon.colcon_core.environment:checking '/home/robosub/nuros_ws/install/interfaces/lib/pkgconfig/interfaces.pc'
[5.114s] Level 1:colcon.colcon_core.environment:checking '/home/robosub/nuros_ws/install/interfaces/lib/python3.8/site-packages'
[5.114s] Level 1:colcon.colcon_core.shell:create_environment_hook('interfaces', 'pythonpath')
[5.119s] INFO:colcon.colcon_core.shell:Creating environment hook '/home/robosub/nuros_ws/install/interfaces/share/interfaces/hook/pythonpath.ps1'
[5.134s] INFO:colcon.colcon_core.shell:Creating environment descriptor '/home/robosub/nuros_ws/install/interfaces/share/interfaces/hook/pythonpath.dsv'
[5.136s] INFO:colcon.colcon_core.shell:Creating environment hook '/home/robosub/nuros_ws/install/interfaces/share/interfaces/hook/pythonpath.sh'
[5.138s] Level 1:colcon.colcon_core.environment:checking '/home/robosub/nuros_ws/install/interfaces/bin'
[5.143s] INFO:colcon.colcon_core.shell:Creating package script '/home/robosub/nuros_ws/install/interfaces/share/interfaces/package.ps1'
[5.158s] INFO:colcon.colcon_core.shell:Creating package descriptor '/home/robosub/nuros_ws/install/interfaces/share/interfaces/package.dsv'
[5.161s] INFO:colcon.colcon_core.shell:Creating package script '/home/robosub/nuros_ws/install/interfaces/share/interfaces/package.sh'
[5.164s] INFO:colcon.colcon_core.shell:Creating package script '/home/robosub/nuros_ws/install/interfaces/share/interfaces/package.bash'
[5.167s] INFO:colcon.colcon_core.shell:Creating package script '/home/robosub/nuros_ws/install/interfaces/share/interfaces/package.zsh'
[5.170s] Level 1:colcon.colcon_core.environment:create_file_with_runtime_dependencies(/home/robosub/nuros_ws/install/interfaces/share/colcon-core/packages/interfaces)
[5.626s] Level 1:colcon.colcon_core.environment:create_environment_scripts_only(interfaces)
[5.638s] Level 1:colcon.colcon_core.environment:checking '/home/robosub/nuros_ws/install/interfaces' for CMake module files
[5.641s] Level 1:colcon.colcon_core.environment:checking '/home/robosub/nuros_ws/install/interfaces' for CMake config files
[5.643s] Level 1:colcon.colcon_core.shell:create_environment_hook('interfaces', 'cmake_prefix_path')
[5.649s] INFO:colcon.colcon_core.shell:Creating environment hook '/home/robosub/nuros_ws/install/interfaces/share/interfaces/hook/cmake_prefix_path.ps1'
[5.653s] INFO:colcon.colcon_core.shell:Creating environment descriptor '/home/robosub/nuros_ws/install/interfaces/share/interfaces/hook/cmake_prefix_path.dsv'
[5.691s] INFO:colcon.colcon_core.shell:Creating environment hook '/home/robosub/nuros_ws/install/interfaces/share/interfaces/hook/cmake_prefix_path.sh'
[5.695s] Level 1:colcon.colcon_core.environment:checking '/home/robosub/nuros_ws/install/interfaces/lib'
[5.695s] Level 1:colcon.colcon_core.shell:create_environment_hook('interfaces', 'ld_library_path_lib')
[5.700s] INFO:colcon.colcon_core.shell:Creating environment hook '/home/robosub/nuros_ws/install/interfaces/share/interfaces/hook/ld_library_path_lib.ps1'
[5.702s] INFO:colcon.colcon_core.shell:Creating environment descriptor '/home/robosub/nuros_ws/install/interfaces/share/interfaces/hook/ld_library_path_lib.dsv'
[5.704s] INFO:colcon.colcon_core.shell:Creating environment hook '/home/robosub/nuros_ws/install/interfaces/share/interfaces/hook/ld_library_path_lib.sh'
[5.705s] Level 1:colcon.colcon_core.environment:checking '/home/robosub/nuros_ws/install/interfaces/bin'
[5.706s] Level 1:colcon.colcon_core.environment:checking '/home/robosub/nuros_ws/install/interfaces/lib/pkgconfig/interfaces.pc'
[5.707s] Level 1:colcon.colcon_core.environment:checking '/home/robosub/nuros_ws/install/interfaces/lib/python3.8/site-packages'
[5.709s] Level 1:colcon.colcon_core.shell:create_environment_hook('interfaces', 'pythonpath')
[5.713s] INFO:colcon.colcon_core.shell:Creating environment hook '/home/robosub/nuros_ws/install/interfaces/share/interfaces/hook/pythonpath.ps1'
[5.716s] INFO:colcon.colcon_core.shell:Creating environment descriptor '/home/robosub/nuros_ws/install/interfaces/share/interfaces/hook/pythonpath.dsv'
[5.717s] INFO:colcon.colcon_core.shell:Creating environment hook '/home/robosub/nuros_ws/install/interfaces/share/interfaces/hook/pythonpath.sh'
[5.720s] Level 1:colcon.colcon_core.environment:checking '/home/robosub/nuros_ws/install/interfaces/bin'
[5.725s] INFO:colcon.colcon_core.shell:Creating package script '/home/robosub/nuros_ws/install/interfaces/share/interfaces/package.ps1'
[5.728s] INFO:colcon.colcon_core.shell:Creating package descriptor '/home/robosub/nuros_ws/install/interfaces/share/interfaces/package.dsv'
[5.732s] INFO:colcon.colcon_core.shell:Creating package script '/home/robosub/nuros_ws/install/interfaces/share/interfaces/package.sh'
[5.735s] INFO:colcon.colcon_core.shell:Creating package script '/home/robosub/nuros_ws/install/interfaces/share/interfaces/package.bash'
[5.737s] INFO:colcon.colcon_core.shell:Creating package script '/home/robosub/nuros_ws/install/interfaces/share/interfaces/package.zsh'
[5.739s] Level 1:colcon.colcon_core.environment:create_file_with_runtime_dependencies(/home/robosub/nuros_ws/install/interfaces/share/colcon-core/packages/interfaces)
[5.741s] INFO:colcon.colcon_ros.task.ament_python.build:Building ROS package in '/home/robosub/nuros_ws/src/main_head' with build type 'ament_python'
[5.745s] Level 1:colcon.colcon_core.shell:create_environment_hook('main_head', 'ament_prefix_path')
[5.751s] INFO:colcon.colcon_core.shell:Creating environment hook '/home/robosub/nuros_ws/install/main_head/share/main_head/hook/ament_prefix_path.ps1'
[5.754s] INFO:colcon.colcon_core.shell:Creating environment descriptor '/home/robosub/nuros_ws/install/main_head/share/main_head/hook/ament_prefix_path.dsv'
[5.757s] INFO:colcon.colcon_core.shell:Creating environment hook '/home/robosub/nuros_ws/install/main_head/share/main_head/hook/ament_prefix_path.sh'
[5.763s] INFO:colcon.colcon_core.shell:Skip shell extension 'powershell' for command environment: Not usable outside of PowerShell
[5.763s] DEBUG:colcon.colcon_core.shell:Skip shell extension 'dsv' for command environment
[5.796s] DEBUG:colcon.colcon_core.event_handler.log_command:Invoking command in '/home/robosub/nuros_ws/src/image_processing': PYTHONPATH=/home/robosub/nuros_ws/build/image_processing/prefix_override:/home/robosub/nuros_ws/install/image_processing/lib/python3.8/site-packages: /usr/bin/python3 setup.py egg_info --egg-base ../../build/image_processing build --build-base /home/robosub/nuros_ws/build/image_processing/build install --record /home/robosub/nuros_ws/build/image_processing/install.log --install-scripts $base/lib/image_processing --single-version-externally-managed
[6.662s] INFO:colcon.colcon_core.task.python.build:Building Python package in '/home/robosub/nuros_ws/src/main_head'
[6.670s] INFO:colcon.colcon_core.shell:Skip shell extension 'powershell' for command environment: Not usable outside of PowerShell
[6.671s] DEBUG:colcon.colcon_core.shell:Skip shell extension 'dsv' for command environment
[6.709s] DEBUG:colcon.colcon_core.event_handler.log_command:Invoking command in '/home/robosub/nuros_ws/src/key_joy': PYTHONPATH=/home/robosub/nuros_ws/build/key_joy/prefix_override:/home/robosub/nuros_ws/install/key_joy/lib/python3.8/site-packages: /usr/bin/python3 setup.py egg_info --egg-base ../../build/key_joy build --build-base /home/robosub/nuros_ws/build/key_joy/build install --record /home/robosub/nuros_ws/build/key_joy/install.log --install-scripts $base/lib/key_joy --single-version-externally-managed
[6.737s] DEBUG:colcon.colcon_core.event_handler.log_command:Invoking command in '/home/robosub/nuros_ws/src/launch_all': PYTHONPATH=/home/robosub/nuros_ws/build/launch_all/prefix_override:/home/robosub/nuros_ws/install/launch_all/lib/python3.8/site-packages: /usr/bin/python3 setup.py egg_info --egg-base ../../build/launch_all build --build-base /home/robosub/nuros_ws/build/launch_all/build install --record /home/robosub/nuros_ws/build/launch_all/install.log --install-scripts $base/lib/launch_all --single-version-externally-managed
[7.172s] DEBUG:colcon.colcon_core.event_handler.log_command:Invoked command in '/home/robosub/nuros_ws/src/image_processing' returned '0': PYTHONPATH=/home/robosub/nuros_ws/build/image_processing/prefix_override:/home/robosub/nuros_ws/install/image_processing/lib/python3.8/site-packages: /usr/bin/python3 setup.py egg_info --egg-base ../../build/image_processing build --build-base /home/robosub/nuros_ws/build/image_processing/build install --record /home/robosub/nuros_ws/build/image_processing/install.log --install-scripts $base/lib/image_processing --single-version-externally-managed
[7.178s] Level 1:colcon.colcon_core.environment:checking '/home/robosub/nuros_ws/install/image_processing' for CMake module files
[7.182s] Level 1:colcon.colcon_core.environment:checking '/home/robosub/nuros_ws/install/image_processing' for CMake config files
[7.186s] Level 1:colcon.colcon_core.environment:checking '/home/robosub/nuros_ws/install/image_processing/lib'
[7.186s] Level 1:colcon.colcon_core.environment:checking '/home/robosub/nuros_ws/install/image_processing/bin'
[7.187s] Level 1:colcon.colcon_core.environment:checking '/home/robosub/nuros_ws/install/image_processing/lib/pkgconfig/image_processing.pc'
[7.188s] Level 1:colcon.colcon_core.environment:checking '/home/robosub/nuros_ws/install/image_processing/lib/python3.8/site-packages'
[7.188s] Level 1:colcon.colcon_core.shell:create_environment_hook('image_processing', 'pythonpath')
[7.194s] INFO:colcon.colcon_core.shell:Creating environment hook '/home/robosub/nuros_ws/install/image_processing/share/image_processing/hook/pythonpath.ps1'
[7.197s] INFO:colcon.colcon_core.shell:Creating environment descriptor '/home/robosub/nuros_ws/install/image_processing/share/image_processing/hook/pythonpath.dsv'
[7.230s] INFO:colcon.colcon_core.shell:Creating environment hook '/home/robosub/nuros_ws/install/image_processing/share/image_processing/hook/pythonpath.sh'
[7.243s] Level 1:colcon.colcon_core.environment:checking '/home/robosub/nuros_ws/install/image_processing/bin'
[7.243s] Level 1:colcon.colcon_core.environment:create_environment_scripts_only(image_processing)
[7.266s] INFO:colcon.colcon_core.shell:Creating package script '/home/robosub/nuros_ws/install/image_processing/share/image_processing/package.ps1'
[7.268s] INFO:colcon.colcon_core.shell:Creating package descriptor '/home/robosub/nuros_ws/install/image_processing/share/image_processing/package.dsv'
[7.286s] INFO:colcon.colcon_core.shell:Creating package script '/home/robosub/nuros_ws/install/image_processing/share/image_processing/package.sh'
[7.298s] INFO:colcon.colcon_core.shell:Creating package script '/home/robosub/nuros_ws/install/image_processing/share/image_processing/package.bash'
[7.300s] INFO:colcon.colcon_core.shell:Creating package script '/home/robosub/nuros_ws/install/image_processing/share/image_processing/package.zsh'
[7.301s] Level 1:colcon.colcon_core.environment:create_file_with_runtime_dependencies(/home/robosub/nuros_ws/install/image_processing/share/colcon-core/packages/image_processing)
[7.318s] INFO:colcon.colcon_ros.task.ament_python.build:Building ROS package in '/home/robosub/nuros_ws/src/pixhawk_interface' with build type 'ament_python'
[7.319s] Level 1:colcon.colcon_core.shell:create_environment_hook('pixhawk_interface', 'ament_prefix_path')
[7.323s] INFO:colcon.colcon_core.shell:Creating environment hook '/home/robosub/nuros_ws/install/pixhawk_interface/share/pixhawk_interface/hook/ament_prefix_path.ps1'
[7.325s] INFO:colcon.colcon_core.shell:Creating environment descriptor '/home/robosub/nuros_ws/install/pixhawk_interface/share/pixhawk_interface/hook/ament_prefix_path.dsv'
[7.342s] INFO:colcon.colcon_core.shell:Creating environment hook '/home/robosub/nuros_ws/install/pixhawk_interface/share/pixhawk_interface/hook/ament_prefix_path.sh'
[7.351s] INFO:colcon.colcon_core.shell:Skip shell extension 'powershell' for command environment: Not usable outside of PowerShell
[7.352s] DEBUG:colcon.colcon_core.shell:Skip shell extension 'dsv' for command environment
[8.370s] INFO:colcon.colcon_core.task.python.build:Building Python package in '/home/robosub/nuros_ws/src/pixhawk_interface'
[8.378s] INFO:colcon.colcon_core.shell:Skip shell extension 'powershell' for command environment: Not usable outside of PowerShell
[8.379s] DEBUG:colcon.colcon_core.shell:Skip shell extension 'dsv' for command environment
[8.422s] DEBUG:colcon.colcon_core.event_handler.log_command:Invoked command in '/home/robosub/nuros_ws/src/launch_all' returned '0': PYTHONPATH=/home/robosub/nuros_ws/build/launch_all/prefix_override:/home/robosub/nuros_ws/install/launch_all/lib/python3.8/site-packages: /usr/bin/python3 setup.py egg_info --egg-base ../../build/launch_all build --build-base /home/robosub/nuros_ws/build/launch_all/build install --record /home/robosub/nuros_ws/build/launch_all/install.log --install-scripts $base/lib/launch_all --single-version-externally-managed
[8.427s] Level 1:colcon.colcon_core.environment:checking '/home/robosub/nuros_ws/install/launch_all' for CMake module files
[8.430s] Level 1:colcon.colcon_core.environment:checking '/home/robosub/nuros_ws/install/launch_all' for CMake config files
[8.433s] Level 1:colcon.colcon_core.environment:checking '/home/robosub/nuros_ws/install/launch_all/lib'
[8.434s] Level 1:colcon.colcon_core.environment:checking '/home/robosub/nuros_ws/install/launch_all/bin'
[8.434s] Level 1:colcon.colcon_core.environment:checking '/home/robosub/nuros_ws/install/launch_all/lib/pkgconfig/launch_all.pc'
[8.435s] Level 1:colcon.colcon_core.environment:checking '/home/robosub/nuros_ws/install/launch_all/lib/python3.8/site-packages'
[8.436s] Level 1:colcon.colcon_core.shell:create_environment_hook('launch_all', 'pythonpath')
[8.441s] INFO:colcon.colcon_core.shell:Creating environment hook '/home/robosub/nuros_ws/install/launch_all/share/launch_all/hook/pythonpath.ps1'
[8.444s] INFO:colcon.colcon_core.shell:Creating environment descriptor '/home/robosub/nuros_ws/install/launch_all/share/launch_all/hook/pythonpath.dsv'
[8.446s] INFO:colcon.colcon_core.shell:Creating environment hook '/home/robosub/nuros_ws/install/launch_all/share/launch_all/hook/pythonpath.sh'
[8.448s] Level 1:colcon.colcon_core.environment:checking '/home/robosub/nuros_ws/install/launch_all/bin'
[8.448s] Level 1:colcon.colcon_core.environment:create_environment_scripts_only(launch_all)
[8.453s] INFO:colcon.colcon_core.shell:Creating package script '/home/robosub/nuros_ws/install/launch_all/share/launch_all/package.ps1'
[8.456s] INFO:colcon.colcon_core.shell:Creating package descriptor '/home/robosub/nuros_ws/install/launch_all/share/launch_all/package.dsv'
[8.458s] INFO:colcon.colcon_core.shell:Creating package script '/home/robosub/nuros_ws/install/launch_all/share/launch_all/package.sh'
[8.460s] INFO:colcon.colcon_core.shell:Creating package script '/home/robosub/nuros_ws/install/launch_all/share/launch_all/package.bash'
[8.461s] INFO:colcon.colcon_core.shell:Creating package script '/home/robosub/nuros_ws/install/launch_all/share/launch_all/package.zsh'
[8.463s] Level 1:colcon.colcon_core.environment:create_file_with_runtime_dependencies(/home/robosub/nuros_ws/install/launch_all/share/colcon-core/packages/launch_all)
[8.472s] Level 1:colcon.colcon_core.environment:checking '/home/robosub/nuros_ws/install/key_joy' for CMake module files
[8.477s] Level 1:colcon.colcon_core.environment:checking '/home/robosub/nuros_ws/install/key_joy' for CMake config files
[8.477s] DEBUG:colcon.colcon_core.event_handler.log_command:Invoked command in '/home/robosub/nuros_ws/src/key_joy' returned '0': PYTHONPATH=/home/robosub/nuros_ws/build/key_joy/prefix_override:/home/robosub/nuros_ws/install/key_joy/lib/python3.8/site-packages: /usr/bin/python3 setup.py egg_info --egg-base ../../build/key_joy build --build-base /home/robosub/nuros_ws/build/key_joy/build install --record /home/robosub/nuros_ws/build/key_joy/install.log --install-scripts $base/lib/key_joy --single-version-externally-managed
[8.480s] Level 1:colcon.colcon_core.environment:checking '/home/robosub/nuros_ws/install/key_joy/lib'
[8.481s] Level 1:colcon.colcon_core.environment:checking '/home/robosub/nuros_ws/install/key_joy/bin'
[8.481s] Level 1:colcon.colcon_core.environment:checking '/home/robosub/nuros_ws/install/key_joy/lib/pkgconfig/key_joy.pc'
[8.482s] Level 1:colcon.colcon_core.environment:checking '/home/robosub/nuros_ws/install/key_joy/lib/python3.8/site-packages'
[8.482s] Level 1:colcon.colcon_core.shell:create_environment_hook('key_joy', 'pythonpath')
[8.487s] INFO:colcon.colcon_core.shell:Creating environment hook '/home/robosub/nuros_ws/install/key_joy/share/key_joy/hook/pythonpath.ps1'
[8.490s] INFO:colcon.colcon_core.shell:Creating environment descriptor '/home/robosub/nuros_ws/install/key_joy/share/key_joy/hook/pythonpath.dsv'
[8.491s] INFO:colcon.colcon_core.shell:Creating environment hook '/home/robosub/nuros_ws/install/key_joy/share/key_joy/hook/pythonpath.sh'
[8.494s] Level 1:colcon.colcon_core.environment:checking '/home/robosub/nuros_ws/install/key_joy/bin'
[8.494s] Level 1:colcon.colcon_core.environment:create_environment_scripts_only(key_joy)
[8.499s] INFO:colcon.colcon_core.shell:Creating package script '/home/robosub/nuros_ws/install/key_joy/share/key_joy/package.ps1'
[8.502s] INFO:colcon.colcon_core.shell:Creating package descriptor '/home/robosub/nuros_ws/install/key_joy/share/key_joy/package.dsv'
[8.505s] INFO:colcon.colcon_core.shell:Creating package script '/home/robosub/nuros_ws/install/key_joy/share/key_joy/package.sh'
[8.514s] INFO:colcon.colcon_core.shell:Creating package script '/home/robosub/nuros_ws/install/key_joy/share/key_joy/package.bash'
[8.516s] INFO:colcon.colcon_core.shell:Creating package script '/home/robosub/nuros_ws/install/key_joy/share/key_joy/package.zsh'
[8.517s] Level 1:colcon.colcon_core.environment:create_file_with_runtime_dependencies(/home/robosub/nuros_ws/install/key_joy/share/colcon-core/packages/key_joy)
[8.520s] INFO:colcon.colcon_ros.task.ament_python.build:Building ROS package in '/home/robosub/nuros_ws/src/yadd' with build type 'ament_python'
[8.522s] Level 1:colcon.colcon_core.shell:create_environment_hook('yadd', 'ament_prefix_path')
[8.527s] INFO:colcon.colcon_core.shell:Creating environment hook '/home/robosub/nuros_ws/install/yadd/share/yadd/hook/ament_prefix_path.ps1'
[8.530s] INFO:colcon.colcon_core.shell:Creating environment descriptor '/home/robosub/nuros_ws/install/yadd/share/yadd/hook/ament_prefix_path.dsv'
[8.532s] INFO:colcon.colcon_core.shell:Creating environment hook '/home/robosub/nuros_ws/install/yadd/share/yadd/hook/ament_prefix_path.sh'
[8.539s] INFO:colcon.colcon_core.shell:Skip shell extension 'powershell' for command environment: Not usable outside of PowerShell
[8.539s] DEBUG:colcon.colcon_core.shell:Skip shell extension 'dsv' for command environment
[8.596s] DEBUG:colcon.colcon_core.event_handler.log_command:Invoking command in '/home/robosub/nuros_ws/src/main_head': PYTHONPATH=/home/robosub/nuros_ws/build/main_head/prefix_override:/home/robosub/nuros_ws/install/main_head/lib/python3.8/site-packages: /usr/bin/python3 setup.py egg_info --egg-base ../../build/main_head build --build-base /home/robosub/nuros_ws/build/main_head/build install --record /home/robosub/nuros_ws/build/main_head/install.log --install-scripts $base/lib/main_head --single-version-externally-managed
[9.466s] INFO:colcon.colcon_core.task.python.build:Building Python package in '/home/robosub/nuros_ws/src/yadd'
[9.475s] INFO:colcon.colcon_core.shell:Skip shell extension 'powershell' for command environment: Not usable outside of PowerShell
[9.475s] DEBUG:colcon.colcon_core.shell:Skip shell extension 'dsv' for command environment
[9.952s] DEBUG:colcon.colcon_core.event_handler.log_command:Invoked command in '/home/robosub/nuros_ws/src/main_head' returned '0': PYTHONPATH=/home/robosub/nuros_ws/build/main_head/prefix_override:/home/robosub/nuros_ws/install/main_head/lib/python3.8/site-packages: /usr/bin/python3 setup.py egg_info --egg-base ../../build/main_head build --build-base /home/robosub/nuros_ws/build/main_head/build install --record /home/robosub/nuros_ws/build/main_head/install.log --install-scripts $base/lib/main_head --single-version-externally-managed
[9.956s] Level 1:colcon.colcon_core.environment:checking '/home/robosub/nuros_ws/install/main_head' for CMake module files
[9.958s] Level 1:colcon.colcon_core.environment:checking '/home/robosub/nuros_ws/install/main_head' for CMake config files
[9.962s] Level 1:colcon.colcon_core.environment:checking '/home/robosub/nuros_ws/install/main_head/lib'
[9.962s] Level 1:colcon.colcon_core.environment:checking '/home/robosub/nuros_ws/install/main_head/bin'
[9.962s] Level 1:colcon.colcon_core.environment:checking '/home/robosub/nuros_ws/install/main_head/lib/pkgconfig/main_head.pc'
[9.963s] Level 1:colcon.colcon_core.environment:checking '/home/robosub/nuros_ws/install/main_head/lib/python3.8/site-packages'
[9.964s] Level 1:colcon.colcon_core.shell:create_environment_hook('main_head', 'pythonpath')
[9.970s] INFO:colcon.colcon_core.shell:Creating environment hook '/home/robosub/nuros_ws/install/main_head/share/main_head/hook/pythonpath.ps1'
[9.973s] INFO:colcon.colcon_core.shell:Creating environment descriptor '/home/robosub/nuros_ws/install/main_head/share/main_head/hook/pythonpath.dsv'
[9.975s] INFO:colcon.colcon_core.shell:Creating environment hook '/home/robosub/nuros_ws/install/main_head/share/main_head/hook/pythonpath.sh'
[9.978s] Level 1:colcon.colcon_core.environment:checking '/home/robosub/nuros_ws/install/main_head/bin'
[9.979s] Level 1:colcon.colcon_core.environment:create_environment_scripts_only(main_head)
[9.984s] INFO:colcon.colcon_core.shell:Creating package script '/home/robosub/nuros_ws/install/main_head/share/main_head/package.ps1'
[9.988s] INFO:colcon.colcon_core.shell:Creating package descriptor '/home/robosub/nuros_ws/install/main_head/share/main_head/package.dsv'
[9.991s] INFO:colcon.colcon_core.shell:Creating package script '/home/robosub/nuros_ws/install/main_head/share/main_head/package.sh'
[9.993s] INFO:colcon.colcon_core.shell:Creating package script '/home/robosub/nuros_ws/install/main_head/share/main_head/package.bash'
[9.996s] INFO:colcon.colcon_core.shell:Creating package script '/home/robosub/nuros_ws/install/main_head/share/main_head/package.zsh'
[9.998s] Level 1:colcon.colcon_core.environment:create_file_with_runtime_dependencies(/home/robosub/nuros_ws/install/main_head/share/colcon-core/packages/main_head)
[10.099s] DEBUG:colcon.colcon_core.event_handler.log_command:Invoking command in '/home/robosub/nuros_ws/src/pixhawk_interface': PYTHONPATH=/home/robosub/nuros_ws/build/pixhawk_interface/prefix_override:/home/robosub/nuros_ws/install/pixhawk_interface/lib/python3.8/site-packages: /usr/bin/python3 setup.py egg_info --egg-base ../../build/pixhawk_interface build --build-base /home/robosub/nuros_ws/build/pixhawk_interface/build install --record /home/robosub/nuros_ws/build/pixhawk_interface/install.log --install-scripts $base/lib/pixhawk_interface --single-version-externally-managed
[11.112s] DEBUG:colcon.colcon_core.event_handler.log_command:Invoking command in '/home/robosub/nuros_ws/src/yadd': PYTHONPATH=/home/robosub/nuros_ws/build/yadd/prefix_override:/home/robosub/nuros_ws/install/yadd/lib/python3.8/site-packages: /usr/bin/python3 setup.py egg_info --egg-base ../../build/yadd build --build-base /home/robosub/nuros_ws/build/yadd/build install --record /home/robosub/nuros_ws/build/yadd/install.log --install-scripts $base/lib/yadd --single-version-externally-managed
[11.173s] Level 1:colcon.colcon_core.environment:checking '/home/robosub/nuros_ws/install/pixhawk_interface' for CMake module files
[11.175s] Level 1:colcon.colcon_core.environment:checking '/home/robosub/nuros_ws/install/pixhawk_interface' for CMake config files
[11.179s] Level 1:colcon.colcon_core.environment:checking '/home/robosub/nuros_ws/install/pixhawk_interface/lib'
[11.179s] Level 1:colcon.colcon_core.environment:checking '/home/robosub/nuros_ws/install/pixhawk_interface/bin'
[11.180s] Level 1:colcon.colcon_core.environment:checking '/home/robosub/nuros_ws/install/pixhawk_interface/lib/pkgconfig/pixhawk_interface.pc'
[11.181s] Level 1:colcon.colcon_core.environment:checking '/home/robosub/nuros_ws/install/pixhawk_interface/lib/python3.8/site-packages'
[11.181s] Level 1:colcon.colcon_core.shell:create_environment_hook('pixhawk_interface', 'pythonpath')
[11.186s] INFO:colcon.colcon_core.shell:Creating environment hook '/home/robosub/nuros_ws/install/pixhawk_interface/share/pixhawk_interface/hook/pythonpath.ps1'
[11.190s] INFO:colcon.colcon_core.shell:Creating environment descriptor '/home/robosub/nuros_ws/install/pixhawk_interface/share/pixhawk_interface/hook/pythonpath.dsv'
[11.191s] DEBUG:colcon.colcon_core.event_handler.log_command:Invoked command in '/home/robosub/nuros_ws/src/pixhawk_interface' returned '0': PYTHONPATH=/home/robosub/nuros_ws/build/pixhawk_interface/prefix_override:/home/robosub/nuros_ws/install/pixhawk_interface/lib/python3.8/site-packages: /usr/bin/python3 setup.py egg_info --egg-base ../../build/pixhawk_interface build --build-base /home/robosub/nuros_ws/build/pixhawk_interface/build install --record /home/robosub/nuros_ws/build/pixhawk_interface/install.log --install-scripts $base/lib/pixhawk_interface --single-version-externally-managed
[11.195s] INFO:colcon.colcon_core.shell:Creating environment hook '/home/robosub/nuros_ws/install/pixhawk_interface/share/pixhawk_interface/hook/pythonpath.sh'
[11.197s] Level 1:colcon.colcon_core.environment:checking '/home/robosub/nuros_ws/install/pixhawk_interface/bin'
[11.198s] Level 1:colcon.colcon_core.environment:create_environment_scripts_only(pixhawk_interface)
[11.205s] INFO:colcon.colcon_core.shell:Creating package script '/home/robosub/nuros_ws/install/pixhawk_interface/share/pixhawk_interface/package.ps1'
[11.207s] INFO:colcon.colcon_core.shell:Creating package descriptor '/home/robosub/nuros_ws/install/pixhawk_interface/share/pixhawk_interface/package.dsv'
[11.210s] INFO:colcon.colcon_core.shell:Creating package script '/home/robosub/nuros_ws/install/pixhawk_interface/share/pixhawk_interface/package.sh'
[11.212s] INFO:colcon.colcon_core.shell:Creating package script '/home/robosub/nuros_ws/install/pixhawk_interface/share/pixhawk_interface/package.bash'
[11.213s] INFO:colcon.colcon_core.shell:Creating package script '/home/robosub/nuros_ws/install/pixhawk_interface/share/pixhawk_interface/package.zsh'
[11.215s] Level 1:colcon.colcon_core.environment:create_file_with_runtime_dependencies(/home/robosub/nuros_ws/install/pixhawk_interface/share/colcon-core/packages/pixhawk_interface)
[12.165s] Level 1:colcon.colcon_core.environment:checking '/home/robosub/nuros_ws/install/yadd' for CMake module files
[12.167s] DEBUG:colcon.colcon_core.event_handler.log_command:Invoked command in '/home/robosub/nuros_ws/src/yadd' returned '0': PYTHONPATH=/home/robosub/nuros_ws/build/yadd/prefix_override:/home/robosub/nuros_ws/install/yadd/lib/python3.8/site-packages: /usr/bin/python3 setup.py egg_info --egg-base ../../build/yadd build --build-base /home/robosub/nuros_ws/build/yadd/build install --record /home/robosub/nuros_ws/build/yadd/install.log --install-scripts $base/lib/yadd --single-version-externally-managed
[12.168s] Level 1:colcon.colcon_core.environment:checking '/home/robosub/nuros_ws/install/yadd' for CMake config files
[12.171s] Level 1:colcon.colcon_core.environment:checking '/home/robosub/nuros_ws/install/yadd/lib'
[12.171s] Level 1:colcon.colcon_core.environment:checking '/home/robosub/nuros_ws/install/yadd/bin'
[12.171s] Level 1:colcon.colcon_core.environment:checking '/home/robosub/nuros_ws/install/yadd/lib/pkgconfig/yadd.pc'
[12.172s] Level 1:colcon.colcon_core.environment:checking '/home/robosub/nuros_ws/install/yadd/lib/python3.8/site-packages'
[12.172s] Level 1:colcon.colcon_core.shell:create_environment_hook('yadd', 'pythonpath')
[12.177s] INFO:colcon.colcon_core.shell:Creating environment hook '/home/robosub/nuros_ws/install/yadd/share/yadd/hook/pythonpath.ps1'
[12.178s] INFO:colcon.colcon_core.shell:Creating environment descriptor '/home/robosub/nuros_ws/install/yadd/share/yadd/hook/pythonpath.dsv'
[12.180s] INFO:colcon.colcon_core.shell:Creating environment hook '/home/robosub/nuros_ws/install/yadd/share/yadd/hook/pythonpath.sh'
[12.181s] Level 1:colcon.colcon_core.environment:checking '/home/robosub/nuros_ws/install/yadd/bin'
[12.181s] Level 1:colcon.colcon_core.environment:create_environment_scripts_only(yadd)
[12.186s] INFO:colcon.colcon_core.shell:Creating package script '/home/robosub/nuros_ws/install/yadd/share/yadd/package.ps1'
[12.188s] INFO:colcon.colcon_core.shell:Creating package descriptor '/home/robosub/nuros_ws/install/yadd/share/yadd/package.dsv'
[12.190s] INFO:colcon.colcon_core.shell:Creating package script '/home/robosub/nuros_ws/install/yadd/share/yadd/package.sh'
[12.191s] INFO:colcon.colcon_core.shell:Creating package script '/home/robosub/nuros_ws/install/yadd/share/yadd/package.bash'
[12.192s] INFO:colcon.colcon_core.shell:Creating package script '/home/robosub/nuros_ws/install/yadd/share/yadd/package.zsh'
[12.193s] Level 1:colcon.colcon_core.environment:create_file_with_runtime_dependencies(/home/robosub/nuros_ws/install/yadd/share/colcon-core/packages/yadd)
[12.194s] DEBUG:colcon.colcon_parallel_executor.executor.parallel:closing loop
[12.196s] DEBUG:colcon.colcon_parallel_executor.executor.parallel:loop closed
[12.197s] DEBUG:colcon.colcon_parallel_executor.executor.parallel:run_until_complete finished with '0'
[12.198s] DEBUG:colcon.colcon_core.event_reactor:joining thread
[12.227s] INFO:colcon.colcon_core.plugin_system:Skipping extension 'colcon_notification.desktop_notification.terminal_notifier': Not used on non-Darwin systems
[12.228s] INFO:colcon.colcon_core.plugin_system:Skipping extension 'colcon_notification.desktop_notification.win32': Not used on non-Windows systems
[12.228s] INFO:colcon.colcon_notification.desktop_notification:Sending desktop notification using 'notify2'
[12.273s] DEBUG:colcon.colcon_notification.desktop_notification.notify2:Failed to initialize notify2: org.freedesktop.DBus.Error.Spawn.ChildExited: Process org.freedesktop.Notifications exited with status 1
[12.273s] DEBUG:colcon.colcon_core.event_reactor:joined thread
[12.279s] INFO:colcon.colcon_core.shell:Creating prefix script '/home/robosub/nuros_ws/install/local_setup.ps1'
[12.282s] INFO:colcon.colcon_core.shell:Creating prefix util module '/home/robosub/nuros_ws/install/_local_setup_util_ps1.py'
[12.293s] INFO:colcon.colcon_core.shell:Creating prefix chain script '/home/robosub/nuros_ws/install/setup.ps1'
[12.297s] INFO:colcon.colcon_core.shell:Creating prefix script '/home/robosub/nuros_ws/install/local_setup.sh'
[12.299s] INFO:colcon.colcon_core.shell:Creating prefix util module '/home/robosub/nuros_ws/install/_local_setup_util_sh.py'
[12.301s] INFO:colcon.colcon_core.shell:Creating prefix chain script '/home/robosub/nuros_ws/install/setup.sh'
[12.305s] INFO:colcon.colcon_core.shell:Creating prefix script '/home/robosub/nuros_ws/install/local_setup.bash'
[12.307s] INFO:colcon.colcon_core.shell:Creating prefix chain script '/home/robosub/nuros_ws/install/setup.bash'
[12.311s] INFO:colcon.colcon_core.shell:Creating prefix script '/home/robosub/nuros_ws/install/local_setup.zsh'
[12.314s] INFO:colcon.colcon_core.shell:Creating prefix chain script '/home/robosub/nuros_ws/install/setup.zsh'
