[4.565s] Invoking command in '/home/robosub/nuros_ws/src/key_joy': PYTHONPATH=/home/robosub/nuros_ws/build/key_joy/prefix_override:/home/robosub/nuros_ws/install/key_joy/lib/python3.8/site-packages: /usr/bin/python3 setup.py egg_info --egg-base ../../build/key_joy build --build-base /home/robosub/nuros_ws/build/key_joy/build install --record /home/robosub/nuros_ws/build/key_joy/install.log --install-scripts $base/lib/key_joy --single-version-externally-managed
[5.506s] running egg_info
[5.507s] writing ../../build/key_joy/key_joy.egg-info/PKG-INFO
[5.511s] writing dependency_links to ../../build/key_joy/key_joy.egg-info/dependency_links.txt
[5.550s] writing entry points to ../../build/key_joy/key_joy.egg-info/entry_points.txt
[5.577s] writing requirements to ../../build/key_joy/key_joy.egg-info/requires.txt
[5.578s] writing top-level names to ../../build/key_joy/key_joy.egg-info/top_level.txt
[5.790s] reading manifest file '../../build/key_joy/key_joy.egg-info/SOURCES.txt'
[5.791s] writing manifest file '../../build/key_joy/key_joy.egg-info/SOURCES.txt'
[5.791s] running build
[5.792s] running build_py
[5.792s] running install
[5.799s] running install_lib
[5.800s] running install_data
[5.801s] running install_egg_info
[5.807s] removing '/home/robosub/nuros_ws/install/key_joy/lib/python3.8/site-packages/key_joy-0.0.0-py3.8.egg-info' (and everything under it)
[5.808s] Copying ../../build/key_joy/key_joy.egg-info to /home/robosub/nuros_ws/install/key_joy/lib/python3.8/site-packages/key_joy-0.0.0-py3.8.egg-info
[5.831s] running install_scripts
[5.884s] Installing joy_twist_node script to /home/robosub/nuros_ws/install/key_joy/lib/key_joy
[5.884s] Installing key_joy_node script to /home/robosub/nuros_ws/install/key_joy/lib/key_joy
[5.886s] writing list of installed files to '/home/robosub/nuros_ws/build/key_joy/install.log'
[6.046s] Invoked command in '/home/robosub/nuros_ws/src/key_joy' returned '0': PYTHONPATH=/home/robosub/nuros_ws/build/key_joy/prefix_override:/home/robosub/nuros_ws/install/key_joy/lib/python3.8/site-packages: /usr/bin/python3 setup.py egg_info --egg-base ../../build/key_joy build --build-base /home/robosub/nuros_ws/build/key_joy/build install --record /home/robosub/nuros_ws/build/key_joy/install.log --install-scripts $base/lib/key_joy --single-version-externally-managed
