[8.009s] Invoking command in '/home/robosub/nuros_ws/src/yadd': PYTHONPATH=/home/robosub/nuros_ws/build/yadd/prefix_override:/home/robosub/nuros_ws/install/yadd/lib/python3.8/site-packages: /usr/bin/python3 setup.py egg_info --egg-base ../../build/yadd build --build-base /home/robosub/nuros_ws/build/yadd/build install --record /home/robosub/nuros_ws/build/yadd/install.log --install-scripts $base/lib/yadd --single-version-externally-managed
[8.940s] running egg_info
[8.941s] writing ../../build/yadd/yadd.egg-info/PKG-INFO
[8.942s] writing dependency_links to ../../build/yadd/yadd.egg-info/dependency_links.txt
[8.943s] writing entry points to ../../build/yadd/yadd.egg-info/entry_points.txt
[8.943s] writing requirements to ../../build/yadd/yadd.egg-info/requires.txt
[8.944s] writing top-level names to ../../build/yadd/yadd.egg-info/top_level.txt
[9.088s] reading manifest file '../../build/yadd/yadd.egg-info/SOURCES.txt'
[9.092s] writing manifest file '../../build/yadd/yadd.egg-info/SOURCES.txt'
[9.097s] running build
[9.098s] running build_py
[9.098s] running install
[9.111s] running install_lib
[9.118s] running install_data
[9.120s] running install_egg_info
[9.138s] removing '/home/robosub/nuros_ws/install/yadd/lib/python3.8/site-packages/yadd-0.0.0-py3.8.egg-info' (and everything under it)
[9.139s] Copying ../../build/yadd/yadd.egg-info to /home/robosub/nuros_ws/install/yadd/lib/python3.8/site-packages/yadd-0.0.0-py3.8.egg-info
[9.153s] running install_scripts
[9.309s] Installing dvl_driver script to /home/robosub/nuros_ws/install/yadd/lib/yadd
[9.314s] writing list of installed files to '/home/robosub/nuros_ws/build/yadd/install.log'
[9.515s] Invoked command in '/home/robosub/nuros_ws/src/yadd' returned '0': PYTHONPATH=/home/robosub/nuros_ws/build/yadd/prefix_override:/home/robosub/nuros_ws/install/yadd/lib/python3.8/site-packages: /usr/bin/python3 setup.py egg_info --egg-base ../../build/yadd build --build-base /home/robosub/nuros_ws/build/yadd/build install --record /home/robosub/nuros_ws/build/yadd/install.log --install-scripts $base/lib/yadd --single-version-externally-managed
