[9.535s] Invoking command in '/home/robosub/nuros_ws/src/main_head': PYTHONPATH=/home/robosub/nuros_ws/build/main_head/prefix_override:/home/robosub/nuros_ws/install/main_head/lib/python3.8/site-packages: /usr/bin/python3 setup.py egg_info --egg-base ../../build/main_head build --build-base /home/robosub/nuros_ws/build/main_head/build install --record /home/robosub/nuros_ws/build/main_head/install.log --install-scripts $base/lib/main_head --single-version-externally-managed
[11.833s] running egg_info
[11.838s] writing ../../build/main_head/main_head.egg-info/PKG-INFO
[11.841s] writing dependency_links to ../../build/main_head/main_head.egg-info/dependency_links.txt
[11.842s] writing entry points to ../../build/main_head/main_head.egg-info/entry_points.txt
[11.844s] writing requirements to ../../build/main_head/main_head.egg-info/requires.txt
[11.845s] writing top-level names to ../../build/main_head/main_head.egg-info/top_level.txt
[12.396s] reading manifest file '../../build/main_head/main_head.egg-info/SOURCES.txt'
[12.424s] writing manifest file '../../build/main_head/main_head.egg-info/SOURCES.txt'
[12.425s] running build
[12.426s] running build_py
[12.448s] running install
[12.456s] running install_lib
[12.482s] running install_data
[12.485s] running install_egg_info
[12.492s] removing '/home/robosub/nuros_ws/install/main_head/lib/python3.8/site-packages/main_head-0.0.0-py3.8.egg-info' (and everything under it)
[12.494s] Copying ../../build/main_head/main_head.egg-info to /home/robosub/nuros_ws/install/main_head/lib/python3.8/site-packages/main_head-0.0.0-py3.8.egg-info
[12.508s] running install_scripts
[12.701s] Installing master_node script to /home/robosub/nuros_ws/install/main_head/lib/main_head
[12.713s] writing list of installed files to '/home/robosub/nuros_ws/build/main_head/install.log'
[13.153s] Invoked command in '/home/robosub/nuros_ws/src/main_head' returned '0': PYTHONPATH=/home/robosub/nuros_ws/build/main_head/prefix_override:/home/robosub/nuros_ws/install/main_head/lib/python3.8/site-packages: /usr/bin/python3 setup.py egg_info --egg-base ../../build/main_head build --build-base /home/robosub/nuros_ws/build/main_head/build install --record /home/robosub/nuros_ws/build/main_head/install.log --install-scripts $base/lib/main_head --single-version-externally-managed
