[3.345s] Invoking command in '/home/robosub/nuros_ws/src/main_head': PYTHONPATH=/home/robosub/nuros_ws/build/main_head/prefix_override:/home/robosub/nuros_ws/install/main_head/lib/python3.8/site-packages: /usr/bin/python3 setup.py egg_info --egg-base ../../build/main_head build --build-base /home/robosub/nuros_ws/build/main_head/build install --record /home/robosub/nuros_ws/build/main_head/install.log --install-scripts $base/lib/main_head --single-version-externally-managed
[4.162s] running egg_info
[4.165s] writing ../../build/main_head/main_head.egg-info/PKG-INFO
[4.167s] writing dependency_links to ../../build/main_head/main_head.egg-info/dependency_links.txt
[4.235s] writing entry points to ../../build/main_head/main_head.egg-info/entry_points.txt
[4.235s] writing requirements to ../../build/main_head/main_head.egg-info/requires.txt
[4.237s] writing top-level names to ../../build/main_head/main_head.egg-info/top_level.txt
[4.410s] reading manifest file '../../build/main_head/main_head.egg-info/SOURCES.txt'
[4.415s] writing manifest file '../../build/main_head/main_head.egg-info/SOURCES.txt'
[4.415s] running build
[4.415s] running build_py
[4.417s] running install
[4.555s] running install_lib
[4.562s] running install_data
[4.563s] running install_egg_info
[4.569s] removing '/home/robosub/nuros_ws/install/main_head/lib/python3.8/site-packages/main_head-0.0.0-py3.8.egg-info' (and everything under it)
[4.572s] Copying ../../build/main_head/main_head.egg-info to /home/robosub/nuros_ws/install/main_head/lib/python3.8/site-packages/main_head-0.0.0-py3.8.egg-info
[4.576s] running install_scripts
[4.642s] Installing master_node script to /home/robosub/nuros_ws/install/main_head/lib/main_head
[4.644s] writing list of installed files to '/home/robosub/nuros_ws/build/main_head/install.log'
[5.015s] Invoked command in '/home/robosub/nuros_ws/src/main_head' returned '0': PYTHONPATH=/home/robosub/nuros_ws/build/main_head/prefix_override:/home/robosub/nuros_ws/install/main_head/lib/python3.8/site-packages: /usr/bin/python3 setup.py egg_info --egg-base ../../build/main_head build --build-base /home/robosub/nuros_ws/build/main_head/build install --record /home/robosub/nuros_ws/build/main_head/install.log --install-scripts $base/lib/main_head --single-version-externally-managed
