[4.222s] Invoking command in '/home/robosub/nuros_ws/src/yadd': PYTHONPATH=/home/robosub/nuros_ws/build/yadd/prefix_override:/home/robosub/nuros_ws/install/yadd/lib/python3.8/site-packages: /usr/bin/python3 setup.py egg_info --egg-base ../../build/yadd build --build-base /home/robosub/nuros_ws/build/yadd/build install --record /home/robosub/nuros_ws/build/yadd/install.log --install-scripts $base/lib/yadd --single-version-externally-managed
[4.939s] running egg_info
[4.941s] writing ../../build/yadd/yadd.egg-info/PKG-INFO
[5.080s] writing dependency_links to ../../build/yadd/yadd.egg-info/dependency_links.txt
[5.081s] writing entry points to ../../build/yadd/yadd.egg-info/entry_points.txt
[5.082s] writing requirements to ../../build/yadd/yadd.egg-info/requires.txt
[5.082s] writing top-level names to ../../build/yadd/yadd.egg-info/top_level.txt
[5.317s] reading manifest file '../../build/yadd/yadd.egg-info/SOURCES.txt'
[5.323s] writing manifest file '../../build/yadd/yadd.egg-info/SOURCES.txt'
[5.323s] running build
[5.324s] running build_py
[5.328s] running install
[5.331s] running install_lib
[5.340s] running install_data
[5.344s] running install_egg_info
[5.350s] removing '/home/robosub/nuros_ws/install/yadd/lib/python3.8/site-packages/yadd-0.0.0-py3.8.egg-info' (and everything under it)
[5.351s] Copying ../../build/yadd/yadd.egg-info to /home/robosub/nuros_ws/install/yadd/lib/python3.8/site-packages/yadd-0.0.0-py3.8.egg-info
[5.358s] running install_scripts
[5.421s] Installing dvl_driver script to /home/robosub/nuros_ws/install/yadd/lib/yadd
[5.555s] writing list of installed files to '/home/robosub/nuros_ws/build/yadd/install.log'
[5.643s] Invoked command in '/home/robosub/nuros_ws/src/yadd' returned '0': PYTHONPATH=/home/robosub/nuros_ws/build/yadd/prefix_override:/home/robosub/nuros_ws/install/yadd/lib/python3.8/site-packages: /usr/bin/python3 setup.py egg_info --egg-base ../../build/yadd build --build-base /home/robosub/nuros_ws/build/yadd/build install --record /home/robosub/nuros_ws/build/yadd/install.log --install-scripts $base/lib/yadd --single-version-externally-managed
