[4.727s] Invoking command in '/home/robosub/nuros_ws/src/image_processing': PYTHONPATH=/home/robosub/nuros_ws/build/image_processing/prefix_override:/home/robosub/nuros_ws/install/image_processing/lib/python3.8/site-packages: /usr/bin/python3 setup.py egg_info --egg-base ../../build/image_processing build --build-base /home/robosub/nuros_ws/build/image_processing/build install --record /home/robosub/nuros_ws/build/image_processing/install.log --install-scripts $base/lib/image_processing --single-version-externally-managed
[5.892s] running egg_info
[5.896s] writing ../../build/image_processing/image_processing.egg-info/PKG-INFO
[5.898s] writing dependency_links to ../../build/image_processing/image_processing.egg-info/dependency_links.txt
[5.899s] writing entry points to ../../build/image_processing/image_processing.egg-info/entry_points.txt
[5.901s] writing requirements to ../../build/image_processing/image_processing.egg-info/requires.txt
[5.902s] writing top-level names to ../../build/image_processing/image_processing.egg-info/top_level.txt
[6.059s] reading manifest file '../../build/image_processing/image_processing.egg-info/SOURCES.txt'
[6.062s] writing manifest file '../../build/image_processing/image_processing.egg-info/SOURCES.txt'
[6.063s] running build
[6.064s] running build_py
[6.100s] running install
[6.104s] running install_lib
[6.122s] running install_data
[6.137s] running install_egg_info
[6.144s] removing '/home/robosub/nuros_ws/install/image_processing/lib/python3.8/site-packages/image_processing-0.0.0-py3.8.egg-info' (and everything under it)
[6.146s] Copying ../../build/image_processing/image_processing.egg-info to /home/robosub/nuros_ws/install/image_processing/lib/python3.8/site-packages/image_processing-0.0.0-py3.8.egg-info
[6.151s] running install_scripts
[6.266s] Installing cv_imshow_node script to /home/robosub/nuros_ws/install/image_processing/lib/image_processing
[6.276s] writing list of installed files to '/home/robosub/nuros_ws/build/image_processing/install.log'
[6.657s] Invoked command in '/home/robosub/nuros_ws/src/image_processing' returned '0': PYTHONPATH=/home/robosub/nuros_ws/build/image_processing/prefix_override:/home/robosub/nuros_ws/install/image_processing/lib/python3.8/site-packages: /usr/bin/python3 setup.py egg_info --egg-base ../../build/image_processing build --build-base /home/robosub/nuros_ws/build/image_processing/build install --record /home/robosub/nuros_ws/build/image_processing/install.log --install-scripts $base/lib/image_processing --single-version-externally-managed
